[0.107s] DEBUG:colcon:Command line arguments: ['/usr/bin/colcon', 'build']
[0.107s] DEBUG:colcon:Parsed command line arguments: Namespace(log_base=None, log_level=None, verb_name='build', build_base='build', install_base='install', merge_install=False, symlink_install=False, test_result_base=None, continue_on_error=False, executor='parallel', parallel_workers=12, event_handlers=None, ignore_user_meta=False, metas=['./colcon.meta'], base_paths=['.'], packages_ignore=None, packages_ignore_regex=None, paths=None, packages_up_to=None, packages_up_to_regex=None, packages_above=None, packages_above_and_dependencies=None, packages_above_depth=None, packages_select_by_dep=None, packages_skip_by_dep=None, packages_skip_up_to=None, packages_select_build_failed=False, packages_skip_build_finished=False, packages_select_test_failures=False, packages_skip_test_passed=False, packages_select=None, packages_skip=None, packages_select_regex=None, packages_skip_regex=None, packages_start=None, packages_end=None, allow_overriding=[], cmake_args=None, cmake_target=None, cmake_target_skip_unavailable=False, cmake_clean_cache=False, cmake_clean_first=False, cmake_force_configure=False, ament_cmake_args=None, catkin_cmake_args=None, catkin_skip_building_tests=False, mixin_files=None, mixin=None, verb_parser=<colcon_mixin.mixin.mixin_argument.MixinArgumentDecorator object at 0x7761eae67940>, verb_extension=<colcon_core.verb.build.BuildVerb object at 0x7761eae67400>, main=<bound method BuildVerb.main of <colcon_core.verb.build.BuildVerb object at 0x7761eae67400>>, mixin_verb=('build',))
[0.310s] Level 1:colcon.colcon_core.package_discovery:discover_packages(colcon_meta) check parameters
[0.311s] Level 1:colcon.colcon_core.package_discovery:discover_packages(recursive) check parameters
[0.311s] Level 1:colcon.colcon_core.package_discovery:discover_packages(ignore) check parameters
[0.311s] Level 1:colcon.colcon_core.package_discovery:discover_packages(path) check parameters
[0.311s] Level 1:colcon.colcon_core.package_discovery:discover_packages(colcon_meta) discover
[0.311s] Level 1:colcon.colcon_core.package_discovery:discover_packages(recursive) discover
[0.311s] INFO:colcon.colcon_core.package_discovery:Crawling recursively for packages in '/home/wim/Documents/social_momentum_venv/social_momentum_MPPI'
[0.311s] Level 1:colcon.colcon_core.package_identification:_identify(.) by extensions ['ignore', 'ignore_ament_install']
[0.311s] Level 1:colcon.colcon_core.package_identification:_identify(.) by extension 'ignore'
[0.311s] Level 1:colcon.colcon_core.package_identification:_identify(.) by extension 'ignore_ament_install'
[0.311s] Level 1:colcon.colcon_core.package_identification:_identify(.) by extensions ['colcon_pkg']
[0.311s] Level 1:colcon.colcon_core.package_identification:_identify(.) by extension 'colcon_pkg'
[0.311s] Level 1:colcon.colcon_core.package_identification:_identify(.) by extensions ['colcon_meta']
[0.311s] Level 1:colcon.colcon_core.package_identification:_identify(.) by extension 'colcon_meta'
[0.311s] Level 1:colcon.colcon_core.package_identification:_identify(.) by extensions ['ros']
[0.311s] Level 1:colcon.colcon_core.package_identification:_identify(.) by extension 'ros'
[0.328s] Level 1:colcon.colcon_core.package_identification:_identify(.) by extensions ['cmake', 'python']
[0.328s] Level 1:colcon.colcon_core.package_identification:_identify(.) by extension 'cmake'
[0.328s] Level 1:colcon.colcon_core.package_identification:_identify(.) by extension 'python'
[0.328s] Level 1:colcon.colcon_core.package_identification:_identify(.) by extensions ['python_setup_py']
[0.328s] Level 1:colcon.colcon_core.package_identification:_identify(.) by extension 'python_setup_py'
[0.328s] Level 1:colcon.colcon_core.package_identification:_identify(build) by extensions ['ignore', 'ignore_ament_install']
[0.328s] Level 1:colcon.colcon_core.package_identification:_identify(build) by extension 'ignore'
[0.328s] Level 1:colcon.colcon_core.package_identification:_identify(build) ignored
[0.328s] Level 1:colcon.colcon_core.package_identification:_identify(install) by extensions ['ignore', 'ignore_ament_install']
[0.328s] Level 1:colcon.colcon_core.package_identification:_identify(install) by extension 'ignore'
[0.328s] Level 1:colcon.colcon_core.package_identification:_identify(install) ignored
[0.328s] Level 1:colcon.colcon_core.package_identification:_identify(log) by extensions ['ignore', 'ignore_ament_install']
[0.328s] Level 1:colcon.colcon_core.package_identification:_identify(log) by extension 'ignore'
[0.328s] Level 1:colcon.colcon_core.package_identification:_identify(log) ignored
[0.329s] Level 1:colcon.colcon_core.package_identification:_identify(src) by extensions ['ignore', 'ignore_ament_install']
[0.329s] Level 1:colcon.colcon_core.package_identification:_identify(src) by extension 'ignore'
[0.329s] Level 1:colcon.colcon_core.package_identification:_identify(src) by extension 'ignore_ament_install'
[0.329s] Level 1:colcon.colcon_core.package_identification:_identify(src) by extensions ['colcon_pkg']
[0.329s] Level 1:colcon.colcon_core.package_identification:_identify(src) by extension 'colcon_pkg'
[0.329s] Level 1:colcon.colcon_core.package_identification:_identify(src) by extensions ['colcon_meta']
[0.329s] Level 1:colcon.colcon_core.package_identification:_identify(src) by extension 'colcon_meta'
[0.329s] Level 1:colcon.colcon_core.package_identification:_identify(src) by extensions ['ros']
[0.329s] Level 1:colcon.colcon_core.package_identification:_identify(src) by extension 'ros'
[0.329s] Level 1:colcon.colcon_core.package_identification:_identify(src) by extensions ['cmake', 'python']
[0.329s] Level 1:colcon.colcon_core.package_identification:_identify(src) by extension 'cmake'
[0.329s] Level 1:colcon.colcon_core.package_identification:_identify(src) by extension 'python'
[0.329s] Level 1:colcon.colcon_core.package_identification:_identify(src) by extensions ['python_setup_py']
[0.329s] Level 1:colcon.colcon_core.package_identification:_identify(src) by extension 'python_setup_py'
[0.329s] Level 1:colcon.colcon_core.package_identification:_identify(src/my_social_nav_interfaces) by extensions ['ignore', 'ignore_ament_install']
[0.329s] Level 1:colcon.colcon_core.package_identification:_identify(src/my_social_nav_interfaces) by extension 'ignore'
[0.329s] Level 1:colcon.colcon_core.package_identification:_identify(src/my_social_nav_interfaces) by extension 'ignore_ament_install'
[0.329s] Level 1:colcon.colcon_core.package_identification:_identify(src/my_social_nav_interfaces) by extensions ['colcon_pkg']
[0.329s] Level 1:colcon.colcon_core.package_identification:_identify(src/my_social_nav_interfaces) by extension 'colcon_pkg'
[0.329s] Level 1:colcon.colcon_core.package_identification:_identify(src/my_social_nav_interfaces) by extensions ['colcon_meta']
[0.329s] Level 1:colcon.colcon_core.package_identification:_identify(src/my_social_nav_interfaces) by extension 'colcon_meta'
[0.330s] Level 1:colcon.colcon_core.package_identification:_identify(src/my_social_nav_interfaces) by extensions ['ros']
[0.330s] Level 1:colcon.colcon_core.package_identification:_identify(src/my_social_nav_interfaces) by extension 'ros'
[0.332s] DEBUG:colcon.colcon_core.package_identification:Package 'src/my_social_nav_interfaces' with type 'ros.ament_cmake' and name 'my_social_nav_interfaces'
[0.332s] Level 1:colcon.colcon_core.package_identification:_identify(src/sm_mppi_planner) by extensions ['ignore', 'ignore_ament_install']
[0.332s] Level 1:colcon.colcon_core.package_identification:_identify(src/sm_mppi_planner) by extension 'ignore'
[0.332s] Level 1:colcon.colcon_core.package_identification:_identify(src/sm_mppi_planner) by extension 'ignore_ament_install'
[0.332s] Level 1:colcon.colcon_core.package_identification:_identify(src/sm_mppi_planner) by extensions ['colcon_pkg']
[0.332s] Level 1:colcon.colcon_core.package_identification:_identify(src/sm_mppi_planner) by extension 'colcon_pkg'
[0.332s] Level 1:colcon.colcon_core.package_identification:_identify(src/sm_mppi_planner) by extensions ['colcon_meta']
[0.332s] Level 1:colcon.colcon_core.package_identification:_identify(src/sm_mppi_planner) by extension 'colcon_meta'
[0.332s] Level 1:colcon.colcon_core.package_identification:_identify(src/sm_mppi_planner) by extensions ['ros']
[0.332s] Level 1:colcon.colcon_core.package_identification:_identify(src/sm_mppi_planner) by extension 'ros'
[0.334s] DEBUG:colcon.colcon_core.package_identification:Package 'src/sm_mppi_planner' with type 'ros.ament_python' and name 'sm_mppi_planner'
[0.334s] Level 1:colcon.colcon_core.package_identification:_identify(src/tiago_social_scenarios) by extensions ['ignore', 'ignore_ament_install']
[0.334s] Level 1:colcon.colcon_core.package_identification:_identify(src/tiago_social_scenarios) by extension 'ignore'
[0.334s] Level 1:colcon.colcon_core.package_identification:_identify(src/tiago_social_scenarios) by extension 'ignore_ament_install'
[0.334s] Level 1:colcon.colcon_core.package_identification:_identify(src/tiago_social_scenarios) by extensions ['colcon_pkg']
[0.334s] Level 1:colcon.colcon_core.package_identification:_identify(src/tiago_social_scenarios) by extension 'colcon_pkg'
[0.334s] Level 1:colcon.colcon_core.package_identification:_identify(src/tiago_social_scenarios) by extensions ['colcon_meta']
[0.334s] Level 1:colcon.colcon_core.package_identification:_identify(src/tiago_social_scenarios) by extension 'colcon_meta'
[0.334s] Level 1:colcon.colcon_core.package_identification:_identify(src/tiago_social_scenarios) by extensions ['ros']
[0.334s] Level 1:colcon.colcon_core.package_identification:_identify(src/tiago_social_scenarios) by extension 'ros'
[0.335s] DEBUG:colcon.colcon_core.package_identification:Package 'src/tiago_social_scenarios' with type 'ros.ament_python' and name 'tiago_social_scenarios'
[0.335s] Level 1:colcon.colcon_core.package_discovery:discover_packages(recursive) using defaults
[0.335s] Level 1:colcon.colcon_core.package_discovery:discover_packages(ignore) discover
[0.335s] Level 1:colcon.colcon_core.package_discovery:discover_packages(ignore) using defaults
[0.335s] Level 1:colcon.colcon_core.package_discovery:discover_packages(path) discover
[0.335s] Level 1:colcon.colcon_core.package_discovery:discover_packages(path) using defaults
[0.354s] Level 1:colcon.colcon_core.package_discovery:discover_packages(prefix_path) check parameters
[0.354s] Level 1:colcon.colcon_core.package_discovery:discover_packages(prefix_path) discover
[0.363s] DEBUG:colcon.colcon_installed_package_information.package_discovery:Found 40 installed packages in /home/wim/tiago_public_ws/install
[0.365s] DEBUG:colcon.colcon_installed_package_information.package_discovery:Found 393 installed packages in /opt/ros/humble
[0.367s] Level 1:colcon.colcon_core.package_discovery:discover_packages(prefix_path) using defaults
[0.464s] Level 5:colcon.colcon_core.verb:set package 'my_social_nav_interfaces' build argument 'cmake_args' from command line to 'None'
[0.464s] Level 5:colcon.colcon_core.verb:set package 'my_social_nav_interfaces' build argument 'cmake_target' from command line to 'None'
[0.464s] Level 5:colcon.colcon_core.verb:set package 'my_social_nav_interfaces' build argument 'cmake_target_skip_unavailable' from command line to 'False'
[0.464s] Level 5:colcon.colcon_core.verb:set package 'my_social_nav_interfaces' build argument 'cmake_clean_cache' from command line to 'False'
[0.464s] Level 5:colcon.colcon_core.verb:set package 'my_social_nav_interfaces' build argument 'cmake_clean_first' from command line to 'False'
[0.464s] Level 5:colcon.colcon_core.verb:set package 'my_social_nav_interfaces' build argument 'cmake_force_configure' from command line to 'False'
[0.464s] Level 5:colcon.colcon_core.verb:set package 'my_social_nav_interfaces' build argument 'ament_cmake_args' from command line to 'None'
[0.464s] Level 5:colcon.colcon_core.verb:set package 'my_social_nav_interfaces' build argument 'catkin_cmake_args' from command line to 'None'
[0.464s] Level 5:colcon.colcon_core.verb:set package 'my_social_nav_interfaces' build argument 'catkin_skip_building_tests' from command line to 'False'
[0.464s] DEBUG:colcon.colcon_core.verb:Building package 'my_social_nav_interfaces' with the following arguments: {'ament_cmake_args': None, 'build_base': '/home/wim/Documents/social_momentum_venv/social_momentum_MPPI/build/my_social_nav_interfaces', 'catkin_cmake_args': None, 'catkin_skip_building_tests': False, 'cmake_args': None, 'cmake_clean_cache': False, 'cmake_clean_first': False, 'cmake_force_configure': False, 'cmake_target': None, 'cmake_target_skip_unavailable': False, 'install_base': '/home/wim/Documents/social_momentum_venv/social_momentum_MPPI/install/my_social_nav_interfaces', 'merge_install': False, 'path': '/home/wim/Documents/social_momentum_venv/social_momentum_MPPI/src/my_social_nav_interfaces', 'symlink_install': False, 'test_result_base': None}
[0.465s] Level 5:colcon.colcon_core.verb:set package 'sm_mppi_planner' build argument 'cmake_args' from command line to 'None'
[0.465s] Level 5:colcon.colcon_core.verb:set package 'sm_mppi_planner' build argument 'cmake_target' from command line to 'None'
[0.465s] Level 5:colcon.colcon_core.verb:set package 'sm_mppi_planner' build argument 'cmake_target_skip_unavailable' from command line to 'False'
[0.465s] Level 5:colcon.colcon_core.verb:set package 'sm_mppi_planner' build argument 'cmake_clean_cache' from command line to 'False'
[0.465s] Level 5:colcon.colcon_core.verb:set package 'sm_mppi_planner' build argument 'cmake_clean_first' from command line to 'False'
[0.465s] Level 5:colcon.colcon_core.verb:set package 'sm_mppi_planner' build argument 'cmake_force_configure' from command line to 'False'
[0.465s] Level 5:colcon.colcon_core.verb:set package 'sm_mppi_planner' build argument 'ament_cmake_args' from command line to 'None'
[0.465s] Level 5:colcon.colcon_core.verb:set package 'sm_mppi_planner' build argument 'catkin_cmake_args' from command line to 'None'
[0.465s] Level 5:colcon.colcon_core.verb:set package 'sm_mppi_planner' build argument 'catkin_skip_building_tests' from command line to 'False'
[0.465s] DEBUG:colcon.colcon_core.verb:Building package 'sm_mppi_planner' with the following arguments: {'ament_cmake_args': None, 'build_base': '/home/wim/Documents/social_momentum_venv/social_momentum_MPPI/build/sm_mppi_planner', 'catkin_cmake_args': None, 'catkin_skip_building_tests': False, 'cmake_args': None, 'cmake_clean_cache': False, 'cmake_clean_first': False, 'cmake_force_configure': False, 'cmake_target': None, 'cmake_target_skip_unavailable': False, 'install_base': '/home/wim/Documents/social_momentum_venv/social_momentum_MPPI/install/sm_mppi_planner', 'merge_install': False, 'path': '/home/wim/Documents/social_momentum_venv/social_momentum_MPPI/src/sm_mppi_planner', 'symlink_install': False, 'test_result_base': None}
[0.465s] Level 5:colcon.colcon_core.verb:set package 'tiago_social_scenarios' build argument 'cmake_args' from command line to 'None'
[0.465s] Level 5:colcon.colcon_core.verb:set package 'tiago_social_scenarios' build argument 'cmake_target' from command line to 'None'
[0.465s] Level 5:colcon.colcon_core.verb:set package 'tiago_social_scenarios' build argument 'cmake_target_skip_unavailable' from command line to 'False'
[0.465s] Level 5:colcon.colcon_core.verb:set package 'tiago_social_scenarios' build argument 'cmake_clean_cache' from command line to 'False'
[0.465s] Level 5:colcon.colcon_core.verb:set package 'tiago_social_scenarios' build argument 'cmake_clean_first' from command line to 'False'
[0.465s] Level 5:colcon.colcon_core.verb:set package 'tiago_social_scenarios' build argument 'cmake_force_configure' from command line to 'False'
[0.465s] Level 5:colcon.colcon_core.verb:set package 'tiago_social_scenarios' build argument 'ament_cmake_args' from command line to 'None'
[0.465s] Level 5:colcon.colcon_core.verb:set package 'tiago_social_scenarios' build argument 'catkin_cmake_args' from command line to 'None'
[0.466s] Level 5:colcon.colcon_core.verb:set package 'tiago_social_scenarios' build argument 'catkin_skip_building_tests' from command line to 'False'
[0.466s] DEBUG:colcon.colcon_core.verb:Building package 'tiago_social_scenarios' with the following arguments: {'ament_cmake_args': None, 'build_base': '/home/wim/Documents/social_momentum_venv/social_momentum_MPPI/build/tiago_social_scenarios', 'catkin_cmake_args': None, 'catkin_skip_building_tests': False, 'cmake_args': None, 'cmake_clean_cache': False, 'cmake_clean_first': False, 'cmake_force_configure': False, 'cmake_target': None, 'cmake_target_skip_unavailable': False, 'install_base': '/home/wim/Documents/social_momentum_venv/social_momentum_MPPI/install/tiago_social_scenarios', 'merge_install': False, 'path': '/home/wim/Documents/social_momentum_venv/social_momentum_MPPI/src/tiago_social_scenarios', 'symlink_install': False, 'test_result_base': None}
[0.466s] INFO:colcon.colcon_core.executor:Executing jobs using 'parallel' executor
[0.466s] DEBUG:colcon.colcon_parallel_executor.executor.parallel:run_until_complete
[0.467s] INFO:colcon.colcon_ros.task.ament_cmake.build:Building ROS package in '/home/wim/Documents/social_momentum_venv/social_momentum_MPPI/src/my_social_nav_interfaces' with build type 'ament_cmake'
[0.467s] INFO:colcon.colcon_cmake.task.cmake.build:Building CMake package in '/home/wim/Documents/social_momentum_venv/social_momentum_MPPI/src/my_social_nav_interfaces'
[0.469s] INFO:colcon.colcon_core.plugin_system:Skipping extension 'colcon_core.shell.bat': Not used on non-Windows systems
[0.469s] INFO:colcon.colcon_core.shell:Skip shell extension 'powershell' for command environment: Not usable outside of PowerShell
[0.469s] DEBUG:colcon.colcon_core.shell:Skip shell extension 'dsv' for command environment
[0.478s] DEBUG:colcon.colcon_core.event_handler.log_command:Invoking command in '/home/wim/Documents/social_momentum_venv/social_momentum_MPPI/build/my_social_nav_interfaces': CMAKE_PREFIX_PATH=${CMAKE_PREFIX_PATH}:/home/wim/tiago_public_ws/install/launch_pal:/opt/ros/humble /usr/bin/cmake /home/wim/Documents/social_momentum_venv/social_momentum_MPPI/src/my_social_nav_interfaces -DCMAKE_INSTALL_PREFIX=/home/wim/Documents/social_momentum_venv/social_momentum_MPPI/install/my_social_nav_interfaces
[2.483s] DEBUG:colcon.colcon_core.event_handler.log_command:Invoked command in '/home/wim/Documents/social_momentum_venv/social_momentum_MPPI/build/my_social_nav_interfaces' returned '0': CMAKE_PREFIX_PATH=${CMAKE_PREFIX_PATH}:/home/wim/tiago_public_ws/install/launch_pal:/opt/ros/humble /usr/bin/cmake /home/wim/Documents/social_momentum_venv/social_momentum_MPPI/src/my_social_nav_interfaces -DCMAKE_INSTALL_PREFIX=/home/wim/Documents/social_momentum_venv/social_momentum_MPPI/install/my_social_nav_interfaces
[2.485s] DEBUG:colcon.colcon_core.event_handler.log_command:Invoking command in '/home/wim/Documents/social_momentum_venv/social_momentum_MPPI/build/my_social_nav_interfaces': CMAKE_PREFIX_PATH=${CMAKE_PREFIX_PATH}:/home/wim/tiago_public_ws/install/launch_pal:/opt/ros/humble /usr/bin/cmake --build /home/wim/Documents/social_momentum_venv/social_momentum_MPPI/build/my_social_nav_interfaces -- -j12 -l12
[4.699s] DEBUG:colcon.colcon_core.event_handler.log_command:Invoked command in '/home/wim/Documents/social_momentum_venv/social_momentum_MPPI/build/my_social_nav_interfaces' returned '0': CMAKE_PREFIX_PATH=${CMAKE_PREFIX_PATH}:/home/wim/tiago_public_ws/install/launch_pal:/opt/ros/humble /usr/bin/cmake --build /home/wim/Documents/social_momentum_venv/social_momentum_MPPI/build/my_social_nav_interfaces -- -j12 -l12
[4.708s] DEBUG:colcon.colcon_core.event_handler.log_command:Invoking command in '/home/wim/Documents/social_momentum_venv/social_momentum_MPPI/build/my_social_nav_interfaces': CMAKE_PREFIX_PATH=${CMAKE_PREFIX_PATH}:/home/wim/tiago_public_ws/install/launch_pal:/opt/ros/humble /usr/bin/cmake --install /home/wim/Documents/social_momentum_venv/social_momentum_MPPI/build/my_social_nav_interfaces
[4.767s] Level 1:colcon.colcon_core.environment:create_environment_scripts_only(my_social_nav_interfaces)
[4.767s] DEBUG:colcon.colcon_core.event_handler.log_command:Invoked command in '/home/wim/Documents/social_momentum_venv/social_momentum_MPPI/build/my_social_nav_interfaces' returned '0': CMAKE_PREFIX_PATH=${CMAKE_PREFIX_PATH}:/home/wim/tiago_public_ws/install/launch_pal:/opt/ros/humble /usr/bin/cmake --install /home/wim/Documents/social_momentum_venv/social_momentum_MPPI/build/my_social_nav_interfaces
[4.769s] Level 1:colcon.colcon_core.environment:checking '/home/wim/Documents/social_momentum_venv/social_momentum_MPPI/install/my_social_nav_interfaces' for CMake module files
[4.769s] Level 1:colcon.colcon_core.environment:checking '/home/wim/Documents/social_momentum_venv/social_momentum_MPPI/install/my_social_nav_interfaces' for CMake config files
[4.770s] Level 1:colcon.colcon_core.shell:create_environment_hook('my_social_nav_interfaces', 'cmake_prefix_path')
[4.770s] INFO:colcon.colcon_core.shell:Creating environment hook '/home/wim/Documents/social_momentum_venv/social_momentum_MPPI/install/my_social_nav_interfaces/share/my_social_nav_interfaces/hook/cmake_prefix_path.ps1'
[4.771s] INFO:colcon.colcon_core.shell:Creating environment descriptor '/home/wim/Documents/social_momentum_venv/social_momentum_MPPI/install/my_social_nav_interfaces/share/my_social_nav_interfaces/hook/cmake_prefix_path.dsv'
[4.771s] INFO:colcon.colcon_core.shell:Creating environment hook '/home/wim/Documents/social_momentum_venv/social_momentum_MPPI/install/my_social_nav_interfaces/share/my_social_nav_interfaces/hook/cmake_prefix_path.sh'
[4.772s] Level 1:colcon.colcon_core.environment:checking '/home/wim/Documents/social_momentum_venv/social_momentum_MPPI/install/my_social_nav_interfaces/lib'
[4.772s] Level 1:colcon.colcon_core.shell:create_environment_hook('my_social_nav_interfaces', 'ld_library_path_lib')
[4.772s] INFO:colcon.colcon_core.shell:Creating environment hook '/home/wim/Documents/social_momentum_venv/social_momentum_MPPI/install/my_social_nav_interfaces/share/my_social_nav_interfaces/hook/ld_library_path_lib.ps1'
[4.773s] INFO:colcon.colcon_core.shell:Creating environment descriptor '/home/wim/Documents/social_momentum_venv/social_momentum_MPPI/install/my_social_nav_interfaces/share/my_social_nav_interfaces/hook/ld_library_path_lib.dsv'
[4.773s] INFO:colcon.colcon_core.shell:Creating environment hook '/home/wim/Documents/social_momentum_venv/social_momentum_MPPI/install/my_social_nav_interfaces/share/my_social_nav_interfaces/hook/ld_library_path_lib.sh'
[4.773s] Level 1:colcon.colcon_core.environment:checking '/home/wim/Documents/social_momentum_venv/social_momentum_MPPI/install/my_social_nav_interfaces/bin'
[4.773s] Level 1:colcon.colcon_core.environment:checking '/home/wim/Documents/social_momentum_venv/social_momentum_MPPI/install/my_social_nav_interfaces/lib/pkgconfig/my_social_nav_interfaces.pc'
[4.773s] Level 1:colcon.colcon_core.environment:checking '/home/wim/Documents/social_momentum_venv/social_momentum_MPPI/install/my_social_nav_interfaces/lib/python3.10/site-packages'
[4.774s] Level 1:colcon.colcon_core.environment:checking '/home/wim/Documents/social_momentum_venv/social_momentum_MPPI/install/my_social_nav_interfaces/bin'
[4.774s] INFO:colcon.colcon_core.shell:Creating package script '/home/wim/Documents/social_momentum_venv/social_momentum_MPPI/install/my_social_nav_interfaces/share/my_social_nav_interfaces/package.ps1'
[4.775s] INFO:colcon.colcon_core.shell:Creating package descriptor '/home/wim/Documents/social_momentum_venv/social_momentum_MPPI/install/my_social_nav_interfaces/share/my_social_nav_interfaces/package.dsv'
[4.775s] INFO:colcon.colcon_core.shell:Creating package script '/home/wim/Documents/social_momentum_venv/social_momentum_MPPI/install/my_social_nav_interfaces/share/my_social_nav_interfaces/package.sh'
[4.776s] INFO:colcon.colcon_core.shell:Creating package script '/home/wim/Documents/social_momentum_venv/social_momentum_MPPI/install/my_social_nav_interfaces/share/my_social_nav_interfaces/package.bash'
[4.776s] INFO:colcon.colcon_core.shell:Creating package script '/home/wim/Documents/social_momentum_venv/social_momentum_MPPI/install/my_social_nav_interfaces/share/my_social_nav_interfaces/package.zsh'
[4.777s] Level 1:colcon.colcon_core.environment:create_file_with_runtime_dependencies(/home/wim/Documents/social_momentum_venv/social_momentum_MPPI/install/my_social_nav_interfaces/share/colcon-core/packages/my_social_nav_interfaces)
[4.777s] Level 1:colcon.colcon_core.environment:create_environment_scripts_only(my_social_nav_interfaces)
[4.778s] Level 1:colcon.colcon_core.environment:checking '/home/wim/Documents/social_momentum_venv/social_momentum_MPPI/install/my_social_nav_interfaces' for CMake module files
[4.778s] Level 1:colcon.colcon_core.environment:checking '/home/wim/Documents/social_momentum_venv/social_momentum_MPPI/install/my_social_nav_interfaces' for CMake config files
[4.779s] Level 1:colcon.colcon_core.shell:create_environment_hook('my_social_nav_interfaces', 'cmake_prefix_path')
[4.779s] INFO:colcon.colcon_core.shell:Creating environment hook '/home/wim/Documents/social_momentum_venv/social_momentum_MPPI/install/my_social_nav_interfaces/share/my_social_nav_interfaces/hook/cmake_prefix_path.ps1'
[4.779s] INFO:colcon.colcon_core.shell:Creating environment descriptor '/home/wim/Documents/social_momentum_venv/social_momentum_MPPI/install/my_social_nav_interfaces/share/my_social_nav_interfaces/hook/cmake_prefix_path.dsv'
[4.779s] INFO:colcon.colcon_core.shell:Creating environment hook '/home/wim/Documents/social_momentum_venv/social_momentum_MPPI/install/my_social_nav_interfaces/share/my_social_nav_interfaces/hook/cmake_prefix_path.sh'
[4.780s] Level 1:colcon.colcon_core.environment:checking '/home/wim/Documents/social_momentum_venv/social_momentum_MPPI/install/my_social_nav_interfaces/lib'
[4.780s] Level 1:colcon.colcon_core.shell:create_environment_hook('my_social_nav_interfaces', 'ld_library_path_lib')
[4.780s] INFO:colcon.colcon_core.shell:Creating environment hook '/home/wim/Documents/social_momentum_venv/social_momentum_MPPI/install/my_social_nav_interfaces/share/my_social_nav_interfaces/hook/ld_library_path_lib.ps1'
[4.780s] INFO:colcon.colcon_core.shell:Creating environment descriptor '/home/wim/Documents/social_momentum_venv/social_momentum_MPPI/install/my_social_nav_interfaces/share/my_social_nav_interfaces/hook/ld_library_path_lib.dsv'
[4.781s] INFO:colcon.colcon_core.shell:Creating environment hook '/home/wim/Documents/social_momentum_venv/social_momentum_MPPI/install/my_social_nav_interfaces/share/my_social_nav_interfaces/hook/ld_library_path_lib.sh'
[4.781s] Level 1:colcon.colcon_core.environment:checking '/home/wim/Documents/social_momentum_venv/social_momentum_MPPI/install/my_social_nav_interfaces/bin'
[4.781s] Level 1:colcon.colcon_core.environment:checking '/home/wim/Documents/social_momentum_venv/social_momentum_MPPI/install/my_social_nav_interfaces/lib/pkgconfig/my_social_nav_interfaces.pc'
[4.781s] Level 1:colcon.colcon_core.environment:checking '/home/wim/Documents/social_momentum_venv/social_momentum_MPPI/install/my_social_nav_interfaces/lib/python3.10/site-packages'
[4.781s] Level 1:colcon.colcon_core.environment:checking '/home/wim/Documents/social_momentum_venv/social_momentum_MPPI/install/my_social_nav_interfaces/bin'
[4.782s] INFO:colcon.colcon_core.shell:Creating package script '/home/wim/Documents/social_momentum_venv/social_momentum_MPPI/install/my_social_nav_interfaces/share/my_social_nav_interfaces/package.ps1'
[4.782s] INFO:colcon.colcon_core.shell:Creating package descriptor '/home/wim/Documents/social_momentum_venv/social_momentum_MPPI/install/my_social_nav_interfaces/share/my_social_nav_interfaces/package.dsv'
[4.783s] INFO:colcon.colcon_core.shell:Creating package script '/home/wim/Documents/social_momentum_venv/social_momentum_MPPI/install/my_social_nav_interfaces/share/my_social_nav_interfaces/package.sh'
[4.783s] INFO:colcon.colcon_core.shell:Creating package script '/home/wim/Documents/social_momentum_venv/social_momentum_MPPI/install/my_social_nav_interfaces/share/my_social_nav_interfaces/package.bash'
[4.783s] INFO:colcon.colcon_core.shell:Creating package script '/home/wim/Documents/social_momentum_venv/social_momentum_MPPI/install/my_social_nav_interfaces/share/my_social_nav_interfaces/package.zsh'
[4.784s] Level 1:colcon.colcon_core.environment:create_file_with_runtime_dependencies(/home/wim/Documents/social_momentum_venv/social_momentum_MPPI/install/my_social_nav_interfaces/share/colcon-core/packages/my_social_nav_interfaces)
[4.784s] INFO:colcon.colcon_ros.task.ament_python.build:Building ROS package in '/home/wim/Documents/social_momentum_venv/social_momentum_MPPI/src/sm_mppi_planner' with build type 'ament_python'
[4.784s] Level 1:colcon.colcon_core.shell:create_environment_hook('sm_mppi_planner', 'ament_prefix_path')
[4.784s] INFO:colcon.colcon_core.shell:Creating environment hook '/home/wim/Documents/social_momentum_venv/social_momentum_MPPI/install/sm_mppi_planner/share/sm_mppi_planner/hook/ament_prefix_path.ps1'
[4.785s] INFO:colcon.colcon_core.shell:Creating environment descriptor '/home/wim/Documents/social_momentum_venv/social_momentum_MPPI/install/sm_mppi_planner/share/sm_mppi_planner/hook/ament_prefix_path.dsv'
[4.785s] INFO:colcon.colcon_core.shell:Creating environment hook '/home/wim/Documents/social_momentum_venv/social_momentum_MPPI/install/sm_mppi_planner/share/sm_mppi_planner/hook/ament_prefix_path.sh'
[4.786s] INFO:colcon.colcon_core.shell:Skip shell extension 'powershell' for command environment: Not usable outside of PowerShell
[4.786s] DEBUG:colcon.colcon_core.shell:Skip shell extension 'dsv' for command environment
[4.791s] INFO:colcon.colcon_ros.task.ament_python.build:Building ROS package in '/home/wim/Documents/social_momentum_venv/social_momentum_MPPI/src/tiago_social_scenarios' with build type 'ament_python'
[4.791s] Level 1:colcon.colcon_core.shell:create_environment_hook('tiago_social_scenarios', 'ament_prefix_path')
[4.791s] INFO:colcon.colcon_core.shell:Creating environment hook '/home/wim/Documents/social_momentum_venv/social_momentum_MPPI/install/tiago_social_scenarios/share/tiago_social_scenarios/hook/ament_prefix_path.ps1'
[4.791s] INFO:colcon.colcon_core.shell:Creating environment descriptor '/home/wim/Documents/social_momentum_venv/social_momentum_MPPI/install/tiago_social_scenarios/share/tiago_social_scenarios/hook/ament_prefix_path.dsv'
[4.792s] INFO:colcon.colcon_core.shell:Creating environment hook '/home/wim/Documents/social_momentum_venv/social_momentum_MPPI/install/tiago_social_scenarios/share/tiago_social_scenarios/hook/ament_prefix_path.sh'
[4.792s] INFO:colcon.colcon_core.shell:Skip shell extension 'powershell' for command environment: Not usable outside of PowerShell
[4.792s] DEBUG:colcon.colcon_core.shell:Skip shell extension 'dsv' for command environment
[5.084s] INFO:colcon.colcon_core.task.python.build:Building Python package in '/home/wim/Documents/social_momentum_venv/social_momentum_MPPI/src/sm_mppi_planner'
[5.084s] INFO:colcon.colcon_core.shell:Skip shell extension 'powershell' for command environment: Not usable outside of PowerShell
[5.084s] DEBUG:colcon.colcon_core.shell:Skip shell extension 'dsv' for command environment
[5.368s] INFO:colcon.colcon_core.task.python.build:Building Python package in '/home/wim/Documents/social_momentum_venv/social_momentum_MPPI/src/tiago_social_scenarios'
[5.368s] INFO:colcon.colcon_core.shell:Skip shell extension 'powershell' for command environment: Not usable outside of PowerShell
[5.369s] DEBUG:colcon.colcon_core.shell:Skip shell extension 'dsv' for command environment
[5.823s] DEBUG:colcon.colcon_core.event_handler.log_command:Invoking command in '/home/wim/Documents/social_momentum_venv/social_momentum_MPPI/src/tiago_social_scenarios': AMENT_PREFIX_PATH=/home/wim/Documents/social_momentum_venv/social_momentum_MPPI/install/my_social_nav_interfaces:${AMENT_PREFIX_PATH} CMAKE_PREFIX_PATH=/home/wim/Documents/social_momentum_venv/social_momentum_MPPI/install/my_social_nav_interfaces:${CMAKE_PREFIX_PATH} LD_LIBRARY_PATH=/home/wim/Documents/social_momentum_venv/social_momentum_MPPI/install/my_social_nav_interfaces/lib:${LD_LIBRARY_PATH} PYTHONPATH=/home/wim/Documents/social_momentum_venv/social_momentum_MPPI/build/tiago_social_scenarios/prefix_override:/usr/lib/python3/dist-packages/colcon_core/task/python/colcon_distutils_commands:/home/wim/Documents/social_momentum_venv/social_momentum_MPPI/install/tiago_social_scenarios/lib/python3.10/site-packages:/home/wim/Documents/social_momentum_venv/social_momentum_MPPI/install/my_social_nav_interfaces/local/lib/python3.10/dist-packages:${PYTHONPATH} /usr/bin/python3 -W ignore:setup.py install is deprecated -W ignore:easy_install command is deprecated setup.py egg_info --egg-base ../../build/tiago_social_scenarios build --build-base /home/wim/Documents/social_momentum_venv/social_momentum_MPPI/build/tiago_social_scenarios/build install --record /home/wim/Documents/social_momentum_venv/social_momentum_MPPI/build/tiago_social_scenarios/install.log --single-version-externally-managed install_data
[5.829s] DEBUG:colcon.colcon_core.event_handler.log_command:Invoking command in '/home/wim/Documents/social_momentum_venv/social_momentum_MPPI/src/sm_mppi_planner': AMENT_PREFIX_PATH=/home/wim/Documents/social_momentum_venv/social_momentum_MPPI/install/my_social_nav_interfaces:${AMENT_PREFIX_PATH} CMAKE_PREFIX_PATH=/home/wim/Documents/social_momentum_venv/social_momentum_MPPI/install/my_social_nav_interfaces:${CMAKE_PREFIX_PATH} LD_LIBRARY_PATH=/home/wim/Documents/social_momentum_venv/social_momentum_MPPI/install/my_social_nav_interfaces/lib:${LD_LIBRARY_PATH} PYTHONPATH=/home/wim/Documents/social_momentum_venv/social_momentum_MPPI/build/sm_mppi_planner/prefix_override:/usr/lib/python3/dist-packages/colcon_core/task/python/colcon_distutils_commands:/home/wim/Documents/social_momentum_venv/social_momentum_MPPI/install/sm_mppi_planner/lib/python3.10/site-packages:/home/wim/Documents/social_momentum_venv/social_momentum_MPPI/install/my_social_nav_interfaces/local/lib/python3.10/dist-packages:${PYTHONPATH} /usr/bin/python3 -W ignore:setup.py install is deprecated -W ignore:easy_install command is deprecated setup.py egg_info --egg-base ../../build/sm_mppi_planner build --build-base /home/wim/Documents/social_momentum_venv/social_momentum_MPPI/build/sm_mppi_planner/build install --record /home/wim/Documents/social_momentum_venv/social_momentum_MPPI/build/sm_mppi_planner/install.log --single-version-externally-managed install_data
[6.218s] Level 1:colcon.colcon_core.environment:checking '/home/wim/Documents/social_momentum_venv/social_momentum_MPPI/install/tiago_social_scenarios' for CMake module files
[6.218s] DEBUG:colcon.colcon_core.event_handler.log_command:Invoked command in '/home/wim/Documents/social_momentum_venv/social_momentum_MPPI/src/tiago_social_scenarios' returned '0': AMENT_PREFIX_PATH=/home/wim/Documents/social_momentum_venv/social_momentum_MPPI/install/my_social_nav_interfaces:${AMENT_PREFIX_PATH} CMAKE_PREFIX_PATH=/home/wim/Documents/social_momentum_venv/social_momentum_MPPI/install/my_social_nav_interfaces:${CMAKE_PREFIX_PATH} LD_LIBRARY_PATH=/home/wim/Documents/social_momentum_venv/social_momentum_MPPI/install/my_social_nav_interfaces/lib:${LD_LIBRARY_PATH} PYTHONPATH=/home/wim/Documents/social_momentum_venv/social_momentum_MPPI/build/tiago_social_scenarios/prefix_override:/usr/lib/python3/dist-packages/colcon_core/task/python/colcon_distutils_commands:/home/wim/Documents/social_momentum_venv/social_momentum_MPPI/install/tiago_social_scenarios/lib/python3.10/site-packages:/home/wim/Documents/social_momentum_venv/social_momentum_MPPI/install/my_social_nav_interfaces/local/lib/python3.10/dist-packages:${PYTHONPATH} /usr/bin/python3 -W ignore:setup.py install is deprecated -W ignore:easy_install command is deprecated setup.py egg_info --egg-base ../../build/tiago_social_scenarios build --build-base /home/wim/Documents/social_momentum_venv/social_momentum_MPPI/build/tiago_social_scenarios/build install --record /home/wim/Documents/social_momentum_venv/social_momentum_MPPI/build/tiago_social_scenarios/install.log --single-version-externally-managed install_data
[6.219s] Level 1:colcon.colcon_core.environment:checking '/home/wim/Documents/social_momentum_venv/social_momentum_MPPI/install/tiago_social_scenarios' for CMake config files
[6.219s] Level 1:colcon.colcon_core.environment:checking '/home/wim/Documents/social_momentum_venv/social_momentum_MPPI/install/tiago_social_scenarios/lib'
[6.219s] Level 1:colcon.colcon_core.environment:checking '/home/wim/Documents/social_momentum_venv/social_momentum_MPPI/install/tiago_social_scenarios/bin'
[6.219s] Level 1:colcon.colcon_core.environment:checking '/home/wim/Documents/social_momentum_venv/social_momentum_MPPI/install/tiago_social_scenarios/lib/pkgconfig/tiago_social_scenarios.pc'
[6.219s] Level 1:colcon.colcon_core.environment:checking '/home/wim/Documents/social_momentum_venv/social_momentum_MPPI/install/tiago_social_scenarios/lib/python3.10/site-packages'
[6.220s] Level 1:colcon.colcon_core.shell:create_environment_hook('tiago_social_scenarios', 'pythonpath')
[6.220s] INFO:colcon.colcon_core.shell:Creating environment hook '/home/wim/Documents/social_momentum_venv/social_momentum_MPPI/install/tiago_social_scenarios/share/tiago_social_scenarios/hook/pythonpath.ps1'
[6.220s] INFO:colcon.colcon_core.shell:Creating environment descriptor '/home/wim/Documents/social_momentum_venv/social_momentum_MPPI/install/tiago_social_scenarios/share/tiago_social_scenarios/hook/pythonpath.dsv'
[6.220s] INFO:colcon.colcon_core.shell:Creating environment hook '/home/wim/Documents/social_momentum_venv/social_momentum_MPPI/install/tiago_social_scenarios/share/tiago_social_scenarios/hook/pythonpath.sh'
[6.221s] Level 1:colcon.colcon_core.environment:checking '/home/wim/Documents/social_momentum_venv/social_momentum_MPPI/install/tiago_social_scenarios/bin'
[6.221s] Level 1:colcon.colcon_core.environment:create_environment_scripts_only(tiago_social_scenarios)
[6.221s] INFO:colcon.colcon_core.shell:Creating package script '/home/wim/Documents/social_momentum_venv/social_momentum_MPPI/install/tiago_social_scenarios/share/tiago_social_scenarios/package.ps1'
[6.222s] INFO:colcon.colcon_core.shell:Creating package descriptor '/home/wim/Documents/social_momentum_venv/social_momentum_MPPI/install/tiago_social_scenarios/share/tiago_social_scenarios/package.dsv'
[6.222s] INFO:colcon.colcon_core.shell:Creating package script '/home/wim/Documents/social_momentum_venv/social_momentum_MPPI/install/tiago_social_scenarios/share/tiago_social_scenarios/package.sh'
[6.222s] INFO:colcon.colcon_core.shell:Creating package script '/home/wim/Documents/social_momentum_venv/social_momentum_MPPI/install/tiago_social_scenarios/share/tiago_social_scenarios/package.bash'
[6.223s] INFO:colcon.colcon_core.shell:Creating package script '/home/wim/Documents/social_momentum_venv/social_momentum_MPPI/install/tiago_social_scenarios/share/tiago_social_scenarios/package.zsh'
[6.223s] Level 1:colcon.colcon_core.environment:create_file_with_runtime_dependencies(/home/wim/Documents/social_momentum_venv/social_momentum_MPPI/install/tiago_social_scenarios/share/colcon-core/packages/tiago_social_scenarios)
[6.277s] Level 1:colcon.colcon_core.environment:checking '/home/wim/Documents/social_momentum_venv/social_momentum_MPPI/install/sm_mppi_planner' for CMake module files
[6.277s] DEBUG:colcon.colcon_core.event_handler.log_command:Invoked command in '/home/wim/Documents/social_momentum_venv/social_momentum_MPPI/src/sm_mppi_planner' returned '0': AMENT_PREFIX_PATH=/home/wim/Documents/social_momentum_venv/social_momentum_MPPI/install/my_social_nav_interfaces:${AMENT_PREFIX_PATH} CMAKE_PREFIX_PATH=/home/wim/Documents/social_momentum_venv/social_momentum_MPPI/install/my_social_nav_interfaces:${CMAKE_PREFIX_PATH} LD_LIBRARY_PATH=/home/wim/Documents/social_momentum_venv/social_momentum_MPPI/install/my_social_nav_interfaces/lib:${LD_LIBRARY_PATH} PYTHONPATH=/home/wim/Documents/social_momentum_venv/social_momentum_MPPI/build/sm_mppi_planner/prefix_override:/usr/lib/python3/dist-packages/colcon_core/task/python/colcon_distutils_commands:/home/wim/Documents/social_momentum_venv/social_momentum_MPPI/install/sm_mppi_planner/lib/python3.10/site-packages:/home/wim/Documents/social_momentum_venv/social_momentum_MPPI/install/my_social_nav_interfaces/local/lib/python3.10/dist-packages:${PYTHONPATH} /usr/bin/python3 -W ignore:setup.py install is deprecated -W ignore:easy_install command is deprecated setup.py egg_info --egg-base ../../build/sm_mppi_planner build --build-base /home/wim/Documents/social_momentum_venv/social_momentum_MPPI/build/sm_mppi_planner/build install --record /home/wim/Documents/social_momentum_venv/social_momentum_MPPI/build/sm_mppi_planner/install.log --single-version-externally-managed install_data
[6.277s] Level 1:colcon.colcon_core.environment:checking '/home/wim/Documents/social_momentum_venv/social_momentum_MPPI/install/sm_mppi_planner' for CMake config files
[6.278s] Level 1:colcon.colcon_core.environment:checking '/home/wim/Documents/social_momentum_venv/social_momentum_MPPI/install/sm_mppi_planner/lib'
[6.278s] Level 1:colcon.colcon_core.environment:checking '/home/wim/Documents/social_momentum_venv/social_momentum_MPPI/install/sm_mppi_planner/bin'
[6.278s] Level 1:colcon.colcon_core.environment:checking '/home/wim/Documents/social_momentum_venv/social_momentum_MPPI/install/sm_mppi_planner/lib/pkgconfig/sm_mppi_planner.pc'
[6.278s] Level 1:colcon.colcon_core.environment:checking '/home/wim/Documents/social_momentum_venv/social_momentum_MPPI/install/sm_mppi_planner/lib/python3.10/site-packages'
[6.279s] Level 1:colcon.colcon_core.shell:create_environment_hook('sm_mppi_planner', 'pythonpath')
[6.279s] INFO:colcon.colcon_core.shell:Creating environment hook '/home/wim/Documents/social_momentum_venv/social_momentum_MPPI/install/sm_mppi_planner/share/sm_mppi_planner/hook/pythonpath.ps1'
[6.279s] INFO:colcon.colcon_core.shell:Creating environment descriptor '/home/wim/Documents/social_momentum_venv/social_momentum_MPPI/install/sm_mppi_planner/share/sm_mppi_planner/hook/pythonpath.dsv'
[6.279s] INFO:colcon.colcon_core.shell:Creating environment hook '/home/wim/Documents/social_momentum_venv/social_momentum_MPPI/install/sm_mppi_planner/share/sm_mppi_planner/hook/pythonpath.sh'
[6.280s] Level 1:colcon.colcon_core.environment:checking '/home/wim/Documents/social_momentum_venv/social_momentum_MPPI/install/sm_mppi_planner/bin'
[6.280s] Level 1:colcon.colcon_core.environment:create_environment_scripts_only(sm_mppi_planner)
[6.280s] INFO:colcon.colcon_core.shell:Creating package script '/home/wim/Documents/social_momentum_venv/social_momentum_MPPI/install/sm_mppi_planner/share/sm_mppi_planner/package.ps1'
[6.281s] INFO:colcon.colcon_core.shell:Creating package descriptor '/home/wim/Documents/social_momentum_venv/social_momentum_MPPI/install/sm_mppi_planner/share/sm_mppi_planner/package.dsv'
[6.281s] INFO:colcon.colcon_core.shell:Creating package script '/home/wim/Documents/social_momentum_venv/social_momentum_MPPI/install/sm_mppi_planner/share/sm_mppi_planner/package.sh'
[6.281s] INFO:colcon.colcon_core.shell:Creating package script '/home/wim/Documents/social_momentum_venv/social_momentum_MPPI/install/sm_mppi_planner/share/sm_mppi_planner/package.bash'
[6.282s] INFO:colcon.colcon_core.shell:Creating package script '/home/wim/Documents/social_momentum_venv/social_momentum_MPPI/install/sm_mppi_planner/share/sm_mppi_planner/package.zsh'
[6.282s] Level 1:colcon.colcon_core.environment:create_file_with_runtime_dependencies(/home/wim/Documents/social_momentum_venv/social_momentum_MPPI/install/sm_mppi_planner/share/colcon-core/packages/sm_mppi_planner)
[6.282s] DEBUG:colcon.colcon_parallel_executor.executor.parallel:closing loop
[6.282s] DEBUG:colcon.colcon_parallel_executor.executor.parallel:loop closed
[6.282s] DEBUG:colcon.colcon_parallel_executor.executor.parallel:run_until_complete finished with '0'
[6.282s] DEBUG:colcon.colcon_core.event_reactor:joining thread
[6.287s] INFO:colcon.colcon_core.plugin_system:Skipping extension 'colcon_notification.desktop_notification.terminal_notifier': Not used on non-Darwin systems
[6.288s] INFO:colcon.colcon_core.plugin_system:Skipping extension 'colcon_notification.desktop_notification.win32': Not used on non-Windows systems
[6.288s] INFO:colcon.colcon_notification.desktop_notification:Sending desktop notification using 'notify2'
[6.297s] DEBUG:colcon.colcon_core.event_reactor:joined thread
[6.297s] INFO:colcon.colcon_core.shell:Creating prefix script '/home/wim/Documents/social_momentum_venv/social_momentum_MPPI/install/local_setup.ps1'
[6.298s] INFO:colcon.colcon_core.shell:Creating prefix util module '/home/wim/Documents/social_momentum_venv/social_momentum_MPPI/install/_local_setup_util_ps1.py'
[6.299s] INFO:colcon.colcon_core.shell:Creating prefix chain script '/home/wim/Documents/social_momentum_venv/social_momentum_MPPI/install/setup.ps1'
[6.301s] INFO:colcon.colcon_core.shell:Creating prefix script '/home/wim/Documents/social_momentum_venv/social_momentum_MPPI/install/local_setup.sh'
[6.302s] INFO:colcon.colcon_core.shell:Creating prefix util module '/home/wim/Documents/social_momentum_venv/social_momentum_MPPI/install/_local_setup_util_sh.py'
[6.302s] INFO:colcon.colcon_core.shell:Creating prefix chain script '/home/wim/Documents/social_momentum_venv/social_momentum_MPPI/install/setup.sh'
[6.304s] INFO:colcon.colcon_core.shell:Creating prefix script '/home/wim/Documents/social_momentum_venv/social_momentum_MPPI/install/local_setup.bash'
[6.305s] INFO:colcon.colcon_core.shell:Creating prefix chain script '/home/wim/Documents/social_momentum_venv/social_momentum_MPPI/install/setup.bash'
[6.307s] INFO:colcon.colcon_core.shell:Creating prefix script '/home/wim/Documents/social_momentum_venv/social_momentum_MPPI/install/local_setup.zsh'
[6.307s] INFO:colcon.colcon_core.shell:Creating prefix chain script '/home/wim/Documents/social_momentum_venv/social_momentum_MPPI/install/setup.zsh'
