[0.125s] DEBUG:colcon:Command line arguments: ['/home/wim/Documents/social_momentum_venv/.venv/bin/colcon', 'build']
[0.125s] DEBUG:colcon:Parsed command line arguments: Namespace(log_base=None, log_level=None, verb_name='build', build_base='build', install_base='install', merge_install=False, symlink_install=False, test_result_base=None, continue_on_error=False, executor='parallel', parallel_workers=12, event_handlers=None, ignore_user_meta=False, metas=['./colcon.meta'], base_paths=['.'], packages_ignore=None, packages_ignore_regex=None, paths=None, packages_up_to=None, packages_up_to_regex=None, packages_above=None, packages_above_and_dependencies=None, packages_above_depth=None, packages_select_by_dep=None, packages_skip_by_dep=None, packages_skip_up_to=None, packages_select_build_failed=False, packages_skip_build_finished=False, packages_select_test_failures=False, packages_skip_test_passed=False, packages_select=None, packages_skip=None, packages_select_regex=None, packages_skip_regex=None, packages_start=None, packages_end=None, cmake_args=None, cmake_target=None, cmake_target_skip_unavailable=False, cmake_clean_cache=False, cmake_clean_first=False, cmake_force_configure=False, ament_cmake_args=None, catkin_cmake_args=None, catkin_skip_building_tests=False, verb_parser=<colcon_defaults.argument_parser.defaults.DefaultArgumentsDecorator object at 0x74e1844178e0>, verb_extension=<colcon_core.verb.build.BuildVerb object at 0x74e1845d44f0>, main=<bound method BuildVerb.main of <colcon_core.verb.build.BuildVerb object at 0x74e1845d44f0>>)
[0.239s] Level 1:colcon.colcon_core.package_discovery:discover_packages(colcon_meta) check parameters
[0.239s] Level 1:colcon.colcon_core.package_discovery:discover_packages(recursive) check parameters
[0.239s] Level 1:colcon.colcon_core.package_discovery:discover_packages(ignore) check parameters
[0.239s] Level 1:colcon.colcon_core.package_discovery:discover_packages(path) check parameters
[0.239s] Level 1:colcon.colcon_core.package_discovery:discover_packages(colcon_meta) discover
[0.239s] Level 1:colcon.colcon_core.package_discovery:discover_packages(recursive) discover
[0.239s] INFO:colcon.colcon_core.package_discovery:Crawling recursively for packages in '/home/wim/Documents/social_momentum_venv/social_momentum_MPPI'
[0.239s] Level 1:colcon.colcon_core.package_identification:_identify(.) by extensions ['ignore', 'ignore_ament_install']
[0.239s] Level 1:colcon.colcon_core.package_identification:_identify(.) by extension 'ignore'
[0.239s] Level 1:colcon.colcon_core.package_identification:_identify(.) by extension 'ignore_ament_install'
[0.239s] Level 1:colcon.colcon_core.package_identification:_identify(.) by extensions ['colcon_pkg']
[0.240s] Level 1:colcon.colcon_core.package_identification:_identify(.) by extension 'colcon_pkg'
[0.240s] Level 1:colcon.colcon_core.package_identification:_identify(.) by extensions ['colcon_meta']
[0.240s] Level 1:colcon.colcon_core.package_identification:_identify(.) by extension 'colcon_meta'
[0.240s] Level 1:colcon.colcon_core.package_identification:_identify(.) by extensions ['ros']
[0.240s] Level 1:colcon.colcon_core.package_identification:_identify(.) by extension 'ros'
[0.262s] Level 1:colcon.colcon_core.package_identification:_identify(.) by extensions ['cmake', 'python']
[0.263s] Level 1:colcon.colcon_core.package_identification:_identify(.) by extension 'cmake'
[0.263s] Level 1:colcon.colcon_core.package_identification:_identify(.) by extension 'python'
[0.263s] Level 1:colcon.colcon_core.package_identification:_identify(.) by extensions ['python_setup_py']
[0.263s] Level 1:colcon.colcon_core.package_identification:_identify(.) by extension 'python_setup_py'
[0.263s] Level 1:colcon.colcon_core.package_identification:_identify(build) by extensions ['ignore', 'ignore_ament_install']
[0.263s] Level 1:colcon.colcon_core.package_identification:_identify(build) by extension 'ignore'
[0.263s] Level 1:colcon.colcon_core.package_identification:_identify(build) ignored
[0.263s] Level 1:colcon.colcon_core.package_identification:_identify(install) by extensions ['ignore', 'ignore_ament_install']
[0.263s] Level 1:colcon.colcon_core.package_identification:_identify(install) by extension 'ignore'
[0.263s] Level 1:colcon.colcon_core.package_identification:_identify(install) ignored
[0.263s] Level 1:colcon.colcon_core.package_identification:_identify(log) by extensions ['ignore', 'ignore_ament_install']
[0.263s] Level 1:colcon.colcon_core.package_identification:_identify(log) by extension 'ignore'
[0.263s] Level 1:colcon.colcon_core.package_identification:_identify(log) ignored
[0.263s] Level 1:colcon.colcon_core.package_identification:_identify(src) by extensions ['ignore', 'ignore_ament_install']
[0.264s] Level 1:colcon.colcon_core.package_identification:_identify(src) by extension 'ignore'
[0.264s] Level 1:colcon.colcon_core.package_identification:_identify(src) by extension 'ignore_ament_install'
[0.264s] Level 1:colcon.colcon_core.package_identification:_identify(src) by extensions ['colcon_pkg']
[0.264s] Level 1:colcon.colcon_core.package_identification:_identify(src) by extension 'colcon_pkg'
[0.264s] Level 1:colcon.colcon_core.package_identification:_identify(src) by extensions ['colcon_meta']
[0.264s] Level 1:colcon.colcon_core.package_identification:_identify(src) by extension 'colcon_meta'
[0.264s] Level 1:colcon.colcon_core.package_identification:_identify(src) by extensions ['ros']
[0.264s] Level 1:colcon.colcon_core.package_identification:_identify(src) by extension 'ros'
[0.264s] Level 1:colcon.colcon_core.package_identification:_identify(src) by extensions ['cmake', 'python']
[0.264s] Level 1:colcon.colcon_core.package_identification:_identify(src) by extension 'cmake'
[0.264s] Level 1:colcon.colcon_core.package_identification:_identify(src) by extension 'python'
[0.264s] Level 1:colcon.colcon_core.package_identification:_identify(src) by extensions ['python_setup_py']
[0.264s] Level 1:colcon.colcon_core.package_identification:_identify(src) by extension 'python_setup_py'
[0.264s] Level 1:colcon.colcon_core.package_identification:_identify(src/my_social_nav_interfaces) by extensions ['ignore', 'ignore_ament_install']
[0.264s] Level 1:colcon.colcon_core.package_identification:_identify(src/my_social_nav_interfaces) by extension 'ignore'
[0.264s] Level 1:colcon.colcon_core.package_identification:_identify(src/my_social_nav_interfaces) by extension 'ignore_ament_install'
[0.264s] Level 1:colcon.colcon_core.package_identification:_identify(src/my_social_nav_interfaces) by extensions ['colcon_pkg']
[0.264s] Level 1:colcon.colcon_core.package_identification:_identify(src/my_social_nav_interfaces) by extension 'colcon_pkg'
[0.264s] Level 1:colcon.colcon_core.package_identification:_identify(src/my_social_nav_interfaces) by extensions ['colcon_meta']
[0.264s] Level 1:colcon.colcon_core.package_identification:_identify(src/my_social_nav_interfaces) by extension 'colcon_meta'
[0.264s] Level 1:colcon.colcon_core.package_identification:_identify(src/my_social_nav_interfaces) by extensions ['ros']
[0.264s] Level 1:colcon.colcon_core.package_identification:_identify(src/my_social_nav_interfaces) by extension 'ros'
[0.267s] DEBUG:colcon.colcon_core.package_identification:Package 'src/my_social_nav_interfaces' with type 'ros.ament_cmake' and name 'my_social_nav_interfaces'
[0.267s] Level 1:colcon.colcon_core.package_identification:_identify(src/sm_mppi_planner) by extensions ['ignore', 'ignore_ament_install']
[0.267s] Level 1:colcon.colcon_core.package_identification:_identify(src/sm_mppi_planner) by extension 'ignore'
[0.267s] Level 1:colcon.colcon_core.package_identification:_identify(src/sm_mppi_planner) by extension 'ignore_ament_install'
[0.267s] Level 1:colcon.colcon_core.package_identification:_identify(src/sm_mppi_planner) by extensions ['colcon_pkg']
[0.267s] Level 1:colcon.colcon_core.package_identification:_identify(src/sm_mppi_planner) by extension 'colcon_pkg'
[0.267s] Level 1:colcon.colcon_core.package_identification:_identify(src/sm_mppi_planner) by extensions ['colcon_meta']
[0.267s] Level 1:colcon.colcon_core.package_identification:_identify(src/sm_mppi_planner) by extension 'colcon_meta'
[0.267s] Level 1:colcon.colcon_core.package_identification:_identify(src/sm_mppi_planner) by extensions ['ros']
[0.267s] Level 1:colcon.colcon_core.package_identification:_identify(src/sm_mppi_planner) by extension 'ros'
[0.268s] DEBUG:colcon.colcon_core.package_identification:Package 'src/sm_mppi_planner' with type 'ros.ament_python' and name 'sm_mppi_planner'
[0.268s] Level 1:colcon.colcon_core.package_discovery:discover_packages(recursive) using defaults
[0.268s] Level 1:colcon.colcon_core.package_discovery:discover_packages(ignore) discover
[0.268s] Level 1:colcon.colcon_core.package_discovery:discover_packages(ignore) using defaults
[0.268s] Level 1:colcon.colcon_core.package_discovery:discover_packages(path) discover
[0.268s] Level 1:colcon.colcon_core.package_discovery:discover_packages(path) using defaults
[0.286s] Level 5:colcon.colcon_core.verb:set package 'my_social_nav_interfaces' build argument 'cmake_args' from command line to 'None'
[0.286s] Level 5:colcon.colcon_core.verb:set package 'my_social_nav_interfaces' build argument 'cmake_target' from command line to 'None'
[0.286s] Level 5:colcon.colcon_core.verb:set package 'my_social_nav_interfaces' build argument 'cmake_target_skip_unavailable' from command line to 'False'
[0.286s] Level 5:colcon.colcon_core.verb:set package 'my_social_nav_interfaces' build argument 'cmake_clean_cache' from command line to 'False'
[0.286s] Level 5:colcon.colcon_core.verb:set package 'my_social_nav_interfaces' build argument 'cmake_clean_first' from command line to 'False'
[0.286s] Level 5:colcon.colcon_core.verb:set package 'my_social_nav_interfaces' build argument 'cmake_force_configure' from command line to 'False'
[0.286s] Level 5:colcon.colcon_core.verb:set package 'my_social_nav_interfaces' build argument 'ament_cmake_args' from command line to 'None'
[0.286s] Level 5:colcon.colcon_core.verb:set package 'my_social_nav_interfaces' build argument 'catkin_cmake_args' from command line to 'None'
[0.286s] Level 5:colcon.colcon_core.verb:set package 'my_social_nav_interfaces' build argument 'catkin_skip_building_tests' from command line to 'False'
[0.286s] DEBUG:colcon.colcon_core.verb:Building package 'my_social_nav_interfaces' with the following arguments: {'ament_cmake_args': None, 'build_base': '/home/wim/Documents/social_momentum_venv/social_momentum_MPPI/build/my_social_nav_interfaces', 'catkin_cmake_args': None, 'catkin_skip_building_tests': False, 'cmake_args': None, 'cmake_clean_cache': False, 'cmake_clean_first': False, 'cmake_force_configure': False, 'cmake_target': None, 'cmake_target_skip_unavailable': False, 'install_base': '/home/wim/Documents/social_momentum_venv/social_momentum_MPPI/install/my_social_nav_interfaces', 'merge_install': False, 'path': '/home/wim/Documents/social_momentum_venv/social_momentum_MPPI/src/my_social_nav_interfaces', 'symlink_install': False, 'test_result_base': None}
[0.286s] Level 5:colcon.colcon_core.verb:set package 'sm_mppi_planner' build argument 'cmake_args' from command line to 'None'
[0.286s] Level 5:colcon.colcon_core.verb:set package 'sm_mppi_planner' build argument 'cmake_target' from command line to 'None'
[0.286s] Level 5:colcon.colcon_core.verb:set package 'sm_mppi_planner' build argument 'cmake_target_skip_unavailable' from command line to 'False'
[0.286s] Level 5:colcon.colcon_core.verb:set package 'sm_mppi_planner' build argument 'cmake_clean_cache' from command line to 'False'
[0.286s] Level 5:colcon.colcon_core.verb:set package 'sm_mppi_planner' build argument 'cmake_clean_first' from command line to 'False'
[0.287s] Level 5:colcon.colcon_core.verb:set package 'sm_mppi_planner' build argument 'cmake_force_configure' from command line to 'False'
[0.287s] Level 5:colcon.colcon_core.verb:set package 'sm_mppi_planner' build argument 'ament_cmake_args' from command line to 'None'
[0.287s] Level 5:colcon.colcon_core.verb:set package 'sm_mppi_planner' build argument 'catkin_cmake_args' from command line to 'None'
[0.287s] Level 5:colcon.colcon_core.verb:set package 'sm_mppi_planner' build argument 'catkin_skip_building_tests' from command line to 'False'
[0.287s] DEBUG:colcon.colcon_core.verb:Building package 'sm_mppi_planner' with the following arguments: {'ament_cmake_args': None, 'build_base': '/home/wim/Documents/social_momentum_venv/social_momentum_MPPI/build/sm_mppi_planner', 'catkin_cmake_args': None, 'catkin_skip_building_tests': False, 'cmake_args': None, 'cmake_clean_cache': False, 'cmake_clean_first': False, 'cmake_force_configure': False, 'cmake_target': None, 'cmake_target_skip_unavailable': False, 'install_base': '/home/wim/Documents/social_momentum_venv/social_momentum_MPPI/install/sm_mppi_planner', 'merge_install': False, 'path': '/home/wim/Documents/social_momentum_venv/social_momentum_MPPI/src/sm_mppi_planner', 'symlink_install': False, 'test_result_base': None}
[0.287s] INFO:colcon.colcon_core.executor:Executing jobs using 'parallel' executor
[0.288s] DEBUG:colcon.colcon_parallel_executor.executor.parallel:run_until_complete
[0.288s] INFO:colcon.colcon_ros.task.ament_cmake.build:Building ROS package in '/home/wim/Documents/social_momentum_venv/social_momentum_MPPI/src/my_social_nav_interfaces' with build type 'ament_cmake'
[0.288s] INFO:colcon.colcon_cmake.task.cmake.build:Building CMake package in '/home/wim/Documents/social_momentum_venv/social_momentum_MPPI/src/my_social_nav_interfaces'
[0.290s] INFO:colcon.colcon_core.plugin_system:Skipping extension 'colcon_core.shell.bat': Not used on non-Windows systems
[0.290s] INFO:colcon.colcon_core.shell:Skip shell extension 'powershell' for command environment: Not usable outside of PowerShell
[0.290s] DEBUG:colcon.colcon_core.shell:Skip shell extension 'dsv' for command environment
[0.291s] WARNING:colcon.colcon_core.prefix_path.colcon:The path '/home/wim/Documents/social_momentum_MPPI/install' in the environment variable COLCON_PREFIX_PATH doesn't exist
[0.291s] WARNING:colcon.colcon_ros.prefix_path.ament:The path '/home/wim/Documents/social_momentum_MPPI/install/sm_mppi_planner' in the environment variable AMENT_PREFIX_PATH doesn't exist
[0.291s] WARNING:colcon.colcon_ros.prefix_path.ament:The path '/home/wim/Documents/social_momentum_venv/social_momentum_MPPI/install/sm_mppi_planner' in the environment variable AMENT_PREFIX_PATH doesn't exist
[0.291s] WARNING:colcon.colcon_ros.prefix_path.ament:The path '/home/wim/Documents/social_momentum_venv/social_momentum_MPPI/install/my_social_nav_interfaces' in the environment variable AMENT_PREFIX_PATH doesn't exist
[0.292s] WARNING:colcon.colcon_ros.prefix_path.catkin:The path '/home/wim/Documents/social_momentum_venv/social_momentum_MPPI/install/my_social_nav_interfaces' in the environment variable CMAKE_PREFIX_PATH doesn't exist
[0.311s] DEBUG:colcon.colcon_core.event_handler.log_command:Invoking command in '/home/wim/Documents/social_momentum_venv/social_momentum_MPPI/build/my_social_nav_interfaces': CMAKE_PREFIX_PATH=${CMAKE_PREFIX_PATH}:/home/wim/Documents/social_momentum_MPPI/install/sm_mppi_planner:/home/wim/Documents/social_momentum_venv/social_momentum_MPPI/install/sm_mppi_planner:/home/wim/tiago_public_ws/install/launch_pal:/opt/ros/humble PS1=(.venv) \[\e]0;\u@\h: \w\a\]${debian_chroot:+($debian_chroot)}\[\033[01;32m\]\u@\h\[\033[00m\]:\[\033[01;34m\]\w\[\033[00m\]\$ VIRTUAL_ENV_PROMPT=(.venv) /usr/bin/cmake /home/wim/Documents/social_momentum_venv/social_momentum_MPPI/src/my_social_nav_interfaces -DCMAKE_INSTALL_PREFIX=/home/wim/Documents/social_momentum_venv/social_momentum_MPPI/install/my_social_nav_interfaces
[2.513s] DEBUG:colcon.colcon_core.event_handler.log_command:Invoked command in '/home/wim/Documents/social_momentum_venv/social_momentum_MPPI/build/my_social_nav_interfaces' returned '0': CMAKE_PREFIX_PATH=${CMAKE_PREFIX_PATH}:/home/wim/Documents/social_momentum_MPPI/install/sm_mppi_planner:/home/wim/Documents/social_momentum_venv/social_momentum_MPPI/install/sm_mppi_planner:/home/wim/tiago_public_ws/install/launch_pal:/opt/ros/humble PS1=(.venv) \[\e]0;\u@\h: \w\a\]${debian_chroot:+($debian_chroot)}\[\033[01;32m\]\u@\h\[\033[00m\]:\[\033[01;34m\]\w\[\033[00m\]\$ VIRTUAL_ENV_PROMPT=(.venv) /usr/bin/cmake /home/wim/Documents/social_momentum_venv/social_momentum_MPPI/src/my_social_nav_interfaces -DCMAKE_INSTALL_PREFIX=/home/wim/Documents/social_momentum_venv/social_momentum_MPPI/install/my_social_nav_interfaces
[2.515s] DEBUG:colcon.colcon_core.event_handler.log_command:Invoking command in '/home/wim/Documents/social_momentum_venv/social_momentum_MPPI/build/my_social_nav_interfaces': CMAKE_PREFIX_PATH=${CMAKE_PREFIX_PATH}:/home/wim/Documents/social_momentum_MPPI/install/sm_mppi_planner:/home/wim/Documents/social_momentum_venv/social_momentum_MPPI/install/sm_mppi_planner:/home/wim/tiago_public_ws/install/launch_pal:/opt/ros/humble PS1=(.venv) \[\e]0;\u@\h: \w\a\]${debian_chroot:+($debian_chroot)}\[\033[01;32m\]\u@\h\[\033[00m\]:\[\033[01;34m\]\w\[\033[00m\]\$ VIRTUAL_ENV_PROMPT=(.venv) /usr/bin/cmake --build /home/wim/Documents/social_momentum_venv/social_momentum_MPPI/build/my_social_nav_interfaces -- -j12 -l12
[5.295s] DEBUG:colcon.colcon_core.event_handler.log_command:Invoked command in '/home/wim/Documents/social_momentum_venv/social_momentum_MPPI/build/my_social_nav_interfaces' returned '0': CMAKE_PREFIX_PATH=${CMAKE_PREFIX_PATH}:/home/wim/Documents/social_momentum_MPPI/install/sm_mppi_planner:/home/wim/Documents/social_momentum_venv/social_momentum_MPPI/install/sm_mppi_planner:/home/wim/tiago_public_ws/install/launch_pal:/opt/ros/humble PS1=(.venv) \[\e]0;\u@\h: \w\a\]${debian_chroot:+($debian_chroot)}\[\033[01;32m\]\u@\h\[\033[00m\]:\[\033[01;34m\]\w\[\033[00m\]\$ VIRTUAL_ENV_PROMPT=(.venv) /usr/bin/cmake --build /home/wim/Documents/social_momentum_venv/social_momentum_MPPI/build/my_social_nav_interfaces -- -j12 -l12
[5.303s] DEBUG:colcon.colcon_core.event_handler.log_command:Invoking command in '/home/wim/Documents/social_momentum_venv/social_momentum_MPPI/build/my_social_nav_interfaces': CMAKE_PREFIX_PATH=${CMAKE_PREFIX_PATH}:/home/wim/Documents/social_momentum_MPPI/install/sm_mppi_planner:/home/wim/Documents/social_momentum_venv/social_momentum_MPPI/install/sm_mppi_planner:/home/wim/tiago_public_ws/install/launch_pal:/opt/ros/humble PS1=(.venv) \[\e]0;\u@\h: \w\a\]${debian_chroot:+($debian_chroot)}\[\033[01;32m\]\u@\h\[\033[00m\]:\[\033[01;34m\]\w\[\033[00m\]\$ VIRTUAL_ENV_PROMPT=(.venv) /usr/bin/cmake --install /home/wim/Documents/social_momentum_venv/social_momentum_MPPI/build/my_social_nav_interfaces
[5.382s] Level 1:colcon.colcon_core.environment:create_environment_scripts_only(my_social_nav_interfaces)
[5.382s] DEBUG:colcon.colcon_core.event_handler.log_command:Invoked command in '/home/wim/Documents/social_momentum_venv/social_momentum_MPPI/build/my_social_nav_interfaces' returned '0': CMAKE_PREFIX_PATH=${CMAKE_PREFIX_PATH}:/home/wim/Documents/social_momentum_MPPI/install/sm_mppi_planner:/home/wim/Documents/social_momentum_venv/social_momentum_MPPI/install/sm_mppi_planner:/home/wim/tiago_public_ws/install/launch_pal:/opt/ros/humble PS1=(.venv) \[\e]0;\u@\h: \w\a\]${debian_chroot:+($debian_chroot)}\[\033[01;32m\]\u@\h\[\033[00m\]:\[\033[01;34m\]\w\[\033[00m\]\$ VIRTUAL_ENV_PROMPT=(.venv) /usr/bin/cmake --install /home/wim/Documents/social_momentum_venv/social_momentum_MPPI/build/my_social_nav_interfaces
[5.384s] Level 1:colcon.colcon_core.environment:checking '/home/wim/Documents/social_momentum_venv/social_momentum_MPPI/install/my_social_nav_interfaces' for CMake module files
[5.385s] Level 1:colcon.colcon_core.environment:checking '/home/wim/Documents/social_momentum_venv/social_momentum_MPPI/install/my_social_nav_interfaces' for CMake config files
[5.386s] Level 1:colcon.colcon_core.shell:create_environment_hook('my_social_nav_interfaces', 'cmake_prefix_path')
[5.386s] INFO:colcon.colcon_core.shell:Creating environment hook '/home/wim/Documents/social_momentum_venv/social_momentum_MPPI/install/my_social_nav_interfaces/share/my_social_nav_interfaces/hook/cmake_prefix_path.ps1'
[5.386s] INFO:colcon.colcon_core.shell:Creating environment descriptor '/home/wim/Documents/social_momentum_venv/social_momentum_MPPI/install/my_social_nav_interfaces/share/my_social_nav_interfaces/hook/cmake_prefix_path.dsv'
[5.387s] INFO:colcon.colcon_core.shell:Creating environment hook '/home/wim/Documents/social_momentum_venv/social_momentum_MPPI/install/my_social_nav_interfaces/share/my_social_nav_interfaces/hook/cmake_prefix_path.sh'
[5.387s] Level 1:colcon.colcon_core.environment:checking '/home/wim/Documents/social_momentum_venv/social_momentum_MPPI/install/my_social_nav_interfaces/lib'
[5.388s] Level 1:colcon.colcon_core.shell:create_environment_hook('my_social_nav_interfaces', 'ld_library_path_lib')
[5.388s] INFO:colcon.colcon_core.shell:Creating environment hook '/home/wim/Documents/social_momentum_venv/social_momentum_MPPI/install/my_social_nav_interfaces/share/my_social_nav_interfaces/hook/ld_library_path_lib.ps1'
[5.388s] INFO:colcon.colcon_core.shell:Creating environment descriptor '/home/wim/Documents/social_momentum_venv/social_momentum_MPPI/install/my_social_nav_interfaces/share/my_social_nav_interfaces/hook/ld_library_path_lib.dsv'
[5.388s] INFO:colcon.colcon_core.shell:Creating environment hook '/home/wim/Documents/social_momentum_venv/social_momentum_MPPI/install/my_social_nav_interfaces/share/my_social_nav_interfaces/hook/ld_library_path_lib.sh'
[5.389s] Level 1:colcon.colcon_core.environment:checking '/home/wim/Documents/social_momentum_venv/social_momentum_MPPI/install/my_social_nav_interfaces/bin'
[5.389s] Level 1:colcon.colcon_core.environment:checking '/home/wim/Documents/social_momentum_venv/social_momentum_MPPI/install/my_social_nav_interfaces/lib/pkgconfig/my_social_nav_interfaces.pc'
[5.390s] Level 1:colcon.colcon_core.environment:checking '/home/wim/Documents/social_momentum_venv/social_momentum_MPPI/install/my_social_nav_interfaces/lib/python3.10/site-packages'
[5.390s] Level 1:colcon.colcon_core.shell:create_environment_hook('my_social_nav_interfaces', 'pythonpath')
[5.390s] INFO:colcon.colcon_core.shell:Creating environment hook '/home/wim/Documents/social_momentum_venv/social_momentum_MPPI/install/my_social_nav_interfaces/share/my_social_nav_interfaces/hook/pythonpath.ps1'
[5.390s] INFO:colcon.colcon_core.shell:Creating environment descriptor '/home/wim/Documents/social_momentum_venv/social_momentum_MPPI/install/my_social_nav_interfaces/share/my_social_nav_interfaces/hook/pythonpath.dsv'
[5.391s] INFO:colcon.colcon_core.shell:Creating environment hook '/home/wim/Documents/social_momentum_venv/social_momentum_MPPI/install/my_social_nav_interfaces/share/my_social_nav_interfaces/hook/pythonpath.sh'
[5.391s] Level 1:colcon.colcon_core.environment:checking '/home/wim/Documents/social_momentum_venv/social_momentum_MPPI/install/my_social_nav_interfaces/bin'
[5.392s] INFO:colcon.colcon_core.shell:Creating package script '/home/wim/Documents/social_momentum_venv/social_momentum_MPPI/install/my_social_nav_interfaces/share/my_social_nav_interfaces/package.ps1'
[5.393s] INFO:colcon.colcon_core.shell:Creating package descriptor '/home/wim/Documents/social_momentum_venv/social_momentum_MPPI/install/my_social_nav_interfaces/share/my_social_nav_interfaces/package.dsv'
[5.393s] INFO:colcon.colcon_core.shell:Creating package script '/home/wim/Documents/social_momentum_venv/social_momentum_MPPI/install/my_social_nav_interfaces/share/my_social_nav_interfaces/package.sh'
[5.394s] INFO:colcon.colcon_core.shell:Creating package script '/home/wim/Documents/social_momentum_venv/social_momentum_MPPI/install/my_social_nav_interfaces/share/my_social_nav_interfaces/package.bash'
[5.395s] INFO:colcon.colcon_core.shell:Creating package script '/home/wim/Documents/social_momentum_venv/social_momentum_MPPI/install/my_social_nav_interfaces/share/my_social_nav_interfaces/package.zsh'
[5.396s] Level 1:colcon.colcon_core.environment:create_file_with_runtime_dependencies(/home/wim/Documents/social_momentum_venv/social_momentum_MPPI/install/my_social_nav_interfaces/share/colcon-core/packages/my_social_nav_interfaces)
[5.397s] Level 1:colcon.colcon_core.environment:create_environment_scripts_only(my_social_nav_interfaces)
[5.397s] Level 1:colcon.colcon_core.environment:checking '/home/wim/Documents/social_momentum_venv/social_momentum_MPPI/install/my_social_nav_interfaces' for CMake module files
[5.398s] Level 1:colcon.colcon_core.environment:checking '/home/wim/Documents/social_momentum_venv/social_momentum_MPPI/install/my_social_nav_interfaces' for CMake config files
[5.398s] Level 1:colcon.colcon_core.shell:create_environment_hook('my_social_nav_interfaces', 'cmake_prefix_path')
[5.398s] INFO:colcon.colcon_core.shell:Creating environment hook '/home/wim/Documents/social_momentum_venv/social_momentum_MPPI/install/my_social_nav_interfaces/share/my_social_nav_interfaces/hook/cmake_prefix_path.ps1'
[5.399s] INFO:colcon.colcon_core.shell:Creating environment descriptor '/home/wim/Documents/social_momentum_venv/social_momentum_MPPI/install/my_social_nav_interfaces/share/my_social_nav_interfaces/hook/cmake_prefix_path.dsv'
[5.399s] INFO:colcon.colcon_core.shell:Creating environment hook '/home/wim/Documents/social_momentum_venv/social_momentum_MPPI/install/my_social_nav_interfaces/share/my_social_nav_interfaces/hook/cmake_prefix_path.sh'
[5.400s] Level 1:colcon.colcon_core.environment:checking '/home/wim/Documents/social_momentum_venv/social_momentum_MPPI/install/my_social_nav_interfaces/lib'
[5.400s] Level 1:colcon.colcon_core.shell:create_environment_hook('my_social_nav_interfaces', 'ld_library_path_lib')
[5.400s] INFO:colcon.colcon_core.shell:Creating environment hook '/home/wim/Documents/social_momentum_venv/social_momentum_MPPI/install/my_social_nav_interfaces/share/my_social_nav_interfaces/hook/ld_library_path_lib.ps1'
[5.400s] INFO:colcon.colcon_core.shell:Creating environment descriptor '/home/wim/Documents/social_momentum_venv/social_momentum_MPPI/install/my_social_nav_interfaces/share/my_social_nav_interfaces/hook/ld_library_path_lib.dsv'
[5.401s] INFO:colcon.colcon_core.shell:Creating environment hook '/home/wim/Documents/social_momentum_venv/social_momentum_MPPI/install/my_social_nav_interfaces/share/my_social_nav_interfaces/hook/ld_library_path_lib.sh'
[5.401s] Level 1:colcon.colcon_core.environment:checking '/home/wim/Documents/social_momentum_venv/social_momentum_MPPI/install/my_social_nav_interfaces/bin'
[5.401s] Level 1:colcon.colcon_core.environment:checking '/home/wim/Documents/social_momentum_venv/social_momentum_MPPI/install/my_social_nav_interfaces/lib/pkgconfig/my_social_nav_interfaces.pc'
[5.401s] Level 1:colcon.colcon_core.environment:checking '/home/wim/Documents/social_momentum_venv/social_momentum_MPPI/install/my_social_nav_interfaces/lib/python3.10/site-packages'
[5.401s] Level 1:colcon.colcon_core.shell:create_environment_hook('my_social_nav_interfaces', 'pythonpath')
[5.402s] INFO:colcon.colcon_core.shell:Creating environment hook '/home/wim/Documents/social_momentum_venv/social_momentum_MPPI/install/my_social_nav_interfaces/share/my_social_nav_interfaces/hook/pythonpath.ps1'
[5.402s] INFO:colcon.colcon_core.shell:Creating environment descriptor '/home/wim/Documents/social_momentum_venv/social_momentum_MPPI/install/my_social_nav_interfaces/share/my_social_nav_interfaces/hook/pythonpath.dsv'
[5.402s] INFO:colcon.colcon_core.shell:Creating environment hook '/home/wim/Documents/social_momentum_venv/social_momentum_MPPI/install/my_social_nav_interfaces/share/my_social_nav_interfaces/hook/pythonpath.sh'
[5.403s] Level 1:colcon.colcon_core.environment:checking '/home/wim/Documents/social_momentum_venv/social_momentum_MPPI/install/my_social_nav_interfaces/bin'
[5.403s] INFO:colcon.colcon_core.shell:Creating package script '/home/wim/Documents/social_momentum_venv/social_momentum_MPPI/install/my_social_nav_interfaces/share/my_social_nav_interfaces/package.ps1'
[5.404s] INFO:colcon.colcon_core.shell:Creating package descriptor '/home/wim/Documents/social_momentum_venv/social_momentum_MPPI/install/my_social_nav_interfaces/share/my_social_nav_interfaces/package.dsv'
[5.404s] INFO:colcon.colcon_core.shell:Creating package script '/home/wim/Documents/social_momentum_venv/social_momentum_MPPI/install/my_social_nav_interfaces/share/my_social_nav_interfaces/package.sh'
[5.405s] INFO:colcon.colcon_core.shell:Creating package script '/home/wim/Documents/social_momentum_venv/social_momentum_MPPI/install/my_social_nav_interfaces/share/my_social_nav_interfaces/package.bash'
[5.405s] INFO:colcon.colcon_core.shell:Creating package script '/home/wim/Documents/social_momentum_venv/social_momentum_MPPI/install/my_social_nav_interfaces/share/my_social_nav_interfaces/package.zsh'
[5.405s] Level 1:colcon.colcon_core.environment:create_file_with_runtime_dependencies(/home/wim/Documents/social_momentum_venv/social_momentum_MPPI/install/my_social_nav_interfaces/share/colcon-core/packages/my_social_nav_interfaces)
[5.406s] INFO:colcon.colcon_ros.task.ament_python.build:Building ROS package in '/home/wim/Documents/social_momentum_venv/social_momentum_MPPI/src/sm_mppi_planner' with build type 'ament_python'
[5.406s] Level 1:colcon.colcon_core.shell:create_environment_hook('sm_mppi_planner', 'ament_prefix_path')
[5.406s] INFO:colcon.colcon_core.shell:Creating environment hook '/home/wim/Documents/social_momentum_venv/social_momentum_MPPI/install/sm_mppi_planner/share/sm_mppi_planner/hook/ament_prefix_path.ps1'
[5.407s] INFO:colcon.colcon_core.shell:Creating environment descriptor '/home/wim/Documents/social_momentum_venv/social_momentum_MPPI/install/sm_mppi_planner/share/sm_mppi_planner/hook/ament_prefix_path.dsv'
[5.407s] INFO:colcon.colcon_core.shell:Creating environment hook '/home/wim/Documents/social_momentum_venv/social_momentum_MPPI/install/sm_mppi_planner/share/sm_mppi_planner/hook/ament_prefix_path.sh'
[5.408s] INFO:colcon.colcon_core.shell:Skip shell extension 'powershell' for command environment: Not usable outside of PowerShell
[5.408s] DEBUG:colcon.colcon_core.shell:Skip shell extension 'dsv' for command environment
[5.739s] INFO:colcon.colcon_core.task.python.build:Building Python package in '/home/wim/Documents/social_momentum_venv/social_momentum_MPPI/src/sm_mppi_planner'
[5.739s] INFO:colcon.colcon_core.shell:Skip shell extension 'powershell' for command environment: Not usable outside of PowerShell
[5.739s] DEBUG:colcon.colcon_core.shell:Skip shell extension 'dsv' for command environment
[6.136s] DEBUG:colcon.colcon_core.event_handler.log_command:Invoking command in '/home/wim/Documents/social_momentum_venv/social_momentum_MPPI/src/sm_mppi_planner': PS1=(.venv) \[\e]0;\u@\h: \w\a\]${debian_chroot:+($debian_chroot)}\[\033[01;32m\]\u@\h\[\033[00m\]:\[\033[01;34m\]\w\[\033[00m\]\$ PYTHONPATH=/home/wim/Documents/social_momentum_venv/social_momentum_MPPI/build/sm_mppi_planner/prefix_override:/home/wim/Documents/social_momentum_venv/.venv/lib/python3.10/site-packages/colcon_core/task/python/colcon_distutils_commands:/home/wim/Documents/social_momentum_venv/social_momentum_MPPI/install/sm_mppi_planner/lib/python3.10/site-packages:${PYTHONPATH} VIRTUAL_ENV_PROMPT=(.venv) /home/wim/Documents/social_momentum_venv/.venv/bin/python3.10 -W ignore:setup.py install is deprecated -W ignore:easy_install command is deprecated setup.py egg_info --egg-base ../../build/sm_mppi_planner build --build-base /home/wim/Documents/social_momentum_venv/social_momentum_MPPI/build/sm_mppi_planner/build install --record /home/wim/Documents/social_momentum_venv/social_momentum_MPPI/build/sm_mppi_planner/install.log --single-version-externally-managed install_data
[6.488s] Level 1:colcon.colcon_core.environment:checking '/home/wim/Documents/social_momentum_venv/social_momentum_MPPI/install/sm_mppi_planner' for CMake module files
[6.489s] DEBUG:colcon.colcon_core.event_handler.log_command:Invoked command in '/home/wim/Documents/social_momentum_venv/social_momentum_MPPI/src/sm_mppi_planner' returned '0': PS1=(.venv) \[\e]0;\u@\h: \w\a\]${debian_chroot:+($debian_chroot)}\[\033[01;32m\]\u@\h\[\033[00m\]:\[\033[01;34m\]\w\[\033[00m\]\$ PYTHONPATH=/home/wim/Documents/social_momentum_venv/social_momentum_MPPI/build/sm_mppi_planner/prefix_override:/home/wim/Documents/social_momentum_venv/.venv/lib/python3.10/site-packages/colcon_core/task/python/colcon_distutils_commands:/home/wim/Documents/social_momentum_venv/social_momentum_MPPI/install/sm_mppi_planner/lib/python3.10/site-packages:${PYTHONPATH} VIRTUAL_ENV_PROMPT=(.venv) /home/wim/Documents/social_momentum_venv/.venv/bin/python3.10 -W ignore:setup.py install is deprecated -W ignore:easy_install command is deprecated setup.py egg_info --egg-base ../../build/sm_mppi_planner build --build-base /home/wim/Documents/social_momentum_venv/social_momentum_MPPI/build/sm_mppi_planner/build install --record /home/wim/Documents/social_momentum_venv/social_momentum_MPPI/build/sm_mppi_planner/install.log --single-version-externally-managed install_data
[6.489s] Level 1:colcon.colcon_core.environment:checking '/home/wim/Documents/social_momentum_venv/social_momentum_MPPI/install/sm_mppi_planner' for CMake config files
[6.490s] Level 1:colcon.colcon_core.environment:checking '/home/wim/Documents/social_momentum_venv/social_momentum_MPPI/install/sm_mppi_planner/lib'
[6.490s] Level 1:colcon.colcon_core.environment:checking '/home/wim/Documents/social_momentum_venv/social_momentum_MPPI/install/sm_mppi_planner/bin'
[6.490s] Level 1:colcon.colcon_core.environment:checking '/home/wim/Documents/social_momentum_venv/social_momentum_MPPI/install/sm_mppi_planner/lib/pkgconfig/sm_mppi_planner.pc'
[6.490s] Level 1:colcon.colcon_core.environment:checking '/home/wim/Documents/social_momentum_venv/social_momentum_MPPI/install/sm_mppi_planner/lib/python3.10/site-packages'
[6.490s] Level 1:colcon.colcon_core.shell:create_environment_hook('sm_mppi_planner', 'pythonpath')
[6.490s] INFO:colcon.colcon_core.shell:Creating environment hook '/home/wim/Documents/social_momentum_venv/social_momentum_MPPI/install/sm_mppi_planner/share/sm_mppi_planner/hook/pythonpath.ps1'
[6.491s] INFO:colcon.colcon_core.shell:Creating environment descriptor '/home/wim/Documents/social_momentum_venv/social_momentum_MPPI/install/sm_mppi_planner/share/sm_mppi_planner/hook/pythonpath.dsv'
[6.491s] INFO:colcon.colcon_core.shell:Creating environment hook '/home/wim/Documents/social_momentum_venv/social_momentum_MPPI/install/sm_mppi_planner/share/sm_mppi_planner/hook/pythonpath.sh'
[6.492s] Level 1:colcon.colcon_core.environment:checking '/home/wim/Documents/social_momentum_venv/social_momentum_MPPI/install/sm_mppi_planner/bin'
[6.492s] Level 1:colcon.colcon_core.environment:create_environment_scripts_only(sm_mppi_planner)
[6.492s] INFO:colcon.colcon_core.shell:Creating package script '/home/wim/Documents/social_momentum_venv/social_momentum_MPPI/install/sm_mppi_planner/share/sm_mppi_planner/package.ps1'
[6.493s] INFO:colcon.colcon_core.shell:Creating package descriptor '/home/wim/Documents/social_momentum_venv/social_momentum_MPPI/install/sm_mppi_planner/share/sm_mppi_planner/package.dsv'
[6.493s] INFO:colcon.colcon_core.shell:Creating package script '/home/wim/Documents/social_momentum_venv/social_momentum_MPPI/install/sm_mppi_planner/share/sm_mppi_planner/package.sh'
[6.493s] INFO:colcon.colcon_core.shell:Creating package script '/home/wim/Documents/social_momentum_venv/social_momentum_MPPI/install/sm_mppi_planner/share/sm_mppi_planner/package.bash'
[6.494s] INFO:colcon.colcon_core.shell:Creating package script '/home/wim/Documents/social_momentum_venv/social_momentum_MPPI/install/sm_mppi_planner/share/sm_mppi_planner/package.zsh'
[6.494s] Level 1:colcon.colcon_core.environment:create_file_with_runtime_dependencies(/home/wim/Documents/social_momentum_venv/social_momentum_MPPI/install/sm_mppi_planner/share/colcon-core/packages/sm_mppi_planner)
[6.494s] DEBUG:colcon.colcon_parallel_executor.executor.parallel:closing loop
[6.495s] DEBUG:colcon.colcon_parallel_executor.executor.parallel:loop closed
[6.495s] DEBUG:colcon.colcon_parallel_executor.executor.parallel:run_until_complete finished with '0'
[6.495s] DEBUG:colcon.colcon_core.event_reactor:joining thread
[6.496s] INFO:colcon.colcon_core.plugin_system:Skipping extension 'colcon_notification.desktop_notification.notify2': 'notify2' not found
[6.496s] INFO:colcon.colcon_core.plugin_system:Skipping extension 'colcon_notification.desktop_notification.terminal_notifier': Not used on non-Darwin systems
[6.497s] INFO:colcon.colcon_core.plugin_system:Skipping extension 'colcon_notification.desktop_notification.win32': Not used on non-Windows systems
[6.497s] INFO:colcon.colcon_notification.desktop_notification:Sending desktop notification using 'notify_send'
[6.516s] DEBUG:colcon.colcon_core.event_reactor:joined thread
[6.517s] INFO:colcon.colcon_core.shell:Creating prefix script '/home/wim/Documents/social_momentum_venv/social_momentum_MPPI/install/local_setup.ps1'
[6.519s] INFO:colcon.colcon_core.shell:Creating prefix util module '/home/wim/Documents/social_momentum_venv/social_momentum_MPPI/install/_local_setup_util_ps1.py'
[6.522s] INFO:colcon.colcon_core.shell:Creating prefix chain script '/home/wim/Documents/social_momentum_venv/social_momentum_MPPI/install/setup.ps1'
[6.526s] INFO:colcon.colcon_core.shell:Creating prefix script '/home/wim/Documents/social_momentum_venv/social_momentum_MPPI/install/local_setup.sh'
[6.527s] INFO:colcon.colcon_core.shell:Creating prefix util module '/home/wim/Documents/social_momentum_venv/social_momentum_MPPI/install/_local_setup_util_sh.py'
[6.529s] INFO:colcon.colcon_core.shell:Creating prefix chain script '/home/wim/Documents/social_momentum_venv/social_momentum_MPPI/install/setup.sh'
[6.533s] INFO:colcon.colcon_core.shell:Creating prefix script '/home/wim/Documents/social_momentum_venv/social_momentum_MPPI/install/local_setup.bash'
[6.534s] INFO:colcon.colcon_core.shell:Creating prefix chain script '/home/wim/Documents/social_momentum_venv/social_momentum_MPPI/install/setup.bash'
[6.538s] INFO:colcon.colcon_core.shell:Creating prefix script '/home/wim/Documents/social_momentum_venv/social_momentum_MPPI/install/local_setup.zsh'
[6.539s] INFO:colcon.colcon_core.shell:Creating prefix chain script '/home/wim/Documents/social_momentum_venv/social_momentum_MPPI/install/setup.zsh'
