[0.007s] Invoking command in '/home/wim/Documents/social_momentum_MPPI/build/my_social_nav_interfaces': /usr/bin/cmake /home/wim/Documents/social_momentum_MPPI/my_social_nav_interfaces -DAMENT_CMAKE_SYMLINK_INSTALL=1 -DCMAKE_INSTALL_PREFIX=/home/wim/Documents/social_momentum_MPPI/install/my_social_nav_interfaces
[0.145s] -- The C compiler identification is GNU 11.4.0
[0.244s] -- The CXX compiler identification is GNU 11.4.0
[0.255s] -- Detecting C compiler ABI info
[0.312s] -- Detecting C compiler ABI info - done
[0.324s] -- Check for working C compiler: /usr/bin/cc - skipped
[0.324s] -- Detecting C compile features
[0.325s] -- Detecting C compile features - done
[0.329s] -- Detecting CXX compiler ABI info
[0.396s] -- Detecting CXX compiler ABI info - done
[0.403s] -- Check for working CXX compiler: /usr/bin/c++ - skipped
[0.403s] -- Detecting CXX compile features
[0.404s] -- Detecting CXX compile features - done
[0.416s] [31mCMake Error at CMakeLists.txt:9 (find_package):
[0.417s]   By not providing "Findament_cmake.cmake" in CMAKE_MODULE_PATH this project
[0.417s]   has asked CMake to find a package configuration file provided by
[0.417s]   "ament_cmake", but CMake did not find one.
[0.417s] 
[0.417s]   Could not find a package configuration file provided by "ament_cmake" with
[0.417s]   any of the following names:
[0.417s] 
[0.417s]     ament_cmakeConfig.cmake
[0.417s]     ament_cmake-config.cmake
[0.417s] 
[0.417s]   Add the installation prefix of "ament_cmake" to CMAKE_PREFIX_PATH or set
[0.417s]   "ament_cmake_DIR" to a directory containing one of the above files.  If
[0.417s]   "ament_cmake" provides a separate development package or SDK, be sure it
[0.417s]   has been installed.
[0.417s] 
[0.417s] [0m
[0.417s] -- Configuring incomplete, errors occurred!
[0.417s] See also "/home/wim/Documents/social_momentum_MPPI/build/my_social_nav_interfaces/CMakeFiles/CMakeOutput.log".
[0.420s] Invoked command in '/home/wim/Documents/social_momentum_MPPI/build/my_social_nav_interfaces' returned '1': /usr/bin/cmake /home/wim/Documents/social_momentum_MPPI/my_social_nav_interfaces -DAMENT_CMAKE_SYMLINK_INSTALL=1 -DCMAKE_INSTALL_PREFIX=/home/wim/Documents/social_momentum_MPPI/install/my_social_nav_interfaces
