running develop
running egg_info
creating sm_mppi_planner.egg-info
writing sm_mppi_planner.egg-info/PKG-INFO
writing dependency_links to sm_mppi_planner.egg-info/dependency_links.txt
writing entry points to sm_mppi_planner.egg-info/entry_points.txt
writing requirements to sm_mppi_planner.egg-info/requires.txt
writing top-level names to sm_mppi_planner.egg-info/top_level.txt
writing manifest file 'sm_mppi_planner.egg-info/SOURCES.txt'
reading manifest file 'sm_mppi_planner.egg-info/SOURCES.txt'
writing manifest file 'sm_mppi_planner.egg-info/SOURCES.txt'
running build_ext
Creating /home/wim/Documents/social_momentum_MPPI/install/sm_mppi_planner/lib/python3.10/site-packages/sm-mppi-planner.egg-link (link to .)
Installing mppi_planner_node script to /home/wim/Documents/social_momentum_MPPI/install/sm_mppi_planner/lib/sm_mppi_planner

Installed /home/wim/Documents/social_momentum_MPPI/build/sm_mppi_planner
running symlink_data
creating /home/wim/Documents/social_momentum_MPPI/install/sm_mppi_planner/share/ament_index
creating /home/wim/Documents/social_momentum_MPPI/install/sm_mppi_planner/share/ament_index/resource_index
creating /home/wim/Documents/social_momentum_MPPI/install/sm_mppi_planner/share/ament_index/resource_index/packages
symbolically linking /home/wim/Documents/social_momentum_MPPI/build/sm_mppi_planner/resource/sm_mppi_planner -> /home/wim/Documents/social_momentum_MPPI/install/sm_mppi_planner/share/ament_index/resource_index/packages
symbolically linking /home/wim/Documents/social_momentum_MPPI/build/sm_mppi_planner/package.xml -> /home/wim/Documents/social_momentum_MPPI/install/sm_mppi_planner/share/sm_mppi_planner
creating /home/wim/Documents/social_momentum_MPPI/install/sm_mppi_planner/share/sm_mppi_planner/launch
symbolically linking /home/wim/Documents/social_momentum_MPPI/build/sm_mppi_planner/launch/sm_mppi_simulation.launch.py -> /home/wim/Documents/social_momentum_MPPI/install/sm_mppi_planner/share/sm_mppi_planner/launch
