[0.008s] Invoking command in '/home/wim/Documents/social_momentum_MPPI/build/my_social_nav_interfaces': /usr/bin/cmake /home/wim/Documents/social_momentum_MPPI/my_social_nav_interfaces -DAMENT_CMAKE_SYMLINK_INSTALL=1 -DCMAKE_INSTALL_PREFIX=/home/wim/Documents/social_momentum_MPPI/install/my_social_nav_interfaces
[0.059s] -- The C compiler identification is GNU 11.4.0
[0.115s] -- The CXX compiler identification is GNU 11.4.0
[0.123s] -- Detecting C compiler ABI info
[0.183s] -- Detecting C compiler ABI info - done
[0.190s] -- Check for working C compiler: /usr/bin/cc - skipped
[0.190s] -- Detecting C compile features
[0.191s] -- Detecting C compile features - done
[0.194s] -- Detecting CXX compiler ABI info
[0.269s] -- Detecting CXX compiler ABI info - done
[0.280s] -- Check for working CXX compiler: /usr/bin/c++ - skipped
[0.280s] -- Detecting CXX compile features
[0.282s] -- Detecting CXX compile features - done
[0.292s] [31mCMake Error at CMakeLists.txt:9 (find_package):
[0.292s]   By not providing "Findament_cmake.cmake" in CMAKE_MODULE_PATH this project
[0.292s]   has asked CMake to find a package configuration file provided by
[0.292s]   "ament_cmake", but CMake did not find one.
[0.292s] 
[0.292s]   Could not find a package configuration file provided by "ament_cmake" with
[0.292s]   any of the following names:
[0.292s] 
[0.292s]     ament_cmakeConfig.cmake
[0.292s]     ament_cmake-config.cmake
[0.292s] 
[0.292s]   Add the installation prefix of "ament_cmake" to CMAKE_PREFIX_PATH or set
[0.293s]   "ament_cmake_DIR" to a directory containing one of the above files.  If
[0.293s]   "ament_cmake" provides a separate development package or SDK, be sure it
[0.293s]   has been installed.
[0.293s] 
[0.293s] [0m
[0.293s] -- Configuring incomplete, errors occurred!
[0.293s] See also "/home/wim/Documents/social_momentum_MPPI/build/my_social_nav_interfaces/CMakeFiles/CMakeOutput.log".
[0.297s] Invoked command in '/home/wim/Documents/social_momentum_MPPI/build/my_social_nav_interfaces' returned '1': /usr/bin/cmake /home/wim/Documents/social_momentum_MPPI/my_social_nav_interfaces -DAMENT_CMAKE_SYMLINK_INSTALL=1 -DCMAKE_INSTALL_PREFIX=/home/wim/Documents/social_momentum_MPPI/install/my_social_nav_interfaces
