[0.728s] Invoking command in '/home/wim/Documents/social_momentum_MPPI/build/sm_mppi_planner': PYTHONPATH=/home/wim/Documents/social_momentum_MPPI/build/sm_mppi_planner/prefix_override:/usr/lib/python3/dist-packages/colcon_core/task/python/colcon_distutils_commands:/home/wim/Documents/social_momentum_MPPI/install/sm_mppi_planner/lib/python3.10/site-packages:${PYTHONPATH} /usr/bin/python3 -W ignore:setup.py install is deprecated -W ignore:easy_install command is deprecated setup.py develop --uninstall --editable --build-directory /home/wim/Documents/social_momentum_MPPI/build/sm_mppi_planner/build
[1.047s] running develop
[1.261s] Removing /home/wim/Documents/social_momentum_MPPI/install/sm_mppi_planner/lib/python3.10/site-packages/sm-mppi-planner.egg-link (link to .)
[1.283s] Invoked command in '/home/wim/Documents/social_momentum_MPPI/build/sm_mppi_planner' returned '0': PYTHONPATH=/home/wim/Documents/social_momentum_MPPI/build/sm_mppi_planner/prefix_override:/usr/lib/python3/dist-packages/colcon_core/task/python/colcon_distutils_commands:/home/wim/Documents/social_momentum_MPPI/install/sm_mppi_planner/lib/python3.10/site-packages:${PYTHONPATH} /usr/bin/python3 -W ignore:setup.py install is deprecated -W ignore:easy_install command is deprecated setup.py develop --uninstall --editable --build-directory /home/wim/Documents/social_momentum_MPPI/build/sm_mppi_planner/build
[1.290s] Invoking command in '/home/wim/Documents/social_momentum_MPPI/src/sm_mppi_planner': PYTHONPATH=/home/wim/Documents/social_momentum_MPPI/build/sm_mppi_planner/prefix_override:/usr/lib/python3/dist-packages/colcon_core/task/python/colcon_distutils_commands:/home/wim/Documents/social_momentum_MPPI/install/sm_mppi_planner/lib/python3.10/site-packages:${PYTHONPATH} /usr/bin/python3 -W ignore:setup.py install is deprecated -W ignore:easy_install command is deprecated setup.py egg_info --egg-base ../../build/sm_mppi_planner build --build-base /home/wim/Documents/social_momentum_MPPI/build/sm_mppi_planner/build install --record /home/wim/Documents/social_momentum_MPPI/build/sm_mppi_planner/install.log --single-version-externally-managed install_data --force
[1.572s] running egg_info
[1.572s] writing ../../build/sm_mppi_planner/sm_mppi_planner.egg-info/PKG-INFO
[1.572s] writing dependency_links to ../../build/sm_mppi_planner/sm_mppi_planner.egg-info/dependency_links.txt
[1.573s] writing entry points to ../../build/sm_mppi_planner/sm_mppi_planner.egg-info/entry_points.txt
[1.573s] writing requirements to ../../build/sm_mppi_planner/sm_mppi_planner.egg-info/requires.txt
[1.573s] writing top-level names to ../../build/sm_mppi_planner/sm_mppi_planner.egg-info/top_level.txt
[1.575s] reading manifest file '../../build/sm_mppi_planner/sm_mppi_planner.egg-info/SOURCES.txt'
[1.575s] writing manifest file '../../build/sm_mppi_planner/sm_mppi_planner.egg-info/SOURCES.txt'
[1.576s] running build
[1.576s] running build_py
[1.576s] creating /home/wim/Documents/social_momentum_MPPI/build/sm_mppi_planner/build
[1.576s] creating /home/wim/Documents/social_momentum_MPPI/build/sm_mppi_planner/build/lib
[1.576s] creating /home/wim/Documents/social_momentum_MPPI/build/sm_mppi_planner/build/lib/sm_mppi_planner
[1.576s] copying sm_mppi_planner/mppi_planner_node.py -> /home/wim/Documents/social_momentum_MPPI/build/sm_mppi_planner/build/lib/sm_mppi_planner
[1.576s] copying sm_mppi_planner/tf2_wrapper.py -> /home/wim/Documents/social_momentum_MPPI/build/sm_mppi_planner/build/lib/sm_mppi_planner
[1.576s] copying sm_mppi_planner/sm_mppi.py -> /home/wim/Documents/social_momentum_MPPI/build/sm_mppi_planner/build/lib/sm_mppi_planner
[1.577s] copying sm_mppi_planner/goal_publisher_node.py -> /home/wim/Documents/social_momentum_MPPI/build/sm_mppi_planner/build/lib/sm_mppi_planner
[1.577s] copying sm_mppi_planner/utils.py -> /home/wim/Documents/social_momentum_MPPI/build/sm_mppi_planner/build/lib/sm_mppi_planner
[1.577s] copying sm_mppi_planner/config.py -> /home/wim/Documents/social_momentum_MPPI/build/sm_mppi_planner/build/lib/sm_mppi_planner
[1.577s] copying sm_mppi_planner/__init__.py -> /home/wim/Documents/social_momentum_MPPI/build/sm_mppi_planner/build/lib/sm_mppi_planner
[1.577s] copying sm_mppi_planner/vis_utils.py -> /home/wim/Documents/social_momentum_MPPI/build/sm_mppi_planner/build/lib/sm_mppi_planner
[1.577s] running install
[1.577s] running install_lib
[1.578s] creating /home/wim/Documents/social_momentum_MPPI/install/sm_mppi_planner/lib/python3.10/site-packages/sm_mppi_planner
[1.578s] copying /home/wim/Documents/social_momentum_MPPI/build/sm_mppi_planner/build/lib/sm_mppi_planner/mppi_planner_node.py -> /home/wim/Documents/social_momentum_MPPI/install/sm_mppi_planner/lib/python3.10/site-packages/sm_mppi_planner
[1.578s] copying /home/wim/Documents/social_momentum_MPPI/build/sm_mppi_planner/build/lib/sm_mppi_planner/tf2_wrapper.py -> /home/wim/Documents/social_momentum_MPPI/install/sm_mppi_planner/lib/python3.10/site-packages/sm_mppi_planner
[1.578s] copying /home/wim/Documents/social_momentum_MPPI/build/sm_mppi_planner/build/lib/sm_mppi_planner/sm_mppi.py -> /home/wim/Documents/social_momentum_MPPI/install/sm_mppi_planner/lib/python3.10/site-packages/sm_mppi_planner
[1.578s] copying /home/wim/Documents/social_momentum_MPPI/build/sm_mppi_planner/build/lib/sm_mppi_planner/goal_publisher_node.py -> /home/wim/Documents/social_momentum_MPPI/install/sm_mppi_planner/lib/python3.10/site-packages/sm_mppi_planner
[1.578s] copying /home/wim/Documents/social_momentum_MPPI/build/sm_mppi_planner/build/lib/sm_mppi_planner/utils.py -> /home/wim/Documents/social_momentum_MPPI/install/sm_mppi_planner/lib/python3.10/site-packages/sm_mppi_planner
[1.579s] copying /home/wim/Documents/social_momentum_MPPI/build/sm_mppi_planner/build/lib/sm_mppi_planner/config.py -> /home/wim/Documents/social_momentum_MPPI/install/sm_mppi_planner/lib/python3.10/site-packages/sm_mppi_planner
[1.579s] copying /home/wim/Documents/social_momentum_MPPI/build/sm_mppi_planner/build/lib/sm_mppi_planner/__init__.py -> /home/wim/Documents/social_momentum_MPPI/install/sm_mppi_planner/lib/python3.10/site-packages/sm_mppi_planner
[1.579s] copying /home/wim/Documents/social_momentum_MPPI/build/sm_mppi_planner/build/lib/sm_mppi_planner/vis_utils.py -> /home/wim/Documents/social_momentum_MPPI/install/sm_mppi_planner/lib/python3.10/site-packages/sm_mppi_planner
[1.579s] byte-compiling /home/wim/Documents/social_momentum_MPPI/install/sm_mppi_planner/lib/python3.10/site-packages/sm_mppi_planner/mppi_planner_node.py to mppi_planner_node.cpython-310.pyc
[1.581s] byte-compiling /home/wim/Documents/social_momentum_MPPI/install/sm_mppi_planner/lib/python3.10/site-packages/sm_mppi_planner/tf2_wrapper.py to tf2_wrapper.cpython-310.pyc
[1.581s] byte-compiling /home/wim/Documents/social_momentum_MPPI/install/sm_mppi_planner/lib/python3.10/site-packages/sm_mppi_planner/sm_mppi.py to sm_mppi.cpython-310.pyc
[1.583s] byte-compiling /home/wim/Documents/social_momentum_MPPI/install/sm_mppi_planner/lib/python3.10/site-packages/sm_mppi_planner/goal_publisher_node.py to goal_publisher_node.cpython-310.pyc
[1.583s] byte-compiling /home/wim/Documents/social_momentum_MPPI/install/sm_mppi_planner/lib/python3.10/site-packages/sm_mppi_planner/utils.py to utils.cpython-310.pyc
[1.584s] byte-compiling /home/wim/Documents/social_momentum_MPPI/install/sm_mppi_planner/lib/python3.10/site-packages/sm_mppi_planner/config.py to config.cpython-310.pyc
[1.584s] byte-compiling /home/wim/Documents/social_momentum_MPPI/install/sm_mppi_planner/lib/python3.10/site-packages/sm_mppi_planner/__init__.py to __init__.cpython-310.pyc
[1.584s] byte-compiling /home/wim/Documents/social_momentum_MPPI/install/sm_mppi_planner/lib/python3.10/site-packages/sm_mppi_planner/vis_utils.py to vis_utils.cpython-310.pyc
[1.585s] running install_data
[1.585s] copying resource/sm_mppi_planner -> /home/wim/Documents/social_momentum_MPPI/install/sm_mppi_planner/share/ament_index/resource_index/packages
[1.585s] copying package.xml -> /home/wim/Documents/social_momentum_MPPI/install/sm_mppi_planner/share/sm_mppi_planner
[1.585s] copying launch/sm_mppi_simulation.launch.py -> /home/wim/Documents/social_momentum_MPPI/install/sm_mppi_planner/share/sm_mppi_planner/launch
[1.586s] running install_egg_info
[1.587s] Copying ../../build/sm_mppi_planner/sm_mppi_planner.egg-info to /home/wim/Documents/social_momentum_MPPI/install/sm_mppi_planner/lib/python3.10/site-packages/sm_mppi_planner-0.0.1-py3.10.egg-info
[1.588s] running install_scripts
[1.608s] Installing goal_publisher_node script to /home/wim/Documents/social_momentum_MPPI/install/sm_mppi_planner/lib/sm_mppi_planner
[1.608s] Installing mppi_planner_node script to /home/wim/Documents/social_momentum_MPPI/install/sm_mppi_planner/lib/sm_mppi_planner
[1.608s] writing list of installed files to '/home/wim/Documents/social_momentum_MPPI/build/sm_mppi_planner/install.log'
[1.639s] Invoked command in '/home/wim/Documents/social_momentum_MPPI/src/sm_mppi_planner' returned '0': PYTHONPATH=/home/wim/Documents/social_momentum_MPPI/build/sm_mppi_planner/prefix_override:/usr/lib/python3/dist-packages/colcon_core/task/python/colcon_distutils_commands:/home/wim/Documents/social_momentum_MPPI/install/sm_mppi_planner/lib/python3.10/site-packages:${PYTHONPATH} /usr/bin/python3 -W ignore:setup.py install is deprecated -W ignore:easy_install command is deprecated setup.py egg_info --egg-base ../../build/sm_mppi_planner build --build-base /home/wim/Documents/social_momentum_MPPI/build/sm_mppi_planner/build install --record /home/wim/Documents/social_momentum_MPPI/build/sm_mppi_planner/install.log --single-version-externally-managed install_data --force
