[0.108s] DEBUG:colcon:Command line arguments: ['/usr/bin/colcon', 'build']
[0.108s] DEBUG:colcon:Parsed command line arguments: Namespace(log_base=None, log_level=None, verb_name='build', build_base='build', install_base='install', merge_install=False, symlink_install=False, test_result_base=None, continue_on_error=False, executor='parallel', parallel_workers=12, event_handlers=None, ignore_user_meta=False, metas=['./colcon.meta'], base_paths=['.'], packages_ignore=None, packages_ignore_regex=None, paths=None, packages_up_to=None, packages_up_to_regex=None, packages_above=None, packages_above_and_dependencies=None, packages_above_depth=None, packages_select_by_dep=None, packages_skip_by_dep=None, packages_skip_up_to=None, packages_select_build_failed=False, packages_skip_build_finished=False, packages_select_test_failures=False, packages_skip_test_passed=False, packages_select=None, packages_skip=None, packages_select_regex=None, packages_skip_regex=None, packages_start=None, packages_end=None, allow_overriding=[], cmake_args=None, cmake_target=None, cmake_target_skip_unavailable=False, cmake_clean_cache=False, cmake_clean_first=False, cmake_force_configure=False, ament_cmake_args=None, catkin_cmake_args=None, catkin_skip_building_tests=False, mixin_files=None, mixin=None, verb_parser=<colcon_mixin.mixin.mixin_argument.MixinArgumentDecorator object at 0x7d0cc199c280>, verb_extension=<colcon_core.verb.build.BuildVerb object at 0x7d0cc196fd00>, main=<bound method BuildVerb.main of <colcon_core.verb.build.BuildVerb object at 0x7d0cc196fd00>>, mixin_verb=('build',))
[0.304s] Level 1:colcon.colcon_core.package_discovery:discover_packages(colcon_meta) check parameters
[0.305s] Level 1:colcon.colcon_core.package_discovery:discover_packages(recursive) check parameters
[0.305s] Level 1:colcon.colcon_core.package_discovery:discover_packages(ignore) check parameters
[0.305s] Level 1:colcon.colcon_core.package_discovery:discover_packages(path) check parameters
[0.305s] Level 1:colcon.colcon_core.package_discovery:discover_packages(colcon_meta) discover
[0.305s] Level 1:colcon.colcon_core.package_discovery:discover_packages(recursive) discover
[0.305s] INFO:colcon.colcon_core.package_discovery:Crawling recursively for packages in '/home/wim/Documents/social_momentum_venv/social_momentum_MPPI'
[0.305s] Level 1:colcon.colcon_core.package_identification:_identify(.) by extensions ['ignore', 'ignore_ament_install']
[0.305s] Level 1:colcon.colcon_core.package_identification:_identify(.) by extension 'ignore'
[0.305s] Level 1:colcon.colcon_core.package_identification:_identify(.) by extension 'ignore_ament_install'
[0.305s] Level 1:colcon.colcon_core.package_identification:_identify(.) by extensions ['colcon_pkg']
[0.305s] Level 1:colcon.colcon_core.package_identification:_identify(.) by extension 'colcon_pkg'
[0.305s] Level 1:colcon.colcon_core.package_identification:_identify(.) by extensions ['colcon_meta']
[0.305s] Level 1:colcon.colcon_core.package_identification:_identify(.) by extension 'colcon_meta'
[0.305s] Level 1:colcon.colcon_core.package_identification:_identify(.) by extensions ['ros']
[0.305s] Level 1:colcon.colcon_core.package_identification:_identify(.) by extension 'ros'
[0.322s] Level 1:colcon.colcon_core.package_identification:_identify(.) by extensions ['cmake', 'python']
[0.322s] Level 1:colcon.colcon_core.package_identification:_identify(.) by extension 'cmake'
[0.322s] Level 1:colcon.colcon_core.package_identification:_identify(.) by extension 'python'
[0.322s] Level 1:colcon.colcon_core.package_identification:_identify(.) by extensions ['python_setup_py']
[0.322s] Level 1:colcon.colcon_core.package_identification:_identify(.) by extension 'python_setup_py'
[0.322s] Level 1:colcon.colcon_core.package_identification:_identify(build) by extensions ['ignore', 'ignore_ament_install']
[0.322s] Level 1:colcon.colcon_core.package_identification:_identify(build) by extension 'ignore'
[0.322s] Level 1:colcon.colcon_core.package_identification:_identify(build) ignored
[0.322s] Level 1:colcon.colcon_core.package_identification:_identify(install) by extensions ['ignore', 'ignore_ament_install']
[0.322s] Level 1:colcon.colcon_core.package_identification:_identify(install) by extension 'ignore'
[0.322s] Level 1:colcon.colcon_core.package_identification:_identify(install) ignored
[0.322s] Level 1:colcon.colcon_core.package_identification:_identify(log) by extensions ['ignore', 'ignore_ament_install']
[0.323s] Level 1:colcon.colcon_core.package_identification:_identify(log) by extension 'ignore'
[0.323s] Level 1:colcon.colcon_core.package_identification:_identify(log) ignored
[0.323s] Level 1:colcon.colcon_core.package_identification:_identify(src) by extensions ['ignore', 'ignore_ament_install']
[0.323s] Level 1:colcon.colcon_core.package_identification:_identify(src) by extension 'ignore'
[0.323s] Level 1:colcon.colcon_core.package_identification:_identify(src) by extension 'ignore_ament_install'
[0.323s] Level 1:colcon.colcon_core.package_identification:_identify(src) by extensions ['colcon_pkg']
[0.323s] Level 1:colcon.colcon_core.package_identification:_identify(src) by extension 'colcon_pkg'
[0.323s] Level 1:colcon.colcon_core.package_identification:_identify(src) by extensions ['colcon_meta']
[0.323s] Level 1:colcon.colcon_core.package_identification:_identify(src) by extension 'colcon_meta'
[0.323s] Level 1:colcon.colcon_core.package_identification:_identify(src) by extensions ['ros']
[0.323s] Level 1:colcon.colcon_core.package_identification:_identify(src) by extension 'ros'
[0.323s] Level 1:colcon.colcon_core.package_identification:_identify(src) by extensions ['cmake', 'python']
[0.323s] Level 1:colcon.colcon_core.package_identification:_identify(src) by extension 'cmake'
[0.323s] Level 1:colcon.colcon_core.package_identification:_identify(src) by extension 'python'
[0.323s] Level 1:colcon.colcon_core.package_identification:_identify(src) by extensions ['python_setup_py']
[0.323s] Level 1:colcon.colcon_core.package_identification:_identify(src) by extension 'python_setup_py'
[0.323s] Level 1:colcon.colcon_core.package_identification:_identify(src/my_social_nav_interfaces) by extensions ['ignore', 'ignore_ament_install']
[0.323s] Level 1:colcon.colcon_core.package_identification:_identify(src/my_social_nav_interfaces) by extension 'ignore'
[0.323s] Level 1:colcon.colcon_core.package_identification:_identify(src/my_social_nav_interfaces) by extension 'ignore_ament_install'
[0.324s] Level 1:colcon.colcon_core.package_identification:_identify(src/my_social_nav_interfaces) by extensions ['colcon_pkg']
[0.324s] Level 1:colcon.colcon_core.package_identification:_identify(src/my_social_nav_interfaces) by extension 'colcon_pkg'
[0.324s] Level 1:colcon.colcon_core.package_identification:_identify(src/my_social_nav_interfaces) by extensions ['colcon_meta']
[0.324s] Level 1:colcon.colcon_core.package_identification:_identify(src/my_social_nav_interfaces) by extension 'colcon_meta'
[0.324s] Level 1:colcon.colcon_core.package_identification:_identify(src/my_social_nav_interfaces) by extensions ['ros']
[0.324s] Level 1:colcon.colcon_core.package_identification:_identify(src/my_social_nav_interfaces) by extension 'ros'
[0.326s] DEBUG:colcon.colcon_core.package_identification:Package 'src/my_social_nav_interfaces' with type 'ros.ament_cmake' and name 'my_social_nav_interfaces'
[0.326s] Level 1:colcon.colcon_core.package_identification:_identify(src/sm_mppi_planner) by extensions ['ignore', 'ignore_ament_install']
[0.326s] Level 1:colcon.colcon_core.package_identification:_identify(src/sm_mppi_planner) by extension 'ignore'
[0.326s] Level 1:colcon.colcon_core.package_identification:_identify(src/sm_mppi_planner) by extension 'ignore_ament_install'
[0.326s] Level 1:colcon.colcon_core.package_identification:_identify(src/sm_mppi_planner) by extensions ['colcon_pkg']
[0.326s] Level 1:colcon.colcon_core.package_identification:_identify(src/sm_mppi_planner) by extension 'colcon_pkg'
[0.327s] Level 1:colcon.colcon_core.package_identification:_identify(src/sm_mppi_planner) by extensions ['colcon_meta']
[0.327s] Level 1:colcon.colcon_core.package_identification:_identify(src/sm_mppi_planner) by extension 'colcon_meta'
[0.327s] Level 1:colcon.colcon_core.package_identification:_identify(src/sm_mppi_planner) by extensions ['ros']
[0.327s] Level 1:colcon.colcon_core.package_identification:_identify(src/sm_mppi_planner) by extension 'ros'
[0.328s] DEBUG:colcon.colcon_core.package_identification:Package 'src/sm_mppi_planner' with type 'ros.ament_python' and name 'sm_mppi_planner'
[0.328s] Level 1:colcon.colcon_core.package_identification:_identify(src/tiago_social_scenarios) by extensions ['ignore', 'ignore_ament_install']
[0.328s] Level 1:colcon.colcon_core.package_identification:_identify(src/tiago_social_scenarios) by extension 'ignore'
[0.328s] Level 1:colcon.colcon_core.package_identification:_identify(src/tiago_social_scenarios) by extension 'ignore_ament_install'
[0.328s] Level 1:colcon.colcon_core.package_identification:_identify(src/tiago_social_scenarios) by extensions ['colcon_pkg']
[0.328s] Level 1:colcon.colcon_core.package_identification:_identify(src/tiago_social_scenarios) by extension 'colcon_pkg'
[0.328s] Level 1:colcon.colcon_core.package_identification:_identify(src/tiago_social_scenarios) by extensions ['colcon_meta']
[0.328s] Level 1:colcon.colcon_core.package_identification:_identify(src/tiago_social_scenarios) by extension 'colcon_meta'
[0.328s] Level 1:colcon.colcon_core.package_identification:_identify(src/tiago_social_scenarios) by extensions ['ros']
[0.328s] Level 1:colcon.colcon_core.package_identification:_identify(src/tiago_social_scenarios) by extension 'ros'
[0.329s] DEBUG:colcon.colcon_core.package_identification:Package 'src/tiago_social_scenarios' with type 'ros.ament_python' and name 'tiago_social_scenarios'
[0.329s] Level 1:colcon.colcon_core.package_discovery:discover_packages(recursive) using defaults
[0.329s] Level 1:colcon.colcon_core.package_discovery:discover_packages(ignore) discover
[0.329s] Level 1:colcon.colcon_core.package_discovery:discover_packages(ignore) using defaults
[0.329s] Level 1:colcon.colcon_core.package_discovery:discover_packages(path) discover
[0.329s] Level 1:colcon.colcon_core.package_discovery:discover_packages(path) using defaults
[0.348s] Level 1:colcon.colcon_core.package_discovery:discover_packages(prefix_path) check parameters
[0.348s] Level 1:colcon.colcon_core.package_discovery:discover_packages(prefix_path) discover
[0.351s] DEBUG:colcon.colcon_installed_package_information.package_discovery:Found 4 installed packages in /home/wim/Documents/social_momentum_venv/social_momentum_MPPI/install
[0.352s] DEBUG:colcon.colcon_installed_package_information.package_discovery:Found 40 installed packages in /home/wim/tiago_public_ws/install
[0.354s] DEBUG:colcon.colcon_installed_package_information.package_discovery:Found 393 installed packages in /opt/ros/humble
[0.356s] Level 1:colcon.colcon_core.package_discovery:discover_packages(prefix_path) using defaults
[0.405s] Level 5:colcon.colcon_core.verb:set package 'my_social_nav_interfaces' build argument 'cmake_args' from command line to 'None'
[0.405s] Level 5:colcon.colcon_core.verb:set package 'my_social_nav_interfaces' build argument 'cmake_target' from command line to 'None'
[0.405s] Level 5:colcon.colcon_core.verb:set package 'my_social_nav_interfaces' build argument 'cmake_target_skip_unavailable' from command line to 'False'
[0.405s] Level 5:colcon.colcon_core.verb:set package 'my_social_nav_interfaces' build argument 'cmake_clean_cache' from command line to 'False'
[0.405s] Level 5:colcon.colcon_core.verb:set package 'my_social_nav_interfaces' build argument 'cmake_clean_first' from command line to 'False'
[0.405s] Level 5:colcon.colcon_core.verb:set package 'my_social_nav_interfaces' build argument 'cmake_force_configure' from command line to 'False'
[0.405s] Level 5:colcon.colcon_core.verb:set package 'my_social_nav_interfaces' build argument 'ament_cmake_args' from command line to 'None'
[0.405s] Level 5:colcon.colcon_core.verb:set package 'my_social_nav_interfaces' build argument 'catkin_cmake_args' from command line to 'None'
[0.405s] Level 5:colcon.colcon_core.verb:set package 'my_social_nav_interfaces' build argument 'catkin_skip_building_tests' from command line to 'False'
[0.405s] DEBUG:colcon.colcon_core.verb:Building package 'my_social_nav_interfaces' with the following arguments: {'ament_cmake_args': None, 'build_base': '/home/wim/Documents/social_momentum_venv/social_momentum_MPPI/build/my_social_nav_interfaces', 'catkin_cmake_args': None, 'catkin_skip_building_tests': False, 'cmake_args': None, 'cmake_clean_cache': False, 'cmake_clean_first': False, 'cmake_force_configure': False, 'cmake_target': None, 'cmake_target_skip_unavailable': False, 'install_base': '/home/wim/Documents/social_momentum_venv/social_momentum_MPPI/install/my_social_nav_interfaces', 'merge_install': False, 'path': '/home/wim/Documents/social_momentum_venv/social_momentum_MPPI/src/my_social_nav_interfaces', 'symlink_install': False, 'test_result_base': None}
[0.405s] Level 5:colcon.colcon_core.verb:set package 'sm_mppi_planner' build argument 'cmake_args' from command line to 'None'
[0.405s] Level 5:colcon.colcon_core.verb:set package 'sm_mppi_planner' build argument 'cmake_target' from command line to 'None'
[0.405s] Level 5:colcon.colcon_core.verb:set package 'sm_mppi_planner' build argument 'cmake_target_skip_unavailable' from command line to 'False'
[0.405s] Level 5:colcon.colcon_core.verb:set package 'sm_mppi_planner' build argument 'cmake_clean_cache' from command line to 'False'
[0.405s] Level 5:colcon.colcon_core.verb:set package 'sm_mppi_planner' build argument 'cmake_clean_first' from command line to 'False'
[0.405s] Level 5:colcon.colcon_core.verb:set package 'sm_mppi_planner' build argument 'cmake_force_configure' from command line to 'False'
[0.405s] Level 5:colcon.colcon_core.verb:set package 'sm_mppi_planner' build argument 'ament_cmake_args' from command line to 'None'
[0.406s] Level 5:colcon.colcon_core.verb:set package 'sm_mppi_planner' build argument 'catkin_cmake_args' from command line to 'None'
[0.406s] Level 5:colcon.colcon_core.verb:set package 'sm_mppi_planner' build argument 'catkin_skip_building_tests' from command line to 'False'
[0.406s] DEBUG:colcon.colcon_core.verb:Building package 'sm_mppi_planner' with the following arguments: {'ament_cmake_args': None, 'build_base': '/home/wim/Documents/social_momentum_venv/social_momentum_MPPI/build/sm_mppi_planner', 'catkin_cmake_args': None, 'catkin_skip_building_tests': False, 'cmake_args': None, 'cmake_clean_cache': False, 'cmake_clean_first': False, 'cmake_force_configure': False, 'cmake_target': None, 'cmake_target_skip_unavailable': False, 'install_base': '/home/wim/Documents/social_momentum_venv/social_momentum_MPPI/install/sm_mppi_planner', 'merge_install': False, 'path': '/home/wim/Documents/social_momentum_venv/social_momentum_MPPI/src/sm_mppi_planner', 'symlink_install': False, 'test_result_base': None}
[0.406s] Level 5:colcon.colcon_core.verb:set package 'tiago_social_scenarios' build argument 'cmake_args' from command line to 'None'
[0.406s] Level 5:colcon.colcon_core.verb:set package 'tiago_social_scenarios' build argument 'cmake_target' from command line to 'None'
[0.406s] Level 5:colcon.colcon_core.verb:set package 'tiago_social_scenarios' build argument 'cmake_target_skip_unavailable' from command line to 'False'
[0.406s] Level 5:colcon.colcon_core.verb:set package 'tiago_social_scenarios' build argument 'cmake_clean_cache' from command line to 'False'
[0.406s] Level 5:colcon.colcon_core.verb:set package 'tiago_social_scenarios' build argument 'cmake_clean_first' from command line to 'False'
[0.406s] Level 5:colcon.colcon_core.verb:set package 'tiago_social_scenarios' build argument 'cmake_force_configure' from command line to 'False'
[0.406s] Level 5:colcon.colcon_core.verb:set package 'tiago_social_scenarios' build argument 'ament_cmake_args' from command line to 'None'
[0.406s] Level 5:colcon.colcon_core.verb:set package 'tiago_social_scenarios' build argument 'catkin_cmake_args' from command line to 'None'
[0.406s] Level 5:colcon.colcon_core.verb:set package 'tiago_social_scenarios' build argument 'catkin_skip_building_tests' from command line to 'False'
[0.406s] DEBUG:colcon.colcon_core.verb:Building package 'tiago_social_scenarios' with the following arguments: {'ament_cmake_args': None, 'build_base': '/home/wim/Documents/social_momentum_venv/social_momentum_MPPI/build/tiago_social_scenarios', 'catkin_cmake_args': None, 'catkin_skip_building_tests': False, 'cmake_args': None, 'cmake_clean_cache': False, 'cmake_clean_first': False, 'cmake_force_configure': False, 'cmake_target': None, 'cmake_target_skip_unavailable': False, 'install_base': '/home/wim/Documents/social_momentum_venv/social_momentum_MPPI/install/tiago_social_scenarios', 'merge_install': False, 'path': '/home/wim/Documents/social_momentum_venv/social_momentum_MPPI/src/tiago_social_scenarios', 'symlink_install': False, 'test_result_base': None}
[0.406s] INFO:colcon.colcon_core.executor:Executing jobs using 'parallel' executor
[0.407s] DEBUG:colcon.colcon_parallel_executor.executor.parallel:run_until_complete
[0.407s] INFO:colcon.colcon_ros.task.ament_cmake.build:Building ROS package in '/home/wim/Documents/social_momentum_venv/social_momentum_MPPI/src/my_social_nav_interfaces' with build type 'ament_cmake'
[0.408s] INFO:colcon.colcon_cmake.task.cmake.build:Building CMake package in '/home/wim/Documents/social_momentum_venv/social_momentum_MPPI/src/my_social_nav_interfaces'
[0.409s] INFO:colcon.colcon_core.plugin_system:Skipping extension 'colcon_core.shell.bat': Not used on non-Windows systems
[0.409s] INFO:colcon.colcon_core.shell:Skip shell extension 'powershell' for command environment: Not usable outside of PowerShell
[0.409s] DEBUG:colcon.colcon_core.shell:Skip shell extension 'dsv' for command environment
[0.420s] DEBUG:colcon.colcon_core.event_handler.log_command:Invoking command in '/home/wim/Documents/social_momentum_venv/social_momentum_MPPI/build/my_social_nav_interfaces': CMAKE_PREFIX_PATH=${CMAKE_PREFIX_PATH}:/home/wim/Documents/social_momentum_venv/social_momentum_MPPI/install/tiago_social_scenarios:/home/wim/Documents/social_momentum_venv/social_momentum_MPPI/install/sm_mppi_planner:/home/wim/tiago_public_ws/install/launch_pal:/opt/ros/humble /usr/bin/cmake --build /home/wim/Documents/social_momentum_venv/social_momentum_MPPI/build/my_social_nav_interfaces -- -j12 -l12
[0.783s] DEBUG:colcon.colcon_core.event_handler.log_command:Invoked command in '/home/wim/Documents/social_momentum_venv/social_momentum_MPPI/build/my_social_nav_interfaces' returned '0': CMAKE_PREFIX_PATH=${CMAKE_PREFIX_PATH}:/home/wim/Documents/social_momentum_venv/social_momentum_MPPI/install/tiago_social_scenarios:/home/wim/Documents/social_momentum_venv/social_momentum_MPPI/install/sm_mppi_planner:/home/wim/tiago_public_ws/install/launch_pal:/opt/ros/humble /usr/bin/cmake --build /home/wim/Documents/social_momentum_venv/social_momentum_MPPI/build/my_social_nav_interfaces -- -j12 -l12
[0.791s] DEBUG:colcon.colcon_core.event_handler.log_command:Invoking command in '/home/wim/Documents/social_momentum_venv/social_momentum_MPPI/build/my_social_nav_interfaces': CMAKE_PREFIX_PATH=${CMAKE_PREFIX_PATH}:/home/wim/Documents/social_momentum_venv/social_momentum_MPPI/install/tiago_social_scenarios:/home/wim/Documents/social_momentum_venv/social_momentum_MPPI/install/sm_mppi_planner:/home/wim/tiago_public_ws/install/launch_pal:/opt/ros/humble /usr/bin/cmake --install /home/wim/Documents/social_momentum_venv/social_momentum_MPPI/build/my_social_nav_interfaces
[0.842s] Level 1:colcon.colcon_core.environment:create_environment_scripts_only(my_social_nav_interfaces)
[0.842s] DEBUG:colcon.colcon_core.event_handler.log_command:Invoked command in '/home/wim/Documents/social_momentum_venv/social_momentum_MPPI/build/my_social_nav_interfaces' returned '0': CMAKE_PREFIX_PATH=${CMAKE_PREFIX_PATH}:/home/wim/Documents/social_momentum_venv/social_momentum_MPPI/install/tiago_social_scenarios:/home/wim/Documents/social_momentum_venv/social_momentum_MPPI/install/sm_mppi_planner:/home/wim/tiago_public_ws/install/launch_pal:/opt/ros/humble /usr/bin/cmake --install /home/wim/Documents/social_momentum_venv/social_momentum_MPPI/build/my_social_nav_interfaces
[0.845s] Level 1:colcon.colcon_core.environment:checking '/home/wim/Documents/social_momentum_venv/social_momentum_MPPI/install/my_social_nav_interfaces' for CMake module files
[0.846s] Level 1:colcon.colcon_core.environment:checking '/home/wim/Documents/social_momentum_venv/social_momentum_MPPI/install/my_social_nav_interfaces' for CMake config files
[0.847s] Level 1:colcon.colcon_core.shell:create_environment_hook('my_social_nav_interfaces', 'cmake_prefix_path')
[0.848s] INFO:colcon.colcon_core.shell:Creating environment hook '/home/wim/Documents/social_momentum_venv/social_momentum_MPPI/install/my_social_nav_interfaces/share/my_social_nav_interfaces/hook/cmake_prefix_path.ps1'
[0.848s] INFO:colcon.colcon_core.shell:Creating environment descriptor '/home/wim/Documents/social_momentum_venv/social_momentum_MPPI/install/my_social_nav_interfaces/share/my_social_nav_interfaces/hook/cmake_prefix_path.dsv'
[0.849s] INFO:colcon.colcon_core.shell:Creating environment hook '/home/wim/Documents/social_momentum_venv/social_momentum_MPPI/install/my_social_nav_interfaces/share/my_social_nav_interfaces/hook/cmake_prefix_path.sh'
[0.850s] Level 1:colcon.colcon_core.environment:checking '/home/wim/Documents/social_momentum_venv/social_momentum_MPPI/install/my_social_nav_interfaces/lib'
[0.850s] Level 1:colcon.colcon_core.shell:create_environment_hook('my_social_nav_interfaces', 'ld_library_path_lib')
[0.851s] INFO:colcon.colcon_core.shell:Creating environment hook '/home/wim/Documents/social_momentum_venv/social_momentum_MPPI/install/my_social_nav_interfaces/share/my_social_nav_interfaces/hook/ld_library_path_lib.ps1'
[0.851s] INFO:colcon.colcon_core.shell:Creating environment descriptor '/home/wim/Documents/social_momentum_venv/social_momentum_MPPI/install/my_social_nav_interfaces/share/my_social_nav_interfaces/hook/ld_library_path_lib.dsv'
[0.852s] INFO:colcon.colcon_core.shell:Creating environment hook '/home/wim/Documents/social_momentum_venv/social_momentum_MPPI/install/my_social_nav_interfaces/share/my_social_nav_interfaces/hook/ld_library_path_lib.sh'
[0.852s] Level 1:colcon.colcon_core.environment:checking '/home/wim/Documents/social_momentum_venv/social_momentum_MPPI/install/my_social_nav_interfaces/bin'
[0.852s] Level 1:colcon.colcon_core.environment:checking '/home/wim/Documents/social_momentum_venv/social_momentum_MPPI/install/my_social_nav_interfaces/lib/pkgconfig/my_social_nav_interfaces.pc'
[0.853s] Level 1:colcon.colcon_core.environment:checking '/home/wim/Documents/social_momentum_venv/social_momentum_MPPI/install/my_social_nav_interfaces/lib/python3.10/site-packages'
[0.853s] Level 1:colcon.colcon_core.environment:checking '/home/wim/Documents/social_momentum_venv/social_momentum_MPPI/install/my_social_nav_interfaces/bin'
[0.853s] INFO:colcon.colcon_core.shell:Creating package script '/home/wim/Documents/social_momentum_venv/social_momentum_MPPI/install/my_social_nav_interfaces/share/my_social_nav_interfaces/package.ps1'
[0.855s] INFO:colcon.colcon_core.shell:Creating package descriptor '/home/wim/Documents/social_momentum_venv/social_momentum_MPPI/install/my_social_nav_interfaces/share/my_social_nav_interfaces/package.dsv'
[0.855s] INFO:colcon.colcon_core.shell:Creating package script '/home/wim/Documents/social_momentum_venv/social_momentum_MPPI/install/my_social_nav_interfaces/share/my_social_nav_interfaces/package.sh'
[0.856s] INFO:colcon.colcon_core.shell:Creating package script '/home/wim/Documents/social_momentum_venv/social_momentum_MPPI/install/my_social_nav_interfaces/share/my_social_nav_interfaces/package.bash'
[0.858s] INFO:colcon.colcon_core.shell:Creating package script '/home/wim/Documents/social_momentum_venv/social_momentum_MPPI/install/my_social_nav_interfaces/share/my_social_nav_interfaces/package.zsh'
[0.858s] Level 1:colcon.colcon_core.environment:create_file_with_runtime_dependencies(/home/wim/Documents/social_momentum_venv/social_momentum_MPPI/install/my_social_nav_interfaces/share/colcon-core/packages/my_social_nav_interfaces)
[0.859s] Level 1:colcon.colcon_core.environment:create_environment_scripts_only(my_social_nav_interfaces)
[0.860s] Level 1:colcon.colcon_core.environment:checking '/home/wim/Documents/social_momentum_venv/social_momentum_MPPI/install/my_social_nav_interfaces' for CMake module files
[0.861s] Level 1:colcon.colcon_core.environment:checking '/home/wim/Documents/social_momentum_venv/social_momentum_MPPI/install/my_social_nav_interfaces' for CMake config files
[0.861s] Level 1:colcon.colcon_core.shell:create_environment_hook('my_social_nav_interfaces', 'cmake_prefix_path')
[0.862s] INFO:colcon.colcon_core.shell:Creating environment hook '/home/wim/Documents/social_momentum_venv/social_momentum_MPPI/install/my_social_nav_interfaces/share/my_social_nav_interfaces/hook/cmake_prefix_path.ps1'
[0.862s] INFO:colcon.colcon_core.shell:Creating environment descriptor '/home/wim/Documents/social_momentum_venv/social_momentum_MPPI/install/my_social_nav_interfaces/share/my_social_nav_interfaces/hook/cmake_prefix_path.dsv'
[0.863s] INFO:colcon.colcon_core.shell:Creating environment hook '/home/wim/Documents/social_momentum_venv/social_momentum_MPPI/install/my_social_nav_interfaces/share/my_social_nav_interfaces/hook/cmake_prefix_path.sh'
[0.863s] Level 1:colcon.colcon_core.environment:checking '/home/wim/Documents/social_momentum_venv/social_momentum_MPPI/install/my_social_nav_interfaces/lib'
[0.863s] Level 1:colcon.colcon_core.shell:create_environment_hook('my_social_nav_interfaces', 'ld_library_path_lib')
[0.864s] INFO:colcon.colcon_core.shell:Creating environment hook '/home/wim/Documents/social_momentum_venv/social_momentum_MPPI/install/my_social_nav_interfaces/share/my_social_nav_interfaces/hook/ld_library_path_lib.ps1'
[0.864s] INFO:colcon.colcon_core.shell:Creating environment descriptor '/home/wim/Documents/social_momentum_venv/social_momentum_MPPI/install/my_social_nav_interfaces/share/my_social_nav_interfaces/hook/ld_library_path_lib.dsv'
[0.865s] INFO:colcon.colcon_core.shell:Creating environment hook '/home/wim/Documents/social_momentum_venv/social_momentum_MPPI/install/my_social_nav_interfaces/share/my_social_nav_interfaces/hook/ld_library_path_lib.sh'
[0.865s] Level 1:colcon.colcon_core.environment:checking '/home/wim/Documents/social_momentum_venv/social_momentum_MPPI/install/my_social_nav_interfaces/bin'
[0.865s] Level 1:colcon.colcon_core.environment:checking '/home/wim/Documents/social_momentum_venv/social_momentum_MPPI/install/my_social_nav_interfaces/lib/pkgconfig/my_social_nav_interfaces.pc'
[0.866s] Level 1:colcon.colcon_core.environment:checking '/home/wim/Documents/social_momentum_venv/social_momentum_MPPI/install/my_social_nav_interfaces/lib/python3.10/site-packages'
[0.866s] Level 1:colcon.colcon_core.environment:checking '/home/wim/Documents/social_momentum_venv/social_momentum_MPPI/install/my_social_nav_interfaces/bin'
[0.867s] INFO:colcon.colcon_core.shell:Creating package script '/home/wim/Documents/social_momentum_venv/social_momentum_MPPI/install/my_social_nav_interfaces/share/my_social_nav_interfaces/package.ps1'
[0.867s] INFO:colcon.colcon_core.shell:Creating package descriptor '/home/wim/Documents/social_momentum_venv/social_momentum_MPPI/install/my_social_nav_interfaces/share/my_social_nav_interfaces/package.dsv'
[0.868s] INFO:colcon.colcon_core.shell:Creating package script '/home/wim/Documents/social_momentum_venv/social_momentum_MPPI/install/my_social_nav_interfaces/share/my_social_nav_interfaces/package.sh'
[0.869s] INFO:colcon.colcon_core.shell:Creating package script '/home/wim/Documents/social_momentum_venv/social_momentum_MPPI/install/my_social_nav_interfaces/share/my_social_nav_interfaces/package.bash'
[0.869s] INFO:colcon.colcon_core.shell:Creating package script '/home/wim/Documents/social_momentum_venv/social_momentum_MPPI/install/my_social_nav_interfaces/share/my_social_nav_interfaces/package.zsh'
[0.870s] Level 1:colcon.colcon_core.environment:create_file_with_runtime_dependencies(/home/wim/Documents/social_momentum_venv/social_momentum_MPPI/install/my_social_nav_interfaces/share/colcon-core/packages/my_social_nav_interfaces)
[0.870s] INFO:colcon.colcon_ros.task.ament_python.build:Building ROS package in '/home/wim/Documents/social_momentum_venv/social_momentum_MPPI/src/sm_mppi_planner' with build type 'ament_python'
[0.870s] Level 1:colcon.colcon_core.shell:create_environment_hook('sm_mppi_planner', 'ament_prefix_path')
[0.871s] INFO:colcon.colcon_core.shell:Creating environment hook '/home/wim/Documents/social_momentum_venv/social_momentum_MPPI/install/sm_mppi_planner/share/sm_mppi_planner/hook/ament_prefix_path.ps1'
[0.871s] INFO:colcon.colcon_core.shell:Creating environment descriptor '/home/wim/Documents/social_momentum_venv/social_momentum_MPPI/install/sm_mppi_planner/share/sm_mppi_planner/hook/ament_prefix_path.dsv'
[0.872s] INFO:colcon.colcon_core.shell:Creating environment hook '/home/wim/Documents/social_momentum_venv/social_momentum_MPPI/install/sm_mppi_planner/share/sm_mppi_planner/hook/ament_prefix_path.sh'
[0.873s] INFO:colcon.colcon_core.shell:Skip shell extension 'powershell' for command environment: Not usable outside of PowerShell
[0.873s] DEBUG:colcon.colcon_core.shell:Skip shell extension 'dsv' for command environment
[0.882s] INFO:colcon.colcon_ros.task.ament_python.build:Building ROS package in '/home/wim/Documents/social_momentum_venv/social_momentum_MPPI/src/tiago_social_scenarios' with build type 'ament_python'
[0.882s] Level 1:colcon.colcon_core.shell:create_environment_hook('tiago_social_scenarios', 'ament_prefix_path')
[0.882s] INFO:colcon.colcon_core.shell:Creating environment hook '/home/wim/Documents/social_momentum_venv/social_momentum_MPPI/install/tiago_social_scenarios/share/tiago_social_scenarios/hook/ament_prefix_path.ps1'
[0.883s] INFO:colcon.colcon_core.shell:Creating environment descriptor '/home/wim/Documents/social_momentum_venv/social_momentum_MPPI/install/tiago_social_scenarios/share/tiago_social_scenarios/hook/ament_prefix_path.dsv'
[0.883s] INFO:colcon.colcon_core.shell:Creating environment hook '/home/wim/Documents/social_momentum_venv/social_momentum_MPPI/install/tiago_social_scenarios/share/tiago_social_scenarios/hook/ament_prefix_path.sh'
[0.884s] INFO:colcon.colcon_core.shell:Skip shell extension 'powershell' for command environment: Not usable outside of PowerShell
[0.884s] DEBUG:colcon.colcon_core.shell:Skip shell extension 'dsv' for command environment
[1.185s] INFO:colcon.colcon_core.task.python.build:Building Python package in '/home/wim/Documents/social_momentum_venv/social_momentum_MPPI/src/sm_mppi_planner'
[1.185s] INFO:colcon.colcon_core.shell:Skip shell extension 'powershell' for command environment: Not usable outside of PowerShell
[1.186s] DEBUG:colcon.colcon_core.shell:Skip shell extension 'dsv' for command environment
[1.475s] INFO:colcon.colcon_core.task.python.build:Building Python package in '/home/wim/Documents/social_momentum_venv/social_momentum_MPPI/src/tiago_social_scenarios'
[1.475s] INFO:colcon.colcon_core.shell:Skip shell extension 'powershell' for command environment: Not usable outside of PowerShell
[1.476s] DEBUG:colcon.colcon_core.shell:Skip shell extension 'dsv' for command environment
[1.928s] DEBUG:colcon.colcon_core.event_handler.log_command:Invoking command in '/home/wim/Documents/social_momentum_venv/social_momentum_MPPI/src/tiago_social_scenarios': PYTHONPATH=/home/wim/Documents/social_momentum_venv/social_momentum_MPPI/build/tiago_social_scenarios/prefix_override:/usr/lib/python3/dist-packages/colcon_core/task/python/colcon_distutils_commands:/home/wim/Documents/social_momentum_venv/social_momentum_MPPI/install/tiago_social_scenarios/lib/python3.10/site-packages:${PYTHONPATH} /usr/bin/python3 -W ignore:setup.py install is deprecated -W ignore:easy_install command is deprecated setup.py egg_info --egg-base ../../build/tiago_social_scenarios build --build-base /home/wim/Documents/social_momentum_venv/social_momentum_MPPI/build/tiago_social_scenarios/build install --record /home/wim/Documents/social_momentum_venv/social_momentum_MPPI/build/tiago_social_scenarios/install.log --single-version-externally-managed install_data
[1.935s] DEBUG:colcon.colcon_core.event_handler.log_command:Invoking command in '/home/wim/Documents/social_momentum_venv/social_momentum_MPPI/src/sm_mppi_planner': PYTHONPATH=/home/wim/Documents/social_momentum_venv/social_momentum_MPPI/build/sm_mppi_planner/prefix_override:/usr/lib/python3/dist-packages/colcon_core/task/python/colcon_distutils_commands:/home/wim/Documents/social_momentum_venv/social_momentum_MPPI/install/sm_mppi_planner/lib/python3.10/site-packages:${PYTHONPATH} /usr/bin/python3 -W ignore:setup.py install is deprecated -W ignore:easy_install command is deprecated setup.py egg_info --egg-base ../../build/sm_mppi_planner build --build-base /home/wim/Documents/social_momentum_venv/social_momentum_MPPI/build/sm_mppi_planner/build install --record /home/wim/Documents/social_momentum_venv/social_momentum_MPPI/build/sm_mppi_planner/install.log --single-version-externally-managed install_data
[2.251s] Level 1:colcon.colcon_core.environment:checking '/home/wim/Documents/social_momentum_venv/social_momentum_MPPI/install/tiago_social_scenarios' for CMake module files
[2.252s] DEBUG:colcon.colcon_core.event_handler.log_command:Invoked command in '/home/wim/Documents/social_momentum_venv/social_momentum_MPPI/src/tiago_social_scenarios' returned '0': PYTHONPATH=/home/wim/Documents/social_momentum_venv/social_momentum_MPPI/build/tiago_social_scenarios/prefix_override:/usr/lib/python3/dist-packages/colcon_core/task/python/colcon_distutils_commands:/home/wim/Documents/social_momentum_venv/social_momentum_MPPI/install/tiago_social_scenarios/lib/python3.10/site-packages:${PYTHONPATH} /usr/bin/python3 -W ignore:setup.py install is deprecated -W ignore:easy_install command is deprecated setup.py egg_info --egg-base ../../build/tiago_social_scenarios build --build-base /home/wim/Documents/social_momentum_venv/social_momentum_MPPI/build/tiago_social_scenarios/build install --record /home/wim/Documents/social_momentum_venv/social_momentum_MPPI/build/tiago_social_scenarios/install.log --single-version-externally-managed install_data
[2.252s] Level 1:colcon.colcon_core.environment:checking '/home/wim/Documents/social_momentum_venv/social_momentum_MPPI/install/tiago_social_scenarios' for CMake config files
[2.253s] Level 1:colcon.colcon_core.environment:checking '/home/wim/Documents/social_momentum_venv/social_momentum_MPPI/install/tiago_social_scenarios/lib'
[2.253s] Level 1:colcon.colcon_core.environment:checking '/home/wim/Documents/social_momentum_venv/social_momentum_MPPI/install/tiago_social_scenarios/bin'
[2.254s] Level 1:colcon.colcon_core.environment:checking '/home/wim/Documents/social_momentum_venv/social_momentum_MPPI/install/tiago_social_scenarios/lib/pkgconfig/tiago_social_scenarios.pc'
[2.254s] Level 1:colcon.colcon_core.environment:checking '/home/wim/Documents/social_momentum_venv/social_momentum_MPPI/install/tiago_social_scenarios/lib/python3.10/site-packages'
[2.254s] Level 1:colcon.colcon_core.shell:create_environment_hook('tiago_social_scenarios', 'pythonpath')
[2.254s] INFO:colcon.colcon_core.shell:Creating environment hook '/home/wim/Documents/social_momentum_venv/social_momentum_MPPI/install/tiago_social_scenarios/share/tiago_social_scenarios/hook/pythonpath.ps1'
[2.255s] INFO:colcon.colcon_core.shell:Creating environment descriptor '/home/wim/Documents/social_momentum_venv/social_momentum_MPPI/install/tiago_social_scenarios/share/tiago_social_scenarios/hook/pythonpath.dsv'
[2.255s] INFO:colcon.colcon_core.shell:Creating environment hook '/home/wim/Documents/social_momentum_venv/social_momentum_MPPI/install/tiago_social_scenarios/share/tiago_social_scenarios/hook/pythonpath.sh'
[2.256s] Level 1:colcon.colcon_core.environment:checking '/home/wim/Documents/social_momentum_venv/social_momentum_MPPI/install/tiago_social_scenarios/bin'
[2.256s] Level 1:colcon.colcon_core.environment:create_environment_scripts_only(tiago_social_scenarios)
[2.257s] INFO:colcon.colcon_core.shell:Creating package script '/home/wim/Documents/social_momentum_venv/social_momentum_MPPI/install/tiago_social_scenarios/share/tiago_social_scenarios/package.ps1'
[2.257s] INFO:colcon.colcon_core.shell:Creating package descriptor '/home/wim/Documents/social_momentum_venv/social_momentum_MPPI/install/tiago_social_scenarios/share/tiago_social_scenarios/package.dsv'
[2.258s] INFO:colcon.colcon_core.shell:Creating package script '/home/wim/Documents/social_momentum_venv/social_momentum_MPPI/install/tiago_social_scenarios/share/tiago_social_scenarios/package.sh'
[2.259s] INFO:colcon.colcon_core.shell:Creating package script '/home/wim/Documents/social_momentum_venv/social_momentum_MPPI/install/tiago_social_scenarios/share/tiago_social_scenarios/package.bash'
[2.259s] INFO:colcon.colcon_core.shell:Creating package script '/home/wim/Documents/social_momentum_venv/social_momentum_MPPI/install/tiago_social_scenarios/share/tiago_social_scenarios/package.zsh'
[2.260s] Level 1:colcon.colcon_core.environment:create_file_with_runtime_dependencies(/home/wim/Documents/social_momentum_venv/social_momentum_MPPI/install/tiago_social_scenarios/share/colcon-core/packages/tiago_social_scenarios)
[2.265s] Level 1:colcon.colcon_core.environment:checking '/home/wim/Documents/social_momentum_venv/social_momentum_MPPI/install/sm_mppi_planner' for CMake module files
[2.266s] DEBUG:colcon.colcon_core.event_handler.log_command:Invoked command in '/home/wim/Documents/social_momentum_venv/social_momentum_MPPI/src/sm_mppi_planner' returned '0': PYTHONPATH=/home/wim/Documents/social_momentum_venv/social_momentum_MPPI/build/sm_mppi_planner/prefix_override:/usr/lib/python3/dist-packages/colcon_core/task/python/colcon_distutils_commands:/home/wim/Documents/social_momentum_venv/social_momentum_MPPI/install/sm_mppi_planner/lib/python3.10/site-packages:${PYTHONPATH} /usr/bin/python3 -W ignore:setup.py install is deprecated -W ignore:easy_install command is deprecated setup.py egg_info --egg-base ../../build/sm_mppi_planner build --build-base /home/wim/Documents/social_momentum_venv/social_momentum_MPPI/build/sm_mppi_planner/build install --record /home/wim/Documents/social_momentum_venv/social_momentum_MPPI/build/sm_mppi_planner/install.log --single-version-externally-managed install_data
[2.266s] Level 1:colcon.colcon_core.environment:checking '/home/wim/Documents/social_momentum_venv/social_momentum_MPPI/install/sm_mppi_planner' for CMake config files
[2.267s] Level 1:colcon.colcon_core.environment:checking '/home/wim/Documents/social_momentum_venv/social_momentum_MPPI/install/sm_mppi_planner/lib'
[2.267s] Level 1:colcon.colcon_core.environment:checking '/home/wim/Documents/social_momentum_venv/social_momentum_MPPI/install/sm_mppi_planner/bin'
[2.267s] Level 1:colcon.colcon_core.environment:checking '/home/wim/Documents/social_momentum_venv/social_momentum_MPPI/install/sm_mppi_planner/lib/pkgconfig/sm_mppi_planner.pc'
[2.267s] Level 1:colcon.colcon_core.environment:checking '/home/wim/Documents/social_momentum_venv/social_momentum_MPPI/install/sm_mppi_planner/lib/python3.10/site-packages'
[2.267s] Level 1:colcon.colcon_core.shell:create_environment_hook('sm_mppi_planner', 'pythonpath')
[2.267s] INFO:colcon.colcon_core.shell:Creating environment hook '/home/wim/Documents/social_momentum_venv/social_momentum_MPPI/install/sm_mppi_planner/share/sm_mppi_planner/hook/pythonpath.ps1'
[2.268s] INFO:colcon.colcon_core.shell:Creating environment descriptor '/home/wim/Documents/social_momentum_venv/social_momentum_MPPI/install/sm_mppi_planner/share/sm_mppi_planner/hook/pythonpath.dsv'
[2.268s] INFO:colcon.colcon_core.shell:Creating environment hook '/home/wim/Documents/social_momentum_venv/social_momentum_MPPI/install/sm_mppi_planner/share/sm_mppi_planner/hook/pythonpath.sh'
[2.268s] Level 1:colcon.colcon_core.environment:checking '/home/wim/Documents/social_momentum_venv/social_momentum_MPPI/install/sm_mppi_planner/bin'
[2.269s] Level 1:colcon.colcon_core.environment:create_environment_scripts_only(sm_mppi_planner)
[2.269s] INFO:colcon.colcon_core.shell:Creating package script '/home/wim/Documents/social_momentum_venv/social_momentum_MPPI/install/sm_mppi_planner/share/sm_mppi_planner/package.ps1'
[2.269s] INFO:colcon.colcon_core.shell:Creating package descriptor '/home/wim/Documents/social_momentum_venv/social_momentum_MPPI/install/sm_mppi_planner/share/sm_mppi_planner/package.dsv'
[2.270s] INFO:colcon.colcon_core.shell:Creating package script '/home/wim/Documents/social_momentum_venv/social_momentum_MPPI/install/sm_mppi_planner/share/sm_mppi_planner/package.sh'
[2.270s] INFO:colcon.colcon_core.shell:Creating package script '/home/wim/Documents/social_momentum_venv/social_momentum_MPPI/install/sm_mppi_planner/share/sm_mppi_planner/package.bash'
[2.270s] INFO:colcon.colcon_core.shell:Creating package script '/home/wim/Documents/social_momentum_venv/social_momentum_MPPI/install/sm_mppi_planner/share/sm_mppi_planner/package.zsh'
[2.271s] Level 1:colcon.colcon_core.environment:create_file_with_runtime_dependencies(/home/wim/Documents/social_momentum_venv/social_momentum_MPPI/install/sm_mppi_planner/share/colcon-core/packages/sm_mppi_planner)
[2.271s] DEBUG:colcon.colcon_parallel_executor.executor.parallel:closing loop
[2.271s] DEBUG:colcon.colcon_parallel_executor.executor.parallel:loop closed
[2.271s] DEBUG:colcon.colcon_parallel_executor.executor.parallel:run_until_complete finished with '0'
[2.271s] DEBUG:colcon.colcon_core.event_reactor:joining thread
[2.276s] INFO:colcon.colcon_core.plugin_system:Skipping extension 'colcon_notification.desktop_notification.terminal_notifier': Not used on non-Darwin systems
[2.276s] INFO:colcon.colcon_core.plugin_system:Skipping extension 'colcon_notification.desktop_notification.win32': Not used on non-Windows systems
[2.276s] INFO:colcon.colcon_notification.desktop_notification:Sending desktop notification using 'notify2'
[2.285s] DEBUG:colcon.colcon_core.event_reactor:joined thread
[2.286s] INFO:colcon.colcon_core.shell:Creating prefix script '/home/wim/Documents/social_momentum_venv/social_momentum_MPPI/install/local_setup.ps1'
[2.287s] INFO:colcon.colcon_core.shell:Creating prefix util module '/home/wim/Documents/social_momentum_venv/social_momentum_MPPI/install/_local_setup_util_ps1.py'
[2.288s] INFO:colcon.colcon_core.shell:Creating prefix chain script '/home/wim/Documents/social_momentum_venv/social_momentum_MPPI/install/setup.ps1'
[2.290s] INFO:colcon.colcon_core.shell:Creating prefix script '/home/wim/Documents/social_momentum_venv/social_momentum_MPPI/install/local_setup.sh'
[2.291s] INFO:colcon.colcon_core.shell:Creating prefix util module '/home/wim/Documents/social_momentum_venv/social_momentum_MPPI/install/_local_setup_util_sh.py'
[2.291s] INFO:colcon.colcon_core.shell:Creating prefix chain script '/home/wim/Documents/social_momentum_venv/social_momentum_MPPI/install/setup.sh'
[2.294s] INFO:colcon.colcon_core.shell:Creating prefix script '/home/wim/Documents/social_momentum_venv/social_momentum_MPPI/install/local_setup.bash'
[2.294s] INFO:colcon.colcon_core.shell:Creating prefix chain script '/home/wim/Documents/social_momentum_venv/social_momentum_MPPI/install/setup.bash'
[2.297s] INFO:colcon.colcon_core.shell:Creating prefix script '/home/wim/Documents/social_momentum_venv/social_momentum_MPPI/install/local_setup.zsh'
[2.297s] INFO:colcon.colcon_core.shell:Creating prefix chain script '/home/wim/Documents/social_momentum_venv/social_momentum_MPPI/install/setup.zsh'
