running develop
running egg_info
writing ../../build/sm_mppi_planner/sm_mppi_planner.egg-info/PKG-INFO
writing dependency_links to ../../build/sm_mppi_planner/sm_mppi_planner.egg-info/dependency_links.txt
writing entry points to ../../build/sm_mppi_planner/sm_mppi_planner.egg-info/entry_points.txt
writing requirements to ../../build/sm_mppi_planner/sm_mppi_planner.egg-info/requires.txt
writing top-level names to ../../build/sm_mppi_planner/sm_mppi_planner.egg-info/top_level.txt
reading manifest file '../../build/sm_mppi_planner/sm_mppi_planner.egg-info/SOURCES.txt'
writing manifest file '../../build/sm_mppi_planner/sm_mppi_planner.egg-info/SOURCES.txt'
running build
running build_py
creating /home/wim/Documents/social_momentum_MPPI/build/sm_mppi_planner/build
creating /home/wim/Documents/social_momentum_MPPI/build/sm_mppi_planner/build/lib
creating /home/wim/Documents/social_momentum_MPPI/build/sm_mppi_planner/build/lib/sm_mppi_planner
copying sm_mppi_planner/mppi_planner_node.py -> /home/wim/Documents/social_momentum_MPPI/build/sm_mppi_planner/build/lib/sm_mppi_planner
copying sm_mppi_planner/tf2_wrapper.py -> /home/wim/Documents/social_momentum_MPPI/build/sm_mppi_planner/build/lib/sm_mppi_planner
copying sm_mppi_planner/sm_mppi.py -> /home/wim/Documents/social_momentum_MPPI/build/sm_mppi_planner/build/lib/sm_mppi_planner
copying sm_mppi_planner/utils.py -> /home/wim/Documents/social_momentum_MPPI/build/sm_mppi_planner/build/lib/sm_mppi_planner
copying sm_mppi_planner/config.py -> /home/wim/Documents/social_momentum_MPPI/build/sm_mppi_planner/build/lib/sm_mppi_planner
copying sm_mppi_planner/__init__.py -> /home/wim/Documents/social_momentum_MPPI/build/sm_mppi_planner/build/lib/sm_mppi_planner
copying sm_mppi_planner/vis_utils.py -> /home/wim/Documents/social_momentum_MPPI/build/sm_mppi_planner/build/lib/sm_mppi_planner
running install
running install_lib
creating /home/wim/Documents/social_momentum_MPPI/install/sm_mppi_planner/lib/python3.10/site-packages/sm_mppi_planner
copying /home/wim/Documents/social_momentum_MPPI/build/sm_mppi_planner/build/lib/sm_mppi_planner/mppi_planner_node.py -> /home/wim/Documents/social_momentum_MPPI/install/sm_mppi_planner/lib/python3.10/site-packages/sm_mppi_planner
copying /home/wim/Documents/social_momentum_MPPI/build/sm_mppi_planner/build/lib/sm_mppi_planner/tf2_wrapper.py -> /home/wim/Documents/social_momentum_MPPI/install/sm_mppi_planner/lib/python3.10/site-packages/sm_mppi_planner
copying /home/wim/Documents/social_momentum_MPPI/build/sm_mppi_planner/build/lib/sm_mppi_planner/sm_mppi.py -> /home/wim/Documents/social_momentum_MPPI/install/sm_mppi_planner/lib/python3.10/site-packages/sm_mppi_planner
copying /home/wim/Documents/social_momentum_MPPI/build/sm_mppi_planner/build/lib/sm_mppi_planner/utils.py -> /home/wim/Documents/social_momentum_MPPI/install/sm_mppi_planner/lib/python3.10/site-packages/sm_mppi_planner
copying /home/wim/Documents/social_momentum_MPPI/build/sm_mppi_planner/build/lib/sm_mppi_planner/config.py -> /home/wim/Documents/social_momentum_MPPI/install/sm_mppi_planner/lib/python3.10/site-packages/sm_mppi_planner
copying /home/wim/Documents/social_momentum_MPPI/build/sm_mppi_planner/build/lib/sm_mppi_planner/__init__.py -> /home/wim/Documents/social_momentum_MPPI/install/sm_mppi_planner/lib/python3.10/site-packages/sm_mppi_planner
copying /home/wim/Documents/social_momentum_MPPI/build/sm_mppi_planner/build/lib/sm_mppi_planner/vis_utils.py -> /home/wim/Documents/social_momentum_MPPI/install/sm_mppi_planner/lib/python3.10/site-packages/sm_mppi_planner
byte-compiling /home/wim/Documents/social_momentum_MPPI/install/sm_mppi_planner/lib/python3.10/site-packages/sm_mppi_planner/mppi_planner_node.py to mppi_planner_node.cpython-310.pyc
byte-compiling /home/wim/Documents/social_momentum_MPPI/install/sm_mppi_planner/lib/python3.10/site-packages/sm_mppi_planner/tf2_wrapper.py to tf2_wrapper.cpython-310.pyc
byte-compiling /home/wim/Documents/social_momentum_MPPI/install/sm_mppi_planner/lib/python3.10/site-packages/sm_mppi_planner/sm_mppi.py to sm_mppi.cpython-310.pyc
byte-compiling /home/wim/Documents/social_momentum_MPPI/install/sm_mppi_planner/lib/python3.10/site-packages/sm_mppi_planner/utils.py to utils.cpython-310.pyc
byte-compiling /home/wim/Documents/social_momentum_MPPI/install/sm_mppi_planner/lib/python3.10/site-packages/sm_mppi_planner/config.py to config.cpython-310.pyc
byte-compiling /home/wim/Documents/social_momentum_MPPI/install/sm_mppi_planner/lib/python3.10/site-packages/sm_mppi_planner/__init__.py to __init__.cpython-310.pyc
byte-compiling /home/wim/Documents/social_momentum_MPPI/install/sm_mppi_planner/lib/python3.10/site-packages/sm_mppi_planner/vis_utils.py to vis_utils.cpython-310.pyc
running install_data
creating /home/wim/Documents/social_momentum_MPPI/install/sm_mppi_planner/share/ament_index
creating /home/wim/Documents/social_momentum_MPPI/install/sm_mppi_planner/share/ament_index/resource_index
creating /home/wim/Documents/social_momentum_MPPI/install/sm_mppi_planner/share/ament_index/resource_index/packages
copying resource/sm_mppi_planner -> /home/wim/Documents/social_momentum_MPPI/install/sm_mppi_planner/share/ament_index/resource_index/packages
copying package.xml -> /home/wim/Documents/social_momentum_MPPI/install/sm_mppi_planner/share/sm_mppi_planner
creating /home/wim/Documents/social_momentum_MPPI/install/sm_mppi_planner/share/sm_mppi_planner/launch
copying launch/sm_mppi_simulation.launch.py -> /home/wim/Documents/social_momentum_MPPI/install/sm_mppi_planner/share/sm_mppi_planner/launch
running install_egg_info
Copying ../../build/sm_mppi_planner/sm_mppi_planner.egg-info to /home/wim/Documents/social_momentum_MPPI/install/sm_mppi_planner/lib/python3.10/site-packages/sm_mppi_planner-0.0.1-py3.10.egg-info
running install_scripts
Installing mppi_planner_node script to /home/wim/Documents/social_momentum_MPPI/install/sm_mppi_planner/bin
writing list of installed files to '/home/wim/Documents/social_momentum_MPPI/build/sm_mppi_planner/install.log'
