[0.015s] Invoking command in '/home/wim/Documents/social_momentum_venv/social_momentum_MPPI/build/my_social_nav_interfaces': CMAKE_PREFIX_PATH=${CMAKE_PREFIX_PATH}:/home/wim/tiago_public_ws/install/launch_pal:/opt/ros/humble /usr/bin/cmake /home/wim/Documents/social_momentum_venv/social_momentum_MPPI/src/my_social_nav_interfaces -DCMAKE_INSTALL_PREFIX=/home/wim/Documents/social_momentum_venv/social_momentum_MPPI/install/my_social_nav_interfaces
[0.083s] -- The C compiler identification is GNU 11.4.0
[0.147s] -- The CXX compiler identification is GNU 11.4.0
[0.159s] -- Detecting C compiler ABI info
[0.257s] -- Detecting C compiler ABI info - done
[0.279s] -- Check for working C compiler: /usr/bin/cc - skipped
[0.279s] -- Detecting C compile features
[0.279s] -- Detecting C compile features - done
[0.285s] -- Detecting CXX compiler ABI info
[0.418s] -- Detecting CXX compiler ABI info - done
[0.436s] -- Check for working CXX compiler: /usr/bin/c++ - skipped
[0.438s] -- Detecting CXX compile features
[0.438s] -- Detecting CXX compile features - done
[0.449s] -- Found ament_cmake: 1.3.11 (/opt/ros/humble/share/ament_cmake/cmake)
[0.817s] -- Found Python3: /usr/bin/python3 (found version "3.10.12") found components: Interpreter 
[1.039s] -- Found std_msgs: 4.8.0 (/opt/ros/humble/share/std_msgs/cmake)
[1.131s] -- Found rosidl_generator_c: 3.1.6 (/opt/ros/humble/share/rosidl_generator_c/cmake)
[1.145s] -- Found rosidl_adapter: 3.1.6 (/opt/ros/humble/share/rosidl_adapter/cmake)
[1.168s] -- Found rosidl_generator_cpp: 3.1.6 (/opt/ros/humble/share/rosidl_generator_cpp/cmake)
[1.200s] -- Using all available rosidl_typesupport_c: rosidl_typesupport_fastrtps_c;rosidl_typesupport_introspection_c
[1.236s] -- Using all available rosidl_typesupport_cpp: rosidl_typesupport_fastrtps_cpp;rosidl_typesupport_introspection_cpp
[1.296s] -- Found geometry_msgs: 4.8.0 (/opt/ros/humble/share/geometry_msgs/cmake)
[1.313s] -- Found rosidl_default_generators: 1.2.0 (/opt/ros/humble/share/rosidl_default_generators/cmake)
[1.810s] -- Found ament_cmake_ros: 0.10.0 (/opt/ros/humble/share/ament_cmake_ros/cmake)
[2.456s] -- Using all available rosidl_typesupport_c: rosidl_typesupport_fastrtps_c;rosidl_typesupport_introspection_c
[2.701s] -- Using all available rosidl_typesupport_cpp: rosidl_typesupport_fastrtps_cpp;rosidl_typesupport_introspection_cpp
[2.727s] -- Found PythonInterp: /usr/bin/python3 (found suitable version "3.10.12", minimum required is "3.6") 
[2.740s] -- Found python_cmake_module: 0.10.0 (/opt/ros/humble/share/python_cmake_module/cmake)
[2.779s] -- Found PythonLibs: /usr/lib/x86_64-linux-gnu/libpython3.10.so (found suitable version "3.10.12", minimum required is "3.5") 
[2.780s] -- Using PYTHON_EXECUTABLE: /usr/bin/python3
[2.780s] -- Using PYTHON_INCLUDE_DIRS: /usr/include/python3.10
[2.780s] -- Using PYTHON_LIBRARIES: /usr/lib/x86_64-linux-gnu/libpython3.10.so
[2.813s] -- Found PythonExtra: .so  
[2.938s] -- Found ament_lint_auto: 0.12.12 (/opt/ros/humble/share/ament_lint_auto/cmake)
[3.002s] -- Added test 'copyright' to check source files copyright and LICENSE
[3.004s] -- Added test 'lint_cmake' to check CMake code style
[3.006s] -- Added test 'xmllint' to check XML markup files
[3.009s] -- Configuring done
[3.064s] -- Generating done
[3.084s] -- Build files have been written to: /home/wim/Documents/social_momentum_venv/social_momentum_MPPI/build/my_social_nav_interfaces
[3.097s] Invoked command in '/home/wim/Documents/social_momentum_venv/social_momentum_MPPI/build/my_social_nav_interfaces' returned '0': CMAKE_PREFIX_PATH=${CMAKE_PREFIX_PATH}:/home/wim/tiago_public_ws/install/launch_pal:/opt/ros/humble /usr/bin/cmake /home/wim/Documents/social_momentum_venv/social_momentum_MPPI/src/my_social_nav_interfaces -DCMAKE_INSTALL_PREFIX=/home/wim/Documents/social_momentum_venv/social_momentum_MPPI/install/my_social_nav_interfaces
[3.099s] Invoking command in '/home/wim/Documents/social_momentum_venv/social_momentum_MPPI/build/my_social_nav_interfaces': CMAKE_PREFIX_PATH=${CMAKE_PREFIX_PATH}:/home/wim/tiago_public_ws/install/launch_pal:/opt/ros/humble /usr/bin/cmake --build /home/wim/Documents/social_momentum_venv/social_momentum_MPPI/build/my_social_nav_interfaces -- -j12 -l12
[3.143s] [  2%] [34m[1mGenerating C code for ROS interfaces[0m
[3.157s] [  5%] [34m[1mGenerating C++ code for ROS interfaces[0m
[3.168s] [  5%] Built target ament_cmake_python_copy_my_social_nav_interfaces
[3.563s] running egg_info
[3.563s] creating my_social_nav_interfaces.egg-info
[3.563s] writing my_social_nav_interfaces.egg-info/PKG-INFO
[3.563s] writing dependency_links to my_social_nav_interfaces.egg-info/dependency_links.txt
[3.563s] writing top-level names to my_social_nav_interfaces.egg-info/top_level.txt
[3.563s] writing manifest file 'my_social_nav_interfaces.egg-info/SOURCES.txt'
[3.569s] reading manifest file 'my_social_nav_interfaces.egg-info/SOURCES.txt'
[3.569s] writing manifest file 'my_social_nav_interfaces.egg-info/SOURCES.txt'
[3.595s] [  5%] Built target ament_cmake_python_build_my_social_nav_interfaces_egg
[3.648s] [  7%] [32mBuilding C object CMakeFiles/my_social_nav_interfaces__rosidl_generator_c.dir/rosidl_generator_c/my_social_nav_interfaces/msg/detail/human_array__functions.c.o[0m
[3.658s] [ 10%] [32mBuilding C object CMakeFiles/my_social_nav_interfaces__rosidl_generator_c.dir/rosidl_generator_c/my_social_nav_interfaces/msg/detail/human_pose_vel__functions.c.o[0m
[3.686s] [ 10%] Built target my_social_nav_interfaces__cpp
[3.698s] [ 12%] [34m[1mGenerating C++ type support for eProsima Fast-RTPS[0m
[3.698s] [ 15%] [34m[1mGenerating C++ type support dispatch for ROS interfaces[0m
[3.700s] [ 17%] [34m[1mGenerating C++ introspection for ROS interfaces[0m
[3.718s] [ 20%] [32m[1mLinking C shared library libmy_social_nav_interfaces__rosidl_generator_c.so[0m
[3.774s] [ 20%] Built target my_social_nav_interfaces__rosidl_generator_c
[3.788s] [ 23%] [34m[1mGenerating C type support for eProsima Fast-RTPS[0m
[3.790s] [ 25%] [34m[1mGenerating C introspection for ROS interfaces[0m
[3.790s] [ 28%] [34m[1mGenerating C type support dispatch for ROS interfaces[0m
[4.217s] [ 33%] [32mBuilding CXX object CMakeFiles/my_social_nav_interfaces__rosidl_typesupport_introspection_cpp.dir/rosidl_typesupport_introspection_cpp/my_social_nav_interfaces/msg/detail/human_pose_vel__type_support.cpp.o[0m
[4.217s] [ 33%] [32mBuilding CXX object CMakeFiles/my_social_nav_interfaces__rosidl_typesupport_introspection_cpp.dir/rosidl_typesupport_introspection_cpp/my_social_nav_interfaces/msg/detail/human_array__type_support.cpp.o[0m
[4.236s] [ 35%] [32mBuilding CXX object CMakeFiles/my_social_nav_interfaces__rosidl_typesupport_cpp.dir/rosidl_typesupport_cpp/my_social_nav_interfaces/msg/human_pose_vel__type_support.cpp.o[0m
[4.239s] [ 38%] [32mBuilding CXX object CMakeFiles/my_social_nav_interfaces__rosidl_typesupport_cpp.dir/rosidl_typesupport_cpp/my_social_nav_interfaces/msg/human_array__type_support.cpp.o[0m
[4.302s] [ 41%] [32mBuilding CXX object CMakeFiles/my_social_nav_interfaces__rosidl_typesupport_fastrtps_cpp.dir/rosidl_typesupport_fastrtps_cpp/my_social_nav_interfaces/msg/detail/dds_fastrtps/human_array__type_support.cpp.o[0m
[4.307s] [ 43%] [32mBuilding CXX object CMakeFiles/my_social_nav_interfaces__rosidl_typesupport_fastrtps_cpp.dir/rosidl_typesupport_fastrtps_cpp/my_social_nav_interfaces/msg/detail/dds_fastrtps/human_pose_vel__type_support.cpp.o[0m
[4.349s] [ 46%] [32mBuilding C object CMakeFiles/my_social_nav_interfaces__rosidl_typesupport_introspection_c.dir/rosidl_typesupport_introspection_c/my_social_nav_interfaces/msg/detail/human_array__type_support.c.o[0m
[4.367s] [ 48%] [32mBuilding C object CMakeFiles/my_social_nav_interfaces__rosidl_typesupport_introspection_c.dir/rosidl_typesupport_introspection_c/my_social_nav_interfaces/msg/detail/human_pose_vel__type_support.c.o[0m
[4.371s] [ 51%] [32mBuilding CXX object CMakeFiles/my_social_nav_interfaces__rosidl_typesupport_c.dir/rosidl_typesupport_c/my_social_nav_interfaces/msg/human_array__type_support.cpp.o[0m
[4.394s] [ 53%] [32mBuilding CXX object CMakeFiles/my_social_nav_interfaces__rosidl_typesupport_c.dir/rosidl_typesupport_c/my_social_nav_interfaces/msg/human_pose_vel__type_support.cpp.o[0m
[4.415s] [ 56%] [32mBuilding CXX object CMakeFiles/my_social_nav_interfaces__rosidl_typesupport_fastrtps_c.dir/rosidl_typesupport_fastrtps_c/my_social_nav_interfaces/msg/detail/human_array__type_support_c.cpp.o[0m
[4.416s] [ 58%] [32mBuilding CXX object CMakeFiles/my_social_nav_interfaces__rosidl_typesupport_fastrtps_c.dir/rosidl_typesupport_fastrtps_c/my_social_nav_interfaces/msg/detail/human_pose_vel__type_support_c.cpp.o[0m
[4.429s] [ 61%] [32m[1mLinking C shared library libmy_social_nav_interfaces__rosidl_typesupport_introspection_c.so[0m
[4.488s] [ 61%] Built target my_social_nav_interfaces__rosidl_typesupport_introspection_c
[4.496s] [ 64%] [32m[1mLinking CXX shared library libmy_social_nav_interfaces__rosidl_typesupport_c.so[0m
[4.617s] [ 64%] Built target my_social_nav_interfaces__rosidl_typesupport_c
[4.728s] [ 66%] [32m[1mLinking CXX shared library libmy_social_nav_interfaces__rosidl_typesupport_cpp.so[0m
[4.791s] [ 66%] Built target my_social_nav_interfaces__rosidl_typesupport_cpp
[4.915s] [ 69%] [32m[1mLinking CXX shared library libmy_social_nav_interfaces__rosidl_typesupport_introspection_cpp.so[0m
[5.017s] [ 71%] [32m[1mLinking CXX shared library libmy_social_nav_interfaces__rosidl_typesupport_fastrtps_c.so[0m
[5.022s] [ 74%] [32m[1mLinking CXX shared library libmy_social_nav_interfaces__rosidl_typesupport_fastrtps_cpp.so[0m
[5.032s] [ 74%] Built target my_social_nav_interfaces__rosidl_typesupport_introspection_cpp
[5.119s] [ 74%] Built target my_social_nav_interfaces__rosidl_typesupport_fastrtps_c
[5.124s] [ 74%] Built target my_social_nav_interfaces__rosidl_typesupport_fastrtps_cpp
[5.148s] [ 74%] Built target my_social_nav_interfaces
[5.175s] [ 76%] [34m[1mGenerating Python code for ROS interfaces[0m
[5.804s] [ 76%] Built target my_social_nav_interfaces__py
[5.821s] [ 82%] [32mBuilding C object CMakeFiles/my_social_nav_interfaces__rosidl_generator_py.dir/rosidl_generator_py/my_social_nav_interfaces/msg/_human_pose_vel_s.c.o[0m
[5.821s] [ 82%] [32mBuilding C object CMakeFiles/my_social_nav_interfaces__rosidl_generator_py.dir/rosidl_generator_py/my_social_nav_interfaces/msg/_human_array_s.c.o[0m
[5.951s] [ 84%] [32m[1mLinking C shared library rosidl_generator_py/my_social_nav_interfaces/libmy_social_nav_interfaces__rosidl_generator_py.so[0m
[5.999s] [ 84%] Built target my_social_nav_interfaces__rosidl_generator_py
[6.017s] [ 92%] [32mBuilding C object CMakeFiles/my_social_nav_interfaces__rosidl_typesupport_introspection_c__pyext.dir/rosidl_generator_py/my_social_nav_interfaces/_my_social_nav_interfaces_s.ep.rosidl_typesupport_introspection_c.c.o[0m
[6.017s] [ 92%] [32mBuilding C object CMakeFiles/my_social_nav_interfaces__rosidl_typesupport_fastrtps_c__pyext.dir/rosidl_generator_py/my_social_nav_interfaces/_my_social_nav_interfaces_s.ep.rosidl_typesupport_fastrtps_c.c.o[0m
[6.017s] [ 92%] [32mBuilding C object CMakeFiles/my_social_nav_interfaces__rosidl_typesupport_c__pyext.dir/rosidl_generator_py/my_social_nav_interfaces/_my_social_nav_interfaces_s.ep.rosidl_typesupport_c.c.o[0m
[6.144s] [ 97%] [32m[1mLinking C shared library rosidl_generator_py/my_social_nav_interfaces/my_social_nav_interfaces_s__rosidl_typesupport_c.cpython-310-x86_64-linux-gnu.so[0m
[6.145s] [ 97%] [32m[1mLinking C shared library rosidl_generator_py/my_social_nav_interfaces/my_social_nav_interfaces_s__rosidl_typesupport_introspection_c.cpython-310-x86_64-linux-gnu.so[0m
[6.145s] [100%] [32m[1mLinking C shared library rosidl_generator_py/my_social_nav_interfaces/my_social_nav_interfaces_s__rosidl_typesupport_fastrtps_c.cpython-310-x86_64-linux-gnu.so[0m
[6.195s] [100%] Built target my_social_nav_interfaces__rosidl_typesupport_c__pyext
[6.195s] [100%] Built target my_social_nav_interfaces__rosidl_typesupport_fastrtps_c__pyext
[6.195s] [100%] Built target my_social_nav_interfaces__rosidl_typesupport_introspection_c__pyext
[6.206s] Invoked command in '/home/wim/Documents/social_momentum_venv/social_momentum_MPPI/build/my_social_nav_interfaces' returned '0': CMAKE_PREFIX_PATH=${CMAKE_PREFIX_PATH}:/home/wim/tiago_public_ws/install/launch_pal:/opt/ros/humble /usr/bin/cmake --build /home/wim/Documents/social_momentum_venv/social_momentum_MPPI/build/my_social_nav_interfaces -- -j12 -l12
[6.215s] Invoking command in '/home/wim/Documents/social_momentum_venv/social_momentum_MPPI/build/my_social_nav_interfaces': CMAKE_PREFIX_PATH=${CMAKE_PREFIX_PATH}:/home/wim/tiago_public_ws/install/launch_pal:/opt/ros/humble /usr/bin/cmake --install /home/wim/Documents/social_momentum_venv/social_momentum_MPPI/build/my_social_nav_interfaces
[6.221s] -- Install configuration: ""
[6.221s] -- Installing: /home/wim/Documents/social_momentum_venv/social_momentum_MPPI/install/my_social_nav_interfaces/share/ament_index/resource_index/rosidl_interfaces/my_social_nav_interfaces
[6.221s] -- Installing: /home/wim/Documents/social_momentum_venv/social_momentum_MPPI/install/my_social_nav_interfaces/include/my_social_nav_interfaces/my_social_nav_interfaces
[6.222s] -- Installing: /home/wim/Documents/social_momentum_venv/social_momentum_MPPI/install/my_social_nav_interfaces/include/my_social_nav_interfaces/my_social_nav_interfaces/msg
[6.222s] -- Installing: /home/wim/Documents/social_momentum_venv/social_momentum_MPPI/install/my_social_nav_interfaces/include/my_social_nav_interfaces/my_social_nav_interfaces/msg/rosidl_generator_c__visibility_control.h
[6.222s] -- Installing: /home/wim/Documents/social_momentum_venv/social_momentum_MPPI/install/my_social_nav_interfaces/include/my_social_nav_interfaces/my_social_nav_interfaces/msg/detail
[6.222s] -- Installing: /home/wim/Documents/social_momentum_venv/social_momentum_MPPI/install/my_social_nav_interfaces/include/my_social_nav_interfaces/my_social_nav_interfaces/msg/detail/human_array__functions.h
[6.222s] -- Installing: /home/wim/Documents/social_momentum_venv/social_momentum_MPPI/install/my_social_nav_interfaces/include/my_social_nav_interfaces/my_social_nav_interfaces/msg/detail/human_pose_vel__struct.h
[6.222s] -- Installing: /home/wim/Documents/social_momentum_venv/social_momentum_MPPI/install/my_social_nav_interfaces/include/my_social_nav_interfaces/my_social_nav_interfaces/msg/detail/human_pose_vel__functions.h
[6.222s] -- Installing: /home/wim/Documents/social_momentum_venv/social_momentum_MPPI/install/my_social_nav_interfaces/include/my_social_nav_interfaces/my_social_nav_interfaces/msg/detail/human_pose_vel__functions.c
[6.222s] -- Installing: /home/wim/Documents/social_momentum_venv/social_momentum_MPPI/install/my_social_nav_interfaces/include/my_social_nav_interfaces/my_social_nav_interfaces/msg/detail/human_array__struct.h
[6.222s] -- Installing: /home/wim/Documents/social_momentum_venv/social_momentum_MPPI/install/my_social_nav_interfaces/include/my_social_nav_interfaces/my_social_nav_interfaces/msg/detail/human_array__functions.c
[6.223s] -- Installing: /home/wim/Documents/social_momentum_venv/social_momentum_MPPI/install/my_social_nav_interfaces/include/my_social_nav_interfaces/my_social_nav_interfaces/msg/detail/human_pose_vel__type_support.h
[6.223s] -- Installing: /home/wim/Documents/social_momentum_venv/social_momentum_MPPI/install/my_social_nav_interfaces/include/my_social_nav_interfaces/my_social_nav_interfaces/msg/detail/human_array__type_support.h
[6.223s] -- Installing: /home/wim/Documents/social_momentum_venv/social_momentum_MPPI/install/my_social_nav_interfaces/include/my_social_nav_interfaces/my_social_nav_interfaces/msg/human_pose_vel.h
[6.223s] -- Installing: /home/wim/Documents/social_momentum_venv/social_momentum_MPPI/install/my_social_nav_interfaces/include/my_social_nav_interfaces/my_social_nav_interfaces/msg/human_array.h
[6.223s] -- Installing: /home/wim/Documents/social_momentum_venv/social_momentum_MPPI/install/my_social_nav_interfaces/share/my_social_nav_interfaces/environment/library_path.sh
[6.223s] -- Installing: /home/wim/Documents/social_momentum_venv/social_momentum_MPPI/install/my_social_nav_interfaces/share/my_social_nav_interfaces/environment/library_path.dsv
[6.224s] -- Installing: /home/wim/Documents/social_momentum_venv/social_momentum_MPPI/install/my_social_nav_interfaces/lib/libmy_social_nav_interfaces__rosidl_generator_c.so
[6.224s] -- Set runtime path of "/home/wim/Documents/social_momentum_venv/social_momentum_MPPI/install/my_social_nav_interfaces/lib/libmy_social_nav_interfaces__rosidl_generator_c.so" to ""
[6.224s] -- Up-to-date: /home/wim/Documents/social_momentum_venv/social_momentum_MPPI/install/my_social_nav_interfaces/include/my_social_nav_interfaces/my_social_nav_interfaces
[6.224s] -- Up-to-date: /home/wim/Documents/social_momentum_venv/social_momentum_MPPI/install/my_social_nav_interfaces/include/my_social_nav_interfaces/my_social_nav_interfaces/msg
[6.224s] -- Up-to-date: /home/wim/Documents/social_momentum_venv/social_momentum_MPPI/install/my_social_nav_interfaces/include/my_social_nav_interfaces/my_social_nav_interfaces/msg/detail
[6.224s] -- Installing: /home/wim/Documents/social_momentum_venv/social_momentum_MPPI/install/my_social_nav_interfaces/include/my_social_nav_interfaces/my_social_nav_interfaces/msg/detail/human_array__rosidl_typesupport_fastrtps_c.h
[6.224s] -- Installing: /home/wim/Documents/social_momentum_venv/social_momentum_MPPI/install/my_social_nav_interfaces/include/my_social_nav_interfaces/my_social_nav_interfaces/msg/detail/human_pose_vel__rosidl_typesupport_fastrtps_c.h
[6.224s] -- Installing: /home/wim/Documents/social_momentum_venv/social_momentum_MPPI/install/my_social_nav_interfaces/include/my_social_nav_interfaces/my_social_nav_interfaces/msg/rosidl_typesupport_fastrtps_c__visibility_control.h
[6.225s] -- Installing: /home/wim/Documents/social_momentum_venv/social_momentum_MPPI/install/my_social_nav_interfaces/lib/libmy_social_nav_interfaces__rosidl_typesupport_fastrtps_c.so
[6.225s] -- Set runtime path of "/home/wim/Documents/social_momentum_venv/social_momentum_MPPI/install/my_social_nav_interfaces/lib/libmy_social_nav_interfaces__rosidl_typesupport_fastrtps_c.so" to ""
[6.225s] -- Up-to-date: /home/wim/Documents/social_momentum_venv/social_momentum_MPPI/install/my_social_nav_interfaces/include/my_social_nav_interfaces/my_social_nav_interfaces
[6.225s] -- Up-to-date: /home/wim/Documents/social_momentum_venv/social_momentum_MPPI/install/my_social_nav_interfaces/include/my_social_nav_interfaces/my_social_nav_interfaces/msg
[6.225s] -- Installing: /home/wim/Documents/social_momentum_venv/social_momentum_MPPI/install/my_social_nav_interfaces/include/my_social_nav_interfaces/my_social_nav_interfaces/msg/human_pose_vel.hpp
[6.225s] -- Up-to-date: /home/wim/Documents/social_momentum_venv/social_momentum_MPPI/install/my_social_nav_interfaces/include/my_social_nav_interfaces/my_social_nav_interfaces/msg/detail
[6.225s] -- Installing: /home/wim/Documents/social_momentum_venv/social_momentum_MPPI/install/my_social_nav_interfaces/include/my_social_nav_interfaces/my_social_nav_interfaces/msg/detail/human_pose_vel__traits.hpp
[6.226s] -- Installing: /home/wim/Documents/social_momentum_venv/social_momentum_MPPI/install/my_social_nav_interfaces/include/my_social_nav_interfaces/my_social_nav_interfaces/msg/detail/human_array__traits.hpp
[6.226s] -- Installing: /home/wim/Documents/social_momentum_venv/social_momentum_MPPI/install/my_social_nav_interfaces/include/my_social_nav_interfaces/my_social_nav_interfaces/msg/detail/human_pose_vel__struct.hpp
[6.226s] -- Installing: /home/wim/Documents/social_momentum_venv/social_momentum_MPPI/install/my_social_nav_interfaces/include/my_social_nav_interfaces/my_social_nav_interfaces/msg/detail/human_array__builder.hpp
[6.226s] -- Installing: /home/wim/Documents/social_momentum_venv/social_momentum_MPPI/install/my_social_nav_interfaces/include/my_social_nav_interfaces/my_social_nav_interfaces/msg/detail/human_array__type_support.hpp
[6.226s] -- Installing: /home/wim/Documents/social_momentum_venv/social_momentum_MPPI/install/my_social_nav_interfaces/include/my_social_nav_interfaces/my_social_nav_interfaces/msg/detail/human_array__struct.hpp
[6.226s] -- Installing: /home/wim/Documents/social_momentum_venv/social_momentum_MPPI/install/my_social_nav_interfaces/include/my_social_nav_interfaces/my_social_nav_interfaces/msg/detail/human_pose_vel__type_support.hpp
[6.226s] -- Installing: /home/wim/Documents/social_momentum_venv/social_momentum_MPPI/install/my_social_nav_interfaces/include/my_social_nav_interfaces/my_social_nav_interfaces/msg/detail/human_pose_vel__builder.hpp
[6.226s] -- Installing: /home/wim/Documents/social_momentum_venv/social_momentum_MPPI/install/my_social_nav_interfaces/include/my_social_nav_interfaces/my_social_nav_interfaces/msg/human_array.hpp
[6.226s] -- Installing: /home/wim/Documents/social_momentum_venv/social_momentum_MPPI/install/my_social_nav_interfaces/include/my_social_nav_interfaces/my_social_nav_interfaces/msg/rosidl_generator_cpp__visibility_control.hpp
[6.226s] -- Up-to-date: /home/wim/Documents/social_momentum_venv/social_momentum_MPPI/install/my_social_nav_interfaces/include/my_social_nav_interfaces/my_social_nav_interfaces
[6.227s] -- Up-to-date: /home/wim/Documents/social_momentum_venv/social_momentum_MPPI/install/my_social_nav_interfaces/include/my_social_nav_interfaces/my_social_nav_interfaces/msg
[6.227s] -- Up-to-date: /home/wim/Documents/social_momentum_venv/social_momentum_MPPI/install/my_social_nav_interfaces/include/my_social_nav_interfaces/my_social_nav_interfaces/msg/detail
[6.227s] -- Installing: /home/wim/Documents/social_momentum_venv/social_momentum_MPPI/install/my_social_nav_interfaces/include/my_social_nav_interfaces/my_social_nav_interfaces/msg/detail/human_pose_vel__rosidl_typesupport_fastrtps_cpp.hpp
[6.227s] -- Installing: /home/wim/Documents/social_momentum_venv/social_momentum_MPPI/install/my_social_nav_interfaces/include/my_social_nav_interfaces/my_social_nav_interfaces/msg/detail/human_array__rosidl_typesupport_fastrtps_cpp.hpp
[6.227s] -- Installing: /home/wim/Documents/social_momentum_venv/social_momentum_MPPI/install/my_social_nav_interfaces/include/my_social_nav_interfaces/my_social_nav_interfaces/msg/detail/dds_fastrtps
[6.227s] -- Installing: /home/wim/Documents/social_momentum_venv/social_momentum_MPPI/install/my_social_nav_interfaces/include/my_social_nav_interfaces/my_social_nav_interfaces/msg/rosidl_typesupport_fastrtps_cpp__visibility_control.h
[6.227s] -- Installing: /home/wim/Documents/social_momentum_venv/social_momentum_MPPI/install/my_social_nav_interfaces/lib/libmy_social_nav_interfaces__rosidl_typesupport_fastrtps_cpp.so
[6.227s] -- Set runtime path of "/home/wim/Documents/social_momentum_venv/social_momentum_MPPI/install/my_social_nav_interfaces/lib/libmy_social_nav_interfaces__rosidl_typesupport_fastrtps_cpp.so" to ""
[6.228s] -- Up-to-date: /home/wim/Documents/social_momentum_venv/social_momentum_MPPI/install/my_social_nav_interfaces/include/my_social_nav_interfaces/my_social_nav_interfaces
[6.228s] -- Up-to-date: /home/wim/Documents/social_momentum_venv/social_momentum_MPPI/install/my_social_nav_interfaces/include/my_social_nav_interfaces/my_social_nav_interfaces/msg
[6.228s] -- Installing: /home/wim/Documents/social_momentum_venv/social_momentum_MPPI/install/my_social_nav_interfaces/include/my_social_nav_interfaces/my_social_nav_interfaces/msg/rosidl_typesupport_introspection_c__visibility_control.h
[6.228s] -- Up-to-date: /home/wim/Documents/social_momentum_venv/social_momentum_MPPI/install/my_social_nav_interfaces/include/my_social_nav_interfaces/my_social_nav_interfaces/msg/detail
[6.228s] -- Installing: /home/wim/Documents/social_momentum_venv/social_momentum_MPPI/install/my_social_nav_interfaces/include/my_social_nav_interfaces/my_social_nav_interfaces/msg/detail/human_array__rosidl_typesupport_introspection_c.h
[6.228s] -- Installing: /home/wim/Documents/social_momentum_venv/social_momentum_MPPI/install/my_social_nav_interfaces/include/my_social_nav_interfaces/my_social_nav_interfaces/msg/detail/human_pose_vel__rosidl_typesupport_introspection_c.h
[6.228s] -- Installing: /home/wim/Documents/social_momentum_venv/social_momentum_MPPI/install/my_social_nav_interfaces/include/my_social_nav_interfaces/my_social_nav_interfaces/msg/detail/human_pose_vel__type_support.c
[6.228s] -- Installing: /home/wim/Documents/social_momentum_venv/social_momentum_MPPI/install/my_social_nav_interfaces/include/my_social_nav_interfaces/my_social_nav_interfaces/msg/detail/human_array__type_support.c
[6.228s] -- Installing: /home/wim/Documents/social_momentum_venv/social_momentum_MPPI/install/my_social_nav_interfaces/lib/libmy_social_nav_interfaces__rosidl_typesupport_introspection_c.so
[6.229s] -- Set runtime path of "/home/wim/Documents/social_momentum_venv/social_momentum_MPPI/install/my_social_nav_interfaces/lib/libmy_social_nav_interfaces__rosidl_typesupport_introspection_c.so" to ""
[6.233s] -- Installing: /home/wim/Documents/social_momentum_venv/social_momentum_MPPI/install/my_social_nav_interfaces/lib/libmy_social_nav_interfaces__rosidl_typesupport_c.so
[6.233s] -- Set runtime path of "/home/wim/Documents/social_momentum_venv/social_momentum_MPPI/install/my_social_nav_interfaces/lib/libmy_social_nav_interfaces__rosidl_typesupport_c.so" to ""
[6.233s] -- Up-to-date: /home/wim/Documents/social_momentum_venv/social_momentum_MPPI/install/my_social_nav_interfaces/include/my_social_nav_interfaces/my_social_nav_interfaces
[6.234s] -- Up-to-date: /home/wim/Documents/social_momentum_venv/social_momentum_MPPI/install/my_social_nav_interfaces/include/my_social_nav_interfaces/my_social_nav_interfaces/msg
[6.234s] -- Up-to-date: /home/wim/Documents/social_momentum_venv/social_momentum_MPPI/install/my_social_nav_interfaces/include/my_social_nav_interfaces/my_social_nav_interfaces/msg/detail
[6.234s] -- Installing: /home/wim/Documents/social_momentum_venv/social_momentum_MPPI/install/my_social_nav_interfaces/include/my_social_nav_interfaces/my_social_nav_interfaces/msg/detail/human_pose_vel__rosidl_typesupport_introspection_cpp.hpp
[6.234s] -- Installing: /home/wim/Documents/social_momentum_venv/social_momentum_MPPI/install/my_social_nav_interfaces/include/my_social_nav_interfaces/my_social_nav_interfaces/msg/detail/human_array__rosidl_typesupport_introspection_cpp.hpp
[6.234s] -- Installing: /home/wim/Documents/social_momentum_venv/social_momentum_MPPI/install/my_social_nav_interfaces/include/my_social_nav_interfaces/my_social_nav_interfaces/msg/detail/human_array__type_support.cpp
[6.234s] -- Installing: /home/wim/Documents/social_momentum_venv/social_momentum_MPPI/install/my_social_nav_interfaces/include/my_social_nav_interfaces/my_social_nav_interfaces/msg/detail/human_pose_vel__type_support.cpp
[6.234s] -- Installing: /home/wim/Documents/social_momentum_venv/social_momentum_MPPI/install/my_social_nav_interfaces/lib/libmy_social_nav_interfaces__rosidl_typesupport_introspection_cpp.so
[6.234s] -- Set runtime path of "/home/wim/Documents/social_momentum_venv/social_momentum_MPPI/install/my_social_nav_interfaces/lib/libmy_social_nav_interfaces__rosidl_typesupport_introspection_cpp.so" to ""
[6.234s] -- Installing: /home/wim/Documents/social_momentum_venv/social_momentum_MPPI/install/my_social_nav_interfaces/lib/libmy_social_nav_interfaces__rosidl_typesupport_cpp.so
[6.234s] -- Set runtime path of "/home/wim/Documents/social_momentum_venv/social_momentum_MPPI/install/my_social_nav_interfaces/lib/libmy_social_nav_interfaces__rosidl_typesupport_cpp.so" to ""
[6.235s] -- Installing: /home/wim/Documents/social_momentum_venv/social_momentum_MPPI/install/my_social_nav_interfaces/share/my_social_nav_interfaces/environment/pythonpath.sh
[6.235s] -- Installing: /home/wim/Documents/social_momentum_venv/social_momentum_MPPI/install/my_social_nav_interfaces/share/my_social_nav_interfaces/environment/pythonpath.dsv
[6.235s] -- Installing: /home/wim/Documents/social_momentum_venv/social_momentum_MPPI/install/my_social_nav_interfaces/local/lib/python3.10/dist-packages/my_social_nav_interfaces-0.0.0-py3.10.egg-info
[6.235s] -- Installing: /home/wim/Documents/social_momentum_venv/social_momentum_MPPI/install/my_social_nav_interfaces/local/lib/python3.10/dist-packages/my_social_nav_interfaces-0.0.0-py3.10.egg-info/dependency_links.txt
[6.235s] -- Installing: /home/wim/Documents/social_momentum_venv/social_momentum_MPPI/install/my_social_nav_interfaces/local/lib/python3.10/dist-packages/my_social_nav_interfaces-0.0.0-py3.10.egg-info/top_level.txt
[6.235s] -- Installing: /home/wim/Documents/social_momentum_venv/social_momentum_MPPI/install/my_social_nav_interfaces/local/lib/python3.10/dist-packages/my_social_nav_interfaces-0.0.0-py3.10.egg-info/SOURCES.txt
[6.235s] -- Installing: /home/wim/Documents/social_momentum_venv/social_momentum_MPPI/install/my_social_nav_interfaces/local/lib/python3.10/dist-packages/my_social_nav_interfaces-0.0.0-py3.10.egg-info/PKG-INFO
[6.235s] -- Installing: /home/wim/Documents/social_momentum_venv/social_momentum_MPPI/install/my_social_nav_interfaces/local/lib/python3.10/dist-packages/my_social_nav_interfaces
[6.235s] -- Installing: /home/wim/Documents/social_momentum_venv/social_momentum_MPPI/install/my_social_nav_interfaces/local/lib/python3.10/dist-packages/my_social_nav_interfaces/libmy_social_nav_interfaces__rosidl_generator_py.so
[6.235s] -- Installing: /home/wim/Documents/social_momentum_venv/social_momentum_MPPI/install/my_social_nav_interfaces/local/lib/python3.10/dist-packages/my_social_nav_interfaces/my_social_nav_interfaces_s__rosidl_typesupport_c.cpython-310-x86_64-linux-gnu.so
[6.236s] -- Installing: /home/wim/Documents/social_momentum_venv/social_momentum_MPPI/install/my_social_nav_interfaces/local/lib/python3.10/dist-packages/my_social_nav_interfaces/my_social_nav_interfaces_s__rosidl_typesupport_fastrtps_c.cpython-310-x86_64-linux-gnu.so
[6.236s] -- Installing: /home/wim/Documents/social_momentum_venv/social_momentum_MPPI/install/my_social_nav_interfaces/local/lib/python3.10/dist-packages/my_social_nav_interfaces/_my_social_nav_interfaces_s.ep.rosidl_typesupport_fastrtps_c.c
[6.236s] -- Installing: /home/wim/Documents/social_momentum_venv/social_momentum_MPPI/install/my_social_nav_interfaces/local/lib/python3.10/dist-packages/my_social_nav_interfaces/_my_social_nav_interfaces_s.ep.rosidl_typesupport_c.c
[6.236s] -- Installing: /home/wim/Documents/social_momentum_venv/social_momentum_MPPI/install/my_social_nav_interfaces/local/lib/python3.10/dist-packages/my_social_nav_interfaces/my_social_nav_interfaces_s__rosidl_typesupport_introspection_c.cpython-310-x86_64-linux-gnu.so
[6.236s] -- Installing: /home/wim/Documents/social_momentum_venv/social_momentum_MPPI/install/my_social_nav_interfaces/local/lib/python3.10/dist-packages/my_social_nav_interfaces/__init__.py
[6.236s] -- Installing: /home/wim/Documents/social_momentum_venv/social_momentum_MPPI/install/my_social_nav_interfaces/local/lib/python3.10/dist-packages/my_social_nav_interfaces/_my_social_nav_interfaces_s.ep.rosidl_typesupport_introspection_c.c
[6.236s] -- Installing: /home/wim/Documents/social_momentum_venv/social_momentum_MPPI/install/my_social_nav_interfaces/local/lib/python3.10/dist-packages/my_social_nav_interfaces/msg
[6.237s] -- Installing: /home/wim/Documents/social_momentum_venv/social_momentum_MPPI/install/my_social_nav_interfaces/local/lib/python3.10/dist-packages/my_social_nav_interfaces/msg/_human_pose_vel_s.c
[6.237s] -- Installing: /home/wim/Documents/social_momentum_venv/social_momentum_MPPI/install/my_social_nav_interfaces/local/lib/python3.10/dist-packages/my_social_nav_interfaces/msg/_human_array.py
[6.237s] -- Installing: /home/wim/Documents/social_momentum_venv/social_momentum_MPPI/install/my_social_nav_interfaces/local/lib/python3.10/dist-packages/my_social_nav_interfaces/msg/_human_pose_vel.py
[6.237s] -- Installing: /home/wim/Documents/social_momentum_venv/social_momentum_MPPI/install/my_social_nav_interfaces/local/lib/python3.10/dist-packages/my_social_nav_interfaces/msg/_human_array_s.c
[6.237s] -- Installing: /home/wim/Documents/social_momentum_venv/social_momentum_MPPI/install/my_social_nav_interfaces/local/lib/python3.10/dist-packages/my_social_nav_interfaces/msg/__init__.py
[6.289s] Listing '/home/wim/Documents/social_momentum_venv/social_momentum_MPPI/install/my_social_nav_interfaces/local/lib/python3.10/dist-packages/my_social_nav_interfaces'...
[6.289s] Compiling '/home/wim/Documents/social_momentum_venv/social_momentum_MPPI/install/my_social_nav_interfaces/local/lib/python3.10/dist-packages/my_social_nav_interfaces/__init__.py'...
[6.290s] Listing '/home/wim/Documents/social_momentum_venv/social_momentum_MPPI/install/my_social_nav_interfaces/local/lib/python3.10/dist-packages/my_social_nav_interfaces/msg'...
[6.290s] Compiling '/home/wim/Documents/social_momentum_venv/social_momentum_MPPI/install/my_social_nav_interfaces/local/lib/python3.10/dist-packages/my_social_nav_interfaces/msg/__init__.py'...
[6.290s] Compiling '/home/wim/Documents/social_momentum_venv/social_momentum_MPPI/install/my_social_nav_interfaces/local/lib/python3.10/dist-packages/my_social_nav_interfaces/msg/_human_array.py'...
[6.290s] Compiling '/home/wim/Documents/social_momentum_venv/social_momentum_MPPI/install/my_social_nav_interfaces/local/lib/python3.10/dist-packages/my_social_nav_interfaces/msg/_human_pose_vel.py'...
[6.295s] -- Installing: /home/wim/Documents/social_momentum_venv/social_momentum_MPPI/install/my_social_nav_interfaces/local/lib/python3.10/dist-packages/my_social_nav_interfaces/my_social_nav_interfaces_s__rosidl_typesupport_fastrtps_c.cpython-310-x86_64-linux-gnu.so
[6.295s] -- Set runtime path of "/home/wim/Documents/social_momentum_venv/social_momentum_MPPI/install/my_social_nav_interfaces/local/lib/python3.10/dist-packages/my_social_nav_interfaces/my_social_nav_interfaces_s__rosidl_typesupport_fastrtps_c.cpython-310-x86_64-linux-gnu.so" to ""
[6.295s] -- Installing: /home/wim/Documents/social_momentum_venv/social_momentum_MPPI/install/my_social_nav_interfaces/local/lib/python3.10/dist-packages/my_social_nav_interfaces/my_social_nav_interfaces_s__rosidl_typesupport_introspection_c.cpython-310-x86_64-linux-gnu.so
[6.295s] -- Set runtime path of "/home/wim/Documents/social_momentum_venv/social_momentum_MPPI/install/my_social_nav_interfaces/local/lib/python3.10/dist-packages/my_social_nav_interfaces/my_social_nav_interfaces_s__rosidl_typesupport_introspection_c.cpython-310-x86_64-linux-gnu.so" to ""
[6.296s] -- Installing: /home/wim/Documents/social_momentum_venv/social_momentum_MPPI/install/my_social_nav_interfaces/local/lib/python3.10/dist-packages/my_social_nav_interfaces/my_social_nav_interfaces_s__rosidl_typesupport_c.cpython-310-x86_64-linux-gnu.so
[6.296s] -- Set runtime path of "/home/wim/Documents/social_momentum_venv/social_momentum_MPPI/install/my_social_nav_interfaces/local/lib/python3.10/dist-packages/my_social_nav_interfaces/my_social_nav_interfaces_s__rosidl_typesupport_c.cpython-310-x86_64-linux-gnu.so" to ""
[6.296s] -- Installing: /home/wim/Documents/social_momentum_venv/social_momentum_MPPI/install/my_social_nav_interfaces/lib/libmy_social_nav_interfaces__rosidl_generator_py.so
[6.296s] -- Set runtime path of "/home/wim/Documents/social_momentum_venv/social_momentum_MPPI/install/my_social_nav_interfaces/lib/libmy_social_nav_interfaces__rosidl_generator_py.so" to ""
[6.296s] -- Installing: /home/wim/Documents/social_momentum_venv/social_momentum_MPPI/install/my_social_nav_interfaces/share/my_social_nav_interfaces/msg/HumanArray.idl
[6.296s] -- Installing: /home/wim/Documents/social_momentum_venv/social_momentum_MPPI/install/my_social_nav_interfaces/share/my_social_nav_interfaces/msg/HumanPoseVel.idl
[6.297s] -- Installing: /home/wim/Documents/social_momentum_venv/social_momentum_MPPI/install/my_social_nav_interfaces/share/my_social_nav_interfaces/msg/HumanArray.msg
[6.297s] -- Installing: /home/wim/Documents/social_momentum_venv/social_momentum_MPPI/install/my_social_nav_interfaces/share/my_social_nav_interfaces/msg/HumanPoseVel.msg
[6.297s] -- Installing: /home/wim/Documents/social_momentum_venv/social_momentum_MPPI/install/my_social_nav_interfaces/share/ament_index/resource_index/package_run_dependencies/my_social_nav_interfaces
[6.297s] -- Installing: /home/wim/Documents/social_momentum_venv/social_momentum_MPPI/install/my_social_nav_interfaces/share/ament_index/resource_index/parent_prefix_path/my_social_nav_interfaces
[6.297s] -- Installing: /home/wim/Documents/social_momentum_venv/social_momentum_MPPI/install/my_social_nav_interfaces/share/my_social_nav_interfaces/environment/ament_prefix_path.sh
[6.297s] -- Installing: /home/wim/Documents/social_momentum_venv/social_momentum_MPPI/install/my_social_nav_interfaces/share/my_social_nav_interfaces/environment/ament_prefix_path.dsv
[6.297s] -- Installing: /home/wim/Documents/social_momentum_venv/social_momentum_MPPI/install/my_social_nav_interfaces/share/my_social_nav_interfaces/environment/path.sh
[6.298s] -- Installing: /home/wim/Documents/social_momentum_venv/social_momentum_MPPI/install/my_social_nav_interfaces/share/my_social_nav_interfaces/environment/path.dsv
[6.298s] -- Installing: /home/wim/Documents/social_momentum_venv/social_momentum_MPPI/install/my_social_nav_interfaces/share/my_social_nav_interfaces/local_setup.bash
[6.298s] -- Installing: /home/wim/Documents/social_momentum_venv/social_momentum_MPPI/install/my_social_nav_interfaces/share/my_social_nav_interfaces/local_setup.sh
[6.298s] -- Installing: /home/wim/Documents/social_momentum_venv/social_momentum_MPPI/install/my_social_nav_interfaces/share/my_social_nav_interfaces/local_setup.zsh
[6.298s] -- Installing: /home/wim/Documents/social_momentum_venv/social_momentum_MPPI/install/my_social_nav_interfaces/share/my_social_nav_interfaces/local_setup.dsv
[6.298s] -- Installing: /home/wim/Documents/social_momentum_venv/social_momentum_MPPI/install/my_social_nav_interfaces/share/my_social_nav_interfaces/package.dsv
[6.298s] -- Installing: /home/wim/Documents/social_momentum_venv/social_momentum_MPPI/install/my_social_nav_interfaces/share/ament_index/resource_index/packages/my_social_nav_interfaces
[6.299s] -- Installing: /home/wim/Documents/social_momentum_venv/social_momentum_MPPI/install/my_social_nav_interfaces/share/my_social_nav_interfaces/cmake/export_my_social_nav_interfaces__rosidl_generator_cExport.cmake
[6.299s] -- Installing: /home/wim/Documents/social_momentum_venv/social_momentum_MPPI/install/my_social_nav_interfaces/share/my_social_nav_interfaces/cmake/export_my_social_nav_interfaces__rosidl_generator_cExport-noconfig.cmake
[6.299s] -- Installing: /home/wim/Documents/social_momentum_venv/social_momentum_MPPI/install/my_social_nav_interfaces/share/my_social_nav_interfaces/cmake/export_my_social_nav_interfaces__rosidl_typesupport_fastrtps_cExport.cmake
[6.299s] -- Installing: /home/wim/Documents/social_momentum_venv/social_momentum_MPPI/install/my_social_nav_interfaces/share/my_social_nav_interfaces/cmake/export_my_social_nav_interfaces__rosidl_typesupport_fastrtps_cExport-noconfig.cmake
[6.299s] -- Installing: /home/wim/Documents/social_momentum_venv/social_momentum_MPPI/install/my_social_nav_interfaces/share/my_social_nav_interfaces/cmake/export_my_social_nav_interfaces__rosidl_generator_cppExport.cmake
[6.299s] -- Installing: /home/wim/Documents/social_momentum_venv/social_momentum_MPPI/install/my_social_nav_interfaces/share/my_social_nav_interfaces/cmake/export_my_social_nav_interfaces__rosidl_typesupport_fastrtps_cppExport.cmake
[6.300s] -- Installing: /home/wim/Documents/social_momentum_venv/social_momentum_MPPI/install/my_social_nav_interfaces/share/my_social_nav_interfaces/cmake/export_my_social_nav_interfaces__rosidl_typesupport_fastrtps_cppExport-noconfig.cmake
[6.300s] -- Installing: /home/wim/Documents/social_momentum_venv/social_momentum_MPPI/install/my_social_nav_interfaces/share/my_social_nav_interfaces/cmake/my_social_nav_interfaces__rosidl_typesupport_introspection_cExport.cmake
[6.300s] -- Installing: /home/wim/Documents/social_momentum_venv/social_momentum_MPPI/install/my_social_nav_interfaces/share/my_social_nav_interfaces/cmake/my_social_nav_interfaces__rosidl_typesupport_introspection_cExport-noconfig.cmake
[6.300s] -- Installing: /home/wim/Documents/social_momentum_venv/social_momentum_MPPI/install/my_social_nav_interfaces/share/my_social_nav_interfaces/cmake/my_social_nav_interfaces__rosidl_typesupport_cExport.cmake
[6.300s] -- Installing: /home/wim/Documents/social_momentum_venv/social_momentum_MPPI/install/my_social_nav_interfaces/share/my_social_nav_interfaces/cmake/my_social_nav_interfaces__rosidl_typesupport_cExport-noconfig.cmake
[6.301s] -- Installing: /home/wim/Documents/social_momentum_venv/social_momentum_MPPI/install/my_social_nav_interfaces/share/my_social_nav_interfaces/cmake/my_social_nav_interfaces__rosidl_typesupport_introspection_cppExport.cmake
[6.301s] -- Installing: /home/wim/Documents/social_momentum_venv/social_momentum_MPPI/install/my_social_nav_interfaces/share/my_social_nav_interfaces/cmake/my_social_nav_interfaces__rosidl_typesupport_introspection_cppExport-noconfig.cmake
[6.301s] -- Installing: /home/wim/Documents/social_momentum_venv/social_momentum_MPPI/install/my_social_nav_interfaces/share/my_social_nav_interfaces/cmake/my_social_nav_interfaces__rosidl_typesupport_cppExport.cmake
[6.301s] -- Installing: /home/wim/Documents/social_momentum_venv/social_momentum_MPPI/install/my_social_nav_interfaces/share/my_social_nav_interfaces/cmake/my_social_nav_interfaces__rosidl_typesupport_cppExport-noconfig.cmake
[6.301s] -- Installing: /home/wim/Documents/social_momentum_venv/social_momentum_MPPI/install/my_social_nav_interfaces/share/my_social_nav_interfaces/cmake/export_my_social_nav_interfaces__rosidl_generator_pyExport.cmake
[6.301s] -- Installing: /home/wim/Documents/social_momentum_venv/social_momentum_MPPI/install/my_social_nav_interfaces/share/my_social_nav_interfaces/cmake/export_my_social_nav_interfaces__rosidl_generator_pyExport-noconfig.cmake
[6.302s] -- Installing: /home/wim/Documents/social_momentum_venv/social_momentum_MPPI/install/my_social_nav_interfaces/share/my_social_nav_interfaces/cmake/rosidl_cmake-extras.cmake
[6.302s] -- Installing: /home/wim/Documents/social_momentum_venv/social_momentum_MPPI/install/my_social_nav_interfaces/share/my_social_nav_interfaces/cmake/ament_cmake_export_dependencies-extras.cmake
[6.302s] -- Installing: /home/wim/Documents/social_momentum_venv/social_momentum_MPPI/install/my_social_nav_interfaces/share/my_social_nav_interfaces/cmake/ament_cmake_export_include_directories-extras.cmake
[6.302s] -- Installing: /home/wim/Documents/social_momentum_venv/social_momentum_MPPI/install/my_social_nav_interfaces/share/my_social_nav_interfaces/cmake/ament_cmake_export_libraries-extras.cmake
[6.302s] -- Installing: /home/wim/Documents/social_momentum_venv/social_momentum_MPPI/install/my_social_nav_interfaces/share/my_social_nav_interfaces/cmake/ament_cmake_export_targets-extras.cmake
[6.302s] -- Installing: /home/wim/Documents/social_momentum_venv/social_momentum_MPPI/install/my_social_nav_interfaces/share/my_social_nav_interfaces/cmake/rosidl_cmake_export_typesupport_targets-extras.cmake
[6.302s] -- Installing: /home/wim/Documents/social_momentum_venv/social_momentum_MPPI/install/my_social_nav_interfaces/share/my_social_nav_interfaces/cmake/rosidl_cmake_export_typesupport_libraries-extras.cmake
[6.303s] -- Installing: /home/wim/Documents/social_momentum_venv/social_momentum_MPPI/install/my_social_nav_interfaces/share/my_social_nav_interfaces/cmake/my_social_nav_interfacesConfig.cmake
[6.303s] -- Installing: /home/wim/Documents/social_momentum_venv/social_momentum_MPPI/install/my_social_nav_interfaces/share/my_social_nav_interfaces/cmake/my_social_nav_interfacesConfig-version.cmake
[6.303s] -- Installing: /home/wim/Documents/social_momentum_venv/social_momentum_MPPI/install/my_social_nav_interfaces/share/my_social_nav_interfaces/package.xml
[6.305s] Invoked command in '/home/wim/Documents/social_momentum_venv/social_momentum_MPPI/build/my_social_nav_interfaces' returned '0': CMAKE_PREFIX_PATH=${CMAKE_PREFIX_PATH}:/home/wim/tiago_public_ws/install/launch_pal:/opt/ros/humble /usr/bin/cmake --install /home/wim/Documents/social_momentum_venv/social_momentum_MPPI/build/my_social_nav_interfaces
