[INFO] [1763025582.496604251] [tf2_monitor_main]: Waiting for transform odom ->  base_link: Invalid frame ID "odom" passed to canTransform argument target_frame - frame does not exist
Gathering data on odom -> base_link for 10 seconds...



RESULTS: for odom to base_link
Chain is: odom -> base_footprint -> base_link
Net delay     avg = 3.35455e+08: max = 1.76303e+09

Frames:
Frame: base_footprint, published by <no authority available>, Average Delay: 1.76303e+09, Max Delay: 1.76303e+09
Frame: base_link, published by <no authority available>, Average Delay: 32.6493, Max Delay: 32.6493

All Broadcasters:
Node: <no authority available> 93.5697 Hz, Average Delay: 1.76123e+09 Max Delay: 1.76303e+09



RESULTS: for odom to base_link
Chain is: odom -> base_footprint -> base_link
Net delay     avg = 6.07082e+08: max = 1.76303e+09

Frames:
Frame: base_footprint, published by <no authority available>, Average Delay: 1.76303e+09, Max Delay: 1.76303e+09
Frame: base_link, published by <no authority available>, Average Delay: 32.6493, Max Delay: 32.6493

All Broadcasters:
Node: <no authority available> 93.2784 Hz, Average Delay: 1.76303e+09 Max Delay: 1.76303e+09



RESULTS: for odom to base_link
Chain is: odom -> base_footprint -> base_link
Net delay     avg = 8.27026e+08: max = 1.76303e+09

Frames:
Frame: base_footprint, published by <no authority available>, Average Delay: 1.76303e+09, Max Delay: 1.76303e+09
Frame: base_link, published by <no authority available>, Average Delay: 32.6493, Max Delay: 32.6493

All Broadcasters:
Node: <no authority available> 93.0685 Hz, Average Delay: 1.76303e+09 Max Delay: 1.76303e+09



RESULTS: for odom to base_link
Chain is: odom -> base_footprint -> base_link
Net delay     avg = 1.00512e+09: max = 1.76303e+09

Frames:
Frame: base_footprint, published by <no authority available>, Average Delay: 1.76303e+09, Max Delay: 1.76303e+09
Frame: base_link, published by <no authority available>, Average Delay: 32.6493, Max Delay: 32.6493

All Broadcasters:
Node: <no authority available> 92.7176 Hz, Average Delay: 1.76303e+09 Max Delay: 1.76303e+09



RESULTS: for odom to base_link
Chain is: odom -> base_footprint -> base_link
Net delay     avg = 1.14933e+09: max = 1.76303e+09

Frames:
Frame: base_footprint, published by <no authority available>, Average Delay: 1.76303e+09, Max Delay: 1.76303e+09
Frame: base_link, published by <no authority available>, Average Delay: 32.6493, Max Delay: 32.6493

All Broadcasters:
Node: <no authority available> 92.569 Hz, Average Delay: 1.76303e+09 Max Delay: 1.76303e+09



RESULTS: for odom to base_link
Chain is: odom -> base_footprint -> base_link
Net delay     avg = 1.2661e+09: max = 1.76303e+09

Frames:
Frame: base_footprint, published by <no authority available>, Average Delay: 1.76303e+09, Max Delay: 1.76303e+09
Frame: base_link, published by <no authority available>, Average Delay: 32.6493, Max Delay: 32.6493

All Broadcasters:
Node: <no authority available> 92.0763 Hz, Average Delay: 1.76303e+09 Max Delay: 1.76303e+09



RESULTS: for odom to base_link
Chain is: odom -> base_footprint -> base_link
Net delay     avg = 1.36065e+09: max = 1.76303e+09

Frames:
Frame: base_footprint, published by <no authority available>, Average Delay: 1.76303e+09, Max Delay: 1.76303e+09
Frame: base_link, published by <no authority available>, Average Delay: 32.6493, Max Delay: 32.6493

All Broadcasters:
Node: <no authority available> 91.9967 Hz, Average Delay: 1.76303e+09 Max Delay: 1.76303e+09



RESULTS: for odom to base_link
Chain is: odom -> base_footprint -> base_link
Net delay     avg = 1.43721e+09: max = 1.76303e+09

Frames:
Frame: base_footprint, published by <no authority available>, Average Delay: 1.76303e+09, Max Delay: 1.76303e+09
Frame: base_link, published by <no authority available>, Average Delay: 32.6493, Max Delay: 32.6493

All Broadcasters:
Node: <no authority available> 92.6268 Hz, Average Delay: 1.76303e+09 Max Delay: 1.76303e+09



RESULTS: for odom to base_link
Chain is: odom -> base_footprint -> base_link
Net delay     avg = 1.4992e+09: max = 1.76303e+09

Frames:
Frame: base_footprint, published by <no authority available>, Average Delay: 1.76303e+09, Max Delay: 1.76303e+09
Frame: base_link, published by <no authority available>, Average Delay: 32.6493, Max Delay: 32.6493

All Broadcasters:
Node: <no authority available> 92.1538 Hz, Average Delay: 1.76303e+09 Max Delay: 1.76303e+09
[INFO] [1763025682.559562982] [rclcpp]: signal_handler(signum=15)
