[INFO] [1763025582.474613575] [tf2_monitor_main]: Waiting for transform map ->  base_link: Invalid frame ID "map" passed to canTransform argument target_frame - frame does not exist
[INFO] [1763025583.474912138] [tf2_monitor_main]: Waiting for transform map ->  base_link: Invalid frame ID "map" passed to canTransform argument target_frame - frame does not exist
[INFO] [1763025584.475090566] [tf2_monitor_main]: Waiting for transform map ->  base_link: Invalid frame ID "map" passed to canTransform argument target_frame - frame does not exist
[INFO] [1763025585.475278404] [tf2_monitor_main]: Waiting for transform map ->  base_link: Invalid frame ID "map" passed to canTransform argument target_frame - frame does not exist
[INFO] [1763025586.475454199] [tf2_monitor_main]: Waiting for transform map ->  base_link: Invalid frame ID "map" passed to canTransform argument target_frame - frame does not exist
[INFO] [1763025587.475611814] [tf2_monitor_main]: Waiting for transform map ->  base_link: Invalid frame ID "map" passed to canTransform argument target_frame - frame does not exist
[INFO] [1763025588.475828261] [tf2_monitor_main]: Waiting for transform map ->  base_link: Invalid frame ID "map" passed to canTransform argument target_frame - frame does not exist
[INFO] [1763025589.476014772] [tf2_monitor_main]: Waiting for transform map ->  base_link: Invalid frame ID "map" passed to canTransform argument target_frame - frame does not exist
[INFO] [1763025590.476193974] [tf2_monitor_main]: Waiting for transform map ->  base_link: Invalid frame ID "map" passed to canTransform argument target_frame - frame does not exist
[INFO] [1763025591.476328377] [tf2_monitor_main]: Waiting for transform map ->  base_link: Invalid frame ID "map" passed to canTransform argument target_frame - frame does not exist
[INFO] [1763025592.476508303] [tf2_monitor_main]: Waiting for transform map ->  base_link: Invalid frame ID "map" passed to canTransform argument target_frame - frame does not exist
[INFO] [1763025593.476734600] [tf2_monitor_main]: Waiting for transform map ->  base_link: Invalid frame ID "map" passed to canTransform argument target_frame - frame does not exist
[INFO] [1763025594.476930382] [tf2_monitor_main]: Waiting for transform map ->  base_link: Invalid frame ID "map" passed to canTransform argument target_frame - frame does not exist
[INFO] [1763025595.477120913] [tf2_monitor_main]: Waiting for transform map ->  base_link: Invalid frame ID "map" passed to canTransform argument target_frame - frame does not exist
[INFO] [1763025596.477300780] [tf2_monitor_main]: Waiting for transform map ->  base_link: Invalid frame ID "map" passed to canTransform argument target_frame - frame does not exist
[INFO] [1763025597.477510332] [tf2_monitor_main]: Waiting for transform map ->  base_link: Invalid frame ID "map" passed to canTransform argument target_frame - frame does not exist
[INFO] [1763025598.477686388] [tf2_monitor_main]: Waiting for transform map ->  base_link: Invalid frame ID "map" passed to canTransform argument target_frame - frame does not exist
[INFO] [1763025599.477879983] [tf2_monitor_main]: Waiting for transform map ->  base_link: Invalid frame ID "map" passed to canTransform argument target_frame - frame does not exist
[INFO] [1763025600.478067823] [tf2_monitor_main]: Waiting for transform map ->  base_link: Invalid frame ID "map" passed to canTransform argument target_frame - frame does not exist
[INFO] [1763025601.478714313] [tf2_monitor_main]: Waiting for transform map ->  base_link: Invalid frame ID "map" passed to canTransform argument target_frame - frame does not exist
[INFO] [1763025602.478910601] [tf2_monitor_main]: Waiting for transform map ->  base_link: Invalid frame ID "map" passed to canTransform argument target_frame - frame does not exist
[INFO] [1763025603.479181429] [tf2_monitor_main]: Waiting for transform map ->  base_link: Invalid frame ID "map" passed to canTransform argument target_frame - frame does not exist
[INFO] [1763025604.479402727] [tf2_monitor_main]: Waiting for transform map ->  base_link: Invalid frame ID "map" passed to canTransform argument target_frame - frame does not exist
[INFO] [1763025605.479646717] [tf2_monitor_main]: Waiting for transform map ->  base_link: Invalid frame ID "map" passed to canTransform argument target_frame - frame does not exist
[INFO] [1763025606.480063465] [tf2_monitor_main]: Waiting for transform map ->  base_link: Invalid frame ID "map" passed to canTransform argument target_frame - frame does not exist
[INFO] [1763025607.480295147] [tf2_monitor_main]: Waiting for transform map ->  base_link: Invalid frame ID "map" passed to canTransform argument target_frame - frame does not exist
[INFO] [1763025608.480464868] [tf2_monitor_main]: Waiting for transform map ->  base_link: Invalid frame ID "map" passed to canTransform argument target_frame - frame does not exist
[INFO] [1763025609.480657803] [tf2_monitor_main]: Waiting for transform map ->  base_link: Invalid frame ID "map" passed to canTransform argument target_frame - frame does not exist
[INFO] [1763025610.480816690] [tf2_monitor_main]: Waiting for transform map ->  base_link: Invalid frame ID "map" passed to canTransform argument target_frame - frame does not exist
[INFO] [1763025611.480978413] [tf2_monitor_main]: Waiting for transform map ->  base_link: Invalid frame ID "map" passed to canTransform argument target_frame - frame does not exist
[INFO] [1763025612.481150050] [tf2_monitor_main]: Waiting for transform map ->  base_link: Invalid frame ID "map" passed to canTransform argument target_frame - frame does not exist
[INFO] [1763025613.481329775] [tf2_monitor_main]: Waiting for transform map ->  base_link: Invalid frame ID "map" passed to canTransform argument target_frame - frame does not exist
[INFO] [1763025614.481550900] [tf2_monitor_main]: Waiting for transform map ->  base_link: Invalid frame ID "map" passed to canTransform argument target_frame - frame does not exist
[INFO] [1763025615.481719895] [tf2_monitor_main]: Waiting for transform map ->  base_link: Invalid frame ID "map" passed to canTransform argument target_frame - frame does not exist
[INFO] [1763025616.481915187] [tf2_monitor_main]: Waiting for transform map ->  base_link: Invalid frame ID "map" passed to canTransform argument target_frame - frame does not exist
[INFO] [1763025617.482117474] [tf2_monitor_main]: Waiting for transform map ->  base_link: Invalid frame ID "map" passed to canTransform argument target_frame - frame does not exist
[INFO] [1763025618.482321831] [tf2_monitor_main]: Waiting for transform map ->  base_link: Invalid frame ID "map" passed to canTransform argument target_frame - frame does not exist
[INFO] [1763025619.482449154] [tf2_monitor_main]: Waiting for transform map ->  base_link: Invalid frame ID "map" passed to canTransform argument target_frame - frame does not exist
[INFO] [1763025620.482630814] [tf2_monitor_main]: Waiting for transform map ->  base_link: Invalid frame ID "map" passed to canTransform argument target_frame - frame does not exist
[INFO] [1763025621.482816147] [tf2_monitor_main]: Waiting for transform map ->  base_link: Invalid frame ID "map" passed to canTransform argument target_frame - frame does not exist
[INFO] [1763025622.482974603] [tf2_monitor_main]: Waiting for transform map ->  base_link: Invalid frame ID "map" passed to canTransform argument target_frame - frame does not exist
[INFO] [1763025623.483155288] [tf2_monitor_main]: Waiting for transform map ->  base_link: Invalid frame ID "map" passed to canTransform argument target_frame - frame does not exist
[INFO] [1763025624.483301857] [tf2_monitor_main]: Waiting for transform map ->  base_link: Invalid frame ID "map" passed to canTransform argument target_frame - frame does not exist
[INFO] [1763025625.483497180] [tf2_monitor_main]: Waiting for transform map ->  base_link: Invalid frame ID "map" passed to canTransform argument target_frame - frame does not exist
[INFO] [1763025626.483663938] [tf2_monitor_main]: Waiting for transform map ->  base_link: Invalid frame ID "map" passed to canTransform argument target_frame - frame does not exist
[INFO] [1763025627.483812657] [tf2_monitor_main]: Waiting for transform map ->  base_link: Invalid frame ID "map" passed to canTransform argument target_frame - frame does not exist
[INFO] [1763025628.484022400] [tf2_monitor_main]: Waiting for transform map ->  base_link: Invalid frame ID "map" passed to canTransform argument target_frame - frame does not exist
[INFO] [1763025629.484231003] [tf2_monitor_main]: Waiting for transform map ->  base_link: Invalid frame ID "map" passed to canTransform argument target_frame - frame does not exist
[INFO] [1763025630.484423171] [tf2_monitor_main]: Waiting for transform map ->  base_link: Invalid frame ID "map" passed to canTransform argument target_frame - frame does not exist
[INFO] [1763025631.484596434] [tf2_monitor_main]: Waiting for transform map ->  base_link: Invalid frame ID "map" passed to canTransform argument target_frame - frame does not exist
[INFO] [1763025632.484747463] [tf2_monitor_main]: Waiting for transform map ->  base_link: Invalid frame ID "map" passed to canTransform argument target_frame - frame does not exist
[INFO] [1763025633.484936939] [tf2_monitor_main]: Waiting for transform map ->  base_link: Invalid frame ID "map" passed to canTransform argument target_frame - frame does not exist
[INFO] [1763025634.485110263] [tf2_monitor_main]: Waiting for transform map ->  base_link: Invalid frame ID "map" passed to canTransform argument target_frame - frame does not exist
[INFO] [1763025635.485281675] [tf2_monitor_main]: Waiting for transform map ->  base_link: Invalid frame ID "map" passed to canTransform argument target_frame - frame does not exist
[INFO] [1763025636.485461543] [tf2_monitor_main]: Waiting for transform map ->  base_link: Invalid frame ID "map" passed to canTransform argument target_frame - frame does not exist
[INFO] [1763025637.485704266] [tf2_monitor_main]: Waiting for transform map ->  base_link: Invalid frame ID "map" passed to canTransform argument target_frame - frame does not exist
[INFO] [1763025638.488955829] [tf2_monitor_main]: Waiting for transform map ->  base_link: Invalid frame ID "map" passed to canTransform argument target_frame - frame does not exist
[INFO] [1763025639.489153443] [tf2_monitor_main]: Waiting for transform map ->  base_link: Invalid frame ID "map" passed to canTransform argument target_frame - frame does not exist
[INFO] [1763025640.489359958] [tf2_monitor_main]: Waiting for transform map ->  base_link: Invalid frame ID "map" passed to canTransform argument target_frame - frame does not exist
[INFO] [1763025641.489582251] [tf2_monitor_main]: Waiting for transform map ->  base_link: Invalid frame ID "map" passed to canTransform argument target_frame - frame does not exist
[INFO] [1763025642.489792020] [tf2_monitor_main]: Waiting for transform map ->  base_link: Invalid frame ID "map" passed to canTransform argument target_frame - frame does not exist
[INFO] [1763025643.489987017] [tf2_monitor_main]: Waiting for transform map ->  base_link: Invalid frame ID "map" passed to canTransform argument target_frame - frame does not exist
[INFO] [1763025644.490156171] [tf2_monitor_main]: Waiting for transform map ->  base_link: Invalid frame ID "map" passed to canTransform argument target_frame - frame does not exist
[INFO] [1763025645.490342520] [tf2_monitor_main]: Waiting for transform map ->  base_link: Invalid frame ID "map" passed to canTransform argument target_frame - frame does not exist
[INFO] [1763025646.490531131] [tf2_monitor_main]: Waiting for transform map ->  base_link: Invalid frame ID "map" passed to canTransform argument target_frame - frame does not exist
[INFO] [1763025647.490753662] [tf2_monitor_main]: Waiting for transform map ->  base_link: Invalid frame ID "map" passed to canTransform argument target_frame - frame does not exist
[INFO] [1763025648.490945175] [tf2_monitor_main]: Waiting for transform map ->  base_link: Invalid frame ID "map" passed to canTransform argument target_frame - frame does not exist
[INFO] [1763025649.491125287] [tf2_monitor_main]: Waiting for transform map ->  base_link: Invalid frame ID "map" passed to canTransform argument target_frame - frame does not exist
[INFO] [1763025650.491282804] [tf2_monitor_main]: Waiting for transform map ->  base_link: Invalid frame ID "map" passed to canTransform argument target_frame - frame does not exist
[INFO] [1763025651.491553646] [tf2_monitor_main]: Waiting for transform map ->  base_link: Invalid frame ID "map" passed to canTransform argument target_frame - frame does not exist
[INFO] [1763025652.492584719] [tf2_monitor_main]: Waiting for transform map ->  base_link: Invalid frame ID "map" passed to canTransform argument target_frame - frame does not exist
[INFO] [1763025653.492743286] [tf2_monitor_main]: Waiting for transform map ->  base_link: Invalid frame ID "map" passed to canTransform argument target_frame - frame does not exist
[INFO] [1763025654.492917235] [tf2_monitor_main]: Waiting for transform map ->  base_link: Invalid frame ID "map" passed to canTransform argument target_frame - frame does not exist
[INFO] [1763025655.493116715] [tf2_monitor_main]: Waiting for transform map ->  base_link: Invalid frame ID "map" passed to canTransform argument target_frame - frame does not exist
[INFO] [1763025656.493301828] [tf2_monitor_main]: Waiting for transform map ->  base_link: Invalid frame ID "map" passed to canTransform argument target_frame - frame does not exist
[INFO] [1763025657.493481403] [tf2_monitor_main]: Waiting for transform map ->  base_link: Invalid frame ID "map" passed to canTransform argument target_frame - frame does not exist
[INFO] [1763025658.493652458] [tf2_monitor_main]: Waiting for transform map ->  base_link: Invalid frame ID "map" passed to canTransform argument target_frame - frame does not exist
[INFO] [1763025659.493972091] [tf2_monitor_main]: Waiting for transform map ->  base_link: Invalid frame ID "map" passed to canTransform argument target_frame - frame does not exist
[INFO] [1763025660.494167965] [tf2_monitor_main]: Waiting for transform map ->  base_link: Invalid frame ID "map" passed to canTransform argument target_frame - frame does not exist
[INFO] [1763025661.494378775] [tf2_monitor_main]: Waiting for transform map ->  base_link: Invalid frame ID "map" passed to canTransform argument target_frame - frame does not exist
[INFO] [1763025662.494562127] [tf2_monitor_main]: Waiting for transform map ->  base_link: Invalid frame ID "map" passed to canTransform argument target_frame - frame does not exist
[INFO] [1763025663.494735850] [tf2_monitor_main]: Waiting for transform map ->  base_link: Invalid frame ID "map" passed to canTransform argument target_frame - frame does not exist
[INFO] [1763025664.495701833] [tf2_monitor_main]: Waiting for transform map ->  base_link: Invalid frame ID "map" passed to canTransform argument target_frame - frame does not exist
[INFO] [1763025665.495884940] [tf2_monitor_main]: Waiting for transform map ->  base_link: Invalid frame ID "map" passed to canTransform argument target_frame - frame does not exist
[INFO] [1763025666.496087704] [tf2_monitor_main]: Waiting for transform map ->  base_link: Invalid frame ID "map" passed to canTransform argument target_frame - frame does not exist
[INFO] [1763025667.496581610] [tf2_monitor_main]: Waiting for transform map ->  base_link: Invalid frame ID "map" passed to canTransform argument target_frame - frame does not exist
[INFO] [1763025668.497477204] [tf2_monitor_main]: Waiting for transform map ->  base_link: Invalid frame ID "map" passed to canTransform argument target_frame - frame does not exist
[INFO] [1763025669.497654783] [tf2_monitor_main]: Waiting for transform map ->  base_link: Invalid frame ID "map" passed to canTransform argument target_frame - frame does not exist
[INFO] [1763025670.497810615] [tf2_monitor_main]: Waiting for transform map ->  base_link: Invalid frame ID "map" passed to canTransform argument target_frame - frame does not exist
[INFO] [1763025671.497988813] [tf2_monitor_main]: Waiting for transform map ->  base_link: Invalid frame ID "map" passed to canTransform argument target_frame - frame does not exist
[INFO] [1763025672.498210481] [tf2_monitor_main]: Waiting for transform map ->  base_link: Invalid frame ID "map" passed to canTransform argument target_frame - frame does not exist
[INFO] [1763025673.498516672] [tf2_monitor_main]: Waiting for transform map ->  base_link: Invalid frame ID "map" passed to canTransform argument target_frame - frame does not exist
[INFO] [1763025674.498799227] [tf2_monitor_main]: Waiting for transform map ->  base_link: Invalid frame ID "map" passed to canTransform argument target_frame - frame does not exist
[INFO] [1763025675.498983199] [tf2_monitor_main]: Waiting for transform map ->  base_link: Invalid frame ID "map" passed to canTransform argument target_frame - frame does not exist
[INFO] [1763025676.499169054] [tf2_monitor_main]: Waiting for transform map ->  base_link: Invalid frame ID "map" passed to canTransform argument target_frame - frame does not exist
[INFO] [1763025677.499347807] [tf2_monitor_main]: Waiting for transform map ->  base_link: Invalid frame ID "map" passed to canTransform argument target_frame - frame does not exist
[INFO] [1763025678.499538234] [tf2_monitor_main]: Waiting for transform map ->  base_link: Invalid frame ID "map" passed to canTransform argument target_frame - frame does not exist
[INFO] [1763025679.499722005] [tf2_monitor_main]: Waiting for transform map ->  base_link: Invalid frame ID "map" passed to canTransform argument target_frame - frame does not exist
[INFO] [1763025680.499905071] [tf2_monitor_main]: Waiting for transform map ->  base_link: Invalid frame ID "map" passed to canTransform argument target_frame - frame does not exist
[INFO] [1763025681.500142313] [tf2_monitor_main]: Waiting for transform map ->  base_link: Invalid frame ID "map" passed to canTransform argument target_frame - frame does not exist
[INFO] [1763025682.500574351] [tf2_monitor_main]: Waiting for transform map ->  base_link: Invalid frame ID "map" passed to canTransform argument target_frame - frame does not exist
[INFO] [1763025682.557573099] [rclcpp]: signal_handler(signum=15)
[WARN] [1763025683.001072177] [tf2_monitor_main]: Transform Exception 
terminate called after throwing an instance of 'rclcpp::exceptions::RCLError'
  what():  failed to create guard condition: the given context is not valid, either rcl_init() was not called or rcl_shutdown() was called., at ./src/rcl/guard_condition.c:67
