[1.130s] Invoking command in '/home/wim/Documents/social_momentum_MPPI/build/sm_mppi_planner': PYTHONPATH=/home/wim/Documents/social_momentum_MPPI/build/sm_mppi_planner/prefix_override:/usr/lib/python3/dist-packages/colcon_core/task/python/colcon_distutils_commands:/home/wim/Documents/social_momentum_MPPI/install/sm_mppi_planner/lib/python3.10/site-packages:${PYTHONPATH} /usr/bin/python3 -W ignore:setup.py install is deprecated -W ignore:easy_install command is deprecated setup.py develop --editable --build-directory /home/wim/Documents/social_momentum_MPPI/build/sm_mppi_planner/build --no-deps symlink_data
[1.642s] running develop
[2.001s] running egg_info
[2.001s] creating sm_mppi_planner.egg-info
[2.001s] writing sm_mppi_planner.egg-info/PKG-INFO
[2.001s] writing dependency_links to sm_mppi_planner.egg-info/dependency_links.txt
[2.002s] writing entry points to sm_mppi_planner.egg-info/entry_points.txt
[2.002s] writing requirements to sm_mppi_planner.egg-info/requires.txt
[2.002s] writing top-level names to sm_mppi_planner.egg-info/top_level.txt
[2.002s] writing manifest file 'sm_mppi_planner.egg-info/SOURCES.txt'
[2.006s] reading manifest file 'sm_mppi_planner.egg-info/SOURCES.txt'
[2.007s] writing manifest file 'sm_mppi_planner.egg-info/SOURCES.txt'
[2.009s] running build_ext
[2.010s] Creating /home/wim/Documents/social_momentum_MPPI/install/sm_mppi_planner/lib/python3.10/site-packages/sm-mppi-planner.egg-link (link to .)
[2.013s] Installing fake_human_publisher script to /home/wim/Documents/social_momentum_MPPI/install/sm_mppi_planner/lib/sm_mppi_planner
[2.013s] Installing goal_publisher_node script to /home/wim/Documents/social_momentum_MPPI/install/sm_mppi_planner/lib/sm_mppi_planner
[2.013s] Installing mppi_planner_node script to /home/wim/Documents/social_momentum_MPPI/install/sm_mppi_planner/lib/sm_mppi_planner
[2.014s] 
[2.014s] Installed /home/wim/Documents/social_momentum_MPPI/build/sm_mppi_planner
[2.014s] running symlink_data
[2.014s] creating /home/wim/Documents/social_momentum_MPPI/install/sm_mppi_planner/share/ament_index
[2.014s] creating /home/wim/Documents/social_momentum_MPPI/install/sm_mppi_planner/share/ament_index/resource_index
[2.014s] creating /home/wim/Documents/social_momentum_MPPI/install/sm_mppi_planner/share/ament_index/resource_index/packages
[2.014s] symbolically linking /home/wim/Documents/social_momentum_MPPI/build/sm_mppi_planner/resource/sm_mppi_planner -> /home/wim/Documents/social_momentum_MPPI/install/sm_mppi_planner/share/ament_index/resource_index/packages
[2.015s] symbolically linking /home/wim/Documents/social_momentum_MPPI/build/sm_mppi_planner/package.xml -> /home/wim/Documents/social_momentum_MPPI/install/sm_mppi_planner/share/sm_mppi_planner
[2.015s] creating /home/wim/Documents/social_momentum_MPPI/install/sm_mppi_planner/share/sm_mppi_planner/launch
[2.015s] symbolically linking /home/wim/Documents/social_momentum_MPPI/build/sm_mppi_planner/launch/sm_mppi_simulation.launch.py -> /home/wim/Documents/social_momentum_MPPI/install/sm_mppi_planner/share/sm_mppi_planner/launch
[2.015s] symbolically linking /home/wim/Documents/social_momentum_MPPI/build/sm_mppi_planner/launch/sm_paramtrized_version.launch.py -> /home/wim/Documents/social_momentum_MPPI/install/sm_mppi_planner/share/sm_mppi_planner/launch
[2.015s] symbolically linking /home/wim/Documents/social_momentum_MPPI/build/sm_mppi_planner/launch/headon_demo.launch.py -> /home/wim/Documents/social_momentum_MPPI/install/sm_mppi_planner/share/sm_mppi_planner/launch
[2.016s] symbolically linking /home/wim/Documents/social_momentum_MPPI/build/sm_mppi_planner/launch/teleop_launch.launch.py -> /home/wim/Documents/social_momentum_MPPI/install/sm_mppi_planner/share/sm_mppi_planner/launch
[2.016s] symbolically linking /home/wim/Documents/social_momentum_MPPI/build/sm_mppi_planner/launch/chat.launch.py -> /home/wim/Documents/social_momentum_MPPI/install/sm_mppi_planner/share/sm_mppi_planner/launch
[2.016s] symbolically linking /home/wim/Documents/social_momentum_MPPI/build/sm_mppi_planner/launch/4_humans.launch.py -> /home/wim/Documents/social_momentum_MPPI/install/sm_mppi_planner/share/sm_mppi_planner/launch
[2.069s] Invoked command in '/home/wim/Documents/social_momentum_MPPI/build/sm_mppi_planner' returned '0': PYTHONPATH=/home/wim/Documents/social_momentum_MPPI/build/sm_mppi_planner/prefix_override:/usr/lib/python3/dist-packages/colcon_core/task/python/colcon_distutils_commands:/home/wim/Documents/social_momentum_MPPI/install/sm_mppi_planner/lib/python3.10/site-packages:${PYTHONPATH} /usr/bin/python3 -W ignore:setup.py install is deprecated -W ignore:easy_install command is deprecated setup.py develop --editable --build-directory /home/wim/Documents/social_momentum_MPPI/build/sm_mppi_planner/build --no-deps symlink_data
