[0.730s] Invoking command in '/home/wim/Documents/social_momentum_venv/social_momentum_MPPI/src/tiago_social_scenarios': PYTHONPATH=/home/wim/Documents/social_momentum_venv/social_momentum_MPPI/build/tiago_social_scenarios/prefix_override:/usr/lib/python3/dist-packages/colcon_core/task/python/colcon_distutils_commands:/home/wim/Documents/social_momentum_venv/social_momentum_MPPI/install/tiago_social_scenarios/lib/python3.10/site-packages:${PYTHONPATH} /usr/bin/python3 -W ignore:setup.py install is deprecated -W ignore:easy_install command is deprecated setup.py egg_info --egg-base ../../build/tiago_social_scenarios build --build-base /home/wim/Documents/social_momentum_venv/social_momentum_MPPI/build/tiago_social_scenarios/build install --record /home/wim/Documents/social_momentum_venv/social_momentum_MPPI/build/tiago_social_scenarios/install.log --single-version-externally-managed install_data
[0.997s] running egg_info
[0.997s] writing ../../build/tiago_social_scenarios/tiago_social_scenarios.egg-info/PKG-INFO
[0.997s] writing dependency_links to ../../build/tiago_social_scenarios/tiago_social_scenarios.egg-info/dependency_links.txt
[0.998s] writing entry points to ../../build/tiago_social_scenarios/tiago_social_scenarios.egg-info/entry_points.txt
[0.998s] writing requirements to ../../build/tiago_social_scenarios/tiago_social_scenarios.egg-info/requires.txt
[0.998s] writing top-level names to ../../build/tiago_social_scenarios/tiago_social_scenarios.egg-info/top_level.txt
[0.999s] reading manifest file '../../build/tiago_social_scenarios/tiago_social_scenarios.egg-info/SOURCES.txt'
[1.000s] writing manifest file '../../build/tiago_social_scenarios/tiago_social_scenarios.egg-info/SOURCES.txt'
[1.000s] running build
[1.000s] running build_py
[1.001s] running install
[1.001s] running install_lib
[1.002s] running install_data
[1.002s] copying launch/start_hallway_nav.launch.py -> /home/wim/Documents/social_momentum_venv/social_momentum_MPPI/install/tiago_social_scenarios/share/tiago_social_scenarios/launch
[1.002s] running install_egg_info
[1.004s] removing '/home/wim/Documents/social_momentum_venv/social_momentum_MPPI/install/tiago_social_scenarios/lib/python3.10/site-packages/tiago_social_scenarios-0.0.1-py3.10.egg-info' (and everything under it)
[1.004s] Copying ../../build/tiago_social_scenarios/tiago_social_scenarios.egg-info to /home/wim/Documents/social_momentum_venv/social_momentum_MPPI/install/tiago_social_scenarios/lib/python3.10/site-packages/tiago_social_scenarios-0.0.1-py3.10.egg-info
[1.005s] running install_scripts
[1.023s] Installing gazebo_human_controller script to /home/wim/Documents/social_momentum_venv/social_momentum_MPPI/install/tiago_social_scenarios/lib/tiago_social_scenarios
[1.023s] writing list of installed files to '/home/wim/Documents/social_momentum_venv/social_momentum_MPPI/build/tiago_social_scenarios/install.log'
[1.043s] Invoked command in '/home/wim/Documents/social_momentum_venv/social_momentum_MPPI/src/tiago_social_scenarios' returned '0': PYTHONPATH=/home/wim/Documents/social_momentum_venv/social_momentum_MPPI/build/tiago_social_scenarios/prefix_override:/usr/lib/python3/dist-packages/colcon_core/task/python/colcon_distutils_commands:/home/wim/Documents/social_momentum_venv/social_momentum_MPPI/install/tiago_social_scenarios/lib/python3.10/site-packages:${PYTHONPATH} /usr/bin/python3 -W ignore:setup.py install is deprecated -W ignore:easy_install command is deprecated setup.py egg_info --egg-base ../../build/tiago_social_scenarios build --build-base /home/wim/Documents/social_momentum_venv/social_momentum_MPPI/build/tiago_social_scenarios/build install --record /home/wim/Documents/social_momentum_venv/social_momentum_MPPI/build/tiago_social_scenarios/install.log --single-version-externally-managed install_data
