[0.823s] Invoking command in '/home/wim/Documents/social_momentum_venv/social_momentum_MPPI/src/sm_mppi_planner': AMENT_PREFIX_PATH=/home/wim/Documents/social_momentum_venv/social_momentum_MPPI/install/my_social_nav_interfaces CMAKE_PREFIX_PATH=/home/wim/Documents/social_momentum_venv/social_momentum_MPPI/install/my_social_nav_interfaces LD_LIBRARY_PATH=/home/wim/Documents/social_momentum_venv/social_momentum_MPPI/install/my_social_nav_interfaces/lib PYTHONPATH=/home/wim/Documents/social_momentum_venv/social_momentum_MPPI/build/sm_mppi_planner/prefix_override:/usr/lib/python3/dist-packages/colcon_core/task/python/colcon_distutils_commands:/home/wim/Documents/social_momentum_venv/social_momentum_MPPI/install/sm_mppi_planner/lib/python3.10/site-packages:/home/wim/Documents/social_momentum_venv/social_momentum_MPPI/install/my_social_nav_interfaces/local/lib/python3.10/dist-packages /usr/bin/python3 -W ignore:setup.py install is deprecated -W ignore:easy_install command is deprecated setup.py egg_info --egg-base ../../build/sm_mppi_planner build --build-base /home/wim/Documents/social_momentum_venv/social_momentum_MPPI/build/sm_mppi_planner/build install --record /home/wim/Documents/social_momentum_venv/social_momentum_MPPI/build/sm_mppi_planner/install.log --single-version-externally-managed install_data
[1.045s] running egg_info
[1.046s] writing ../../build/sm_mppi_planner/sm_mppi_planner.egg-info/PKG-INFO
[1.046s] writing dependency_links to ../../build/sm_mppi_planner/sm_mppi_planner.egg-info/dependency_links.txt
[1.046s] writing entry points to ../../build/sm_mppi_planner/sm_mppi_planner.egg-info/entry_points.txt
[1.047s] writing requirements to ../../build/sm_mppi_planner/sm_mppi_planner.egg-info/requires.txt
[1.047s] writing top-level names to ../../build/sm_mppi_planner/sm_mppi_planner.egg-info/top_level.txt
[1.048s] reading manifest file '../../build/sm_mppi_planner/sm_mppi_planner.egg-info/SOURCES.txt'
[1.049s] writing manifest file '../../build/sm_mppi_planner/sm_mppi_planner.egg-info/SOURCES.txt'
[1.049s] running build
[1.049s] running build_py
[1.050s] running install
[1.050s] running install_lib
[1.051s] running install_data
[1.052s] running install_egg_info
[1.053s] removing '/home/wim/Documents/social_momentum_venv/social_momentum_MPPI/install/sm_mppi_planner/lib/python3.10/site-packages/sm_mppi_planner-0.0.1-py3.10.egg-info' (and everything under it)
[1.054s] Copying ../../build/sm_mppi_planner/sm_mppi_planner.egg-info to /home/wim/Documents/social_momentum_venv/social_momentum_MPPI/install/sm_mppi_planner/lib/python3.10/site-packages/sm_mppi_planner-0.0.1-py3.10.egg-info
[1.055s] running install_scripts
[1.072s] Installing gazebo_actor_relay script to /home/wim/Documents/social_momentum_venv/social_momentum_MPPI/install/sm_mppi_planner/lib/sm_mppi_planner
[1.073s] Installing goal_publisher_node script to /home/wim/Documents/social_momentum_venv/social_momentum_MPPI/install/sm_mppi_planner/lib/sm_mppi_planner
[1.073s] Installing hallway_publisher script to /home/wim/Documents/social_momentum_venv/social_momentum_MPPI/install/sm_mppi_planner/lib/sm_mppi_planner
[1.073s] Installing mppi_planner_node script to /home/wim/Documents/social_momentum_venv/social_momentum_MPPI/install/sm_mppi_planner/lib/sm_mppi_planner
[1.073s] writing list of installed files to '/home/wim/Documents/social_momentum_venv/social_momentum_MPPI/build/sm_mppi_planner/install.log'
[1.094s] Invoked command in '/home/wim/Documents/social_momentum_venv/social_momentum_MPPI/src/sm_mppi_planner' returned '0': AMENT_PREFIX_PATH=/home/wim/Documents/social_momentum_venv/social_momentum_MPPI/install/my_social_nav_interfaces CMAKE_PREFIX_PATH=/home/wim/Documents/social_momentum_venv/social_momentum_MPPI/install/my_social_nav_interfaces LD_LIBRARY_PATH=/home/wim/Documents/social_momentum_venv/social_momentum_MPPI/install/my_social_nav_interfaces/lib PYTHONPATH=/home/wim/Documents/social_momentum_venv/social_momentum_MPPI/build/sm_mppi_planner/prefix_override:/usr/lib/python3/dist-packages/colcon_core/task/python/colcon_distutils_commands:/home/wim/Documents/social_momentum_venv/social_momentum_MPPI/install/sm_mppi_planner/lib/python3.10/site-packages:/home/wim/Documents/social_momentum_venv/social_momentum_MPPI/install/my_social_nav_interfaces/local/lib/python3.10/dist-packages /usr/bin/python3 -W ignore:setup.py install is deprecated -W ignore:easy_install command is deprecated setup.py egg_info --egg-base ../../build/sm_mppi_planner build --build-base /home/wim/Documents/social_momentum_venv/social_momentum_MPPI/build/sm_mppi_planner/build install --record /home/wim/Documents/social_momentum_venv/social_momentum_MPPI/build/sm_mppi_planner/install.log --single-version-externally-managed install_data
