[1.346s] Invoking command in '/home/wim/Documents/social_momentum_MPPI/build/sm_mppi_planner': PYTHONPATH=/home/wim/Documents/social_momentum_MPPI/build/sm_mppi_planner/prefix_override:/usr/lib/python3/dist-packages/colcon_core/task/python/colcon_distutils_commands:/home/wim/Documents/social_momentum_MPPI/install/sm_mppi_planner/lib/python3.10/site-packages:${PYTHONPATH} /usr/bin/python3 -W ignore:setup.py install is deprecated -W ignore:easy_install command is deprecated setup.py develop --editable --build-directory /home/wim/Documents/social_momentum_MPPI/build/sm_mppi_planner/build --no-deps symlink_data
[1.813s] running develop
[2.034s] running egg_info
[2.034s] creating sm_mppi_planner.egg-info
[2.034s] writing sm_mppi_planner.egg-info/PKG-INFO
[2.034s] writing dependency_links to sm_mppi_planner.egg-info/dependency_links.txt
[2.034s] writing entry points to sm_mppi_planner.egg-info/entry_points.txt
[2.034s] writing requirements to sm_mppi_planner.egg-info/requires.txt
[2.035s] writing top-level names to sm_mppi_planner.egg-info/top_level.txt
[2.035s] writing manifest file 'sm_mppi_planner.egg-info/SOURCES.txt'
[2.037s] reading manifest file 'sm_mppi_planner.egg-info/SOURCES.txt'
[2.037s] writing manifest file 'sm_mppi_planner.egg-info/SOURCES.txt'
[2.042s] running build_ext
[2.042s] Creating /home/wim/Documents/social_momentum_MPPI/install/sm_mppi_planner/lib/python3.10/site-packages/sm-mppi-planner.egg-link (link to .)
[2.042s] Installing mppi_planner_node script to /home/wim/Documents/social_momentum_MPPI/install/sm_mppi_planner/lib/sm_mppi_planner
[2.042s] 
[2.042s] Installed /home/wim/Documents/social_momentum_MPPI/build/sm_mppi_planner
[2.042s] running symlink_data
[2.043s] creating /home/wim/Documents/social_momentum_MPPI/install/sm_mppi_planner/share/ament_index
[2.043s] creating /home/wim/Documents/social_momentum_MPPI/install/sm_mppi_planner/share/ament_index/resource_index
[2.043s] creating /home/wim/Documents/social_momentum_MPPI/install/sm_mppi_planner/share/ament_index/resource_index/packages
[2.043s] symbolically linking /home/wim/Documents/social_momentum_MPPI/build/sm_mppi_planner/resource/sm_mppi_planner -> /home/wim/Documents/social_momentum_MPPI/install/sm_mppi_planner/share/ament_index/resource_index/packages
[2.043s] symbolically linking /home/wim/Documents/social_momentum_MPPI/build/sm_mppi_planner/package.xml -> /home/wim/Documents/social_momentum_MPPI/install/sm_mppi_planner/share/sm_mppi_planner
[2.043s] creating /home/wim/Documents/social_momentum_MPPI/install/sm_mppi_planner/share/sm_mppi_planner/launch
[2.043s] symbolically linking /home/wim/Documents/social_momentum_MPPI/build/sm_mppi_planner/launch/sm_mppi_simulation.launch.py -> /home/wim/Documents/social_momentum_MPPI/install/sm_mppi_planner/share/sm_mppi_planner/launch
[2.075s] Invoked command in '/home/wim/Documents/social_momentum_MPPI/build/sm_mppi_planner' returned '0': PYTHONPATH=/home/wim/Documents/social_momentum_MPPI/build/sm_mppi_planner/prefix_override:/usr/lib/python3/dist-packages/colcon_core/task/python/colcon_distutils_commands:/home/wim/Documents/social_momentum_MPPI/install/sm_mppi_planner/lib/python3.10/site-packages:${PYTHONPATH} /usr/bin/python3 -W ignore:setup.py install is deprecated -W ignore:easy_install command is deprecated setup.py develop --editable --build-directory /home/wim/Documents/social_momentum_MPPI/build/sm_mppi_planner/build --no-deps symlink_data
