[0.167s] DEBUG:colcon:Command line arguments: ['/usr/bin/colcon', 'build']
[0.167s] DEBUG:colcon:Parsed command line arguments: Namespace(log_base=None, log_level=None, verb_name='build', build_base='build', install_base='install', merge_install=False, symlink_install=False, test_result_base=None, continue_on_error=False, executor='parallel', parallel_workers=12, event_handlers=None, ignore_user_meta=False, metas=['./colcon.meta'], base_paths=['.'], packages_ignore=None, packages_ignore_regex=None, paths=None, packages_up_to=None, packages_up_to_regex=None, packages_above=None, packages_above_and_dependencies=None, packages_above_depth=None, packages_select_by_dep=None, packages_skip_by_dep=None, packages_skip_up_to=None, packages_select_build_failed=False, packages_skip_build_finished=False, packages_select_test_failures=False, packages_skip_test_passed=False, packages_select=None, packages_skip=None, packages_select_regex=None, packages_skip_regex=None, packages_start=None, packages_end=None, allow_overriding=[], cmake_args=None, cmake_target=None, cmake_target_skip_unavailable=False, cmake_clean_cache=False, cmake_clean_first=False, cmake_force_configure=False, ament_cmake_args=None, catkin_cmake_args=None, catkin_skip_building_tests=False, mixin_files=None, mixin=None, verb_parser=<colcon_mixin.mixin.mixin_argument.MixinArgumentDecorator object at 0x74a01cc881c0>, verb_extension=<colcon_core.verb.build.BuildVerb object at 0x74a01cc53c40>, main=<bound method BuildVerb.main of <colcon_core.verb.build.BuildVerb object at 0x74a01cc53c40>>, mixin_verb=('build',))
[0.385s] Level 1:colcon.colcon_core.package_discovery:discover_packages(colcon_meta) check parameters
[0.385s] Level 1:colcon.colcon_core.package_discovery:discover_packages(recursive) check parameters
[0.385s] Level 1:colcon.colcon_core.package_discovery:discover_packages(ignore) check parameters
[0.385s] Level 1:colcon.colcon_core.package_discovery:discover_packages(path) check parameters
[0.385s] Level 1:colcon.colcon_core.package_discovery:discover_packages(colcon_meta) discover
[0.385s] Level 1:colcon.colcon_core.package_discovery:discover_packages(recursive) discover
[0.385s] INFO:colcon.colcon_core.package_discovery:Crawling recursively for packages in '/home/wim/Documents/social_momentum_venv/social_momentum_MPPI'
[0.385s] Level 1:colcon.colcon_core.package_identification:_identify(.) by extensions ['ignore', 'ignore_ament_install']
[0.385s] Level 1:colcon.colcon_core.package_identification:_identify(.) by extension 'ignore'
[0.385s] Level 1:colcon.colcon_core.package_identification:_identify(.) by extension 'ignore_ament_install'
[0.385s] Level 1:colcon.colcon_core.package_identification:_identify(.) by extensions ['colcon_pkg']
[0.385s] Level 1:colcon.colcon_core.package_identification:_identify(.) by extension 'colcon_pkg'
[0.385s] Level 1:colcon.colcon_core.package_identification:_identify(.) by extensions ['colcon_meta']
[0.385s] Level 1:colcon.colcon_core.package_identification:_identify(.) by extension 'colcon_meta'
[0.385s] Level 1:colcon.colcon_core.package_identification:_identify(.) by extensions ['ros']
[0.385s] Level 1:colcon.colcon_core.package_identification:_identify(.) by extension 'ros'
[0.402s] Level 1:colcon.colcon_core.package_identification:_identify(.) by extensions ['cmake', 'python']
[0.402s] Level 1:colcon.colcon_core.package_identification:_identify(.) by extension 'cmake'
[0.402s] Level 1:colcon.colcon_core.package_identification:_identify(.) by extension 'python'
[0.402s] Level 1:colcon.colcon_core.package_identification:_identify(.) by extensions ['python_setup_py']
[0.402s] Level 1:colcon.colcon_core.package_identification:_identify(.) by extension 'python_setup_py'
[0.402s] Level 1:colcon.colcon_core.package_identification:_identify(build) by extensions ['ignore', 'ignore_ament_install']
[0.402s] Level 1:colcon.colcon_core.package_identification:_identify(build) by extension 'ignore'
[0.402s] Level 1:colcon.colcon_core.package_identification:_identify(build) ignored
[0.403s] Level 1:colcon.colcon_core.package_identification:_identify(install) by extensions ['ignore', 'ignore_ament_install']
[0.403s] Level 1:colcon.colcon_core.package_identification:_identify(install) by extension 'ignore'
[0.403s] Level 1:colcon.colcon_core.package_identification:_identify(install) ignored
[0.403s] Level 1:colcon.colcon_core.package_identification:_identify(log) by extensions ['ignore', 'ignore_ament_install']
[0.403s] Level 1:colcon.colcon_core.package_identification:_identify(log) by extension 'ignore'
[0.403s] Level 1:colcon.colcon_core.package_identification:_identify(log) ignored
[0.403s] Level 1:colcon.colcon_core.package_identification:_identify(src) by extensions ['ignore', 'ignore_ament_install']
[0.403s] Level 1:colcon.colcon_core.package_identification:_identify(src) by extension 'ignore'
[0.403s] Level 1:colcon.colcon_core.package_identification:_identify(src) by extension 'ignore_ament_install'
[0.403s] Level 1:colcon.colcon_core.package_identification:_identify(src) by extensions ['colcon_pkg']
[0.403s] Level 1:colcon.colcon_core.package_identification:_identify(src) by extension 'colcon_pkg'
[0.403s] Level 1:colcon.colcon_core.package_identification:_identify(src) by extensions ['colcon_meta']
[0.403s] Level 1:colcon.colcon_core.package_identification:_identify(src) by extension 'colcon_meta'
[0.403s] Level 1:colcon.colcon_core.package_identification:_identify(src) by extensions ['ros']
[0.403s] Level 1:colcon.colcon_core.package_identification:_identify(src) by extension 'ros'
[0.403s] Level 1:colcon.colcon_core.package_identification:_identify(src) by extensions ['cmake', 'python']
[0.403s] Level 1:colcon.colcon_core.package_identification:_identify(src) by extension 'cmake'
[0.403s] Level 1:colcon.colcon_core.package_identification:_identify(src) by extension 'python'
[0.404s] Level 1:colcon.colcon_core.package_identification:_identify(src) by extensions ['python_setup_py']
[0.404s] Level 1:colcon.colcon_core.package_identification:_identify(src) by extension 'python_setup_py'
[0.404s] Level 1:colcon.colcon_core.package_identification:_identify(src/my_social_nav_interfaces) by extensions ['ignore', 'ignore_ament_install']
[0.404s] Level 1:colcon.colcon_core.package_identification:_identify(src/my_social_nav_interfaces) by extension 'ignore'
[0.404s] Level 1:colcon.colcon_core.package_identification:_identify(src/my_social_nav_interfaces) by extension 'ignore_ament_install'
[0.404s] Level 1:colcon.colcon_core.package_identification:_identify(src/my_social_nav_interfaces) by extensions ['colcon_pkg']
[0.404s] Level 1:colcon.colcon_core.package_identification:_identify(src/my_social_nav_interfaces) by extension 'colcon_pkg'
[0.404s] Level 1:colcon.colcon_core.package_identification:_identify(src/my_social_nav_interfaces) by extensions ['colcon_meta']
[0.404s] Level 1:colcon.colcon_core.package_identification:_identify(src/my_social_nav_interfaces) by extension 'colcon_meta'
[0.404s] Level 1:colcon.colcon_core.package_identification:_identify(src/my_social_nav_interfaces) by extensions ['ros']
[0.404s] Level 1:colcon.colcon_core.package_identification:_identify(src/my_social_nav_interfaces) by extension 'ros'
[0.406s] DEBUG:colcon.colcon_core.package_identification:Package 'src/my_social_nav_interfaces' with type 'ros.ament_cmake' and name 'my_social_nav_interfaces'
[0.407s] Level 1:colcon.colcon_core.package_identification:_identify(src/sm_mppi_planner) by extensions ['ignore', 'ignore_ament_install']
[0.407s] Level 1:colcon.colcon_core.package_identification:_identify(src/sm_mppi_planner) by extension 'ignore'
[0.407s] Level 1:colcon.colcon_core.package_identification:_identify(src/sm_mppi_planner) by extension 'ignore_ament_install'
[0.407s] Level 1:colcon.colcon_core.package_identification:_identify(src/sm_mppi_planner) by extensions ['colcon_pkg']
[0.407s] Level 1:colcon.colcon_core.package_identification:_identify(src/sm_mppi_planner) by extension 'colcon_pkg'
[0.407s] Level 1:colcon.colcon_core.package_identification:_identify(src/sm_mppi_planner) by extensions ['colcon_meta']
[0.407s] Level 1:colcon.colcon_core.package_identification:_identify(src/sm_mppi_planner) by extension 'colcon_meta'
[0.407s] Level 1:colcon.colcon_core.package_identification:_identify(src/sm_mppi_planner) by extensions ['ros']
[0.407s] Level 1:colcon.colcon_core.package_identification:_identify(src/sm_mppi_planner) by extension 'ros'
[0.408s] DEBUG:colcon.colcon_core.package_identification:Package 'src/sm_mppi_planner' with type 'ros.ament_python' and name 'sm_mppi_planner'
[0.408s] Level 1:colcon.colcon_core.package_discovery:discover_packages(recursive) using defaults
[0.408s] Level 1:colcon.colcon_core.package_discovery:discover_packages(ignore) discover
[0.408s] Level 1:colcon.colcon_core.package_discovery:discover_packages(ignore) using defaults
[0.408s] Level 1:colcon.colcon_core.package_discovery:discover_packages(path) discover
[0.408s] Level 1:colcon.colcon_core.package_discovery:discover_packages(path) using defaults
[0.431s] Level 1:colcon.colcon_core.package_discovery:discover_packages(prefix_path) check parameters
[0.431s] Level 1:colcon.colcon_core.package_discovery:discover_packages(prefix_path) discover
[0.432s] WARNING:colcon.colcon_ros.prefix_path.ament:The path '/home/wim/Documents/social_momentum_venv/social_momentum_MPPI/install/sm_mppi_planner' in the environment variable AMENT_PREFIX_PATH doesn't exist
[0.432s] WARNING:colcon.colcon_ros.prefix_path.ament:The path '/home/wim/Documents/social_momentum_venv/social_momentum_MPPI/install/my_social_nav_interfaces' in the environment variable AMENT_PREFIX_PATH doesn't exist
[0.434s] WARNING:colcon.colcon_ros.prefix_path.catkin:The path '/home/wim/Documents/social_momentum_venv/social_momentum_MPPI/install/my_social_nav_interfaces' in the environment variable CMAKE_PREFIX_PATH doesn't exist
[0.435s] DEBUG:colcon.colcon_installed_package_information.package_discovery:Found 0 installed packages in /home/wim/Documents/social_momentum_venv/social_momentum_MPPI/install
[0.436s] DEBUG:colcon.colcon_installed_package_information.package_discovery:Found 38 installed packages in /home/wim/tiago_public_ws/install
[0.438s] DEBUG:colcon.colcon_installed_package_information.package_discovery:Found 393 installed packages in /opt/ros/humble
[0.441s] Level 1:colcon.colcon_core.package_discovery:discover_packages(prefix_path) using defaults
[0.512s] Level 5:colcon.colcon_core.verb:set package 'my_social_nav_interfaces' build argument 'cmake_args' from command line to 'None'
[0.512s] Level 5:colcon.colcon_core.verb:set package 'my_social_nav_interfaces' build argument 'cmake_target' from command line to 'None'
[0.512s] Level 5:colcon.colcon_core.verb:set package 'my_social_nav_interfaces' build argument 'cmake_target_skip_unavailable' from command line to 'False'
[0.512s] Level 5:colcon.colcon_core.verb:set package 'my_social_nav_interfaces' build argument 'cmake_clean_cache' from command line to 'False'
[0.512s] Level 5:colcon.colcon_core.verb:set package 'my_social_nav_interfaces' build argument 'cmake_clean_first' from command line to 'False'
[0.512s] Level 5:colcon.colcon_core.verb:set package 'my_social_nav_interfaces' build argument 'cmake_force_configure' from command line to 'False'
[0.512s] Level 5:colcon.colcon_core.verb:set package 'my_social_nav_interfaces' build argument 'ament_cmake_args' from command line to 'None'
[0.512s] Level 5:colcon.colcon_core.verb:set package 'my_social_nav_interfaces' build argument 'catkin_cmake_args' from command line to 'None'
[0.512s] Level 5:colcon.colcon_core.verb:set package 'my_social_nav_interfaces' build argument 'catkin_skip_building_tests' from command line to 'False'
[0.512s] DEBUG:colcon.colcon_core.verb:Building package 'my_social_nav_interfaces' with the following arguments: {'ament_cmake_args': None, 'build_base': '/home/wim/Documents/social_momentum_venv/social_momentum_MPPI/build/my_social_nav_interfaces', 'catkin_cmake_args': None, 'catkin_skip_building_tests': False, 'cmake_args': None, 'cmake_clean_cache': False, 'cmake_clean_first': False, 'cmake_force_configure': False, 'cmake_target': None, 'cmake_target_skip_unavailable': False, 'install_base': '/home/wim/Documents/social_momentum_venv/social_momentum_MPPI/install/my_social_nav_interfaces', 'merge_install': False, 'path': '/home/wim/Documents/social_momentum_venv/social_momentum_MPPI/src/my_social_nav_interfaces', 'symlink_install': False, 'test_result_base': None}
[0.513s] Level 5:colcon.colcon_core.verb:set package 'sm_mppi_planner' build argument 'cmake_args' from command line to 'None'
[0.513s] Level 5:colcon.colcon_core.verb:set package 'sm_mppi_planner' build argument 'cmake_target' from command line to 'None'
[0.513s] Level 5:colcon.colcon_core.verb:set package 'sm_mppi_planner' build argument 'cmake_target_skip_unavailable' from command line to 'False'
[0.513s] Level 5:colcon.colcon_core.verb:set package 'sm_mppi_planner' build argument 'cmake_clean_cache' from command line to 'False'
[0.513s] Level 5:colcon.colcon_core.verb:set package 'sm_mppi_planner' build argument 'cmake_clean_first' from command line to 'False'
[0.513s] Level 5:colcon.colcon_core.verb:set package 'sm_mppi_planner' build argument 'cmake_force_configure' from command line to 'False'
[0.513s] Level 5:colcon.colcon_core.verb:set package 'sm_mppi_planner' build argument 'ament_cmake_args' from command line to 'None'
[0.513s] Level 5:colcon.colcon_core.verb:set package 'sm_mppi_planner' build argument 'catkin_cmake_args' from command line to 'None'
[0.513s] Level 5:colcon.colcon_core.verb:set package 'sm_mppi_planner' build argument 'catkin_skip_building_tests' from command line to 'False'
[0.513s] DEBUG:colcon.colcon_core.verb:Building package 'sm_mppi_planner' with the following arguments: {'ament_cmake_args': None, 'build_base': '/home/wim/Documents/social_momentum_venv/social_momentum_MPPI/build/sm_mppi_planner', 'catkin_cmake_args': None, 'catkin_skip_building_tests': False, 'cmake_args': None, 'cmake_clean_cache': False, 'cmake_clean_first': False, 'cmake_force_configure': False, 'cmake_target': None, 'cmake_target_skip_unavailable': False, 'install_base': '/home/wim/Documents/social_momentum_venv/social_momentum_MPPI/install/sm_mppi_planner', 'merge_install': False, 'path': '/home/wim/Documents/social_momentum_venv/social_momentum_MPPI/src/sm_mppi_planner', 'symlink_install': False, 'test_result_base': None}
[0.513s] INFO:colcon.colcon_core.executor:Executing jobs using 'parallel' executor
[0.514s] DEBUG:colcon.colcon_parallel_executor.executor.parallel:run_until_complete
[0.514s] INFO:colcon.colcon_ros.task.ament_cmake.build:Building ROS package in '/home/wim/Documents/social_momentum_venv/social_momentum_MPPI/src/my_social_nav_interfaces' with build type 'ament_cmake'
[0.514s] INFO:colcon.colcon_cmake.task.cmake.build:Building CMake package in '/home/wim/Documents/social_momentum_venv/social_momentum_MPPI/src/my_social_nav_interfaces'
[0.518s] INFO:colcon.colcon_core.plugin_system:Skipping extension 'colcon_core.shell.bat': Not used on non-Windows systems
[0.518s] INFO:colcon.colcon_core.shell:Skip shell extension 'powershell' for command environment: Not usable outside of PowerShell
[0.518s] DEBUG:colcon.colcon_core.shell:Skip shell extension 'dsv' for command environment
[0.534s] DEBUG:colcon.colcon_core.event_handler.log_command:Invoking command in '/home/wim/Documents/social_momentum_venv/social_momentum_MPPI/build/my_social_nav_interfaces': CMAKE_PREFIX_PATH=${CMAKE_PREFIX_PATH}:/home/wim/Documents/social_momentum_venv/social_momentum_MPPI/install/sm_mppi_planner:/home/wim/tiago_public_ws/install/launch_pal:/opt/ros/humble /usr/bin/cmake /home/wim/Documents/social_momentum_venv/social_momentum_MPPI/src/my_social_nav_interfaces -DCMAKE_INSTALL_PREFIX=/home/wim/Documents/social_momentum_venv/social_momentum_MPPI/install/my_social_nav_interfaces
[2.983s] DEBUG:colcon.colcon_core.event_handler.log_command:Invoked command in '/home/wim/Documents/social_momentum_venv/social_momentum_MPPI/build/my_social_nav_interfaces' returned '0': CMAKE_PREFIX_PATH=${CMAKE_PREFIX_PATH}:/home/wim/Documents/social_momentum_venv/social_momentum_MPPI/install/sm_mppi_planner:/home/wim/tiago_public_ws/install/launch_pal:/opt/ros/humble /usr/bin/cmake /home/wim/Documents/social_momentum_venv/social_momentum_MPPI/src/my_social_nav_interfaces -DCMAKE_INSTALL_PREFIX=/home/wim/Documents/social_momentum_venv/social_momentum_MPPI/install/my_social_nav_interfaces
[2.984s] DEBUG:colcon.colcon_core.event_handler.log_command:Invoking command in '/home/wim/Documents/social_momentum_venv/social_momentum_MPPI/build/my_social_nav_interfaces': CMAKE_PREFIX_PATH=${CMAKE_PREFIX_PATH}:/home/wim/Documents/social_momentum_venv/social_momentum_MPPI/install/sm_mppi_planner:/home/wim/tiago_public_ws/install/launch_pal:/opt/ros/humble /usr/bin/cmake --build /home/wim/Documents/social_momentum_venv/social_momentum_MPPI/build/my_social_nav_interfaces -- -j12 -l12
[5.520s] DEBUG:colcon.colcon_core.event_handler.log_command:Invoked command in '/home/wim/Documents/social_momentum_venv/social_momentum_MPPI/build/my_social_nav_interfaces' returned '0': CMAKE_PREFIX_PATH=${CMAKE_PREFIX_PATH}:/home/wim/Documents/social_momentum_venv/social_momentum_MPPI/install/sm_mppi_planner:/home/wim/tiago_public_ws/install/launch_pal:/opt/ros/humble /usr/bin/cmake --build /home/wim/Documents/social_momentum_venv/social_momentum_MPPI/build/my_social_nav_interfaces -- -j12 -l12
[5.529s] DEBUG:colcon.colcon_core.event_handler.log_command:Invoking command in '/home/wim/Documents/social_momentum_venv/social_momentum_MPPI/build/my_social_nav_interfaces': CMAKE_PREFIX_PATH=${CMAKE_PREFIX_PATH}:/home/wim/Documents/social_momentum_venv/social_momentum_MPPI/install/sm_mppi_planner:/home/wim/tiago_public_ws/install/launch_pal:/opt/ros/humble /usr/bin/cmake --install /home/wim/Documents/social_momentum_venv/social_momentum_MPPI/build/my_social_nav_interfaces
[5.605s] Level 1:colcon.colcon_core.environment:create_environment_scripts_only(my_social_nav_interfaces)
[5.606s] DEBUG:colcon.colcon_core.event_handler.log_command:Invoked command in '/home/wim/Documents/social_momentum_venv/social_momentum_MPPI/build/my_social_nav_interfaces' returned '0': CMAKE_PREFIX_PATH=${CMAKE_PREFIX_PATH}:/home/wim/Documents/social_momentum_venv/social_momentum_MPPI/install/sm_mppi_planner:/home/wim/tiago_public_ws/install/launch_pal:/opt/ros/humble /usr/bin/cmake --install /home/wim/Documents/social_momentum_venv/social_momentum_MPPI/build/my_social_nav_interfaces
[5.610s] Level 1:colcon.colcon_core.environment:checking '/home/wim/Documents/social_momentum_venv/social_momentum_MPPI/install/my_social_nav_interfaces' for CMake module files
[5.611s] Level 1:colcon.colcon_core.environment:checking '/home/wim/Documents/social_momentum_venv/social_momentum_MPPI/install/my_social_nav_interfaces' for CMake config files
[5.612s] Level 1:colcon.colcon_core.shell:create_environment_hook('my_social_nav_interfaces', 'cmake_prefix_path')
[5.612s] INFO:colcon.colcon_core.shell:Creating environment hook '/home/wim/Documents/social_momentum_venv/social_momentum_MPPI/install/my_social_nav_interfaces/share/my_social_nav_interfaces/hook/cmake_prefix_path.ps1'
[5.612s] INFO:colcon.colcon_core.shell:Creating environment descriptor '/home/wim/Documents/social_momentum_venv/social_momentum_MPPI/install/my_social_nav_interfaces/share/my_social_nav_interfaces/hook/cmake_prefix_path.dsv'
[5.613s] INFO:colcon.colcon_core.shell:Creating environment hook '/home/wim/Documents/social_momentum_venv/social_momentum_MPPI/install/my_social_nav_interfaces/share/my_social_nav_interfaces/hook/cmake_prefix_path.sh'
[5.613s] Level 1:colcon.colcon_core.environment:checking '/home/wim/Documents/social_momentum_venv/social_momentum_MPPI/install/my_social_nav_interfaces/lib'
[5.614s] Level 1:colcon.colcon_core.shell:create_environment_hook('my_social_nav_interfaces', 'ld_library_path_lib')
[5.614s] INFO:colcon.colcon_core.shell:Creating environment hook '/home/wim/Documents/social_momentum_venv/social_momentum_MPPI/install/my_social_nav_interfaces/share/my_social_nav_interfaces/hook/ld_library_path_lib.ps1'
[5.614s] INFO:colcon.colcon_core.shell:Creating environment descriptor '/home/wim/Documents/social_momentum_venv/social_momentum_MPPI/install/my_social_nav_interfaces/share/my_social_nav_interfaces/hook/ld_library_path_lib.dsv'
[5.614s] INFO:colcon.colcon_core.shell:Creating environment hook '/home/wim/Documents/social_momentum_venv/social_momentum_MPPI/install/my_social_nav_interfaces/share/my_social_nav_interfaces/hook/ld_library_path_lib.sh'
[5.615s] Level 1:colcon.colcon_core.environment:checking '/home/wim/Documents/social_momentum_venv/social_momentum_MPPI/install/my_social_nav_interfaces/bin'
[5.615s] Level 1:colcon.colcon_core.environment:checking '/home/wim/Documents/social_momentum_venv/social_momentum_MPPI/install/my_social_nav_interfaces/lib/pkgconfig/my_social_nav_interfaces.pc'
[5.615s] Level 1:colcon.colcon_core.environment:checking '/home/wim/Documents/social_momentum_venv/social_momentum_MPPI/install/my_social_nav_interfaces/lib/python3.10/site-packages'
[5.615s] Level 1:colcon.colcon_core.environment:checking '/home/wim/Documents/social_momentum_venv/social_momentum_MPPI/install/my_social_nav_interfaces/bin'
[5.615s] INFO:colcon.colcon_core.shell:Creating package script '/home/wim/Documents/social_momentum_venv/social_momentum_MPPI/install/my_social_nav_interfaces/share/my_social_nav_interfaces/package.ps1'
[5.616s] INFO:colcon.colcon_core.shell:Creating package descriptor '/home/wim/Documents/social_momentum_venv/social_momentum_MPPI/install/my_social_nav_interfaces/share/my_social_nav_interfaces/package.dsv'
[5.617s] INFO:colcon.colcon_core.shell:Creating package script '/home/wim/Documents/social_momentum_venv/social_momentum_MPPI/install/my_social_nav_interfaces/share/my_social_nav_interfaces/package.sh'
[5.617s] INFO:colcon.colcon_core.shell:Creating package script '/home/wim/Documents/social_momentum_venv/social_momentum_MPPI/install/my_social_nav_interfaces/share/my_social_nav_interfaces/package.bash'
[5.618s] INFO:colcon.colcon_core.shell:Creating package script '/home/wim/Documents/social_momentum_venv/social_momentum_MPPI/install/my_social_nav_interfaces/share/my_social_nav_interfaces/package.zsh'
[5.619s] Level 1:colcon.colcon_core.environment:create_file_with_runtime_dependencies(/home/wim/Documents/social_momentum_venv/social_momentum_MPPI/install/my_social_nav_interfaces/share/colcon-core/packages/my_social_nav_interfaces)
[5.619s] Level 1:colcon.colcon_core.environment:create_environment_scripts_only(my_social_nav_interfaces)
[5.619s] Level 1:colcon.colcon_core.environment:checking '/home/wim/Documents/social_momentum_venv/social_momentum_MPPI/install/my_social_nav_interfaces' for CMake module files
[5.620s] Level 1:colcon.colcon_core.environment:checking '/home/wim/Documents/social_momentum_venv/social_momentum_MPPI/install/my_social_nav_interfaces' for CMake config files
[5.621s] Level 1:colcon.colcon_core.shell:create_environment_hook('my_social_nav_interfaces', 'cmake_prefix_path')
[5.621s] INFO:colcon.colcon_core.shell:Creating environment hook '/home/wim/Documents/social_momentum_venv/social_momentum_MPPI/install/my_social_nav_interfaces/share/my_social_nav_interfaces/hook/cmake_prefix_path.ps1'
[5.621s] INFO:colcon.colcon_core.shell:Creating environment descriptor '/home/wim/Documents/social_momentum_venv/social_momentum_MPPI/install/my_social_nav_interfaces/share/my_social_nav_interfaces/hook/cmake_prefix_path.dsv'
[5.621s] INFO:colcon.colcon_core.shell:Creating environment hook '/home/wim/Documents/social_momentum_venv/social_momentum_MPPI/install/my_social_nav_interfaces/share/my_social_nav_interfaces/hook/cmake_prefix_path.sh'
[5.622s] Level 1:colcon.colcon_core.environment:checking '/home/wim/Documents/social_momentum_venv/social_momentum_MPPI/install/my_social_nav_interfaces/lib'
[5.622s] Level 1:colcon.colcon_core.shell:create_environment_hook('my_social_nav_interfaces', 'ld_library_path_lib')
[5.622s] INFO:colcon.colcon_core.shell:Creating environment hook '/home/wim/Documents/social_momentum_venv/social_momentum_MPPI/install/my_social_nav_interfaces/share/my_social_nav_interfaces/hook/ld_library_path_lib.ps1'
[5.623s] INFO:colcon.colcon_core.shell:Creating environment descriptor '/home/wim/Documents/social_momentum_venv/social_momentum_MPPI/install/my_social_nav_interfaces/share/my_social_nav_interfaces/hook/ld_library_path_lib.dsv'
[5.623s] INFO:colcon.colcon_core.shell:Creating environment hook '/home/wim/Documents/social_momentum_venv/social_momentum_MPPI/install/my_social_nav_interfaces/share/my_social_nav_interfaces/hook/ld_library_path_lib.sh'
[5.623s] Level 1:colcon.colcon_core.environment:checking '/home/wim/Documents/social_momentum_venv/social_momentum_MPPI/install/my_social_nav_interfaces/bin'
[5.623s] Level 1:colcon.colcon_core.environment:checking '/home/wim/Documents/social_momentum_venv/social_momentum_MPPI/install/my_social_nav_interfaces/lib/pkgconfig/my_social_nav_interfaces.pc'
[5.624s] Level 1:colcon.colcon_core.environment:checking '/home/wim/Documents/social_momentum_venv/social_momentum_MPPI/install/my_social_nav_interfaces/lib/python3.10/site-packages'
[5.624s] Level 1:colcon.colcon_core.environment:checking '/home/wim/Documents/social_momentum_venv/social_momentum_MPPI/install/my_social_nav_interfaces/bin'
[5.624s] INFO:colcon.colcon_core.shell:Creating package script '/home/wim/Documents/social_momentum_venv/social_momentum_MPPI/install/my_social_nav_interfaces/share/my_social_nav_interfaces/package.ps1'
[5.625s] INFO:colcon.colcon_core.shell:Creating package descriptor '/home/wim/Documents/social_momentum_venv/social_momentum_MPPI/install/my_social_nav_interfaces/share/my_social_nav_interfaces/package.dsv'
[5.625s] INFO:colcon.colcon_core.shell:Creating package script '/home/wim/Documents/social_momentum_venv/social_momentum_MPPI/install/my_social_nav_interfaces/share/my_social_nav_interfaces/package.sh'
[5.625s] INFO:colcon.colcon_core.shell:Creating package script '/home/wim/Documents/social_momentum_venv/social_momentum_MPPI/install/my_social_nav_interfaces/share/my_social_nav_interfaces/package.bash'
[5.626s] INFO:colcon.colcon_core.shell:Creating package script '/home/wim/Documents/social_momentum_venv/social_momentum_MPPI/install/my_social_nav_interfaces/share/my_social_nav_interfaces/package.zsh'
[5.626s] Level 1:colcon.colcon_core.environment:create_file_with_runtime_dependencies(/home/wim/Documents/social_momentum_venv/social_momentum_MPPI/install/my_social_nav_interfaces/share/colcon-core/packages/my_social_nav_interfaces)
[5.626s] INFO:colcon.colcon_ros.task.ament_python.build:Building ROS package in '/home/wim/Documents/social_momentum_venv/social_momentum_MPPI/src/sm_mppi_planner' with build type 'ament_python'
[5.627s] Level 1:colcon.colcon_core.shell:create_environment_hook('sm_mppi_planner', 'ament_prefix_path')
[5.627s] INFO:colcon.colcon_core.shell:Creating environment hook '/home/wim/Documents/social_momentum_venv/social_momentum_MPPI/install/sm_mppi_planner/share/sm_mppi_planner/hook/ament_prefix_path.ps1'
[5.628s] INFO:colcon.colcon_core.shell:Creating environment descriptor '/home/wim/Documents/social_momentum_venv/social_momentum_MPPI/install/sm_mppi_planner/share/sm_mppi_planner/hook/ament_prefix_path.dsv'
[5.628s] INFO:colcon.colcon_core.shell:Creating environment hook '/home/wim/Documents/social_momentum_venv/social_momentum_MPPI/install/sm_mppi_planner/share/sm_mppi_planner/hook/ament_prefix_path.sh'
[5.628s] INFO:colcon.colcon_core.shell:Skip shell extension 'powershell' for command environment: Not usable outside of PowerShell
[5.628s] DEBUG:colcon.colcon_core.shell:Skip shell extension 'dsv' for command environment
[6.002s] INFO:colcon.colcon_core.task.python.build:Building Python package in '/home/wim/Documents/social_momentum_venv/social_momentum_MPPI/src/sm_mppi_planner'
[6.002s] INFO:colcon.colcon_core.shell:Skip shell extension 'powershell' for command environment: Not usable outside of PowerShell
[6.002s] DEBUG:colcon.colcon_core.shell:Skip shell extension 'dsv' for command environment
[6.652s] DEBUG:colcon.colcon_core.event_handler.log_command:Invoking command in '/home/wim/Documents/social_momentum_venv/social_momentum_MPPI/src/sm_mppi_planner': PYTHONPATH=/home/wim/Documents/social_momentum_venv/social_momentum_MPPI/build/sm_mppi_planner/prefix_override:/usr/lib/python3/dist-packages/colcon_core/task/python/colcon_distutils_commands:/home/wim/Documents/social_momentum_venv/social_momentum_MPPI/install/sm_mppi_planner/lib/python3.10/site-packages:${PYTHONPATH} /usr/bin/python3 -W ignore:setup.py install is deprecated -W ignore:easy_install command is deprecated setup.py egg_info --egg-base ../../build/sm_mppi_planner build --build-base /home/wim/Documents/social_momentum_venv/social_momentum_MPPI/build/sm_mppi_planner/build install --record /home/wim/Documents/social_momentum_venv/social_momentum_MPPI/build/sm_mppi_planner/install.log --single-version-externally-managed install_data
[7.035s] Level 1:colcon.colcon_core.environment:checking '/home/wim/Documents/social_momentum_venv/social_momentum_MPPI/install/sm_mppi_planner' for CMake module files
[7.036s] DEBUG:colcon.colcon_core.event_handler.log_command:Invoked command in '/home/wim/Documents/social_momentum_venv/social_momentum_MPPI/src/sm_mppi_planner' returned '0': PYTHONPATH=/home/wim/Documents/social_momentum_venv/social_momentum_MPPI/build/sm_mppi_planner/prefix_override:/usr/lib/python3/dist-packages/colcon_core/task/python/colcon_distutils_commands:/home/wim/Documents/social_momentum_venv/social_momentum_MPPI/install/sm_mppi_planner/lib/python3.10/site-packages:${PYTHONPATH} /usr/bin/python3 -W ignore:setup.py install is deprecated -W ignore:easy_install command is deprecated setup.py egg_info --egg-base ../../build/sm_mppi_planner build --build-base /home/wim/Documents/social_momentum_venv/social_momentum_MPPI/build/sm_mppi_planner/build install --record /home/wim/Documents/social_momentum_venv/social_momentum_MPPI/build/sm_mppi_planner/install.log --single-version-externally-managed install_data
[7.036s] Level 1:colcon.colcon_core.environment:checking '/home/wim/Documents/social_momentum_venv/social_momentum_MPPI/install/sm_mppi_planner' for CMake config files
[7.037s] Level 1:colcon.colcon_core.environment:checking '/home/wim/Documents/social_momentum_venv/social_momentum_MPPI/install/sm_mppi_planner/lib'
[7.037s] Level 1:colcon.colcon_core.environment:checking '/home/wim/Documents/social_momentum_venv/social_momentum_MPPI/install/sm_mppi_planner/bin'
[7.037s] Level 1:colcon.colcon_core.environment:checking '/home/wim/Documents/social_momentum_venv/social_momentum_MPPI/install/sm_mppi_planner/lib/pkgconfig/sm_mppi_planner.pc'
[7.037s] Level 1:colcon.colcon_core.environment:checking '/home/wim/Documents/social_momentum_venv/social_momentum_MPPI/install/sm_mppi_planner/lib/python3.10/site-packages'
[7.038s] Level 1:colcon.colcon_core.shell:create_environment_hook('sm_mppi_planner', 'pythonpath')
[7.038s] INFO:colcon.colcon_core.shell:Creating environment hook '/home/wim/Documents/social_momentum_venv/social_momentum_MPPI/install/sm_mppi_planner/share/sm_mppi_planner/hook/pythonpath.ps1'
[7.038s] INFO:colcon.colcon_core.shell:Creating environment descriptor '/home/wim/Documents/social_momentum_venv/social_momentum_MPPI/install/sm_mppi_planner/share/sm_mppi_planner/hook/pythonpath.dsv'
[7.039s] INFO:colcon.colcon_core.shell:Creating environment hook '/home/wim/Documents/social_momentum_venv/social_momentum_MPPI/install/sm_mppi_planner/share/sm_mppi_planner/hook/pythonpath.sh'
[7.040s] Level 1:colcon.colcon_core.environment:checking '/home/wim/Documents/social_momentum_venv/social_momentum_MPPI/install/sm_mppi_planner/bin'
[7.040s] Level 1:colcon.colcon_core.environment:create_environment_scripts_only(sm_mppi_planner)
[7.040s] INFO:colcon.colcon_core.shell:Creating package script '/home/wim/Documents/social_momentum_venv/social_momentum_MPPI/install/sm_mppi_planner/share/sm_mppi_planner/package.ps1'
[7.041s] INFO:colcon.colcon_core.shell:Creating package descriptor '/home/wim/Documents/social_momentum_venv/social_momentum_MPPI/install/sm_mppi_planner/share/sm_mppi_planner/package.dsv'
[7.041s] INFO:colcon.colcon_core.shell:Creating package script '/home/wim/Documents/social_momentum_venv/social_momentum_MPPI/install/sm_mppi_planner/share/sm_mppi_planner/package.sh'
[7.042s] INFO:colcon.colcon_core.shell:Creating package script '/home/wim/Documents/social_momentum_venv/social_momentum_MPPI/install/sm_mppi_planner/share/sm_mppi_planner/package.bash'
[7.042s] INFO:colcon.colcon_core.shell:Creating package script '/home/wim/Documents/social_momentum_venv/social_momentum_MPPI/install/sm_mppi_planner/share/sm_mppi_planner/package.zsh'
[7.043s] Level 1:colcon.colcon_core.environment:create_file_with_runtime_dependencies(/home/wim/Documents/social_momentum_venv/social_momentum_MPPI/install/sm_mppi_planner/share/colcon-core/packages/sm_mppi_planner)
[7.043s] DEBUG:colcon.colcon_parallel_executor.executor.parallel:closing loop
[7.044s] DEBUG:colcon.colcon_parallel_executor.executor.parallel:loop closed
[7.044s] DEBUG:colcon.colcon_parallel_executor.executor.parallel:run_until_complete finished with '0'
[7.044s] DEBUG:colcon.colcon_core.event_reactor:joining thread
[7.051s] INFO:colcon.colcon_core.plugin_system:Skipping extension 'colcon_notification.desktop_notification.terminal_notifier': Not used on non-Darwin systems
[7.051s] INFO:colcon.colcon_core.plugin_system:Skipping extension 'colcon_notification.desktop_notification.win32': Not used on non-Windows systems
[7.051s] INFO:colcon.colcon_notification.desktop_notification:Sending desktop notification using 'notify2'
[7.065s] DEBUG:colcon.colcon_core.event_reactor:joined thread
[7.065s] INFO:colcon.colcon_core.shell:Creating prefix script '/home/wim/Documents/social_momentum_venv/social_momentum_MPPI/install/local_setup.ps1'
[7.067s] INFO:colcon.colcon_core.shell:Creating prefix util module '/home/wim/Documents/social_momentum_venv/social_momentum_MPPI/install/_local_setup_util_ps1.py'
[7.070s] INFO:colcon.colcon_core.shell:Creating prefix chain script '/home/wim/Documents/social_momentum_venv/social_momentum_MPPI/install/setup.ps1'
[7.075s] INFO:colcon.colcon_core.shell:Creating prefix script '/home/wim/Documents/social_momentum_venv/social_momentum_MPPI/install/local_setup.sh'
[7.076s] INFO:colcon.colcon_core.shell:Creating prefix util module '/home/wim/Documents/social_momentum_venv/social_momentum_MPPI/install/_local_setup_util_sh.py'
[7.077s] INFO:colcon.colcon_core.shell:Creating prefix chain script '/home/wim/Documents/social_momentum_venv/social_momentum_MPPI/install/setup.sh'
[7.082s] INFO:colcon.colcon_core.shell:Creating prefix script '/home/wim/Documents/social_momentum_venv/social_momentum_MPPI/install/local_setup.bash'
[7.083s] INFO:colcon.colcon_core.shell:Creating prefix chain script '/home/wim/Documents/social_momentum_venv/social_momentum_MPPI/install/setup.bash'
[7.088s] INFO:colcon.colcon_core.shell:Creating prefix script '/home/wim/Documents/social_momentum_venv/social_momentum_MPPI/install/local_setup.zsh'
[7.089s] INFO:colcon.colcon_core.shell:Creating prefix chain script '/home/wim/Documents/social_momentum_venv/social_momentum_MPPI/install/setup.zsh'
