[ 50%] [32mBuilding CXX object CMakeFiles/follower_plugin.dir/src/follower_plugin.cpp.o[0m
[100%] [32m[1mLinking CXX shared library libfollower_plugin.so[0m
[100%] Built target follower_plugin
-- Install configuration: ""
-- Up-to-date: /home/wim/Documents/social_momentum_venv/social_momentum_MPPI/install/follower_plugin/share/ament_index/resource_index/package_run_dependencies/follower_plugin
-- Up-to-date: /home/wim/Documents/social_momentum_venv/social_momentum_MPPI/install/follower_plugin/share/ament_index/resource_index/parent_prefix_path/follower_plugin
-- Installing: /home/wim/Documents/social_momentum_venv/social_momentum_MPPI/install/follower_plugin/share/follower_plugin/environment/ament_prefix_path.sh
-- Up-to-date: /home/wim/Documents/social_momentum_venv/social_momentum_MPPI/install/follower_plugin/share/follower_plugin/environment/ament_prefix_path.dsv
-- Installing: /home/wim/Documents/social_momentum_venv/social_momentum_MPPI/install/follower_plugin/share/follower_plugin/environment/path.sh
-- Up-to-date: /home/wim/Documents/social_momentum_venv/social_momentum_MPPI/install/follower_plugin/share/follower_plugin/environment/path.dsv
-- Up-to-date: /home/wim/Documents/social_momentum_venv/social_momentum_MPPI/install/follower_plugin/share/follower_plugin/local_setup.bash
-- Up-to-date: /home/wim/Documents/social_momentum_venv/social_momentum_MPPI/install/follower_plugin/share/follower_plugin/local_setup.sh
-- Up-to-date: /home/wim/Documents/social_momentum_venv/social_momentum_MPPI/install/follower_plugin/share/follower_plugin/local_setup.zsh
-- Up-to-date: /home/wim/Documents/social_momentum_venv/social_momentum_MPPI/install/follower_plugin/share/follower_plugin/local_setup.dsv
-- Installing: /home/wim/Documents/social_momentum_venv/social_momentum_MPPI/install/follower_plugin/share/follower_plugin/package.dsv
-- Up-to-date: /home/wim/Documents/social_momentum_venv/social_momentum_MPPI/install/follower_plugin/share/ament_index/resource_index/packages/follower_plugin
-- Up-to-date: /home/wim/Documents/social_momentum_venv/social_momentum_MPPI/install/follower_plugin/share/follower_plugin/cmake/follower_pluginConfig.cmake
-- Up-to-date: /home/wim/Documents/social_momentum_venv/social_momentum_MPPI/install/follower_plugin/share/follower_plugin/cmake/follower_pluginConfig-version.cmake
-- Up-to-date: /home/wim/Documents/social_momentum_venv/social_momentum_MPPI/install/follower_plugin/share/follower_plugin/package.xml
-- Installing: /home/wim/Documents/social_momentum_venv/social_momentum_MPPI/install/follower_plugin/lib/libfollower_plugin.so
-- Set runtime path of "/home/wim/Documents/social_momentum_venv/social_momentum_MPPI/install/follower_plugin/lib/libfollower_plugin.so" to ""
