[0.015s] Invoking command in '/home/wim/Documents/social_momentum_venv/social_momentum_MPPI/build/follower_plugin': CMAKE_PREFIX_PATH=${CMAKE_PREFIX_PATH}:/home/wim/Documents/social_momentum_venv/social_momentum_MPPI/install/tiago_social_scenarios:/home/wim/Documents/social_momentum_venv/social_momentum_MPPI/install/sm_mppi_planner:/home/wim/tiago_public_ws/install/launch_pal:/opt/ros/humble /usr/bin/cmake --build /home/wim/Documents/social_momentum_venv/social_momentum_MPPI/build/follower_plugin -- -j12 -l12
[0.183s] [ 50%] [32mBuilding CXX object CMakeFiles/follower_plugin.dir/src/follower_plugin.cpp.o[0m
[15.614s] [100%] [32m[1mLinking CXX shared library libfollower_plugin.so[0m
[16.222s] [100%] Built target follower_plugin
[16.230s] Invoked command in '/home/wim/Documents/social_momentum_venv/social_momentum_MPPI/build/follower_plugin' returned '0': CMAKE_PREFIX_PATH=${CMAKE_PREFIX_PATH}:/home/wim/Documents/social_momentum_venv/social_momentum_MPPI/install/tiago_social_scenarios:/home/wim/Documents/social_momentum_venv/social_momentum_MPPI/install/sm_mppi_planner:/home/wim/tiago_public_ws/install/launch_pal:/opt/ros/humble /usr/bin/cmake --build /home/wim/Documents/social_momentum_venv/social_momentum_MPPI/build/follower_plugin -- -j12 -l12
[16.232s] Invoking command in '/home/wim/Documents/social_momentum_venv/social_momentum_MPPI/build/follower_plugin': CMAKE_PREFIX_PATH=${CMAKE_PREFIX_PATH}:/home/wim/Documents/social_momentum_venv/social_momentum_MPPI/install/tiago_social_scenarios:/home/wim/Documents/social_momentum_venv/social_momentum_MPPI/install/sm_mppi_planner:/home/wim/tiago_public_ws/install/launch_pal:/opt/ros/humble /usr/bin/cmake --install /home/wim/Documents/social_momentum_venv/social_momentum_MPPI/build/follower_plugin
[16.238s] -- Install configuration: ""
[16.238s] -- Up-to-date: /home/wim/Documents/social_momentum_venv/social_momentum_MPPI/install/follower_plugin/share/ament_index/resource_index/package_run_dependencies/follower_plugin
[16.238s] -- Up-to-date: /home/wim/Documents/social_momentum_venv/social_momentum_MPPI/install/follower_plugin/share/ament_index/resource_index/parent_prefix_path/follower_plugin
[16.238s] -- Installing: /home/wim/Documents/social_momentum_venv/social_momentum_MPPI/install/follower_plugin/share/follower_plugin/environment/ament_prefix_path.sh
[16.238s] -- Up-to-date: /home/wim/Documents/social_momentum_venv/social_momentum_MPPI/install/follower_plugin/share/follower_plugin/environment/ament_prefix_path.dsv
[16.239s] -- Installing: /home/wim/Documents/social_momentum_venv/social_momentum_MPPI/install/follower_plugin/share/follower_plugin/environment/path.sh
[16.239s] -- Up-to-date: /home/wim/Documents/social_momentum_venv/social_momentum_MPPI/install/follower_plugin/share/follower_plugin/environment/path.dsv
[16.239s] -- Up-to-date: /home/wim/Documents/social_momentum_venv/social_momentum_MPPI/install/follower_plugin/share/follower_plugin/local_setup.bash
[16.239s] -- Up-to-date: /home/wim/Documents/social_momentum_venv/social_momentum_MPPI/install/follower_plugin/share/follower_plugin/local_setup.sh
[16.239s] -- Up-to-date: /home/wim/Documents/social_momentum_venv/social_momentum_MPPI/install/follower_plugin/share/follower_plugin/local_setup.zsh
[16.239s] -- Up-to-date: /home/wim/Documents/social_momentum_venv/social_momentum_MPPI/install/follower_plugin/share/follower_plugin/local_setup.dsv
[16.239s] -- Installing: /home/wim/Documents/social_momentum_venv/social_momentum_MPPI/install/follower_plugin/share/follower_plugin/package.dsv
[16.239s] -- Up-to-date: /home/wim/Documents/social_momentum_venv/social_momentum_MPPI/install/follower_plugin/share/ament_index/resource_index/packages/follower_plugin
[16.239s] -- Up-to-date: /home/wim/Documents/social_momentum_venv/social_momentum_MPPI/install/follower_plugin/share/follower_plugin/cmake/follower_pluginConfig.cmake
[16.239s] -- Up-to-date: /home/wim/Documents/social_momentum_venv/social_momentum_MPPI/install/follower_plugin/share/follower_plugin/cmake/follower_pluginConfig-version.cmake
[16.239s] -- Up-to-date: /home/wim/Documents/social_momentum_venv/social_momentum_MPPI/install/follower_plugin/share/follower_plugin/package.xml
[16.240s] -- Installing: /home/wim/Documents/social_momentum_venv/social_momentum_MPPI/install/follower_plugin/lib/libfollower_plugin.so
[16.246s] -- Set runtime path of "/home/wim/Documents/social_momentum_venv/social_momentum_MPPI/install/follower_plugin/lib/libfollower_plugin.so" to ""
[16.248s] Invoked command in '/home/wim/Documents/social_momentum_venv/social_momentum_MPPI/build/follower_plugin' returned '0': CMAKE_PREFIX_PATH=${CMAKE_PREFIX_PATH}:/home/wim/Documents/social_momentum_venv/social_momentum_MPPI/install/tiago_social_scenarios:/home/wim/Documents/social_momentum_venv/social_momentum_MPPI/install/sm_mppi_planner:/home/wim/tiago_public_ws/install/launch_pal:/opt/ros/humble /usr/bin/cmake --install /home/wim/Documents/social_momentum_venv/social_momentum_MPPI/build/follower_plugin
