[1.030s] Invoking command in '/home/wim/Documents/social_momentum_venv/social_momentum_MPPI/src/sm_mppi_planner': AMENT_PREFIX_PATH=/home/wim/Documents/social_momentum_venv/social_momentum_MPPI/install/my_social_nav_interfaces:${AMENT_PREFIX_PATH} CMAKE_PREFIX_PATH=/home/wim/Documents/social_momentum_venv/social_momentum_MPPI/install/my_social_nav_interfaces:${CMAKE_PREFIX_PATH} LD_LIBRARY_PATH=/home/wim/Documents/social_momentum_venv/social_momentum_MPPI/install/my_social_nav_interfaces/lib:${LD_LIBRARY_PATH} PYTHONPATH=/home/wim/Documents/social_momentum_venv/social_momentum_MPPI/build/sm_mppi_planner/prefix_override:/usr/lib/python3/dist-packages/colcon_core/task/python/colcon_distutils_commands:/home/wim/Documents/social_momentum_venv/social_momentum_MPPI/install/sm_mppi_planner/lib/python3.10/site-packages:/home/wim/Documents/social_momentum_venv/social_momentum_MPPI/install/my_social_nav_interfaces/local/lib/python3.10/dist-packages:${PYTHONPATH} /usr/bin/python3 -W ignore:setup.py install is deprecated -W ignore:easy_install command is deprecated setup.py egg_info --egg-base ../../build/sm_mppi_planner build --build-base /home/wim/Documents/social_momentum_venv/social_momentum_MPPI/build/sm_mppi_planner/build install --record /home/wim/Documents/social_momentum_venv/social_momentum_MPPI/build/sm_mppi_planner/install.log --single-version-externally-managed install_data
[1.414s] running egg_info
[1.415s] creating ../../build/sm_mppi_planner/sm_mppi_planner.egg-info
[1.415s] writing ../../build/sm_mppi_planner/sm_mppi_planner.egg-info/PKG-INFO
[1.415s] writing dependency_links to ../../build/sm_mppi_planner/sm_mppi_planner.egg-info/dependency_links.txt
[1.415s] writing entry points to ../../build/sm_mppi_planner/sm_mppi_planner.egg-info/entry_points.txt
[1.416s] writing requirements to ../../build/sm_mppi_planner/sm_mppi_planner.egg-info/requires.txt
[1.416s] writing top-level names to ../../build/sm_mppi_planner/sm_mppi_planner.egg-info/top_level.txt
[1.416s] writing manifest file '../../build/sm_mppi_planner/sm_mppi_planner.egg-info/SOURCES.txt'
[1.418s] reading manifest file '../../build/sm_mppi_planner/sm_mppi_planner.egg-info/SOURCES.txt'
[1.419s] writing manifest file '../../build/sm_mppi_planner/sm_mppi_planner.egg-info/SOURCES.txt'
[1.419s] running build
[1.419s] running build_py
[1.419s] creating /home/wim/Documents/social_momentum_venv/social_momentum_MPPI/build/sm_mppi_planner/build
[1.419s] creating /home/wim/Documents/social_momentum_venv/social_momentum_MPPI/build/sm_mppi_planner/build/lib
[1.420s] creating /home/wim/Documents/social_momentum_venv/social_momentum_MPPI/build/sm_mppi_planner/build/lib/sm_mppi_planner
[1.420s] copying sm_mppi_planner/mppi_planner_node.py -> /home/wim/Documents/social_momentum_venv/social_momentum_MPPI/build/sm_mppi_planner/build/lib/sm_mppi_planner
[1.420s] copying sm_mppi_planner/fake_human_publisher.py -> /home/wim/Documents/social_momentum_venv/social_momentum_MPPI/build/sm_mppi_planner/build/lib/sm_mppi_planner
[1.420s] copying sm_mppi_planner/tf2_wrapper.py -> /home/wim/Documents/social_momentum_venv/social_momentum_MPPI/build/sm_mppi_planner/build/lib/sm_mppi_planner
[1.420s] copying sm_mppi_planner/sm_mppi.py -> /home/wim/Documents/social_momentum_venv/social_momentum_MPPI/build/sm_mppi_planner/build/lib/sm_mppi_planner
[1.421s] copying sm_mppi_planner/goal_publisher_node.py -> /home/wim/Documents/social_momentum_venv/social_momentum_MPPI/build/sm_mppi_planner/build/lib/sm_mppi_planner
[1.421s] copying sm_mppi_planner/utils.py -> /home/wim/Documents/social_momentum_venv/social_momentum_MPPI/build/sm_mppi_planner/build/lib/sm_mppi_planner
[1.421s] copying sm_mppi_planner/config.py -> /home/wim/Documents/social_momentum_venv/social_momentum_MPPI/build/sm_mppi_planner/build/lib/sm_mppi_planner
[1.421s] copying sm_mppi_planner/__init__.py -> /home/wim/Documents/social_momentum_venv/social_momentum_MPPI/build/sm_mppi_planner/build/lib/sm_mppi_planner
[1.421s] copying sm_mppi_planner/vis_utils.py -> /home/wim/Documents/social_momentum_venv/social_momentum_MPPI/build/sm_mppi_planner/build/lib/sm_mppi_planner
[1.421s] running install
[1.421s] running install_lib
[1.422s] creating /home/wim/Documents/social_momentum_venv/social_momentum_MPPI/install/sm_mppi_planner/lib/python3.10/site-packages/sm_mppi_planner
[1.423s] copying /home/wim/Documents/social_momentum_venv/social_momentum_MPPI/build/sm_mppi_planner/build/lib/sm_mppi_planner/mppi_planner_node.py -> /home/wim/Documents/social_momentum_venv/social_momentum_MPPI/install/sm_mppi_planner/lib/python3.10/site-packages/sm_mppi_planner
[1.423s] copying /home/wim/Documents/social_momentum_venv/social_momentum_MPPI/build/sm_mppi_planner/build/lib/sm_mppi_planner/fake_human_publisher.py -> /home/wim/Documents/social_momentum_venv/social_momentum_MPPI/install/sm_mppi_planner/lib/python3.10/site-packages/sm_mppi_planner
[1.423s] copying /home/wim/Documents/social_momentum_venv/social_momentum_MPPI/build/sm_mppi_planner/build/lib/sm_mppi_planner/tf2_wrapper.py -> /home/wim/Documents/social_momentum_venv/social_momentum_MPPI/install/sm_mppi_planner/lib/python3.10/site-packages/sm_mppi_planner
[1.423s] copying /home/wim/Documents/social_momentum_venv/social_momentum_MPPI/build/sm_mppi_planner/build/lib/sm_mppi_planner/sm_mppi.py -> /home/wim/Documents/social_momentum_venv/social_momentum_MPPI/install/sm_mppi_planner/lib/python3.10/site-packages/sm_mppi_planner
[1.423s] copying /home/wim/Documents/social_momentum_venv/social_momentum_MPPI/build/sm_mppi_planner/build/lib/sm_mppi_planner/goal_publisher_node.py -> /home/wim/Documents/social_momentum_venv/social_momentum_MPPI/install/sm_mppi_planner/lib/python3.10/site-packages/sm_mppi_planner
[1.423s] copying /home/wim/Documents/social_momentum_venv/social_momentum_MPPI/build/sm_mppi_planner/build/lib/sm_mppi_planner/utils.py -> /home/wim/Documents/social_momentum_venv/social_momentum_MPPI/install/sm_mppi_planner/lib/python3.10/site-packages/sm_mppi_planner
[1.423s] copying /home/wim/Documents/social_momentum_venv/social_momentum_MPPI/build/sm_mppi_planner/build/lib/sm_mppi_planner/config.py -> /home/wim/Documents/social_momentum_venv/social_momentum_MPPI/install/sm_mppi_planner/lib/python3.10/site-packages/sm_mppi_planner
[1.424s] copying /home/wim/Documents/social_momentum_venv/social_momentum_MPPI/build/sm_mppi_planner/build/lib/sm_mppi_planner/__init__.py -> /home/wim/Documents/social_momentum_venv/social_momentum_MPPI/install/sm_mppi_planner/lib/python3.10/site-packages/sm_mppi_planner
[1.424s] copying /home/wim/Documents/social_momentum_venv/social_momentum_MPPI/build/sm_mppi_planner/build/lib/sm_mppi_planner/vis_utils.py -> /home/wim/Documents/social_momentum_venv/social_momentum_MPPI/install/sm_mppi_planner/lib/python3.10/site-packages/sm_mppi_planner
[1.424s] byte-compiling /home/wim/Documents/social_momentum_venv/social_momentum_MPPI/install/sm_mppi_planner/lib/python3.10/site-packages/sm_mppi_planner/mppi_planner_node.py to mppi_planner_node.cpython-310.pyc
[1.429s] byte-compiling /home/wim/Documents/social_momentum_venv/social_momentum_MPPI/install/sm_mppi_planner/lib/python3.10/site-packages/sm_mppi_planner/fake_human_publisher.py to fake_human_publisher.cpython-310.pyc
[1.433s] byte-compiling /home/wim/Documents/social_momentum_venv/social_momentum_MPPI/install/sm_mppi_planner/lib/python3.10/site-packages/sm_mppi_planner/tf2_wrapper.py to tf2_wrapper.cpython-310.pyc
[1.433s] byte-compiling /home/wim/Documents/social_momentum_venv/social_momentum_MPPI/install/sm_mppi_planner/lib/python3.10/site-packages/sm_mppi_planner/sm_mppi.py to sm_mppi.cpython-310.pyc
[1.433s] byte-compiling /home/wim/Documents/social_momentum_venv/social_momentum_MPPI/install/sm_mppi_planner/lib/python3.10/site-packages/sm_mppi_planner/goal_publisher_node.py to goal_publisher_node.cpython-310.pyc
[1.433s] byte-compiling /home/wim/Documents/social_momentum_venv/social_momentum_MPPI/install/sm_mppi_planner/lib/python3.10/site-packages/sm_mppi_planner/utils.py to utils.cpython-310.pyc
[1.434s] byte-compiling /home/wim/Documents/social_momentum_venv/social_momentum_MPPI/install/sm_mppi_planner/lib/python3.10/site-packages/sm_mppi_planner/config.py to config.cpython-310.pyc
[1.434s] byte-compiling /home/wim/Documents/social_momentum_venv/social_momentum_MPPI/install/sm_mppi_planner/lib/python3.10/site-packages/sm_mppi_planner/__init__.py to __init__.cpython-310.pyc
[1.435s] byte-compiling /home/wim/Documents/social_momentum_venv/social_momentum_MPPI/install/sm_mppi_planner/lib/python3.10/site-packages/sm_mppi_planner/vis_utils.py to vis_utils.cpython-310.pyc
[1.435s] running install_data
[1.436s] creating /home/wim/Documents/social_momentum_venv/social_momentum_MPPI/install/sm_mppi_planner/share/ament_index
[1.436s] creating /home/wim/Documents/social_momentum_venv/social_momentum_MPPI/install/sm_mppi_planner/share/ament_index/resource_index
[1.436s] creating /home/wim/Documents/social_momentum_venv/social_momentum_MPPI/install/sm_mppi_planner/share/ament_index/resource_index/packages
[1.436s] copying resource/sm_mppi_planner -> /home/wim/Documents/social_momentum_venv/social_momentum_MPPI/install/sm_mppi_planner/share/ament_index/resource_index/packages
[1.436s] copying package.xml -> /home/wim/Documents/social_momentum_venv/social_momentum_MPPI/install/sm_mppi_planner/share/sm_mppi_planner
[1.436s] creating /home/wim/Documents/social_momentum_venv/social_momentum_MPPI/install/sm_mppi_planner/share/sm_mppi_planner/launch
[1.437s] copying launch/sm_mppi_simulation.launch.py -> /home/wim/Documents/social_momentum_venv/social_momentum_MPPI/install/sm_mppi_planner/share/sm_mppi_planner/launch
[1.437s] copying launch/sm_paramtrized_version.launch.py -> /home/wim/Documents/social_momentum_venv/social_momentum_MPPI/install/sm_mppi_planner/share/sm_mppi_planner/launch
[1.437s] copying launch/headon_demo.launch.py -> /home/wim/Documents/social_momentum_venv/social_momentum_MPPI/install/sm_mppi_planner/share/sm_mppi_planner/launch
[1.437s] copying launch/teleop_launch.launch.py -> /home/wim/Documents/social_momentum_venv/social_momentum_MPPI/install/sm_mppi_planner/share/sm_mppi_planner/launch
[1.437s] copying launch/chat.launch.py -> /home/wim/Documents/social_momentum_venv/social_momentum_MPPI/install/sm_mppi_planner/share/sm_mppi_planner/launch
[1.437s] copying launch/simple_actor_test.launch.py -> /home/wim/Documents/social_momentum_venv/social_momentum_MPPI/install/sm_mppi_planner/share/sm_mppi_planner/launch
[1.437s] copying launch/4_humans.launch.py -> /home/wim/Documents/social_momentum_venv/social_momentum_MPPI/install/sm_mppi_planner/share/sm_mppi_planner/launch
[1.437s] copying launch/validation.launch.py -> /home/wim/Documents/social_momentum_venv/social_momentum_MPPI/install/sm_mppi_planner/share/sm_mppi_planner/launch
[1.438s] creating /home/wim/Documents/social_momentum_venv/social_momentum_MPPI/install/sm_mppi_planner/share/sm_mppi_planner/rviz
[1.438s] creating /home/wim/Documents/social_momentum_venv/social_momentum_MPPI/install/sm_mppi_planner/share/sm_mppi_planner/models
[1.438s] creating /home/wim/Documents/social_momentum_venv/social_momentum_MPPI/install/sm_mppi_planner/share/sm_mppi_planner/models/walking_human
[1.438s] copying models/walking_human/model.config -> /home/wim/Documents/social_momentum_venv/social_momentum_MPPI/install/sm_mppi_planner/share/sm_mppi_planner/models/walking_human
[1.438s] copying models/walking_human/model.sdf -> /home/wim/Documents/social_momentum_venv/social_momentum_MPPI/install/sm_mppi_planner/share/sm_mppi_planner/models/walking_human
[1.438s] creating /home/wim/Documents/social_momentum_venv/social_momentum_MPPI/install/sm_mppi_planner/share/sm_mppi_planner/models/walking_human/meshes
[1.438s] copying models/walking_human/meshes/walk.dae -> /home/wim/Documents/social_momentum_venv/social_momentum_MPPI/install/sm_mppi_planner/share/sm_mppi_planner/models/walking_human/meshes
[1.440s] copying models/walking_human/meshes/moonwalk.dae -> /home/wim/Documents/social_momentum_venv/social_momentum_MPPI/install/sm_mppi_planner/share/sm_mppi_planner/models/walking_human/meshes
[1.442s] creating /home/wim/Documents/social_momentum_venv/social_momentum_MPPI/install/sm_mppi_planner/share/sm_mppi_planner/models/Slampion
[1.442s] copying models/Slampion/model.config -> /home/wim/Documents/social_momentum_venv/social_momentum_MPPI/install/sm_mppi_planner/share/sm_mppi_planner/models/Slampion
[1.442s] copying models/Slampion/model.sdf -> /home/wim/Documents/social_momentum_venv/social_momentum_MPPI/install/sm_mppi_planner/share/sm_mppi_planner/models/Slampion
[1.442s] copying models/Slampion/Slampion.dae -> /home/wim/Documents/social_momentum_venv/social_momentum_MPPI/install/sm_mppi_planner/share/sm_mppi_planner/models/Slampion
[1.443s] creating /home/wim/Documents/social_momentum_venv/social_momentum_MPPI/install/sm_mppi_planner/share/sm_mppi_planner/models/Slampion/textures
[1.443s] copying models/Slampion/textures/7319b16a17fda36440b2da1cfb01d220.jpg -> /home/wim/Documents/social_momentum_venv/social_momentum_MPPI/install/sm_mppi_planner/share/sm_mppi_planner/models/Slampion/textures
[1.444s] copying models/Slampion/textures/ff4c81ee240b216b5338a5b02394500f.jpg -> /home/wim/Documents/social_momentum_venv/social_momentum_MPPI/install/sm_mppi_planner/share/sm_mppi_planner/models/Slampion/textures
[1.447s] copying models/Slampion/textures/d1dde46e1aa3e40a3f8c3a38b560054a.jpg -> /home/wim/Documents/social_momentum_venv/social_momentum_MPPI/install/sm_mppi_planner/share/sm_mppi_planner/models/Slampion/textures
[1.447s] creating /home/wim/Documents/social_momentum_venv/social_momentum_MPPI/install/sm_mppi_planner/share/sm_mppi_planner/models/wheelchair
[1.447s] copying models/wheelchair/model.config -> /home/wim/Documents/social_momentum_venv/social_momentum_MPPI/install/sm_mppi_planner/share/sm_mppi_planner/models/wheelchair
[1.448s] copying models/wheelchair/model.sdf -> /home/wim/Documents/social_momentum_venv/social_momentum_MPPI/install/sm_mppi_planner/share/sm_mppi_planner/models/wheelchair
[1.448s] copying models/wheelchair/wheelchair.dae -> /home/wim/Documents/social_momentum_venv/social_momentum_MPPI/install/sm_mppi_planner/share/sm_mppi_planner/models/wheelchair
[1.471s] creating /home/wim/Documents/social_momentum_venv/social_momentum_MPPI/install/sm_mppi_planner/share/sm_mppi_planner/models/wheelchair/textures
[1.471s] copying models/wheelchair/textures/ad0996e0b2cb0abe5cc583773c7c0440.jpg -> /home/wim/Documents/social_momentum_venv/social_momentum_MPPI/install/sm_mppi_planner/share/sm_mppi_planner/models/wheelchair/textures
[1.478s] copying models/wheelchair/textures/fbf99c84ab654eb7163c42fa1a799e5c.jpg -> /home/wim/Documents/social_momentum_venv/social_momentum_MPPI/install/sm_mppi_planner/share/sm_mppi_planner/models/wheelchair/textures
[1.483s] running install_egg_info
[1.485s] Copying ../../build/sm_mppi_planner/sm_mppi_planner.egg-info to /home/wim/Documents/social_momentum_venv/social_momentum_MPPI/install/sm_mppi_planner/lib/python3.10/site-packages/sm_mppi_planner-0.0.1-py3.10.egg-info
[1.486s] running install_scripts
[1.506s] Installing fake_human_publisher script to /home/wim/Documents/social_momentum_venv/social_momentum_MPPI/install/sm_mppi_planner/lib/sm_mppi_planner
[1.507s] Installing goal_publisher_node script to /home/wim/Documents/social_momentum_venv/social_momentum_MPPI/install/sm_mppi_planner/lib/sm_mppi_planner
[1.507s] Installing mppi_planner_node script to /home/wim/Documents/social_momentum_venv/social_momentum_MPPI/install/sm_mppi_planner/lib/sm_mppi_planner
[1.507s] writing list of installed files to '/home/wim/Documents/social_momentum_venv/social_momentum_MPPI/build/sm_mppi_planner/install.log'
[1.538s] Invoked command in '/home/wim/Documents/social_momentum_venv/social_momentum_MPPI/src/sm_mppi_planner' returned '0': AMENT_PREFIX_PATH=/home/wim/Documents/social_momentum_venv/social_momentum_MPPI/install/my_social_nav_interfaces:${AMENT_PREFIX_PATH} CMAKE_PREFIX_PATH=/home/wim/Documents/social_momentum_venv/social_momentum_MPPI/install/my_social_nav_interfaces:${CMAKE_PREFIX_PATH} LD_LIBRARY_PATH=/home/wim/Documents/social_momentum_venv/social_momentum_MPPI/install/my_social_nav_interfaces/lib:${LD_LIBRARY_PATH} PYTHONPATH=/home/wim/Documents/social_momentum_venv/social_momentum_MPPI/build/sm_mppi_planner/prefix_override:/usr/lib/python3/dist-packages/colcon_core/task/python/colcon_distutils_commands:/home/wim/Documents/social_momentum_venv/social_momentum_MPPI/install/sm_mppi_planner/lib/python3.10/site-packages:/home/wim/Documents/social_momentum_venv/social_momentum_MPPI/install/my_social_nav_interfaces/local/lib/python3.10/dist-packages:${PYTHONPATH} /usr/bin/python3 -W ignore:setup.py install is deprecated -W ignore:easy_install command is deprecated setup.py egg_info --egg-base ../../build/sm_mppi_planner build --build-base /home/wim/Documents/social_momentum_venv/social_momentum_MPPI/build/sm_mppi_planner/build install --record /home/wim/Documents/social_momentum_venv/social_momentum_MPPI/build/sm_mppi_planner/install.log --single-version-externally-managed install_data
