[1.158s] Invoking command in '/home/wim/Documents/social_momentum_venv/social_momentum_MPPI/src/sm_mppi_planner': PYTHONPATH=/home/wim/Documents/social_momentum_venv/social_momentum_MPPI/build/sm_mppi_planner/prefix_override:/usr/lib/python3/dist-packages/colcon_core/task/python/colcon_distutils_commands:/home/wim/Documents/social_momentum_venv/social_momentum_MPPI/install/sm_mppi_planner/lib/python3.10/site-packages:${PYTHONPATH} /usr/bin/python3 -W ignore:setup.py install is deprecated -W ignore:easy_install command is deprecated setup.py egg_info --egg-base ../../build/sm_mppi_planner build --build-base /home/wim/Documents/social_momentum_venv/social_momentum_MPPI/build/sm_mppi_planner/build install --record /home/wim/Documents/social_momentum_venv/social_momentum_MPPI/build/sm_mppi_planner/install.log --single-version-externally-managed install_data
[1.468s] running egg_info
[1.469s] writing ../../build/sm_mppi_planner/sm_mppi_planner.egg-info/PKG-INFO
[1.469s] writing dependency_links to ../../build/sm_mppi_planner/sm_mppi_planner.egg-info/dependency_links.txt
[1.470s] writing entry points to ../../build/sm_mppi_planner/sm_mppi_planner.egg-info/entry_points.txt
[1.470s] writing requirements to ../../build/sm_mppi_planner/sm_mppi_planner.egg-info/requires.txt
[1.470s] writing top-level names to ../../build/sm_mppi_planner/sm_mppi_planner.egg-info/top_level.txt
[1.473s] reading manifest file '../../build/sm_mppi_planner/sm_mppi_planner.egg-info/SOURCES.txt'
[1.475s] writing manifest file '../../build/sm_mppi_planner/sm_mppi_planner.egg-info/SOURCES.txt'
[1.475s] running build
[1.475s] running build_py
[1.476s] copying sm_mppi_planner/gazebo_actor_relay.py -> /home/wim/Documents/social_momentum_venv/social_momentum_MPPI/build/sm_mppi_planner/build/lib/sm_mppi_planner
[1.477s] running install
[1.477s] running install_lib
[1.479s] copying /home/wim/Documents/social_momentum_venv/social_momentum_MPPI/build/sm_mppi_planner/build/lib/sm_mppi_planner/gazebo_actor_relay.py -> /home/wim/Documents/social_momentum_venv/social_momentum_MPPI/install/sm_mppi_planner/lib/python3.10/site-packages/sm_mppi_planner
[1.480s] byte-compiling /home/wim/Documents/social_momentum_venv/social_momentum_MPPI/install/sm_mppi_planner/lib/python3.10/site-packages/sm_mppi_planner/gazebo_actor_relay.py to gazebo_actor_relay.cpython-310.pyc
[1.482s] running install_data
[1.484s] running install_egg_info
[1.487s] removing '/home/wim/Documents/social_momentum_venv/social_momentum_MPPI/install/sm_mppi_planner/lib/python3.10/site-packages/sm_mppi_planner-0.0.1-py3.10.egg-info' (and everything under it)
[1.487s] Copying ../../build/sm_mppi_planner/sm_mppi_planner.egg-info to /home/wim/Documents/social_momentum_venv/social_momentum_MPPI/install/sm_mppi_planner/lib/python3.10/site-packages/sm_mppi_planner-0.0.1-py3.10.egg-info
[1.488s] running install_scripts
[1.513s] Installing gazebo_actor_relay script to /home/wim/Documents/social_momentum_venv/social_momentum_MPPI/install/sm_mppi_planner/lib/sm_mppi_planner
[1.513s] Installing goal_publisher_node script to /home/wim/Documents/social_momentum_venv/social_momentum_MPPI/install/sm_mppi_planner/lib/sm_mppi_planner
[1.514s] Installing hallway_publisher script to /home/wim/Documents/social_momentum_venv/social_momentum_MPPI/install/sm_mppi_planner/lib/sm_mppi_planner
[1.514s] Installing mppi_planner_node script to /home/wim/Documents/social_momentum_venv/social_momentum_MPPI/install/sm_mppi_planner/lib/sm_mppi_planner
[1.514s] writing list of installed files to '/home/wim/Documents/social_momentum_venv/social_momentum_MPPI/build/sm_mppi_planner/install.log'
[1.550s] Invoked command in '/home/wim/Documents/social_momentum_venv/social_momentum_MPPI/src/sm_mppi_planner' returned '0': PYTHONPATH=/home/wim/Documents/social_momentum_venv/social_momentum_MPPI/build/sm_mppi_planner/prefix_override:/usr/lib/python3/dist-packages/colcon_core/task/python/colcon_distutils_commands:/home/wim/Documents/social_momentum_venv/social_momentum_MPPI/install/sm_mppi_planner/lib/python3.10/site-packages:${PYTHONPATH} /usr/bin/python3 -W ignore:setup.py install is deprecated -W ignore:easy_install command is deprecated setup.py egg_info --egg-base ../../build/sm_mppi_planner build --build-base /home/wim/Documents/social_momentum_venv/social_momentum_MPPI/build/sm_mppi_planner/build install --record /home/wim/Documents/social_momentum_venv/social_momentum_MPPI/build/sm_mppi_planner/install.log --single-version-externally-managed install_data
