[0.693s] Invoking command in '/home/wim/Documents/social_momentum_MPPI/build/sm_mppi_planner': PYTHONPATH=/home/wim/Documents/social_momentum_MPPI/build/sm_mppi_planner/prefix_override:/usr/lib/python3/dist-packages/colcon_core/task/python/colcon_distutils_commands:/home/wim/Documents/social_momentum_MPPI/install/sm_mppi_planner/lib/python3.10/site-packages:${PYTHONPATH} /usr/bin/python3 -W ignore:setup.py install is deprecated -W ignore:easy_install command is deprecated setup.py develop --editable --build-directory /home/wim/Documents/social_momentum_MPPI/build/sm_mppi_planner/build --no-deps symlink_data
[0.984s] running develop
[1.179s] running egg_info
[1.179s] creating sm_mppi_planner.egg-info
[1.180s] writing sm_mppi_planner.egg-info/PKG-INFO
[1.180s] writing dependency_links to sm_mppi_planner.egg-info/dependency_links.txt
[1.180s] writing entry points to sm_mppi_planner.egg-info/entry_points.txt
[1.180s] writing requirements to sm_mppi_planner.egg-info/requires.txt
[1.180s] writing top-level names to sm_mppi_planner.egg-info/top_level.txt
[1.180s] writing manifest file 'sm_mppi_planner.egg-info/SOURCES.txt'
[1.182s] reading manifest file 'sm_mppi_planner.egg-info/SOURCES.txt'
[1.182s] writing manifest file 'sm_mppi_planner.egg-info/SOURCES.txt'
[1.184s] running build_ext
[1.184s] Creating /home/wim/Documents/social_momentum_MPPI/install/sm_mppi_planner/lib/python3.10/site-packages/sm-mppi-planner.egg-link (link to .)
[1.185s] Installing fake_human_publisher script to /home/wim/Documents/social_momentum_MPPI/install/sm_mppi_planner/lib/sm_mppi_planner
[1.185s] Installing goal_publisher_node script to /home/wim/Documents/social_momentum_MPPI/install/sm_mppi_planner/lib/sm_mppi_planner
[1.185s] Installing mppi_planner_node script to /home/wim/Documents/social_momentum_MPPI/install/sm_mppi_planner/lib/sm_mppi_planner
[1.185s] 
[1.185s] Installed /home/wim/Documents/social_momentum_MPPI/build/sm_mppi_planner
[1.185s] running symlink_data
[1.185s] creating /home/wim/Documents/social_momentum_MPPI/install/sm_mppi_planner/share/ament_index
[1.185s] creating /home/wim/Documents/social_momentum_MPPI/install/sm_mppi_planner/share/ament_index/resource_index
[1.186s] creating /home/wim/Documents/social_momentum_MPPI/install/sm_mppi_planner/share/ament_index/resource_index/packages
[1.186s] symbolically linking /home/wim/Documents/social_momentum_MPPI/build/sm_mppi_planner/resource/sm_mppi_planner -> /home/wim/Documents/social_momentum_MPPI/install/sm_mppi_planner/share/ament_index/resource_index/packages
[1.186s] symbolically linking /home/wim/Documents/social_momentum_MPPI/build/sm_mppi_planner/package.xml -> /home/wim/Documents/social_momentum_MPPI/install/sm_mppi_planner/share/sm_mppi_planner
[1.186s] creating /home/wim/Documents/social_momentum_MPPI/install/sm_mppi_planner/share/sm_mppi_planner/launch
[1.186s] symbolically linking /home/wim/Documents/social_momentum_MPPI/build/sm_mppi_planner/launch/sm_mppi_simulation.launch.py -> /home/wim/Documents/social_momentum_MPPI/install/sm_mppi_planner/share/sm_mppi_planner/launch
[1.186s] symbolically linking /home/wim/Documents/social_momentum_MPPI/build/sm_mppi_planner/launch/headon_demo.launch.py -> /home/wim/Documents/social_momentum_MPPI/install/sm_mppi_planner/share/sm_mppi_planner/launch
[1.186s] symbolically linking /home/wim/Documents/social_momentum_MPPI/build/sm_mppi_planner/launch/teleop_launch.launch.py -> /home/wim/Documents/social_momentum_MPPI/install/sm_mppi_planner/share/sm_mppi_planner/launch
[1.186s] symbolically linking /home/wim/Documents/social_momentum_MPPI/build/sm_mppi_planner/launch/4_humans.launch.py -> /home/wim/Documents/social_momentum_MPPI/install/sm_mppi_planner/share/sm_mppi_planner/launch
[1.211s] Invoked command in '/home/wim/Documents/social_momentum_MPPI/build/sm_mppi_planner' returned '0': PYTHONPATH=/home/wim/Documents/social_momentum_MPPI/build/sm_mppi_planner/prefix_override:/usr/lib/python3/dist-packages/colcon_core/task/python/colcon_distutils_commands:/home/wim/Documents/social_momentum_MPPI/install/sm_mppi_planner/lib/python3.10/site-packages:${PYTHONPATH} /usr/bin/python3 -W ignore:setup.py install is deprecated -W ignore:easy_install command is deprecated setup.py develop --editable --build-directory /home/wim/Documents/social_momentum_MPPI/build/sm_mppi_planner/build --no-deps symlink_data
