[1.079s] Invoking command in '/home/wim/Documents/social_momentum_venv/social_momentum_MPPI/src/tiago_social_scenarios': AMENT_PREFIX_PATH=/home/wim/Documents/social_momentum_venv/social_momentum_MPPI/install/my_social_nav_interfaces:${AMENT_PREFIX_PATH} CMAKE_PREFIX_PATH=/home/wim/Documents/social_momentum_venv/social_momentum_MPPI/install/my_social_nav_interfaces:${CMAKE_PREFIX_PATH} LD_LIBRARY_PATH=/home/wim/Documents/social_momentum_venv/social_momentum_MPPI/install/my_social_nav_interfaces/lib:${LD_LIBRARY_PATH} PYTHONPATH=/home/wim/Documents/social_momentum_venv/social_momentum_MPPI/build/tiago_social_scenarios/prefix_override:/usr/lib/python3/dist-packages/colcon_core/task/python/colcon_distutils_commands:/home/wim/Documents/social_momentum_venv/social_momentum_MPPI/install/tiago_social_scenarios/lib/python3.10/site-packages:/home/wim/Documents/social_momentum_venv/social_momentum_MPPI/install/my_social_nav_interfaces/local/lib/python3.10/dist-packages:${PYTHONPATH} /usr/bin/python3 -W ignore:setup.py install is deprecated -W ignore:easy_install command is deprecated setup.py egg_info --egg-base ../../build/tiago_social_scenarios build --build-base /home/wim/Documents/social_momentum_venv/social_momentum_MPPI/build/tiago_social_scenarios/build install --record /home/wim/Documents/social_momentum_venv/social_momentum_MPPI/build/tiago_social_scenarios/install.log --single-version-externally-managed install_data
[1.357s] running egg_info
[1.358s] creating ../../build/tiago_social_scenarios/tiago_social_scenarios.egg-info
[1.358s] writing ../../build/tiago_social_scenarios/tiago_social_scenarios.egg-info/PKG-INFO
[1.358s] writing dependency_links to ../../build/tiago_social_scenarios/tiago_social_scenarios.egg-info/dependency_links.txt
[1.358s] writing entry points to ../../build/tiago_social_scenarios/tiago_social_scenarios.egg-info/entry_points.txt
[1.358s] writing requirements to ../../build/tiago_social_scenarios/tiago_social_scenarios.egg-info/requires.txt
[1.358s] writing top-level names to ../../build/tiago_social_scenarios/tiago_social_scenarios.egg-info/top_level.txt
[1.358s] writing manifest file '../../build/tiago_social_scenarios/tiago_social_scenarios.egg-info/SOURCES.txt'
[1.360s] reading manifest file '../../build/tiago_social_scenarios/tiago_social_scenarios.egg-info/SOURCES.txt'
[1.361s] writing manifest file '../../build/tiago_social_scenarios/tiago_social_scenarios.egg-info/SOURCES.txt'
[1.361s] running build
[1.361s] running build_py
[1.361s] creating /home/wim/Documents/social_momentum_venv/social_momentum_MPPI/build/tiago_social_scenarios/build
[1.361s] creating /home/wim/Documents/social_momentum_venv/social_momentum_MPPI/build/tiago_social_scenarios/build/lib
[1.361s] creating /home/wim/Documents/social_momentum_venv/social_momentum_MPPI/build/tiago_social_scenarios/build/lib/tiago_social_scenarios
[1.361s] copying tiago_social_scenarios/gazebo_human_controller.py -> /home/wim/Documents/social_momentum_venv/social_momentum_MPPI/build/tiago_social_scenarios/build/lib/tiago_social_scenarios
[1.362s] copying tiago_social_scenarios/__init__.py -> /home/wim/Documents/social_momentum_venv/social_momentum_MPPI/build/tiago_social_scenarios/build/lib/tiago_social_scenarios
[1.362s] running install
[1.362s] running install_lib
[1.363s] creating /home/wim/Documents/social_momentum_venv/social_momentum_MPPI/install/tiago_social_scenarios/lib/python3.10/site-packages/tiago_social_scenarios
[1.363s] copying /home/wim/Documents/social_momentum_venv/social_momentum_MPPI/build/tiago_social_scenarios/build/lib/tiago_social_scenarios/gazebo_human_controller.py -> /home/wim/Documents/social_momentum_venv/social_momentum_MPPI/install/tiago_social_scenarios/lib/python3.10/site-packages/tiago_social_scenarios
[1.363s] copying /home/wim/Documents/social_momentum_venv/social_momentum_MPPI/build/tiago_social_scenarios/build/lib/tiago_social_scenarios/__init__.py -> /home/wim/Documents/social_momentum_venv/social_momentum_MPPI/install/tiago_social_scenarios/lib/python3.10/site-packages/tiago_social_scenarios
[1.363s] byte-compiling /home/wim/Documents/social_momentum_venv/social_momentum_MPPI/install/tiago_social_scenarios/lib/python3.10/site-packages/tiago_social_scenarios/gazebo_human_controller.py to gazebo_human_controller.cpython-310.pyc
[1.364s] byte-compiling /home/wim/Documents/social_momentum_venv/social_momentum_MPPI/install/tiago_social_scenarios/lib/python3.10/site-packages/tiago_social_scenarios/__init__.py to __init__.cpython-310.pyc
[1.365s] running install_data
[1.365s] creating /home/wim/Documents/social_momentum_venv/social_momentum_MPPI/install/tiago_social_scenarios/share/ament_index
[1.365s] creating /home/wim/Documents/social_momentum_venv/social_momentum_MPPI/install/tiago_social_scenarios/share/ament_index/resource_index
[1.365s] creating /home/wim/Documents/social_momentum_venv/social_momentum_MPPI/install/tiago_social_scenarios/share/ament_index/resource_index/packages
[1.365s] copying resource/tiago_social_scenarios -> /home/wim/Documents/social_momentum_venv/social_momentum_MPPI/install/tiago_social_scenarios/share/ament_index/resource_index/packages
[1.365s] copying package.xml -> /home/wim/Documents/social_momentum_venv/social_momentum_MPPI/install/tiago_social_scenarios/share/tiago_social_scenarios
[1.365s] creating /home/wim/Documents/social_momentum_venv/social_momentum_MPPI/install/tiago_social_scenarios/share/tiago_social_scenarios/launch
[1.365s] copying launch/my_world_nav.launch.py -> /home/wim/Documents/social_momentum_venv/social_momentum_MPPI/install/tiago_social_scenarios/share/tiago_social_scenarios/launch
[1.365s] creating /home/wim/Documents/social_momentum_venv/social_momentum_MPPI/install/tiago_social_scenarios/share/tiago_social_scenarios/maps
[1.365s] copying maps/hallway_map.yaml -> /home/wim/Documents/social_momentum_venv/social_momentum_MPPI/install/tiago_social_scenarios/share/tiago_social_scenarios/maps
[1.366s] copying maps/hallway_map.pgm -> /home/wim/Documents/social_momentum_venv/social_momentum_MPPI/install/tiago_social_scenarios/share/tiago_social_scenarios/maps
[1.366s] creating /home/wim/Documents/social_momentum_venv/social_momentum_MPPI/install/tiago_social_scenarios/share/tiago_social_scenarios/models
[1.366s] creating /home/wim/Documents/social_momentum_venv/social_momentum_MPPI/install/tiago_social_scenarios/share/tiago_social_scenarios/models/hallway_world
[1.366s] copying models/hallway_world/model.sdf -> /home/wim/Documents/social_momentum_venv/social_momentum_MPPI/install/tiago_social_scenarios/share/tiago_social_scenarios/models/hallway_world
[1.366s] copying models/hallway_world/model.config -> /home/wim/Documents/social_momentum_venv/social_momentum_MPPI/install/tiago_social_scenarios/share/tiago_social_scenarios/models/hallway_world
[1.366s] creating /home/wim/Documents/social_momentum_venv/social_momentum_MPPI/install/tiago_social_scenarios/share/tiago_social_scenarios/models/social_human
[1.366s] copying models/social_human/model.sdf -> /home/wim/Documents/social_momentum_venv/social_momentum_MPPI/install/tiago_social_scenarios/share/tiago_social_scenarios/models/social_human
[1.366s] copying models/social_human/model.config -> /home/wim/Documents/social_momentum_venv/social_momentum_MPPI/install/tiago_social_scenarios/share/tiago_social_scenarios/models/social_human
[1.367s] copying models/social_human/Slampion.dae -> /home/wim/Documents/social_momentum_venv/social_momentum_MPPI/install/tiago_social_scenarios/share/tiago_social_scenarios/models/social_human
[1.367s] creating /home/wim/Documents/social_momentum_venv/social_momentum_MPPI/install/tiago_social_scenarios/share/tiago_social_scenarios/models/social_wheelchair
[1.367s] copying models/social_wheelchair/wheelchair.dae -> /home/wim/Documents/social_momentum_venv/social_momentum_MPPI/install/tiago_social_scenarios/share/tiago_social_scenarios/models/social_wheelchair
[1.388s] copying models/social_wheelchair/model.sdf -> /home/wim/Documents/social_momentum_venv/social_momentum_MPPI/install/tiago_social_scenarios/share/tiago_social_scenarios/models/social_wheelchair
[1.388s] copying models/social_wheelchair/model.config -> /home/wim/Documents/social_momentum_venv/social_momentum_MPPI/install/tiago_social_scenarios/share/tiago_social_scenarios/models/social_wheelchair
[1.388s] creating /home/wim/Documents/social_momentum_venv/social_momentum_MPPI/install/tiago_social_scenarios/share/tiago_social_scenarios/worlds
[1.388s] copying worlds/scenario_1.world -> /home/wim/Documents/social_momentum_venv/social_momentum_MPPI/install/tiago_social_scenarios/share/tiago_social_scenarios/worlds
[1.388s] running install_egg_info
[1.390s] Copying ../../build/tiago_social_scenarios/tiago_social_scenarios.egg-info to /home/wim/Documents/social_momentum_venv/social_momentum_MPPI/install/tiago_social_scenarios/lib/python3.10/site-packages/tiago_social_scenarios-0.0.1-py3.10.egg-info
[1.391s] running install_scripts
[1.410s] Installing gazebo_human_controller script to /home/wim/Documents/social_momentum_venv/social_momentum_MPPI/install/tiago_social_scenarios/lib/tiago_social_scenarios
[1.410s] writing list of installed files to '/home/wim/Documents/social_momentum_venv/social_momentum_MPPI/build/tiago_social_scenarios/install.log'
[1.435s] Invoked command in '/home/wim/Documents/social_momentum_venv/social_momentum_MPPI/src/tiago_social_scenarios' returned '0': AMENT_PREFIX_PATH=/home/wim/Documents/social_momentum_venv/social_momentum_MPPI/install/my_social_nav_interfaces:${AMENT_PREFIX_PATH} CMAKE_PREFIX_PATH=/home/wim/Documents/social_momentum_venv/social_momentum_MPPI/install/my_social_nav_interfaces:${CMAKE_PREFIX_PATH} LD_LIBRARY_PATH=/home/wim/Documents/social_momentum_venv/social_momentum_MPPI/install/my_social_nav_interfaces/lib:${LD_LIBRARY_PATH} PYTHONPATH=/home/wim/Documents/social_momentum_venv/social_momentum_MPPI/build/tiago_social_scenarios/prefix_override:/usr/lib/python3/dist-packages/colcon_core/task/python/colcon_distutils_commands:/home/wim/Documents/social_momentum_venv/social_momentum_MPPI/install/tiago_social_scenarios/lib/python3.10/site-packages:/home/wim/Documents/social_momentum_venv/social_momentum_MPPI/install/my_social_nav_interfaces/local/lib/python3.10/dist-packages:${PYTHONPATH} /usr/bin/python3 -W ignore:setup.py install is deprecated -W ignore:easy_install command is deprecated setup.py egg_info --egg-base ../../build/tiago_social_scenarios build --build-base /home/wim/Documents/social_momentum_venv/social_momentum_MPPI/build/tiago_social_scenarios/build install --record /home/wim/Documents/social_momentum_venv/social_momentum_MPPI/build/tiago_social_scenarios/install.log --single-version-externally-managed install_data
