[0.010s] Invoking command in '/home/wim/Documents/social_momentum_venv/social_momentum_MPPI/build/my_social_nav_interfaces': CMAKE_PREFIX_PATH=${CMAKE_PREFIX_PATH}:/home/wim/tiago_public_ws/install/launch_pal:/opt/ros/humble /usr/bin/cmake /home/wim/Documents/social_momentum_venv/social_momentum_MPPI/src/my_social_nav_interfaces -DCMAKE_INSTALL_PREFIX=/home/wim/Documents/social_momentum_venv/social_momentum_MPPI/install/my_social_nav_interfaces
[0.077s] -- The C compiler identification is GNU 11.4.0
[0.135s] -- The CXX compiler identification is GNU 11.4.0
[0.147s] -- Detecting C compiler ABI info
[0.224s] -- Detecting C compiler ABI info - done
[0.237s] -- Check for working C compiler: /usr/bin/cc - skipped
[0.237s] -- Detecting C compile features
[0.240s] -- Detecting C compile features - done
[0.242s] -- Detecting CXX compiler ABI info
[0.333s] -- Detecting CXX compiler ABI info - done
[0.350s] -- Check for working CXX compiler: /usr/bin/c++ - skipped
[0.350s] -- Detecting CXX compile features
[0.350s] -- Detecting CXX compile features - done
[0.357s] -- Found ament_cmake: 1.3.11 (/opt/ros/humble/share/ament_cmake/cmake)
[0.557s] -- Found Python3: /usr/bin/python3 (found version "3.10.12") found components: Interpreter 
[0.730s] -- Found std_msgs: 4.8.0 (/opt/ros/humble/share/std_msgs/cmake)
[0.821s] -- Found rosidl_generator_c: 3.1.6 (/opt/ros/humble/share/rosidl_generator_c/cmake)
[0.835s] -- Found rosidl_adapter: 3.1.6 (/opt/ros/humble/share/rosidl_adapter/cmake)
[0.857s] -- Found rosidl_generator_cpp: 3.1.6 (/opt/ros/humble/share/rosidl_generator_cpp/cmake)
[0.879s] -- Using all available rosidl_typesupport_c: rosidl_typesupport_fastrtps_c;rosidl_typesupport_introspection_c
[0.906s] -- Using all available rosidl_typesupport_cpp: rosidl_typesupport_fastrtps_cpp;rosidl_typesupport_introspection_cpp
[0.965s] -- Found geometry_msgs: 4.8.0 (/opt/ros/humble/share/geometry_msgs/cmake)
[0.981s] -- Found rosidl_default_generators: 1.2.0 (/opt/ros/humble/share/rosidl_default_generators/cmake)
[1.366s] -- Found ament_cmake_ros: 0.10.0 (/opt/ros/humble/share/ament_cmake_ros/cmake)
[1.940s] -- Using all available rosidl_typesupport_c: rosidl_typesupport_fastrtps_c;rosidl_typesupport_introspection_c
[2.149s] -- Using all available rosidl_typesupport_cpp: rosidl_typesupport_fastrtps_cpp;rosidl_typesupport_introspection_cpp
[2.174s] -- Found PythonInterp: /usr/bin/python3 (found suitable version "3.10.12", minimum required is "3.6") 
[2.178s] -- Found python_cmake_module: 0.10.0 (/opt/ros/humble/share/python_cmake_module/cmake)
[2.204s] -- Found PythonLibs: /usr/lib/x86_64-linux-gnu/libpython3.10.so (found suitable version "3.10.12", minimum required is "3.5") 
[2.204s] -- Using PYTHON_EXECUTABLE: /usr/bin/python3
[2.204s] -- Using PYTHON_INCLUDE_DIRS: /usr/include/python3.10
[2.204s] -- Using PYTHON_LIBRARIES: /usr/lib/x86_64-linux-gnu/libpython3.10.so
[2.237s] -- Found PythonExtra: .so  
[2.338s] -- Found ament_lint_auto: 0.12.12 (/opt/ros/humble/share/ament_lint_auto/cmake)
[2.392s] -- Added test 'copyright' to check source files copyright and LICENSE
[2.394s] -- Added test 'lint_cmake' to check CMake code style
[2.395s] -- Added test 'xmllint' to check XML markup files
[2.399s] -- Configuring done
[2.446s] -- Generating done
[2.460s] -- Build files have been written to: /home/wim/Documents/social_momentum_venv/social_momentum_MPPI/build/my_social_nav_interfaces
[2.467s] Invoked command in '/home/wim/Documents/social_momentum_venv/social_momentum_MPPI/build/my_social_nav_interfaces' returned '0': CMAKE_PREFIX_PATH=${CMAKE_PREFIX_PATH}:/home/wim/tiago_public_ws/install/launch_pal:/opt/ros/humble /usr/bin/cmake /home/wim/Documents/social_momentum_venv/social_momentum_MPPI/src/my_social_nav_interfaces -DCMAKE_INSTALL_PREFIX=/home/wim/Documents/social_momentum_venv/social_momentum_MPPI/install/my_social_nav_interfaces
[2.469s] Invoking command in '/home/wim/Documents/social_momentum_venv/social_momentum_MPPI/build/my_social_nav_interfaces': CMAKE_PREFIX_PATH=${CMAKE_PREFIX_PATH}:/home/wim/tiago_public_ws/install/launch_pal:/opt/ros/humble /usr/bin/cmake --build /home/wim/Documents/social_momentum_venv/social_momentum_MPPI/build/my_social_nav_interfaces -- -j12 -l12
[2.503s] [  2%] [34m[1mGenerating C code for ROS interfaces[0m
[2.513s] [  5%] [34m[1mGenerating C++ code for ROS interfaces[0m
[2.524s] [  5%] Built target ament_cmake_python_copy_my_social_nav_interfaces
[2.877s] running egg_info
[2.878s] creating my_social_nav_interfaces.egg-info
[2.878s] writing my_social_nav_interfaces.egg-info/PKG-INFO
[2.878s] writing dependency_links to my_social_nav_interfaces.egg-info/dependency_links.txt
[2.878s] writing top-level names to my_social_nav_interfaces.egg-info/top_level.txt
[2.878s] writing manifest file 'my_social_nav_interfaces.egg-info/SOURCES.txt'
[2.880s] reading manifest file 'my_social_nav_interfaces.egg-info/SOURCES.txt'
[2.881s] writing manifest file 'my_social_nav_interfaces.egg-info/SOURCES.txt'
[2.901s] [  5%] Built target ament_cmake_python_build_my_social_nav_interfaces_egg
[2.943s] [  5%] Built target my_social_nav_interfaces__cpp
[2.963s] [  7%] [34m[1mGenerating C++ type support dispatch for ROS interfaces[0m
[2.965s] [ 10%] [34m[1mGenerating C++ type support for eProsima Fast-RTPS[0m
[2.969s] [ 12%] [34m[1mGenerating C++ introspection for ROS interfaces[0m
[2.998s] [ 15%] [32mBuilding C object CMakeFiles/my_social_nav_interfaces__rosidl_generator_c.dir/rosidl_generator_c/my_social_nav_interfaces/msg/detail/human_array__functions.c.o[0m
[3.000s] [ 17%] [32mBuilding C object CMakeFiles/my_social_nav_interfaces__rosidl_generator_c.dir/rosidl_generator_c/my_social_nav_interfaces/msg/detail/human_pose_vel__functions.c.o[0m
[3.060s] [ 20%] [32m[1mLinking C shared library libmy_social_nav_interfaces__rosidl_generator_c.so[0m
[3.102s] [ 20%] Built target my_social_nav_interfaces__rosidl_generator_c
[3.111s] [ 28%] [34m[1mGenerating C introspection for ROS interfaces[0m
[3.111s] [ 28%] [34m[1mGenerating C type support for eProsima Fast-RTPS[0m
[3.111s] [ 28%] [34m[1mGenerating C type support dispatch for ROS interfaces[0m
[3.429s] [ 33%] [32mBuilding CXX object CMakeFiles/my_social_nav_interfaces__rosidl_typesupport_fastrtps_cpp.dir/rosidl_typesupport_fastrtps_cpp/my_social_nav_interfaces/msg/detail/dds_fastrtps/human_array__type_support.cpp.o[0m
[3.429s] [ 33%] [32mBuilding CXX object CMakeFiles/my_social_nav_interfaces__rosidl_typesupport_fastrtps_cpp.dir/rosidl_typesupport_fastrtps_cpp/my_social_nav_interfaces/msg/detail/dds_fastrtps/human_pose_vel__type_support.cpp.o[0m
[3.485s] [ 35%] [32mBuilding CXX object CMakeFiles/my_social_nav_interfaces__rosidl_typesupport_cpp.dir/rosidl_typesupport_cpp/my_social_nav_interfaces/msg/human_array__type_support.cpp.o[0m
[3.485s] [ 38%] [32mBuilding CXX object CMakeFiles/my_social_nav_interfaces__rosidl_typesupport_cpp.dir/rosidl_typesupport_cpp/my_social_nav_interfaces/msg/human_pose_vel__type_support.cpp.o[0m
[3.544s] [ 41%] [32mBuilding CXX object CMakeFiles/my_social_nav_interfaces__rosidl_typesupport_introspection_cpp.dir/rosidl_typesupport_introspection_cpp/my_social_nav_interfaces/msg/detail/human_array__type_support.cpp.o[0m
[3.548s] [ 43%] [32mBuilding CXX object CMakeFiles/my_social_nav_interfaces__rosidl_typesupport_introspection_cpp.dir/rosidl_typesupport_introspection_cpp/my_social_nav_interfaces/msg/detail/human_pose_vel__type_support.cpp.o[0m
[3.587s] [ 46%] [32mBuilding CXX object CMakeFiles/my_social_nav_interfaces__rosidl_typesupport_c.dir/rosidl_typesupport_c/my_social_nav_interfaces/msg/human_array__type_support.cpp.o[0m
[3.599s] [ 48%] [32mBuilding CXX object CMakeFiles/my_social_nav_interfaces__rosidl_typesupport_c.dir/rosidl_typesupport_c/my_social_nav_interfaces/msg/human_pose_vel__type_support.cpp.o[0m
[3.646s] [ 53%] [32mBuilding C object CMakeFiles/my_social_nav_interfaces__rosidl_typesupport_introspection_c.dir/rosidl_typesupport_introspection_c/my_social_nav_interfaces/msg/detail/human_array__type_support.c.o[0m
[3.646s] [ 56%] [32mBuilding CXX object CMakeFiles/my_social_nav_interfaces__rosidl_typesupport_fastrtps_c.dir/rosidl_typesupport_fastrtps_c/my_social_nav_interfaces/msg/detail/human_pose_vel__type_support_c.cpp.o[0m
[3.647s] [ 56%] [32mBuilding CXX object CMakeFiles/my_social_nav_interfaces__rosidl_typesupport_fastrtps_c.dir/rosidl_typesupport_fastrtps_c/my_social_nav_interfaces/msg/detail/human_array__type_support_c.cpp.o[0m
[3.647s] [ 58%] [32mBuilding C object CMakeFiles/my_social_nav_interfaces__rosidl_typesupport_introspection_c.dir/rosidl_typesupport_introspection_c/my_social_nav_interfaces/msg/detail/human_pose_vel__type_support.c.o[0m
[3.680s] [ 61%] [32m[1mLinking CXX shared library libmy_social_nav_interfaces__rosidl_typesupport_c.so[0m
[3.725s] [ 64%] [32m[1mLinking C shared library libmy_social_nav_interfaces__rosidl_typesupport_introspection_c.so[0m
[3.770s] [ 64%] Built target my_social_nav_interfaces__rosidl_typesupport_c
[3.772s] [ 64%] Built target my_social_nav_interfaces__rosidl_typesupport_introspection_c
[3.916s] [ 66%] [32m[1mLinking CXX shared library libmy_social_nav_interfaces__rosidl_typesupport_cpp.so[0m
[3.985s] [ 66%] Built target my_social_nav_interfaces__rosidl_typesupport_cpp
[4.115s] [ 69%] [32m[1mLinking CXX shared library libmy_social_nav_interfaces__rosidl_typesupport_fastrtps_cpp.so[0m
[4.177s] [ 71%] [32m[1mLinking CXX shared library libmy_social_nav_interfaces__rosidl_typesupport_fastrtps_c.so[0m
[4.193s] [ 74%] [32m[1mLinking CXX shared library libmy_social_nav_interfaces__rosidl_typesupport_introspection_cpp.so[0m
[4.207s] [ 74%] Built target my_social_nav_interfaces__rosidl_typesupport_fastrtps_cpp
[4.263s] [ 74%] Built target my_social_nav_interfaces__rosidl_typesupport_fastrtps_c
[4.277s] [ 74%] Built target my_social_nav_interfaces__rosidl_typesupport_introspection_cpp
[4.294s] [ 74%] Built target my_social_nav_interfaces
[4.311s] [ 76%] [34m[1mGenerating Python code for ROS interfaces[0m
[4.902s] [ 76%] Built target my_social_nav_interfaces__py
[4.924s] [ 82%] [32mBuilding C object CMakeFiles/my_social_nav_interfaces__rosidl_generator_py.dir/rosidl_generator_py/my_social_nav_interfaces/msg/_human_array_s.c.o[0m
[4.924s] [ 82%] [32mBuilding C object CMakeFiles/my_social_nav_interfaces__rosidl_generator_py.dir/rosidl_generator_py/my_social_nav_interfaces/msg/_human_pose_vel_s.c.o[0m
[5.046s] [ 84%] [32m[1mLinking C shared library rosidl_generator_py/my_social_nav_interfaces/libmy_social_nav_interfaces__rosidl_generator_py.so[0m
[5.086s] [ 84%] Built target my_social_nav_interfaces__rosidl_generator_py
[5.103s] [ 92%] [32mBuilding C object CMakeFiles/my_social_nav_interfaces__rosidl_typesupport_introspection_c__pyext.dir/rosidl_generator_py/my_social_nav_interfaces/_my_social_nav_interfaces_s.ep.rosidl_typesupport_introspection_c.c.o[0m
[5.103s] [ 92%] [32mBuilding C object CMakeFiles/my_social_nav_interfaces__rosidl_typesupport_fastrtps_c__pyext.dir/rosidl_generator_py/my_social_nav_interfaces/_my_social_nav_interfaces_s.ep.rosidl_typesupport_fastrtps_c.c.o[0m
[5.103s] [ 92%] [32mBuilding C object CMakeFiles/my_social_nav_interfaces__rosidl_typesupport_c__pyext.dir/rosidl_generator_py/my_social_nav_interfaces/_my_social_nav_interfaces_s.ep.rosidl_typesupport_c.c.o[0m
[5.216s] [ 97%] [32m[1mLinking C shared library rosidl_generator_py/my_social_nav_interfaces/my_social_nav_interfaces_s__rosidl_typesupport_c.cpython-310-x86_64-linux-gnu.so[0m
[5.216s] [ 97%] [32m[1mLinking C shared library rosidl_generator_py/my_social_nav_interfaces/my_social_nav_interfaces_s__rosidl_typesupport_fastrtps_c.cpython-310-x86_64-linux-gnu.so[0m
[5.221s] [100%] [32m[1mLinking C shared library rosidl_generator_py/my_social_nav_interfaces/my_social_nav_interfaces_s__rosidl_typesupport_introspection_c.cpython-310-x86_64-linux-gnu.so[0m
[5.263s] [100%] Built target my_social_nav_interfaces__rosidl_typesupport_fastrtps_c__pyext
[5.264s] [100%] Built target my_social_nav_interfaces__rosidl_typesupport_c__pyext
[5.270s] [100%] Built target my_social_nav_interfaces__rosidl_typesupport_introspection_c__pyext
[5.280s] Invoked command in '/home/wim/Documents/social_momentum_venv/social_momentum_MPPI/build/my_social_nav_interfaces' returned '0': CMAKE_PREFIX_PATH=${CMAKE_PREFIX_PATH}:/home/wim/tiago_public_ws/install/launch_pal:/opt/ros/humble /usr/bin/cmake --build /home/wim/Documents/social_momentum_venv/social_momentum_MPPI/build/my_social_nav_interfaces -- -j12 -l12
[5.289s] Invoking command in '/home/wim/Documents/social_momentum_venv/social_momentum_MPPI/build/my_social_nav_interfaces': CMAKE_PREFIX_PATH=${CMAKE_PREFIX_PATH}:/home/wim/tiago_public_ws/install/launch_pal:/opt/ros/humble /usr/bin/cmake --install /home/wim/Documents/social_momentum_venv/social_momentum_MPPI/build/my_social_nav_interfaces
[5.295s] -- Install configuration: ""
[5.295s] -- Installing: /home/wim/Documents/social_momentum_venv/social_momentum_MPPI/install/my_social_nav_interfaces/share/ament_index/resource_index/rosidl_interfaces/my_social_nav_interfaces
[5.295s] -- Installing: /home/wim/Documents/social_momentum_venv/social_momentum_MPPI/install/my_social_nav_interfaces/include/my_social_nav_interfaces/my_social_nav_interfaces
[5.295s] -- Installing: /home/wim/Documents/social_momentum_venv/social_momentum_MPPI/install/my_social_nav_interfaces/include/my_social_nav_interfaces/my_social_nav_interfaces/msg
[5.295s] -- Installing: /home/wim/Documents/social_momentum_venv/social_momentum_MPPI/install/my_social_nav_interfaces/include/my_social_nav_interfaces/my_social_nav_interfaces/msg/rosidl_generator_c__visibility_control.h
[5.295s] -- Installing: /home/wim/Documents/social_momentum_venv/social_momentum_MPPI/install/my_social_nav_interfaces/include/my_social_nav_interfaces/my_social_nav_interfaces/msg/detail
[5.295s] -- Installing: /home/wim/Documents/social_momentum_venv/social_momentum_MPPI/install/my_social_nav_interfaces/include/my_social_nav_interfaces/my_social_nav_interfaces/msg/detail/human_array__functions.h
[5.296s] -- Installing: /home/wim/Documents/social_momentum_venv/social_momentum_MPPI/install/my_social_nav_interfaces/include/my_social_nav_interfaces/my_social_nav_interfaces/msg/detail/human_pose_vel__struct.h
[5.296s] -- Installing: /home/wim/Documents/social_momentum_venv/social_momentum_MPPI/install/my_social_nav_interfaces/include/my_social_nav_interfaces/my_social_nav_interfaces/msg/detail/human_pose_vel__functions.h
[5.296s] -- Installing: /home/wim/Documents/social_momentum_venv/social_momentum_MPPI/install/my_social_nav_interfaces/include/my_social_nav_interfaces/my_social_nav_interfaces/msg/detail/human_pose_vel__functions.c
[5.296s] -- Installing: /home/wim/Documents/social_momentum_venv/social_momentum_MPPI/install/my_social_nav_interfaces/include/my_social_nav_interfaces/my_social_nav_interfaces/msg/detail/human_array__struct.h
[5.296s] -- Installing: /home/wim/Documents/social_momentum_venv/social_momentum_MPPI/install/my_social_nav_interfaces/include/my_social_nav_interfaces/my_social_nav_interfaces/msg/detail/human_array__functions.c
[5.296s] -- Installing: /home/wim/Documents/social_momentum_venv/social_momentum_MPPI/install/my_social_nav_interfaces/include/my_social_nav_interfaces/my_social_nav_interfaces/msg/detail/human_pose_vel__type_support.h
[5.296s] -- Installing: /home/wim/Documents/social_momentum_venv/social_momentum_MPPI/install/my_social_nav_interfaces/include/my_social_nav_interfaces/my_social_nav_interfaces/msg/detail/human_array__type_support.h
[5.296s] -- Installing: /home/wim/Documents/social_momentum_venv/social_momentum_MPPI/install/my_social_nav_interfaces/include/my_social_nav_interfaces/my_social_nav_interfaces/msg/human_pose_vel.h
[5.296s] -- Installing: /home/wim/Documents/social_momentum_venv/social_momentum_MPPI/install/my_social_nav_interfaces/include/my_social_nav_interfaces/my_social_nav_interfaces/msg/human_array.h
[5.296s] -- Installing: /home/wim/Documents/social_momentum_venv/social_momentum_MPPI/install/my_social_nav_interfaces/share/my_social_nav_interfaces/environment/library_path.sh
[5.297s] -- Installing: /home/wim/Documents/social_momentum_venv/social_momentum_MPPI/install/my_social_nav_interfaces/share/my_social_nav_interfaces/environment/library_path.dsv
[5.297s] -- Installing: /home/wim/Documents/social_momentum_venv/social_momentum_MPPI/install/my_social_nav_interfaces/lib/libmy_social_nav_interfaces__rosidl_generator_c.so
[5.297s] -- Set runtime path of "/home/wim/Documents/social_momentum_venv/social_momentum_MPPI/install/my_social_nav_interfaces/lib/libmy_social_nav_interfaces__rosidl_generator_c.so" to ""
[5.297s] -- Up-to-date: /home/wim/Documents/social_momentum_venv/social_momentum_MPPI/install/my_social_nav_interfaces/include/my_social_nav_interfaces/my_social_nav_interfaces
[5.297s] -- Up-to-date: /home/wim/Documents/social_momentum_venv/social_momentum_MPPI/install/my_social_nav_interfaces/include/my_social_nav_interfaces/my_social_nav_interfaces/msg
[5.297s] -- Up-to-date: /home/wim/Documents/social_momentum_venv/social_momentum_MPPI/install/my_social_nav_interfaces/include/my_social_nav_interfaces/my_social_nav_interfaces/msg/detail
[5.297s] -- Installing: /home/wim/Documents/social_momentum_venv/social_momentum_MPPI/install/my_social_nav_interfaces/include/my_social_nav_interfaces/my_social_nav_interfaces/msg/detail/human_array__rosidl_typesupport_fastrtps_c.h
[5.297s] -- Installing: /home/wim/Documents/social_momentum_venv/social_momentum_MPPI/install/my_social_nav_interfaces/include/my_social_nav_interfaces/my_social_nav_interfaces/msg/detail/human_pose_vel__rosidl_typesupport_fastrtps_c.h
[5.298s] -- Installing: /home/wim/Documents/social_momentum_venv/social_momentum_MPPI/install/my_social_nav_interfaces/include/my_social_nav_interfaces/my_social_nav_interfaces/msg/rosidl_typesupport_fastrtps_c__visibility_control.h
[5.298s] -- Installing: /home/wim/Documents/social_momentum_venv/social_momentum_MPPI/install/my_social_nav_interfaces/lib/libmy_social_nav_interfaces__rosidl_typesupport_fastrtps_c.so
[5.298s] -- Set runtime path of "/home/wim/Documents/social_momentum_venv/social_momentum_MPPI/install/my_social_nav_interfaces/lib/libmy_social_nav_interfaces__rosidl_typesupport_fastrtps_c.so" to ""
[5.298s] -- Up-to-date: /home/wim/Documents/social_momentum_venv/social_momentum_MPPI/install/my_social_nav_interfaces/include/my_social_nav_interfaces/my_social_nav_interfaces
[5.298s] -- Up-to-date: /home/wim/Documents/social_momentum_venv/social_momentum_MPPI/install/my_social_nav_interfaces/include/my_social_nav_interfaces/my_social_nav_interfaces/msg
[5.298s] -- Installing: /home/wim/Documents/social_momentum_venv/social_momentum_MPPI/install/my_social_nav_interfaces/include/my_social_nav_interfaces/my_social_nav_interfaces/msg/human_pose_vel.hpp
[5.298s] -- Up-to-date: /home/wim/Documents/social_momentum_venv/social_momentum_MPPI/install/my_social_nav_interfaces/include/my_social_nav_interfaces/my_social_nav_interfaces/msg/detail
[5.298s] -- Installing: /home/wim/Documents/social_momentum_venv/social_momentum_MPPI/install/my_social_nav_interfaces/include/my_social_nav_interfaces/my_social_nav_interfaces/msg/detail/human_pose_vel__traits.hpp
[5.298s] -- Installing: /home/wim/Documents/social_momentum_venv/social_momentum_MPPI/install/my_social_nav_interfaces/include/my_social_nav_interfaces/my_social_nav_interfaces/msg/detail/human_array__traits.hpp
[5.298s] -- Installing: /home/wim/Documents/social_momentum_venv/social_momentum_MPPI/install/my_social_nav_interfaces/include/my_social_nav_interfaces/my_social_nav_interfaces/msg/detail/human_pose_vel__struct.hpp
[5.299s] -- Installing: /home/wim/Documents/social_momentum_venv/social_momentum_MPPI/install/my_social_nav_interfaces/include/my_social_nav_interfaces/my_social_nav_interfaces/msg/detail/human_array__builder.hpp
[5.299s] -- Installing: /home/wim/Documents/social_momentum_venv/social_momentum_MPPI/install/my_social_nav_interfaces/include/my_social_nav_interfaces/my_social_nav_interfaces/msg/detail/human_array__type_support.hpp
[5.299s] -- Installing: /home/wim/Documents/social_momentum_venv/social_momentum_MPPI/install/my_social_nav_interfaces/include/my_social_nav_interfaces/my_social_nav_interfaces/msg/detail/human_array__struct.hpp
[5.299s] -- Installing: /home/wim/Documents/social_momentum_venv/social_momentum_MPPI/install/my_social_nav_interfaces/include/my_social_nav_interfaces/my_social_nav_interfaces/msg/detail/human_pose_vel__type_support.hpp
[5.299s] -- Installing: /home/wim/Documents/social_momentum_venv/social_momentum_MPPI/install/my_social_nav_interfaces/include/my_social_nav_interfaces/my_social_nav_interfaces/msg/detail/human_pose_vel__builder.hpp
[5.299s] -- Installing: /home/wim/Documents/social_momentum_venv/social_momentum_MPPI/install/my_social_nav_interfaces/include/my_social_nav_interfaces/my_social_nav_interfaces/msg/human_array.hpp
[5.299s] -- Installing: /home/wim/Documents/social_momentum_venv/social_momentum_MPPI/install/my_social_nav_interfaces/include/my_social_nav_interfaces/my_social_nav_interfaces/msg/rosidl_generator_cpp__visibility_control.hpp
[5.299s] -- Up-to-date: /home/wim/Documents/social_momentum_venv/social_momentum_MPPI/install/my_social_nav_interfaces/include/my_social_nav_interfaces/my_social_nav_interfaces
[5.299s] -- Up-to-date: /home/wim/Documents/social_momentum_venv/social_momentum_MPPI/install/my_social_nav_interfaces/include/my_social_nav_interfaces/my_social_nav_interfaces/msg
[5.299s] -- Up-to-date: /home/wim/Documents/social_momentum_venv/social_momentum_MPPI/install/my_social_nav_interfaces/include/my_social_nav_interfaces/my_social_nav_interfaces/msg/detail
[5.300s] -- Installing: /home/wim/Documents/social_momentum_venv/social_momentum_MPPI/install/my_social_nav_interfaces/include/my_social_nav_interfaces/my_social_nav_interfaces/msg/detail/human_pose_vel__rosidl_typesupport_fastrtps_cpp.hpp
[5.300s] -- Installing: /home/wim/Documents/social_momentum_venv/social_momentum_MPPI/install/my_social_nav_interfaces/include/my_social_nav_interfaces/my_social_nav_interfaces/msg/detail/human_array__rosidl_typesupport_fastrtps_cpp.hpp
[5.300s] -- Installing: /home/wim/Documents/social_momentum_venv/social_momentum_MPPI/install/my_social_nav_interfaces/include/my_social_nav_interfaces/my_social_nav_interfaces/msg/detail/dds_fastrtps
[5.300s] -- Installing: /home/wim/Documents/social_momentum_venv/social_momentum_MPPI/install/my_social_nav_interfaces/include/my_social_nav_interfaces/my_social_nav_interfaces/msg/rosidl_typesupport_fastrtps_cpp__visibility_control.h
[5.300s] -- Installing: /home/wim/Documents/social_momentum_venv/social_momentum_MPPI/install/my_social_nav_interfaces/lib/libmy_social_nav_interfaces__rosidl_typesupport_fastrtps_cpp.so
[5.300s] -- Set runtime path of "/home/wim/Documents/social_momentum_venv/social_momentum_MPPI/install/my_social_nav_interfaces/lib/libmy_social_nav_interfaces__rosidl_typesupport_fastrtps_cpp.so" to ""
[5.300s] -- Up-to-date: /home/wim/Documents/social_momentum_venv/social_momentum_MPPI/install/my_social_nav_interfaces/include/my_social_nav_interfaces/my_social_nav_interfaces
[5.300s] -- Up-to-date: /home/wim/Documents/social_momentum_venv/social_momentum_MPPI/install/my_social_nav_interfaces/include/my_social_nav_interfaces/my_social_nav_interfaces/msg
[5.300s] -- Installing: /home/wim/Documents/social_momentum_venv/social_momentum_MPPI/install/my_social_nav_interfaces/include/my_social_nav_interfaces/my_social_nav_interfaces/msg/rosidl_typesupport_introspection_c__visibility_control.h
[5.300s] -- Up-to-date: /home/wim/Documents/social_momentum_venv/social_momentum_MPPI/install/my_social_nav_interfaces/include/my_social_nav_interfaces/my_social_nav_interfaces/msg/detail
[5.301s] -- Installing: /home/wim/Documents/social_momentum_venv/social_momentum_MPPI/install/my_social_nav_interfaces/include/my_social_nav_interfaces/my_social_nav_interfaces/msg/detail/human_array__rosidl_typesupport_introspection_c.h
[5.301s] -- Installing: /home/wim/Documents/social_momentum_venv/social_momentum_MPPI/install/my_social_nav_interfaces/include/my_social_nav_interfaces/my_social_nav_interfaces/msg/detail/human_pose_vel__rosidl_typesupport_introspection_c.h
[5.301s] -- Installing: /home/wim/Documents/social_momentum_venv/social_momentum_MPPI/install/my_social_nav_interfaces/include/my_social_nav_interfaces/my_social_nav_interfaces/msg/detail/human_pose_vel__type_support.c
[5.301s] -- Installing: /home/wim/Documents/social_momentum_venv/social_momentum_MPPI/install/my_social_nav_interfaces/include/my_social_nav_interfaces/my_social_nav_interfaces/msg/detail/human_array__type_support.c
[5.301s] -- Installing: /home/wim/Documents/social_momentum_venv/social_momentum_MPPI/install/my_social_nav_interfaces/lib/libmy_social_nav_interfaces__rosidl_typesupport_introspection_c.so
[5.301s] -- Set runtime path of "/home/wim/Documents/social_momentum_venv/social_momentum_MPPI/install/my_social_nav_interfaces/lib/libmy_social_nav_interfaces__rosidl_typesupport_introspection_c.so" to ""
[5.301s] -- Installing: /home/wim/Documents/social_momentum_venv/social_momentum_MPPI/install/my_social_nav_interfaces/lib/libmy_social_nav_interfaces__rosidl_typesupport_c.so
[5.302s] -- Set runtime path of "/home/wim/Documents/social_momentum_venv/social_momentum_MPPI/install/my_social_nav_interfaces/lib/libmy_social_nav_interfaces__rosidl_typesupport_c.so" to ""
[5.302s] -- Up-to-date: /home/wim/Documents/social_momentum_venv/social_momentum_MPPI/install/my_social_nav_interfaces/include/my_social_nav_interfaces/my_social_nav_interfaces
[5.302s] -- Up-to-date: /home/wim/Documents/social_momentum_venv/social_momentum_MPPI/install/my_social_nav_interfaces/include/my_social_nav_interfaces/my_social_nav_interfaces/msg
[5.302s] -- Up-to-date: /home/wim/Documents/social_momentum_venv/social_momentum_MPPI/install/my_social_nav_interfaces/include/my_social_nav_interfaces/my_social_nav_interfaces/msg/detail
[5.302s] -- Installing: /home/wim/Documents/social_momentum_venv/social_momentum_MPPI/install/my_social_nav_interfaces/include/my_social_nav_interfaces/my_social_nav_interfaces/msg/detail/human_pose_vel__rosidl_typesupport_introspection_cpp.hpp
[5.302s] -- Installing: /home/wim/Documents/social_momentum_venv/social_momentum_MPPI/install/my_social_nav_interfaces/include/my_social_nav_interfaces/my_social_nav_interfaces/msg/detail/human_array__rosidl_typesupport_introspection_cpp.hpp
[5.302s] -- Installing: /home/wim/Documents/social_momentum_venv/social_momentum_MPPI/install/my_social_nav_interfaces/include/my_social_nav_interfaces/my_social_nav_interfaces/msg/detail/human_array__type_support.cpp
[5.302s] -- Installing: /home/wim/Documents/social_momentum_venv/social_momentum_MPPI/install/my_social_nav_interfaces/include/my_social_nav_interfaces/my_social_nav_interfaces/msg/detail/human_pose_vel__type_support.cpp
[5.302s] -- Installing: /home/wim/Documents/social_momentum_venv/social_momentum_MPPI/install/my_social_nav_interfaces/lib/libmy_social_nav_interfaces__rosidl_typesupport_introspection_cpp.so
[5.303s] -- Set runtime path of "/home/wim/Documents/social_momentum_venv/social_momentum_MPPI/install/my_social_nav_interfaces/lib/libmy_social_nav_interfaces__rosidl_typesupport_introspection_cpp.so" to ""
[5.303s] -- Installing: /home/wim/Documents/social_momentum_venv/social_momentum_MPPI/install/my_social_nav_interfaces/lib/libmy_social_nav_interfaces__rosidl_typesupport_cpp.so
[5.303s] -- Set runtime path of "/home/wim/Documents/social_momentum_venv/social_momentum_MPPI/install/my_social_nav_interfaces/lib/libmy_social_nav_interfaces__rosidl_typesupport_cpp.so" to ""
[5.303s] -- Installing: /home/wim/Documents/social_momentum_venv/social_momentum_MPPI/install/my_social_nav_interfaces/share/my_social_nav_interfaces/environment/pythonpath.sh
[5.303s] -- Installing: /home/wim/Documents/social_momentum_venv/social_momentum_MPPI/install/my_social_nav_interfaces/share/my_social_nav_interfaces/environment/pythonpath.dsv
[5.303s] -- Installing: /home/wim/Documents/social_momentum_venv/social_momentum_MPPI/install/my_social_nav_interfaces/local/lib/python3.10/dist-packages/my_social_nav_interfaces-0.0.0-py3.10.egg-info
[5.303s] -- Installing: /home/wim/Documents/social_momentum_venv/social_momentum_MPPI/install/my_social_nav_interfaces/local/lib/python3.10/dist-packages/my_social_nav_interfaces-0.0.0-py3.10.egg-info/dependency_links.txt
[5.303s] -- Installing: /home/wim/Documents/social_momentum_venv/social_momentum_MPPI/install/my_social_nav_interfaces/local/lib/python3.10/dist-packages/my_social_nav_interfaces-0.0.0-py3.10.egg-info/top_level.txt
[5.304s] -- Installing: /home/wim/Documents/social_momentum_venv/social_momentum_MPPI/install/my_social_nav_interfaces/local/lib/python3.10/dist-packages/my_social_nav_interfaces-0.0.0-py3.10.egg-info/SOURCES.txt
[5.304s] -- Installing: /home/wim/Documents/social_momentum_venv/social_momentum_MPPI/install/my_social_nav_interfaces/local/lib/python3.10/dist-packages/my_social_nav_interfaces-0.0.0-py3.10.egg-info/PKG-INFO
[5.304s] -- Installing: /home/wim/Documents/social_momentum_venv/social_momentum_MPPI/install/my_social_nav_interfaces/local/lib/python3.10/dist-packages/my_social_nav_interfaces
[5.304s] -- Installing: /home/wim/Documents/social_momentum_venv/social_momentum_MPPI/install/my_social_nav_interfaces/local/lib/python3.10/dist-packages/my_social_nav_interfaces/libmy_social_nav_interfaces__rosidl_generator_py.so
[5.304s] -- Installing: /home/wim/Documents/social_momentum_venv/social_momentum_MPPI/install/my_social_nav_interfaces/local/lib/python3.10/dist-packages/my_social_nav_interfaces/my_social_nav_interfaces_s__rosidl_typesupport_c.cpython-310-x86_64-linux-gnu.so
[5.304s] -- Installing: /home/wim/Documents/social_momentum_venv/social_momentum_MPPI/install/my_social_nav_interfaces/local/lib/python3.10/dist-packages/my_social_nav_interfaces/my_social_nav_interfaces_s__rosidl_typesupport_fastrtps_c.cpython-310-x86_64-linux-gnu.so
[5.304s] -- Installing: /home/wim/Documents/social_momentum_venv/social_momentum_MPPI/install/my_social_nav_interfaces/local/lib/python3.10/dist-packages/my_social_nav_interfaces/_my_social_nav_interfaces_s.ep.rosidl_typesupport_fastrtps_c.c
[5.304s] -- Installing: /home/wim/Documents/social_momentum_venv/social_momentum_MPPI/install/my_social_nav_interfaces/local/lib/python3.10/dist-packages/my_social_nav_interfaces/_my_social_nav_interfaces_s.ep.rosidl_typesupport_c.c
[5.304s] -- Installing: /home/wim/Documents/social_momentum_venv/social_momentum_MPPI/install/my_social_nav_interfaces/local/lib/python3.10/dist-packages/my_social_nav_interfaces/my_social_nav_interfaces_s__rosidl_typesupport_introspection_c.cpython-310-x86_64-linux-gnu.so
[5.305s] -- Installing: /home/wim/Documents/social_momentum_venv/social_momentum_MPPI/install/my_social_nav_interfaces/local/lib/python3.10/dist-packages/my_social_nav_interfaces/__init__.py
[5.305s] -- Installing: /home/wim/Documents/social_momentum_venv/social_momentum_MPPI/install/my_social_nav_interfaces/local/lib/python3.10/dist-packages/my_social_nav_interfaces/_my_social_nav_interfaces_s.ep.rosidl_typesupport_introspection_c.c
[5.305s] -- Installing: /home/wim/Documents/social_momentum_venv/social_momentum_MPPI/install/my_social_nav_interfaces/local/lib/python3.10/dist-packages/my_social_nav_interfaces/msg
[5.305s] -- Installing: /home/wim/Documents/social_momentum_venv/social_momentum_MPPI/install/my_social_nav_interfaces/local/lib/python3.10/dist-packages/my_social_nav_interfaces/msg/_human_pose_vel_s.c
[5.305s] -- Installing: /home/wim/Documents/social_momentum_venv/social_momentum_MPPI/install/my_social_nav_interfaces/local/lib/python3.10/dist-packages/my_social_nav_interfaces/msg/_human_array.py
[5.305s] -- Installing: /home/wim/Documents/social_momentum_venv/social_momentum_MPPI/install/my_social_nav_interfaces/local/lib/python3.10/dist-packages/my_social_nav_interfaces/msg/_human_pose_vel.py
[5.305s] -- Installing: /home/wim/Documents/social_momentum_venv/social_momentum_MPPI/install/my_social_nav_interfaces/local/lib/python3.10/dist-packages/my_social_nav_interfaces/msg/_human_array_s.c
[5.305s] -- Installing: /home/wim/Documents/social_momentum_venv/social_momentum_MPPI/install/my_social_nav_interfaces/local/lib/python3.10/dist-packages/my_social_nav_interfaces/msg/__init__.py
[5.352s] Listing '/home/wim/Documents/social_momentum_venv/social_momentum_MPPI/install/my_social_nav_interfaces/local/lib/python3.10/dist-packages/my_social_nav_interfaces'...
[5.352s] Compiling '/home/wim/Documents/social_momentum_venv/social_momentum_MPPI/install/my_social_nav_interfaces/local/lib/python3.10/dist-packages/my_social_nav_interfaces/__init__.py'...
[5.352s] Listing '/home/wim/Documents/social_momentum_venv/social_momentum_MPPI/install/my_social_nav_interfaces/local/lib/python3.10/dist-packages/my_social_nav_interfaces/msg'...
[5.353s] Compiling '/home/wim/Documents/social_momentum_venv/social_momentum_MPPI/install/my_social_nav_interfaces/local/lib/python3.10/dist-packages/my_social_nav_interfaces/msg/__init__.py'...
[5.353s] Compiling '/home/wim/Documents/social_momentum_venv/social_momentum_MPPI/install/my_social_nav_interfaces/local/lib/python3.10/dist-packages/my_social_nav_interfaces/msg/_human_array.py'...
[5.353s] Compiling '/home/wim/Documents/social_momentum_venv/social_momentum_MPPI/install/my_social_nav_interfaces/local/lib/python3.10/dist-packages/my_social_nav_interfaces/msg/_human_pose_vel.py'...
[5.361s] -- Installing: /home/wim/Documents/social_momentum_venv/social_momentum_MPPI/install/my_social_nav_interfaces/local/lib/python3.10/dist-packages/my_social_nav_interfaces/my_social_nav_interfaces_s__rosidl_typesupport_fastrtps_c.cpython-310-x86_64-linux-gnu.so
[5.361s] -- Set runtime path of "/home/wim/Documents/social_momentum_venv/social_momentum_MPPI/install/my_social_nav_interfaces/local/lib/python3.10/dist-packages/my_social_nav_interfaces/my_social_nav_interfaces_s__rosidl_typesupport_fastrtps_c.cpython-310-x86_64-linux-gnu.so" to ""
[5.361s] -- Installing: /home/wim/Documents/social_momentum_venv/social_momentum_MPPI/install/my_social_nav_interfaces/local/lib/python3.10/dist-packages/my_social_nav_interfaces/my_social_nav_interfaces_s__rosidl_typesupport_introspection_c.cpython-310-x86_64-linux-gnu.so
[5.361s] -- Set runtime path of "/home/wim/Documents/social_momentum_venv/social_momentum_MPPI/install/my_social_nav_interfaces/local/lib/python3.10/dist-packages/my_social_nav_interfaces/my_social_nav_interfaces_s__rosidl_typesupport_introspection_c.cpython-310-x86_64-linux-gnu.so" to ""
[5.361s] -- Installing: /home/wim/Documents/social_momentum_venv/social_momentum_MPPI/install/my_social_nav_interfaces/local/lib/python3.10/dist-packages/my_social_nav_interfaces/my_social_nav_interfaces_s__rosidl_typesupport_c.cpython-310-x86_64-linux-gnu.so
[5.361s] -- Set runtime path of "/home/wim/Documents/social_momentum_venv/social_momentum_MPPI/install/my_social_nav_interfaces/local/lib/python3.10/dist-packages/my_social_nav_interfaces/my_social_nav_interfaces_s__rosidl_typesupport_c.cpython-310-x86_64-linux-gnu.so" to ""
[5.361s] -- Installing: /home/wim/Documents/social_momentum_venv/social_momentum_MPPI/install/my_social_nav_interfaces/lib/libmy_social_nav_interfaces__rosidl_generator_py.so
[5.361s] -- Set runtime path of "/home/wim/Documents/social_momentum_venv/social_momentum_MPPI/install/my_social_nav_interfaces/lib/libmy_social_nav_interfaces__rosidl_generator_py.so" to ""
[5.361s] -- Installing: /home/wim/Documents/social_momentum_venv/social_momentum_MPPI/install/my_social_nav_interfaces/share/my_social_nav_interfaces/msg/HumanArray.idl
[5.362s] -- Installing: /home/wim/Documents/social_momentum_venv/social_momentum_MPPI/install/my_social_nav_interfaces/share/my_social_nav_interfaces/msg/HumanPoseVel.idl
[5.362s] -- Installing: /home/wim/Documents/social_momentum_venv/social_momentum_MPPI/install/my_social_nav_interfaces/share/my_social_nav_interfaces/msg/HumanArray.msg
[5.362s] -- Installing: /home/wim/Documents/social_momentum_venv/social_momentum_MPPI/install/my_social_nav_interfaces/share/my_social_nav_interfaces/msg/HumanPoseVel.msg
[5.363s] -- Installing: /home/wim/Documents/social_momentum_venv/social_momentum_MPPI/install/my_social_nav_interfaces/share/ament_index/resource_index/package_run_dependencies/my_social_nav_interfaces
[5.363s] -- Installing: /home/wim/Documents/social_momentum_venv/social_momentum_MPPI/install/my_social_nav_interfaces/share/ament_index/resource_index/parent_prefix_path/my_social_nav_interfaces
[5.363s] -- Installing: /home/wim/Documents/social_momentum_venv/social_momentum_MPPI/install/my_social_nav_interfaces/share/my_social_nav_interfaces/environment/ament_prefix_path.sh
[5.363s] -- Installing: /home/wim/Documents/social_momentum_venv/social_momentum_MPPI/install/my_social_nav_interfaces/share/my_social_nav_interfaces/environment/ament_prefix_path.dsv
[5.363s] -- Installing: /home/wim/Documents/social_momentum_venv/social_momentum_MPPI/install/my_social_nav_interfaces/share/my_social_nav_interfaces/environment/path.sh
[5.364s] -- Installing: /home/wim/Documents/social_momentum_venv/social_momentum_MPPI/install/my_social_nav_interfaces/share/my_social_nav_interfaces/environment/path.dsv
[5.364s] -- Installing: /home/wim/Documents/social_momentum_venv/social_momentum_MPPI/install/my_social_nav_interfaces/share/my_social_nav_interfaces/local_setup.bash
[5.364s] -- Installing: /home/wim/Documents/social_momentum_venv/social_momentum_MPPI/install/my_social_nav_interfaces/share/my_social_nav_interfaces/local_setup.sh
[5.364s] -- Installing: /home/wim/Documents/social_momentum_venv/social_momentum_MPPI/install/my_social_nav_interfaces/share/my_social_nav_interfaces/local_setup.zsh
[5.364s] -- Installing: /home/wim/Documents/social_momentum_venv/social_momentum_MPPI/install/my_social_nav_interfaces/share/my_social_nav_interfaces/local_setup.dsv
[5.364s] -- Installing: /home/wim/Documents/social_momentum_venv/social_momentum_MPPI/install/my_social_nav_interfaces/share/my_social_nav_interfaces/package.dsv
[5.364s] -- Installing: /home/wim/Documents/social_momentum_venv/social_momentum_MPPI/install/my_social_nav_interfaces/share/ament_index/resource_index/packages/my_social_nav_interfaces
[5.364s] -- Installing: /home/wim/Documents/social_momentum_venv/social_momentum_MPPI/install/my_social_nav_interfaces/share/my_social_nav_interfaces/cmake/export_my_social_nav_interfaces__rosidl_generator_cExport.cmake
[5.365s] -- Installing: /home/wim/Documents/social_momentum_venv/social_momentum_MPPI/install/my_social_nav_interfaces/share/my_social_nav_interfaces/cmake/export_my_social_nav_interfaces__rosidl_generator_cExport-noconfig.cmake
[5.365s] -- Installing: /home/wim/Documents/social_momentum_venv/social_momentum_MPPI/install/my_social_nav_interfaces/share/my_social_nav_interfaces/cmake/export_my_social_nav_interfaces__rosidl_typesupport_fastrtps_cExport.cmake
[5.365s] -- Installing: /home/wim/Documents/social_momentum_venv/social_momentum_MPPI/install/my_social_nav_interfaces/share/my_social_nav_interfaces/cmake/export_my_social_nav_interfaces__rosidl_typesupport_fastrtps_cExport-noconfig.cmake
[5.365s] -- Installing: /home/wim/Documents/social_momentum_venv/social_momentum_MPPI/install/my_social_nav_interfaces/share/my_social_nav_interfaces/cmake/export_my_social_nav_interfaces__rosidl_generator_cppExport.cmake
[5.365s] -- Installing: /home/wim/Documents/social_momentum_venv/social_momentum_MPPI/install/my_social_nav_interfaces/share/my_social_nav_interfaces/cmake/export_my_social_nav_interfaces__rosidl_typesupport_fastrtps_cppExport.cmake
[5.365s] -- Installing: /home/wim/Documents/social_momentum_venv/social_momentum_MPPI/install/my_social_nav_interfaces/share/my_social_nav_interfaces/cmake/export_my_social_nav_interfaces__rosidl_typesupport_fastrtps_cppExport-noconfig.cmake
[5.366s] -- Installing: /home/wim/Documents/social_momentum_venv/social_momentum_MPPI/install/my_social_nav_interfaces/share/my_social_nav_interfaces/cmake/my_social_nav_interfaces__rosidl_typesupport_introspection_cExport.cmake
[5.366s] -- Installing: /home/wim/Documents/social_momentum_venv/social_momentum_MPPI/install/my_social_nav_interfaces/share/my_social_nav_interfaces/cmake/my_social_nav_interfaces__rosidl_typesupport_introspection_cExport-noconfig.cmake
[5.366s] -- Installing: /home/wim/Documents/social_momentum_venv/social_momentum_MPPI/install/my_social_nav_interfaces/share/my_social_nav_interfaces/cmake/my_social_nav_interfaces__rosidl_typesupport_cExport.cmake
[5.366s] -- Installing: /home/wim/Documents/social_momentum_venv/social_momentum_MPPI/install/my_social_nav_interfaces/share/my_social_nav_interfaces/cmake/my_social_nav_interfaces__rosidl_typesupport_cExport-noconfig.cmake
[5.366s] -- Installing: /home/wim/Documents/social_momentum_venv/social_momentum_MPPI/install/my_social_nav_interfaces/share/my_social_nav_interfaces/cmake/my_social_nav_interfaces__rosidl_typesupport_introspection_cppExport.cmake
[5.366s] -- Installing: /home/wim/Documents/social_momentum_venv/social_momentum_MPPI/install/my_social_nav_interfaces/share/my_social_nav_interfaces/cmake/my_social_nav_interfaces__rosidl_typesupport_introspection_cppExport-noconfig.cmake
[5.366s] -- Installing: /home/wim/Documents/social_momentum_venv/social_momentum_MPPI/install/my_social_nav_interfaces/share/my_social_nav_interfaces/cmake/my_social_nav_interfaces__rosidl_typesupport_cppExport.cmake
[5.367s] -- Installing: /home/wim/Documents/social_momentum_venv/social_momentum_MPPI/install/my_social_nav_interfaces/share/my_social_nav_interfaces/cmake/my_social_nav_interfaces__rosidl_typesupport_cppExport-noconfig.cmake
[5.367s] -- Installing: /home/wim/Documents/social_momentum_venv/social_momentum_MPPI/install/my_social_nav_interfaces/share/my_social_nav_interfaces/cmake/export_my_social_nav_interfaces__rosidl_generator_pyExport.cmake
[5.367s] -- Installing: /home/wim/Documents/social_momentum_venv/social_momentum_MPPI/install/my_social_nav_interfaces/share/my_social_nav_interfaces/cmake/export_my_social_nav_interfaces__rosidl_generator_pyExport-noconfig.cmake
[5.367s] -- Installing: /home/wim/Documents/social_momentum_venv/social_momentum_MPPI/install/my_social_nav_interfaces/share/my_social_nav_interfaces/cmake/rosidl_cmake-extras.cmake
[5.367s] -- Installing: /home/wim/Documents/social_momentum_venv/social_momentum_MPPI/install/my_social_nav_interfaces/share/my_social_nav_interfaces/cmake/ament_cmake_export_dependencies-extras.cmake
[5.367s] -- Installing: /home/wim/Documents/social_momentum_venv/social_momentum_MPPI/install/my_social_nav_interfaces/share/my_social_nav_interfaces/cmake/ament_cmake_export_include_directories-extras.cmake
[5.367s] -- Installing: /home/wim/Documents/social_momentum_venv/social_momentum_MPPI/install/my_social_nav_interfaces/share/my_social_nav_interfaces/cmake/ament_cmake_export_libraries-extras.cmake
[5.367s] -- Installing: /home/wim/Documents/social_momentum_venv/social_momentum_MPPI/install/my_social_nav_interfaces/share/my_social_nav_interfaces/cmake/ament_cmake_export_targets-extras.cmake
[5.368s] -- Installing: /home/wim/Documents/social_momentum_venv/social_momentum_MPPI/install/my_social_nav_interfaces/share/my_social_nav_interfaces/cmake/rosidl_cmake_export_typesupport_targets-extras.cmake
[5.368s] -- Installing: /home/wim/Documents/social_momentum_venv/social_momentum_MPPI/install/my_social_nav_interfaces/share/my_social_nav_interfaces/cmake/rosidl_cmake_export_typesupport_libraries-extras.cmake
[5.368s] -- Installing: /home/wim/Documents/social_momentum_venv/social_momentum_MPPI/install/my_social_nav_interfaces/share/my_social_nav_interfaces/cmake/my_social_nav_interfacesConfig.cmake
[5.368s] -- Installing: /home/wim/Documents/social_momentum_venv/social_momentum_MPPI/install/my_social_nav_interfaces/share/my_social_nav_interfaces/cmake/my_social_nav_interfacesConfig-version.cmake
[5.368s] -- Installing: /home/wim/Documents/social_momentum_venv/social_momentum_MPPI/install/my_social_nav_interfaces/share/my_social_nav_interfaces/package.xml
[5.370s] Invoked command in '/home/wim/Documents/social_momentum_venv/social_momentum_MPPI/build/my_social_nav_interfaces' returned '0': CMAKE_PREFIX_PATH=${CMAKE_PREFIX_PATH}:/home/wim/tiago_public_ws/install/launch_pal:/opt/ros/humble /usr/bin/cmake --install /home/wim/Documents/social_momentum_venv/social_momentum_MPPI/build/my_social_nav_interfaces
