[0.018s] Invoking command in '/home/wim/Documents/social_momentum_venv/social_momentum_MPPI/build/my_social_nav_interfaces': CMAKE_PREFIX_PATH=${CMAKE_PREFIX_PATH}:/home/wim/Documents/social_momentum_venv/social_momentum_MPPI/install/tiago_social_scenarios:/home/wim/Documents/social_momentum_venv/social_momentum_MPPI/install/sm_mppi_planner:/home/wim/tiago_public_ws/install/launch_pal:/opt/ros/humble /usr/bin/cmake --build /home/wim/Documents/social_momentum_venv/social_momentum_MPPI/build/my_social_nav_interfaces -- -j12 -l12
[0.078s] [  2%] Built target my_social_nav_interfaces__cpp
[0.089s] [  2%] Built target ament_cmake_python_copy_my_social_nav_interfaces
[0.091s] [ 12%] Built target my_social_nav_interfaces__rosidl_generator_c
[0.103s] [ 15%] [32mBuilding CXX object CMakeFiles/my_social_nav_interfaces__rosidl_typesupport_introspection_cpp.dir/rosidl_typesupport_introspection_cpp/my_social_nav_interfaces/msg/detail/human_pose_vel__type_support.cpp.o[0m
[0.104s] [ 20%] [32mBuilding CXX object CMakeFiles/my_social_nav_interfaces__rosidl_typesupport_fastrtps_cpp.dir/rosidl_typesupport_fastrtps_cpp/my_social_nav_interfaces/msg/detail/dds_fastrtps/human_pose_vel__type_support.cpp.o[0m
[0.105s] [ 20%] [32mBuilding CXX object CMakeFiles/my_social_nav_interfaces__rosidl_typesupport_cpp.dir/rosidl_typesupport_cpp/my_social_nav_interfaces/msg/human_array__type_support.cpp.o[0m
[0.105s] [ 23%] [32mBuilding CXX object CMakeFiles/my_social_nav_interfaces__rosidl_typesupport_introspection_cpp.dir/rosidl_typesupport_introspection_cpp/my_social_nav_interfaces/msg/detail/human_array__type_support.cpp.o[0m
[0.105s] [ 25%] [32mBuilding CXX object CMakeFiles/my_social_nav_interfaces__rosidl_typesupport_cpp.dir/rosidl_typesupport_cpp/my_social_nav_interfaces/msg/human_pose_vel__type_support.cpp.o[0m
[0.105s] [ 28%] [32mBuilding CXX object CMakeFiles/my_social_nav_interfaces__rosidl_typesupport_fastrtps_cpp.dir/rosidl_typesupport_fastrtps_cpp/my_social_nav_interfaces/msg/detail/dds_fastrtps/human_array__type_support.cpp.o[0m
[0.115s] [ 38%] Built target my_social_nav_interfaces__rosidl_typesupport_c
[0.118s] [ 41%] [32mBuilding CXX object CMakeFiles/my_social_nav_interfaces__rosidl_typesupport_fastrtps_c.dir/rosidl_typesupport_fastrtps_c/my_social_nav_interfaces/msg/detail/human_pose_vel__type_support_c.cpp.o[0m
[0.118s] [ 43%] [32mBuilding CXX object CMakeFiles/my_social_nav_interfaces__rosidl_typesupport_fastrtps_c.dir/rosidl_typesupport_fastrtps_c/my_social_nav_interfaces/msg/detail/human_array__type_support_c.cpp.o[0m
[0.119s] [ 53%] Built target my_social_nav_interfaces__rosidl_typesupport_introspection_c
[0.468s] running egg_info
[0.470s] writing my_social_nav_interfaces.egg-info/PKG-INFO
[0.471s] writing dependency_links to my_social_nav_interfaces.egg-info/dependency_links.txt
[0.471s] writing top-level names to my_social_nav_interfaces.egg-info/top_level.txt
[0.474s] reading manifest file 'my_social_nav_interfaces.egg-info/SOURCES.txt'
[0.475s] writing manifest file 'my_social_nav_interfaces.egg-info/SOURCES.txt'
[0.517s] [ 53%] Built target ament_cmake_python_build_my_social_nav_interfaces_egg
[0.557s] [ 56%] [32m[1mLinking CXX shared library libmy_social_nav_interfaces__rosidl_typesupport_cpp.so[0m
[0.602s] [ 58%] Built target my_social_nav_interfaces__rosidl_typesupport_cpp
[0.608s] [ 61%] [32m[1mLinking CXX shared library libmy_social_nav_interfaces__rosidl_typesupport_fastrtps_c.so[0m
[0.682s] [ 64%] Built target my_social_nav_interfaces__rosidl_typesupport_fastrtps_c
[0.716s] [ 66%] [32m[1mLinking CXX shared library libmy_social_nav_interfaces__rosidl_typesupport_fastrtps_cpp.so[0m
[0.730s] [ 69%] [32m[1mLinking CXX shared library libmy_social_nav_interfaces__rosidl_typesupport_introspection_cpp.so[0m
[0.784s] [ 71%] Built target my_social_nav_interfaces__rosidl_typesupport_fastrtps_cpp
[0.797s] [ 74%] Built target my_social_nav_interfaces__rosidl_typesupport_introspection_cpp
[0.815s] [ 74%] Built target my_social_nav_interfaces
[0.833s] [ 76%] Built target my_social_nav_interfaces__py
[0.853s] [ 82%] [32mBuilding C object CMakeFiles/my_social_nav_interfaces__rosidl_generator_py.dir/rosidl_generator_py/my_social_nav_interfaces/msg/_human_array_s.c.o[0m
[0.853s] [ 82%] [32mBuilding C object CMakeFiles/my_social_nav_interfaces__rosidl_generator_py.dir/rosidl_generator_py/my_social_nav_interfaces/msg/_human_pose_vel_s.c.o[0m
[1.006s] [ 84%] [32m[1mLinking C shared library rosidl_generator_py/my_social_nav_interfaces/libmy_social_nav_interfaces__rosidl_generator_py.so[0m
[1.043s] [ 84%] Built target my_social_nav_interfaces__rosidl_generator_py
[1.063s] [ 92%] [32mBuilding C object CMakeFiles/my_social_nav_interfaces__rosidl_typesupport_c__pyext.dir/rosidl_generator_py/my_social_nav_interfaces/_my_social_nav_interfaces_s.ep.rosidl_typesupport_c.c.o[0m
[1.063s] [ 92%] [32mBuilding C object CMakeFiles/my_social_nav_interfaces__rosidl_typesupport_fastrtps_c__pyext.dir/rosidl_generator_py/my_social_nav_interfaces/_my_social_nav_interfaces_s.ep.rosidl_typesupport_fastrtps_c.c.o[0m
[1.063s] [ 92%] [32mBuilding C object CMakeFiles/my_social_nav_interfaces__rosidl_typesupport_introspection_c__pyext.dir/rosidl_generator_py/my_social_nav_interfaces/_my_social_nav_interfaces_s.ep.rosidl_typesupport_introspection_c.c.o[0m
[1.153s] [100%] [32m[1mLinking C shared library rosidl_generator_py/my_social_nav_interfaces/my_social_nav_interfaces_s__rosidl_typesupport_introspection_c.cpython-310-x86_64-linux-gnu.so[0m
[1.153s] [100%] [32m[1mLinking C shared library rosidl_generator_py/my_social_nav_interfaces/my_social_nav_interfaces_s__rosidl_typesupport_c.cpython-310-x86_64-linux-gnu.so[0m
[1.153s] [100%] [32m[1mLinking C shared library rosidl_generator_py/my_social_nav_interfaces/my_social_nav_interfaces_s__rosidl_typesupport_fastrtps_c.cpython-310-x86_64-linux-gnu.so[0m
[1.188s] [100%] Built target my_social_nav_interfaces__rosidl_typesupport_c__pyext
[1.188s] [100%] Built target my_social_nav_interfaces__rosidl_typesupport_introspection_c__pyext
[1.189s] [100%] Built target my_social_nav_interfaces__rosidl_typesupport_fastrtps_c__pyext
[1.198s] Invoked command in '/home/wim/Documents/social_momentum_venv/social_momentum_MPPI/build/my_social_nav_interfaces' returned '0': CMAKE_PREFIX_PATH=${CMAKE_PREFIX_PATH}:/home/wim/Documents/social_momentum_venv/social_momentum_MPPI/install/tiago_social_scenarios:/home/wim/Documents/social_momentum_venv/social_momentum_MPPI/install/sm_mppi_planner:/home/wim/tiago_public_ws/install/launch_pal:/opt/ros/humble /usr/bin/cmake --build /home/wim/Documents/social_momentum_venv/social_momentum_MPPI/build/my_social_nav_interfaces -- -j12 -l12
[1.207s] Invoking command in '/home/wim/Documents/social_momentum_venv/social_momentum_MPPI/build/my_social_nav_interfaces': CMAKE_PREFIX_PATH=${CMAKE_PREFIX_PATH}:/home/wim/Documents/social_momentum_venv/social_momentum_MPPI/install/tiago_social_scenarios:/home/wim/Documents/social_momentum_venv/social_momentum_MPPI/install/sm_mppi_planner:/home/wim/tiago_public_ws/install/launch_pal:/opt/ros/humble /usr/bin/cmake --install /home/wim/Documents/social_momentum_venv/social_momentum_MPPI/build/my_social_nav_interfaces
[1.214s] -- Install configuration: ""
[1.214s] -- Up-to-date: /home/wim/Documents/social_momentum_venv/social_momentum_MPPI/install/my_social_nav_interfaces/share/ament_index/resource_index/rosidl_interfaces/my_social_nav_interfaces
[1.214s] -- Up-to-date: /home/wim/Documents/social_momentum_venv/social_momentum_MPPI/install/my_social_nav_interfaces/include/my_social_nav_interfaces/my_social_nav_interfaces
[1.214s] -- Up-to-date: /home/wim/Documents/social_momentum_venv/social_momentum_MPPI/install/my_social_nav_interfaces/include/my_social_nav_interfaces/my_social_nav_interfaces/msg
[1.214s] -- Up-to-date: /home/wim/Documents/social_momentum_venv/social_momentum_MPPI/install/my_social_nav_interfaces/include/my_social_nav_interfaces/my_social_nav_interfaces/msg/rosidl_generator_c__visibility_control.h
[1.215s] -- Up-to-date: /home/wim/Documents/social_momentum_venv/social_momentum_MPPI/install/my_social_nav_interfaces/include/my_social_nav_interfaces/my_social_nav_interfaces/msg/detail
[1.215s] -- Up-to-date: /home/wim/Documents/social_momentum_venv/social_momentum_MPPI/install/my_social_nav_interfaces/include/my_social_nav_interfaces/my_social_nav_interfaces/msg/detail/human_array__functions.h
[1.215s] -- Up-to-date: /home/wim/Documents/social_momentum_venv/social_momentum_MPPI/install/my_social_nav_interfaces/include/my_social_nav_interfaces/my_social_nav_interfaces/msg/detail/human_pose_vel__struct.h
[1.215s] -- Up-to-date: /home/wim/Documents/social_momentum_venv/social_momentum_MPPI/install/my_social_nav_interfaces/include/my_social_nav_interfaces/my_social_nav_interfaces/msg/detail/human_pose_vel__functions.h
[1.215s] -- Up-to-date: /home/wim/Documents/social_momentum_venv/social_momentum_MPPI/install/my_social_nav_interfaces/include/my_social_nav_interfaces/my_social_nav_interfaces/msg/detail/human_pose_vel__functions.c
[1.215s] -- Up-to-date: /home/wim/Documents/social_momentum_venv/social_momentum_MPPI/install/my_social_nav_interfaces/include/my_social_nav_interfaces/my_social_nav_interfaces/msg/detail/human_array__struct.h
[1.215s] -- Up-to-date: /home/wim/Documents/social_momentum_venv/social_momentum_MPPI/install/my_social_nav_interfaces/include/my_social_nav_interfaces/my_social_nav_interfaces/msg/detail/human_array__functions.c
[1.215s] -- Up-to-date: /home/wim/Documents/social_momentum_venv/social_momentum_MPPI/install/my_social_nav_interfaces/include/my_social_nav_interfaces/my_social_nav_interfaces/msg/detail/human_pose_vel__type_support.h
[1.215s] -- Up-to-date: /home/wim/Documents/social_momentum_venv/social_momentum_MPPI/install/my_social_nav_interfaces/include/my_social_nav_interfaces/my_social_nav_interfaces/msg/detail/human_array__type_support.h
[1.215s] -- Up-to-date: /home/wim/Documents/social_momentum_venv/social_momentum_MPPI/install/my_social_nav_interfaces/include/my_social_nav_interfaces/my_social_nav_interfaces/msg/human_pose_vel.h
[1.215s] -- Up-to-date: /home/wim/Documents/social_momentum_venv/social_momentum_MPPI/install/my_social_nav_interfaces/include/my_social_nav_interfaces/my_social_nav_interfaces/msg/human_array.h
[1.215s] -- Up-to-date: /home/wim/Documents/social_momentum_venv/social_momentum_MPPI/install/my_social_nav_interfaces/share/my_social_nav_interfaces/environment/library_path.sh
[1.215s] -- Up-to-date: /home/wim/Documents/social_momentum_venv/social_momentum_MPPI/install/my_social_nav_interfaces/share/my_social_nav_interfaces/environment/library_path.dsv
[1.215s] -- Up-to-date: /home/wim/Documents/social_momentum_venv/social_momentum_MPPI/install/my_social_nav_interfaces/lib/libmy_social_nav_interfaces__rosidl_generator_c.so
[1.215s] -- Up-to-date: /home/wim/Documents/social_momentum_venv/social_momentum_MPPI/install/my_social_nav_interfaces/include/my_social_nav_interfaces/my_social_nav_interfaces
[1.215s] -- Up-to-date: /home/wim/Documents/social_momentum_venv/social_momentum_MPPI/install/my_social_nav_interfaces/include/my_social_nav_interfaces/my_social_nav_interfaces/msg
[1.216s] -- Up-to-date: /home/wim/Documents/social_momentum_venv/social_momentum_MPPI/install/my_social_nav_interfaces/include/my_social_nav_interfaces/my_social_nav_interfaces/msg/detail
[1.216s] -- Up-to-date: /home/wim/Documents/social_momentum_venv/social_momentum_MPPI/install/my_social_nav_interfaces/include/my_social_nav_interfaces/my_social_nav_interfaces/msg/detail/human_array__rosidl_typesupport_fastrtps_c.h
[1.216s] -- Up-to-date: /home/wim/Documents/social_momentum_venv/social_momentum_MPPI/install/my_social_nav_interfaces/include/my_social_nav_interfaces/my_social_nav_interfaces/msg/detail/human_pose_vel__rosidl_typesupport_fastrtps_c.h
[1.216s] -- Up-to-date: /home/wim/Documents/social_momentum_venv/social_momentum_MPPI/install/my_social_nav_interfaces/include/my_social_nav_interfaces/my_social_nav_interfaces/msg/rosidl_typesupport_fastrtps_c__visibility_control.h
[1.216s] -- Installing: /home/wim/Documents/social_momentum_venv/social_momentum_MPPI/install/my_social_nav_interfaces/lib/libmy_social_nav_interfaces__rosidl_typesupport_fastrtps_c.so
[1.216s] -- Set runtime path of "/home/wim/Documents/social_momentum_venv/social_momentum_MPPI/install/my_social_nav_interfaces/lib/libmy_social_nav_interfaces__rosidl_typesupport_fastrtps_c.so" to ""
[1.216s] -- Up-to-date: /home/wim/Documents/social_momentum_venv/social_momentum_MPPI/install/my_social_nav_interfaces/include/my_social_nav_interfaces/my_social_nav_interfaces
[1.216s] -- Up-to-date: /home/wim/Documents/social_momentum_venv/social_momentum_MPPI/install/my_social_nav_interfaces/include/my_social_nav_interfaces/my_social_nav_interfaces/msg
[1.216s] -- Up-to-date: /home/wim/Documents/social_momentum_venv/social_momentum_MPPI/install/my_social_nav_interfaces/include/my_social_nav_interfaces/my_social_nav_interfaces/msg/human_pose_vel.hpp
[1.216s] -- Up-to-date: /home/wim/Documents/social_momentum_venv/social_momentum_MPPI/install/my_social_nav_interfaces/include/my_social_nav_interfaces/my_social_nav_interfaces/msg/detail
[1.217s] -- Up-to-date: /home/wim/Documents/social_momentum_venv/social_momentum_MPPI/install/my_social_nav_interfaces/include/my_social_nav_interfaces/my_social_nav_interfaces/msg/detail/human_pose_vel__traits.hpp
[1.217s] -- Up-to-date: /home/wim/Documents/social_momentum_venv/social_momentum_MPPI/install/my_social_nav_interfaces/include/my_social_nav_interfaces/my_social_nav_interfaces/msg/detail/human_array__traits.hpp
[1.217s] -- Up-to-date: /home/wim/Documents/social_momentum_venv/social_momentum_MPPI/install/my_social_nav_interfaces/include/my_social_nav_interfaces/my_social_nav_interfaces/msg/detail/human_pose_vel__struct.hpp
[1.217s] -- Up-to-date: /home/wim/Documents/social_momentum_venv/social_momentum_MPPI/install/my_social_nav_interfaces/include/my_social_nav_interfaces/my_social_nav_interfaces/msg/detail/human_array__builder.hpp
[1.217s] -- Up-to-date: /home/wim/Documents/social_momentum_venv/social_momentum_MPPI/install/my_social_nav_interfaces/include/my_social_nav_interfaces/my_social_nav_interfaces/msg/detail/human_array__type_support.hpp
[1.217s] -- Up-to-date: /home/wim/Documents/social_momentum_venv/social_momentum_MPPI/install/my_social_nav_interfaces/include/my_social_nav_interfaces/my_social_nav_interfaces/msg/detail/human_array__struct.hpp
[1.217s] -- Up-to-date: /home/wim/Documents/social_momentum_venv/social_momentum_MPPI/install/my_social_nav_interfaces/include/my_social_nav_interfaces/my_social_nav_interfaces/msg/detail/human_pose_vel__type_support.hpp
[1.217s] -- Up-to-date: /home/wim/Documents/social_momentum_venv/social_momentum_MPPI/install/my_social_nav_interfaces/include/my_social_nav_interfaces/my_social_nav_interfaces/msg/detail/human_pose_vel__builder.hpp
[1.217s] -- Up-to-date: /home/wim/Documents/social_momentum_venv/social_momentum_MPPI/install/my_social_nav_interfaces/include/my_social_nav_interfaces/my_social_nav_interfaces/msg/human_array.hpp
[1.217s] -- Up-to-date: /home/wim/Documents/social_momentum_venv/social_momentum_MPPI/install/my_social_nav_interfaces/include/my_social_nav_interfaces/my_social_nav_interfaces/msg/rosidl_generator_cpp__visibility_control.hpp
[1.217s] -- Up-to-date: /home/wim/Documents/social_momentum_venv/social_momentum_MPPI/install/my_social_nav_interfaces/include/my_social_nav_interfaces/my_social_nav_interfaces
[1.217s] -- Up-to-date: /home/wim/Documents/social_momentum_venv/social_momentum_MPPI/install/my_social_nav_interfaces/include/my_social_nav_interfaces/my_social_nav_interfaces/msg
[1.217s] -- Up-to-date: /home/wim/Documents/social_momentum_venv/social_momentum_MPPI/install/my_social_nav_interfaces/include/my_social_nav_interfaces/my_social_nav_interfaces/msg/detail
[1.217s] -- Up-to-date: /home/wim/Documents/social_momentum_venv/social_momentum_MPPI/install/my_social_nav_interfaces/include/my_social_nav_interfaces/my_social_nav_interfaces/msg/detail/human_pose_vel__rosidl_typesupport_fastrtps_cpp.hpp
[1.217s] -- Up-to-date: /home/wim/Documents/social_momentum_venv/social_momentum_MPPI/install/my_social_nav_interfaces/include/my_social_nav_interfaces/my_social_nav_interfaces/msg/detail/human_array__rosidl_typesupport_fastrtps_cpp.hpp
[1.217s] -- Up-to-date: /home/wim/Documents/social_momentum_venv/social_momentum_MPPI/install/my_social_nav_interfaces/include/my_social_nav_interfaces/my_social_nav_interfaces/msg/detail/dds_fastrtps
[1.218s] -- Up-to-date: /home/wim/Documents/social_momentum_venv/social_momentum_MPPI/install/my_social_nav_interfaces/include/my_social_nav_interfaces/my_social_nav_interfaces/msg/rosidl_typesupport_fastrtps_cpp__visibility_control.h
[1.218s] -- Installing: /home/wim/Documents/social_momentum_venv/social_momentum_MPPI/install/my_social_nav_interfaces/lib/libmy_social_nav_interfaces__rosidl_typesupport_fastrtps_cpp.so
[1.218s] -- Set runtime path of "/home/wim/Documents/social_momentum_venv/social_momentum_MPPI/install/my_social_nav_interfaces/lib/libmy_social_nav_interfaces__rosidl_typesupport_fastrtps_cpp.so" to ""
[1.218s] -- Up-to-date: /home/wim/Documents/social_momentum_venv/social_momentum_MPPI/install/my_social_nav_interfaces/include/my_social_nav_interfaces/my_social_nav_interfaces
[1.218s] -- Up-to-date: /home/wim/Documents/social_momentum_venv/social_momentum_MPPI/install/my_social_nav_interfaces/include/my_social_nav_interfaces/my_social_nav_interfaces/msg
[1.218s] -- Up-to-date: /home/wim/Documents/social_momentum_venv/social_momentum_MPPI/install/my_social_nav_interfaces/include/my_social_nav_interfaces/my_social_nav_interfaces/msg/rosidl_typesupport_introspection_c__visibility_control.h
[1.218s] -- Up-to-date: /home/wim/Documents/social_momentum_venv/social_momentum_MPPI/install/my_social_nav_interfaces/include/my_social_nav_interfaces/my_social_nav_interfaces/msg/detail
[1.218s] -- Up-to-date: /home/wim/Documents/social_momentum_venv/social_momentum_MPPI/install/my_social_nav_interfaces/include/my_social_nav_interfaces/my_social_nav_interfaces/msg/detail/human_array__rosidl_typesupport_introspection_c.h
[1.219s] -- Up-to-date: /home/wim/Documents/social_momentum_venv/social_momentum_MPPI/install/my_social_nav_interfaces/include/my_social_nav_interfaces/my_social_nav_interfaces/msg/detail/human_pose_vel__rosidl_typesupport_introspection_c.h
[1.219s] -- Up-to-date: /home/wim/Documents/social_momentum_venv/social_momentum_MPPI/install/my_social_nav_interfaces/include/my_social_nav_interfaces/my_social_nav_interfaces/msg/detail/human_pose_vel__type_support.c
[1.219s] -- Up-to-date: /home/wim/Documents/social_momentum_venv/social_momentum_MPPI/install/my_social_nav_interfaces/include/my_social_nav_interfaces/my_social_nav_interfaces/msg/detail/human_array__type_support.c
[1.219s] -- Up-to-date: /home/wim/Documents/social_momentum_venv/social_momentum_MPPI/install/my_social_nav_interfaces/lib/libmy_social_nav_interfaces__rosidl_typesupport_introspection_c.so
[1.219s] -- Up-to-date: /home/wim/Documents/social_momentum_venv/social_momentum_MPPI/install/my_social_nav_interfaces/lib/libmy_social_nav_interfaces__rosidl_typesupport_c.so
[1.219s] -- Up-to-date: /home/wim/Documents/social_momentum_venv/social_momentum_MPPI/install/my_social_nav_interfaces/include/my_social_nav_interfaces/my_social_nav_interfaces
[1.219s] -- Up-to-date: /home/wim/Documents/social_momentum_venv/social_momentum_MPPI/install/my_social_nav_interfaces/include/my_social_nav_interfaces/my_social_nav_interfaces/msg
[1.219s] -- Up-to-date: /home/wim/Documents/social_momentum_venv/social_momentum_MPPI/install/my_social_nav_interfaces/include/my_social_nav_interfaces/my_social_nav_interfaces/msg/detail
[1.219s] -- Up-to-date: /home/wim/Documents/social_momentum_venv/social_momentum_MPPI/install/my_social_nav_interfaces/include/my_social_nav_interfaces/my_social_nav_interfaces/msg/detail/human_pose_vel__rosidl_typesupport_introspection_cpp.hpp
[1.219s] -- Up-to-date: /home/wim/Documents/social_momentum_venv/social_momentum_MPPI/install/my_social_nav_interfaces/include/my_social_nav_interfaces/my_social_nav_interfaces/msg/detail/human_array__rosidl_typesupport_introspection_cpp.hpp
[1.219s] -- Up-to-date: /home/wim/Documents/social_momentum_venv/social_momentum_MPPI/install/my_social_nav_interfaces/include/my_social_nav_interfaces/my_social_nav_interfaces/msg/detail/human_array__type_support.cpp
[1.219s] -- Up-to-date: /home/wim/Documents/social_momentum_venv/social_momentum_MPPI/install/my_social_nav_interfaces/include/my_social_nav_interfaces/my_social_nav_interfaces/msg/detail/human_pose_vel__type_support.cpp
[1.220s] -- Installing: /home/wim/Documents/social_momentum_venv/social_momentum_MPPI/install/my_social_nav_interfaces/lib/libmy_social_nav_interfaces__rosidl_typesupport_introspection_cpp.so
[1.220s] -- Set runtime path of "/home/wim/Documents/social_momentum_venv/social_momentum_MPPI/install/my_social_nav_interfaces/lib/libmy_social_nav_interfaces__rosidl_typesupport_introspection_cpp.so" to ""
[1.220s] -- Installing: /home/wim/Documents/social_momentum_venv/social_momentum_MPPI/install/my_social_nav_interfaces/lib/libmy_social_nav_interfaces__rosidl_typesupport_cpp.so
[1.221s] -- Set runtime path of "/home/wim/Documents/social_momentum_venv/social_momentum_MPPI/install/my_social_nav_interfaces/lib/libmy_social_nav_interfaces__rosidl_typesupport_cpp.so" to ""
[1.221s] -- Up-to-date: /home/wim/Documents/social_momentum_venv/social_momentum_MPPI/install/my_social_nav_interfaces/share/my_social_nav_interfaces/environment/pythonpath.sh
[1.221s] -- Up-to-date: /home/wim/Documents/social_momentum_venv/social_momentum_MPPI/install/my_social_nav_interfaces/share/my_social_nav_interfaces/environment/pythonpath.dsv
[1.221s] -- Up-to-date: /home/wim/Documents/social_momentum_venv/social_momentum_MPPI/install/my_social_nav_interfaces/local/lib/python3.10/dist-packages/my_social_nav_interfaces-0.0.0-py3.10.egg-info
[1.221s] -- Installing: /home/wim/Documents/social_momentum_venv/social_momentum_MPPI/install/my_social_nav_interfaces/local/lib/python3.10/dist-packages/my_social_nav_interfaces-0.0.0-py3.10.egg-info/dependency_links.txt
[1.221s] -- Installing: /home/wim/Documents/social_momentum_venv/social_momentum_MPPI/install/my_social_nav_interfaces/local/lib/python3.10/dist-packages/my_social_nav_interfaces-0.0.0-py3.10.egg-info/top_level.txt
[1.221s] -- Installing: /home/wim/Documents/social_momentum_venv/social_momentum_MPPI/install/my_social_nav_interfaces/local/lib/python3.10/dist-packages/my_social_nav_interfaces-0.0.0-py3.10.egg-info/SOURCES.txt
[1.221s] -- Installing: /home/wim/Documents/social_momentum_venv/social_momentum_MPPI/install/my_social_nav_interfaces/local/lib/python3.10/dist-packages/my_social_nav_interfaces-0.0.0-py3.10.egg-info/PKG-INFO
[1.221s] -- Up-to-date: /home/wim/Documents/social_momentum_venv/social_momentum_MPPI/install/my_social_nav_interfaces/local/lib/python3.10/dist-packages/my_social_nav_interfaces
[1.221s] -- Installing: /home/wim/Documents/social_momentum_venv/social_momentum_MPPI/install/my_social_nav_interfaces/local/lib/python3.10/dist-packages/my_social_nav_interfaces/libmy_social_nav_interfaces__rosidl_generator_py.so
[1.221s] -- Installing: /home/wim/Documents/social_momentum_venv/social_momentum_MPPI/install/my_social_nav_interfaces/local/lib/python3.10/dist-packages/my_social_nav_interfaces/my_social_nav_interfaces_s__rosidl_typesupport_c.cpython-310-x86_64-linux-gnu.so
[1.222s] -- Installing: /home/wim/Documents/social_momentum_venv/social_momentum_MPPI/install/my_social_nav_interfaces/local/lib/python3.10/dist-packages/my_social_nav_interfaces/my_social_nav_interfaces_s__rosidl_typesupport_fastrtps_c.cpython-310-x86_64-linux-gnu.so
[1.222s] -- Up-to-date: /home/wim/Documents/social_momentum_venv/social_momentum_MPPI/install/my_social_nav_interfaces/local/lib/python3.10/dist-packages/my_social_nav_interfaces/_my_social_nav_interfaces_s.ep.rosidl_typesupport_fastrtps_c.c
[1.222s] -- Up-to-date: /home/wim/Documents/social_momentum_venv/social_momentum_MPPI/install/my_social_nav_interfaces/local/lib/python3.10/dist-packages/my_social_nav_interfaces/_my_social_nav_interfaces_s.ep.rosidl_typesupport_c.c
[1.222s] -- Installing: /home/wim/Documents/social_momentum_venv/social_momentum_MPPI/install/my_social_nav_interfaces/local/lib/python3.10/dist-packages/my_social_nav_interfaces/my_social_nav_interfaces_s__rosidl_typesupport_introspection_c.cpython-310-x86_64-linux-gnu.so
[1.222s] -- Up-to-date: /home/wim/Documents/social_momentum_venv/social_momentum_MPPI/install/my_social_nav_interfaces/local/lib/python3.10/dist-packages/my_social_nav_interfaces/__init__.py
[1.222s] -- Up-to-date: /home/wim/Documents/social_momentum_venv/social_momentum_MPPI/install/my_social_nav_interfaces/local/lib/python3.10/dist-packages/my_social_nav_interfaces/_my_social_nav_interfaces_s.ep.rosidl_typesupport_introspection_c.c
[1.222s] -- Up-to-date: /home/wim/Documents/social_momentum_venv/social_momentum_MPPI/install/my_social_nav_interfaces/local/lib/python3.10/dist-packages/my_social_nav_interfaces/msg
[1.222s] -- Up-to-date: /home/wim/Documents/social_momentum_venv/social_momentum_MPPI/install/my_social_nav_interfaces/local/lib/python3.10/dist-packages/my_social_nav_interfaces/msg/_human_pose_vel_s.c
[1.222s] -- Up-to-date: /home/wim/Documents/social_momentum_venv/social_momentum_MPPI/install/my_social_nav_interfaces/local/lib/python3.10/dist-packages/my_social_nav_interfaces/msg/_human_array.py
[1.222s] -- Up-to-date: /home/wim/Documents/social_momentum_venv/social_momentum_MPPI/install/my_social_nav_interfaces/local/lib/python3.10/dist-packages/my_social_nav_interfaces/msg/_human_pose_vel.py
[1.222s] -- Up-to-date: /home/wim/Documents/social_momentum_venv/social_momentum_MPPI/install/my_social_nav_interfaces/local/lib/python3.10/dist-packages/my_social_nav_interfaces/msg/_human_array_s.c
[1.222s] -- Up-to-date: /home/wim/Documents/social_momentum_venv/social_momentum_MPPI/install/my_social_nav_interfaces/local/lib/python3.10/dist-packages/my_social_nav_interfaces/msg/__init__.py
[1.254s] Listing '/home/wim/Documents/social_momentum_venv/social_momentum_MPPI/install/my_social_nav_interfaces/local/lib/python3.10/dist-packages/my_social_nav_interfaces'...
[1.254s] Listing '/home/wim/Documents/social_momentum_venv/social_momentum_MPPI/install/my_social_nav_interfaces/local/lib/python3.10/dist-packages/my_social_nav_interfaces/msg'...
[1.258s] -- Installing: /home/wim/Documents/social_momentum_venv/social_momentum_MPPI/install/my_social_nav_interfaces/local/lib/python3.10/dist-packages/my_social_nav_interfaces/my_social_nav_interfaces_s__rosidl_typesupport_fastrtps_c.cpython-310-x86_64-linux-gnu.so
[1.258s] -- Set runtime path of "/home/wim/Documents/social_momentum_venv/social_momentum_MPPI/install/my_social_nav_interfaces/local/lib/python3.10/dist-packages/my_social_nav_interfaces/my_social_nav_interfaces_s__rosidl_typesupport_fastrtps_c.cpython-310-x86_64-linux-gnu.so" to ""
[1.258s] -- Installing: /home/wim/Documents/social_momentum_venv/social_momentum_MPPI/install/my_social_nav_interfaces/local/lib/python3.10/dist-packages/my_social_nav_interfaces/my_social_nav_interfaces_s__rosidl_typesupport_introspection_c.cpython-310-x86_64-linux-gnu.so
[1.259s] -- Set runtime path of "/home/wim/Documents/social_momentum_venv/social_momentum_MPPI/install/my_social_nav_interfaces/local/lib/python3.10/dist-packages/my_social_nav_interfaces/my_social_nav_interfaces_s__rosidl_typesupport_introspection_c.cpython-310-x86_64-linux-gnu.so" to ""
[1.259s] -- Installing: /home/wim/Documents/social_momentum_venv/social_momentum_MPPI/install/my_social_nav_interfaces/local/lib/python3.10/dist-packages/my_social_nav_interfaces/my_social_nav_interfaces_s__rosidl_typesupport_c.cpython-310-x86_64-linux-gnu.so
[1.259s] -- Set runtime path of "/home/wim/Documents/social_momentum_venv/social_momentum_MPPI/install/my_social_nav_interfaces/local/lib/python3.10/dist-packages/my_social_nav_interfaces/my_social_nav_interfaces_s__rosidl_typesupport_c.cpython-310-x86_64-linux-gnu.so" to ""
[1.259s] -- Installing: /home/wim/Documents/social_momentum_venv/social_momentum_MPPI/install/my_social_nav_interfaces/lib/libmy_social_nav_interfaces__rosidl_generator_py.so
[1.260s] -- Set runtime path of "/home/wim/Documents/social_momentum_venv/social_momentum_MPPI/install/my_social_nav_interfaces/lib/libmy_social_nav_interfaces__rosidl_generator_py.so" to ""
[1.260s] -- Up-to-date: /home/wim/Documents/social_momentum_venv/social_momentum_MPPI/install/my_social_nav_interfaces/share/my_social_nav_interfaces/msg/HumanArray.idl
[1.260s] -- Up-to-date: /home/wim/Documents/social_momentum_venv/social_momentum_MPPI/install/my_social_nav_interfaces/share/my_social_nav_interfaces/msg/HumanPoseVel.idl
[1.260s] -- Up-to-date: /home/wim/Documents/social_momentum_venv/social_momentum_MPPI/install/my_social_nav_interfaces/share/my_social_nav_interfaces/msg/HumanArray.msg
[1.260s] -- Up-to-date: /home/wim/Documents/social_momentum_venv/social_momentum_MPPI/install/my_social_nav_interfaces/share/my_social_nav_interfaces/msg/HumanPoseVel.msg
[1.260s] -- Up-to-date: /home/wim/Documents/social_momentum_venv/social_momentum_MPPI/install/my_social_nav_interfaces/share/ament_index/resource_index/package_run_dependencies/my_social_nav_interfaces
[1.260s] -- Up-to-date: /home/wim/Documents/social_momentum_venv/social_momentum_MPPI/install/my_social_nav_interfaces/share/ament_index/resource_index/parent_prefix_path/my_social_nav_interfaces
[1.261s] -- Installing: /home/wim/Documents/social_momentum_venv/social_momentum_MPPI/install/my_social_nav_interfaces/share/my_social_nav_interfaces/environment/ament_prefix_path.sh
[1.261s] -- Up-to-date: /home/wim/Documents/social_momentum_venv/social_momentum_MPPI/install/my_social_nav_interfaces/share/my_social_nav_interfaces/environment/ament_prefix_path.dsv
[1.261s] -- Installing: /home/wim/Documents/social_momentum_venv/social_momentum_MPPI/install/my_social_nav_interfaces/share/my_social_nav_interfaces/environment/path.sh
[1.261s] -- Up-to-date: /home/wim/Documents/social_momentum_venv/social_momentum_MPPI/install/my_social_nav_interfaces/share/my_social_nav_interfaces/environment/path.dsv
[1.261s] -- Up-to-date: /home/wim/Documents/social_momentum_venv/social_momentum_MPPI/install/my_social_nav_interfaces/share/my_social_nav_interfaces/local_setup.bash
[1.261s] -- Up-to-date: /home/wim/Documents/social_momentum_venv/social_momentum_MPPI/install/my_social_nav_interfaces/share/my_social_nav_interfaces/local_setup.sh
[1.261s] -- Up-to-date: /home/wim/Documents/social_momentum_venv/social_momentum_MPPI/install/my_social_nav_interfaces/share/my_social_nav_interfaces/local_setup.zsh
[1.261s] -- Up-to-date: /home/wim/Documents/social_momentum_venv/social_momentum_MPPI/install/my_social_nav_interfaces/share/my_social_nav_interfaces/local_setup.dsv
[1.261s] -- Installing: /home/wim/Documents/social_momentum_venv/social_momentum_MPPI/install/my_social_nav_interfaces/share/my_social_nav_interfaces/package.dsv
[1.262s] -- Up-to-date: /home/wim/Documents/social_momentum_venv/social_momentum_MPPI/install/my_social_nav_interfaces/share/ament_index/resource_index/packages/my_social_nav_interfaces
[1.262s] -- Up-to-date: /home/wim/Documents/social_momentum_venv/social_momentum_MPPI/install/my_social_nav_interfaces/share/my_social_nav_interfaces/cmake/export_my_social_nav_interfaces__rosidl_generator_cExport.cmake
[1.262s] -- Up-to-date: /home/wim/Documents/social_momentum_venv/social_momentum_MPPI/install/my_social_nav_interfaces/share/my_social_nav_interfaces/cmake/export_my_social_nav_interfaces__rosidl_generator_cExport-noconfig.cmake
[1.262s] -- Up-to-date: /home/wim/Documents/social_momentum_venv/social_momentum_MPPI/install/my_social_nav_interfaces/share/my_social_nav_interfaces/cmake/export_my_social_nav_interfaces__rosidl_typesupport_fastrtps_cExport.cmake
[1.262s] -- Up-to-date: /home/wim/Documents/social_momentum_venv/social_momentum_MPPI/install/my_social_nav_interfaces/share/my_social_nav_interfaces/cmake/export_my_social_nav_interfaces__rosidl_typesupport_fastrtps_cExport-noconfig.cmake
[1.263s] -- Up-to-date: /home/wim/Documents/social_momentum_venv/social_momentum_MPPI/install/my_social_nav_interfaces/share/my_social_nav_interfaces/cmake/export_my_social_nav_interfaces__rosidl_generator_cppExport.cmake
[1.263s] -- Up-to-date: /home/wim/Documents/social_momentum_venv/social_momentum_MPPI/install/my_social_nav_interfaces/share/my_social_nav_interfaces/cmake/export_my_social_nav_interfaces__rosidl_typesupport_fastrtps_cppExport.cmake
[1.263s] -- Up-to-date: /home/wim/Documents/social_momentum_venv/social_momentum_MPPI/install/my_social_nav_interfaces/share/my_social_nav_interfaces/cmake/export_my_social_nav_interfaces__rosidl_typesupport_fastrtps_cppExport-noconfig.cmake
[1.264s] -- Up-to-date: /home/wim/Documents/social_momentum_venv/social_momentum_MPPI/install/my_social_nav_interfaces/share/my_social_nav_interfaces/cmake/my_social_nav_interfaces__rosidl_typesupport_introspection_cExport.cmake
[1.264s] -- Up-to-date: /home/wim/Documents/social_momentum_venv/social_momentum_MPPI/install/my_social_nav_interfaces/share/my_social_nav_interfaces/cmake/my_social_nav_interfaces__rosidl_typesupport_introspection_cExport-noconfig.cmake
[1.264s] -- Up-to-date: /home/wim/Documents/social_momentum_venv/social_momentum_MPPI/install/my_social_nav_interfaces/share/my_social_nav_interfaces/cmake/my_social_nav_interfaces__rosidl_typesupport_cExport.cmake
[1.264s] -- Up-to-date: /home/wim/Documents/social_momentum_venv/social_momentum_MPPI/install/my_social_nav_interfaces/share/my_social_nav_interfaces/cmake/my_social_nav_interfaces__rosidl_typesupport_cExport-noconfig.cmake
[1.264s] -- Up-to-date: /home/wim/Documents/social_momentum_venv/social_momentum_MPPI/install/my_social_nav_interfaces/share/my_social_nav_interfaces/cmake/my_social_nav_interfaces__rosidl_typesupport_introspection_cppExport.cmake
[1.264s] -- Up-to-date: /home/wim/Documents/social_momentum_venv/social_momentum_MPPI/install/my_social_nav_interfaces/share/my_social_nav_interfaces/cmake/my_social_nav_interfaces__rosidl_typesupport_introspection_cppExport-noconfig.cmake
[1.265s] -- Up-to-date: /home/wim/Documents/social_momentum_venv/social_momentum_MPPI/install/my_social_nav_interfaces/share/my_social_nav_interfaces/cmake/my_social_nav_interfaces__rosidl_typesupport_cppExport.cmake
[1.265s] -- Up-to-date: /home/wim/Documents/social_momentum_venv/social_momentum_MPPI/install/my_social_nav_interfaces/share/my_social_nav_interfaces/cmake/my_social_nav_interfaces__rosidl_typesupport_cppExport-noconfig.cmake
[1.265s] -- Up-to-date: /home/wim/Documents/social_momentum_venv/social_momentum_MPPI/install/my_social_nav_interfaces/share/my_social_nav_interfaces/cmake/export_my_social_nav_interfaces__rosidl_generator_pyExport.cmake
[1.265s] -- Up-to-date: /home/wim/Documents/social_momentum_venv/social_momentum_MPPI/install/my_social_nav_interfaces/share/my_social_nav_interfaces/cmake/export_my_social_nav_interfaces__rosidl_generator_pyExport-noconfig.cmake
[1.266s] -- Up-to-date: /home/wim/Documents/social_momentum_venv/social_momentum_MPPI/install/my_social_nav_interfaces/share/my_social_nav_interfaces/cmake/rosidl_cmake-extras.cmake
[1.266s] -- Up-to-date: /home/wim/Documents/social_momentum_venv/social_momentum_MPPI/install/my_social_nav_interfaces/share/my_social_nav_interfaces/cmake/ament_cmake_export_dependencies-extras.cmake
[1.266s] -- Up-to-date: /home/wim/Documents/social_momentum_venv/social_momentum_MPPI/install/my_social_nav_interfaces/share/my_social_nav_interfaces/cmake/ament_cmake_export_include_directories-extras.cmake
[1.266s] -- Up-to-date: /home/wim/Documents/social_momentum_venv/social_momentum_MPPI/install/my_social_nav_interfaces/share/my_social_nav_interfaces/cmake/ament_cmake_export_libraries-extras.cmake
[1.266s] -- Up-to-date: /home/wim/Documents/social_momentum_venv/social_momentum_MPPI/install/my_social_nav_interfaces/share/my_social_nav_interfaces/cmake/ament_cmake_export_targets-extras.cmake
[1.266s] -- Up-to-date: /home/wim/Documents/social_momentum_venv/social_momentum_MPPI/install/my_social_nav_interfaces/share/my_social_nav_interfaces/cmake/rosidl_cmake_export_typesupport_targets-extras.cmake
[1.266s] -- Up-to-date: /home/wim/Documents/social_momentum_venv/social_momentum_MPPI/install/my_social_nav_interfaces/share/my_social_nav_interfaces/cmake/rosidl_cmake_export_typesupport_libraries-extras.cmake
[1.266s] -- Up-to-date: /home/wim/Documents/social_momentum_venv/social_momentum_MPPI/install/my_social_nav_interfaces/share/my_social_nav_interfaces/cmake/my_social_nav_interfacesConfig.cmake
[1.266s] -- Up-to-date: /home/wim/Documents/social_momentum_venv/social_momentum_MPPI/install/my_social_nav_interfaces/share/my_social_nav_interfaces/cmake/my_social_nav_interfacesConfig-version.cmake
[1.266s] -- Up-to-date: /home/wim/Documents/social_momentum_venv/social_momentum_MPPI/install/my_social_nav_interfaces/share/my_social_nav_interfaces/package.xml
[1.268s] Invoked command in '/home/wim/Documents/social_momentum_venv/social_momentum_MPPI/build/my_social_nav_interfaces' returned '0': CMAKE_PREFIX_PATH=${CMAKE_PREFIX_PATH}:/home/wim/Documents/social_momentum_venv/social_momentum_MPPI/install/tiago_social_scenarios:/home/wim/Documents/social_momentum_venv/social_momentum_MPPI/install/sm_mppi_planner:/home/wim/tiago_public_ws/install/launch_pal:/opt/ros/humble /usr/bin/cmake --install /home/wim/Documents/social_momentum_venv/social_momentum_MPPI/build/my_social_nav_interfaces
