[0.014s] Invoking command in '/home/wim/Documents/social_momentum_MPPI/build/my_social_nav_interfaces': CMAKE_PREFIX_PATH=${CMAKE_PREFIX_PATH}:/home/wim/tiago_public_ws/install/launch_pal:/home/wim/Documents/social_momentum_MPPI/install/sm_mppi_planner:/home/wim/Documents/social_momentum_ros2/install/my_social_nav_pkg:/opt/ros/humble /usr/bin/cmake /home/wim/Documents/social_momentum_MPPI/my_social_nav_interfaces -DCMAKE_INSTALL_PREFIX=/home/wim/Documents/social_momentum_MPPI/install/my_social_nav_interfaces
[0.079s] -- The C compiler identification is GNU 11.4.0
[0.135s] -- The CXX compiler identification is GNU 11.4.0
[0.144s] -- Detecting C compiler ABI info
[0.220s] -- Detecting C compiler ABI info - done
[0.237s] -- Check for working C compiler: /usr/bin/cc - skipped
[0.238s] -- Detecting C compile features
[0.238s] -- Detecting C compile features - done
[0.241s] -- Detecting CXX compiler ABI info
[0.315s] -- Detecting CXX compiler ABI info - done
[0.323s] -- Check for working CXX compiler: /usr/bin/c++ - skipped
[0.324s] -- Detecting CXX compile features
[0.325s] -- Detecting CXX compile features - done
[0.338s] -- Found ament_cmake: 1.3.11 (/opt/ros/humble/share/ament_cmake/cmake)
[0.551s] -- Found Python3: /usr/bin/python3 (found version "3.10.12") found components: Interpreter 
[0.727s] -- Found std_msgs: 4.8.0 (/opt/ros/humble/share/std_msgs/cmake)
[0.819s] -- Found rosidl_generator_c: 3.1.6 (/opt/ros/humble/share/rosidl_generator_c/cmake)
[0.838s] -- Found rosidl_adapter: 3.1.6 (/opt/ros/humble/share/rosidl_adapter/cmake)
[0.864s] -- Found rosidl_generator_cpp: 3.1.6 (/opt/ros/humble/share/rosidl_generator_cpp/cmake)
[0.890s] -- Using all available rosidl_typesupport_c: rosidl_typesupport_fastrtps_c;rosidl_typesupport_introspection_c
[0.921s] -- Using all available rosidl_typesupport_cpp: rosidl_typesupport_fastrtps_cpp;rosidl_typesupport_introspection_cpp
[0.984s] -- Found geometry_msgs: 4.8.0 (/opt/ros/humble/share/geometry_msgs/cmake)
[1.003s] -- Found visualization_msgs: 4.8.0 (/opt/ros/humble/share/visualization_msgs/cmake)
[1.066s] [31mCMake Error at /opt/ros/humble/share/rosidl_cmake/cmake/rosidl_generate_interfaces.cmake:93 (message):
[1.066s]   rosidl_generate_interfaces() the passed file 'msg/HumanPoseVel.msg' doesn't
[1.066s]   exist relative to the CMAKE_CURRENT_SOURCE_DIR
[1.066s]   '/home/wim/Documents/social_momentum_MPPI/my_social_nav_interfaces'
[1.066s] Call Stack (most recent call first):
[1.066s]   CMakeLists.txt:18 (rosidl_generate_interfaces)
[1.066s] 
[1.066s] [0m
[1.066s] -- Configuring incomplete, errors occurred!
[1.066s] See also "/home/wim/Documents/social_momentum_MPPI/build/my_social_nav_interfaces/CMakeFiles/CMakeOutput.log".
[1.074s] Invoked command in '/home/wim/Documents/social_momentum_MPPI/build/my_social_nav_interfaces' returned '1': CMAKE_PREFIX_PATH=${CMAKE_PREFIX_PATH}:/home/wim/tiago_public_ws/install/launch_pal:/home/wim/Documents/social_momentum_MPPI/install/sm_mppi_planner:/home/wim/Documents/social_momentum_ros2/install/my_social_nav_pkg:/opt/ros/humble /usr/bin/cmake /home/wim/Documents/social_momentum_MPPI/my_social_nav_interfaces -DCMAKE_INSTALL_PREFIX=/home/wim/Documents/social_momentum_MPPI/install/my_social_nav_interfaces
