[0.012s] Invoking command in '/home/wim/Documents/social_momentum_venv/social_momentum_MPPI/build/my_social_nav_interfaces': CMAKE_PREFIX_PATH=${CMAKE_PREFIX_PATH}:/home/wim/tiago_public_ws/install/launch_pal:/opt/ros/humble /usr/bin/cmake /home/wim/Documents/social_momentum_venv/social_momentum_MPPI/src/my_social_nav_interfaces -DCMAKE_INSTALL_PREFIX=/home/wim/Documents/social_momentum_venv/social_momentum_MPPI/install/my_social_nav_interfaces
[0.068s] -- The C compiler identification is GNU 11.4.0
[0.121s] -- The CXX compiler identification is GNU 11.4.0
[0.131s] -- Detecting C compiler ABI info
[0.195s] -- Detecting C compiler ABI info - done
[0.203s] -- Check for working C compiler: /usr/bin/cc - skipped
[0.203s] -- Detecting C compile features
[0.203s] -- Detecting C compile features - done
[0.206s] -- Detecting CXX compiler ABI info
[0.290s] -- Detecting CXX compiler ABI info - done
[0.303s] -- Check for working CXX compiler: /usr/bin/c++ - skipped
[0.303s] -- Detecting CXX compile features
[0.304s] -- Detecting CXX compile features - done
[0.311s] -- Found ament_cmake: 1.3.11 (/opt/ros/humble/share/ament_cmake/cmake)
[0.490s] -- Found Python3: /usr/bin/python3 (found version "3.10.12") found components: Interpreter 
[0.650s] -- Found std_msgs: 4.8.0 (/opt/ros/humble/share/std_msgs/cmake)
[0.714s] -- Found rosidl_generator_c: 3.1.6 (/opt/ros/humble/share/rosidl_generator_c/cmake)
[0.732s] -- Found rosidl_adapter: 3.1.6 (/opt/ros/humble/share/rosidl_adapter/cmake)
[0.751s] -- Found rosidl_generator_cpp: 3.1.6 (/opt/ros/humble/share/rosidl_generator_cpp/cmake)
[0.770s] -- Using all available rosidl_typesupport_c: rosidl_typesupport_fastrtps_c;rosidl_typesupport_introspection_c
[0.796s] -- Using all available rosidl_typesupport_cpp: rosidl_typesupport_fastrtps_cpp;rosidl_typesupport_introspection_cpp
[0.844s] -- Found geometry_msgs: 4.8.0 (/opt/ros/humble/share/geometry_msgs/cmake)
[0.863s] -- Found rosidl_default_generators: 1.2.0 (/opt/ros/humble/share/rosidl_default_generators/cmake)
[1.211s] -- Found ament_cmake_ros: 0.10.0 (/opt/ros/humble/share/ament_cmake_ros/cmake)
[1.671s] -- Using all available rosidl_typesupport_c: rosidl_typesupport_fastrtps_c;rosidl_typesupport_introspection_c
[1.849s] -- Using all available rosidl_typesupport_cpp: rosidl_typesupport_fastrtps_cpp;rosidl_typesupport_introspection_cpp
[1.871s] -- Found PythonInterp: /usr/bin/python3 (found suitable version "3.10.12", minimum required is "3.6") 
[1.875s] -- Found python_cmake_module: 0.10.0 (/opt/ros/humble/share/python_cmake_module/cmake)
[1.901s] -- Found PythonLibs: /usr/lib/x86_64-linux-gnu/libpython3.10.so (found suitable version "3.10.12", minimum required is "3.5") 
[1.901s] -- Using PYTHON_EXECUTABLE: /usr/bin/python3
[1.901s] -- Using PYTHON_INCLUDE_DIRS: /usr/include/python3.10
[1.901s] -- Using PYTHON_LIBRARIES: /usr/lib/x86_64-linux-gnu/libpython3.10.so
[1.932s] -- Found PythonExtra: .so  
[2.018s] -- Found ament_lint_auto: 0.12.12 (/opt/ros/humble/share/ament_lint_auto/cmake)
[2.073s] -- Added test 'copyright' to check source files copyright and LICENSE
[2.076s] -- Added test 'lint_cmake' to check CMake code style
[2.077s] -- Added test 'xmllint' to check XML markup files
[2.081s] -- Configuring done
[2.127s] -- Generating done
[2.143s] -- Build files have been written to: /home/wim/Documents/social_momentum_venv/social_momentum_MPPI/build/my_social_nav_interfaces
[2.150s] Invoked command in '/home/wim/Documents/social_momentum_venv/social_momentum_MPPI/build/my_social_nav_interfaces' returned '0': CMAKE_PREFIX_PATH=${CMAKE_PREFIX_PATH}:/home/wim/tiago_public_ws/install/launch_pal:/opt/ros/humble /usr/bin/cmake /home/wim/Documents/social_momentum_venv/social_momentum_MPPI/src/my_social_nav_interfaces -DCMAKE_INSTALL_PREFIX=/home/wim/Documents/social_momentum_venv/social_momentum_MPPI/install/my_social_nav_interfaces
[2.152s] Invoking command in '/home/wim/Documents/social_momentum_venv/social_momentum_MPPI/build/my_social_nav_interfaces': CMAKE_PREFIX_PATH=${CMAKE_PREFIX_PATH}:/home/wim/tiago_public_ws/install/launch_pal:/opt/ros/humble /usr/bin/cmake --build /home/wim/Documents/social_momentum_venv/social_momentum_MPPI/build/my_social_nav_interfaces -- -j12 -l12
[2.185s] [  2%] [34m[1mGenerating C code for ROS interfaces[0m
[2.194s] [  5%] [34m[1mGenerating C++ code for ROS interfaces[0m
[2.200s] [  5%] Built target ament_cmake_python_copy_my_social_nav_interfaces
[2.516s] running egg_info
[2.517s] creating my_social_nav_interfaces.egg-info
[2.517s] writing my_social_nav_interfaces.egg-info/PKG-INFO
[2.517s] writing dependency_links to my_social_nav_interfaces.egg-info/dependency_links.txt
[2.518s] writing top-level names to my_social_nav_interfaces.egg-info/top_level.txt
[2.518s] writing manifest file 'my_social_nav_interfaces.egg-info/SOURCES.txt'
[2.521s] reading manifest file 'my_social_nav_interfaces.egg-info/SOURCES.txt'
[2.521s] writing manifest file 'my_social_nav_interfaces.egg-info/SOURCES.txt'
[2.552s] [  5%] Built target ament_cmake_python_build_my_social_nav_interfaces_egg
[2.595s] [ 10%] [32mBuilding C object CMakeFiles/my_social_nav_interfaces__rosidl_generator_c.dir/rosidl_generator_c/my_social_nav_interfaces/msg/detail/human_pose_vel__functions.c.o[0m
[2.595s] [ 10%] [32mBuilding C object CMakeFiles/my_social_nav_interfaces__rosidl_generator_c.dir/rosidl_generator_c/my_social_nav_interfaces/msg/detail/human_array__functions.c.o[0m
[2.595s] [ 10%] Built target my_social_nav_interfaces__cpp
[2.604s] [ 17%] [34m[1mGenerating C++ type support dispatch for ROS interfaces[0m
[2.604s] [ 17%] [34m[1mGenerating C++ type support for eProsima Fast-RTPS[0m
[2.604s] [ 17%] [34m[1mGenerating C++ introspection for ROS interfaces[0m
[2.651s] [ 20%] [32m[1mLinking C shared library libmy_social_nav_interfaces__rosidl_generator_c.so[0m
[2.684s] [ 20%] Built target my_social_nav_interfaces__rosidl_generator_c
[2.693s] [ 28%] [34m[1mGenerating C type support dispatch for ROS interfaces[0m
[2.693s] [ 28%] [34m[1mGenerating C introspection for ROS interfaces[0m
[2.693s] [ 28%] [34m[1mGenerating C type support for eProsima Fast-RTPS[0m
[2.961s] [ 33%] [32mBuilding CXX object CMakeFiles/my_social_nav_interfaces__rosidl_typesupport_cpp.dir/rosidl_typesupport_cpp/my_social_nav_interfaces/msg/human_array__type_support.cpp.o[0m
[2.961s] [ 33%] [32mBuilding CXX object CMakeFiles/my_social_nav_interfaces__rosidl_typesupport_cpp.dir/rosidl_typesupport_cpp/my_social_nav_interfaces/msg/human_pose_vel__type_support.cpp.o[0m
[2.990s] [ 35%] [32mBuilding CXX object CMakeFiles/my_social_nav_interfaces__rosidl_typesupport_introspection_cpp.dir/rosidl_typesupport_introspection_cpp/my_social_nav_interfaces/msg/detail/human_array__type_support.cpp.o[0m
[2.991s] [ 38%] [32mBuilding CXX object CMakeFiles/my_social_nav_interfaces__rosidl_typesupport_introspection_cpp.dir/rosidl_typesupport_introspection_cpp/my_social_nav_interfaces/msg/detail/human_pose_vel__type_support.cpp.o[0m
[3.006s] [ 41%] [32mBuilding CXX object CMakeFiles/my_social_nav_interfaces__rosidl_typesupport_fastrtps_cpp.dir/rosidl_typesupport_fastrtps_cpp/my_social_nav_interfaces/msg/detail/dds_fastrtps/human_array__type_support.cpp.o[0m
[3.009s] [ 43%] [32mBuilding CXX object CMakeFiles/my_social_nav_interfaces__rosidl_typesupport_fastrtps_cpp.dir/rosidl_typesupport_fastrtps_cpp/my_social_nav_interfaces/msg/detail/dds_fastrtps/human_pose_vel__type_support.cpp.o[0m
[3.082s] [ 46%] [32mBuilding CXX object CMakeFiles/my_social_nav_interfaces__rosidl_typesupport_c.dir/rosidl_typesupport_c/my_social_nav_interfaces/msg/human_array__type_support.cpp.o[0m
[3.088s] [ 48%] [32mBuilding CXX object CMakeFiles/my_social_nav_interfaces__rosidl_typesupport_c.dir/rosidl_typesupport_c/my_social_nav_interfaces/msg/human_pose_vel__type_support.cpp.o[0m
[3.123s] [ 51%] [32mBuilding C object CMakeFiles/my_social_nav_interfaces__rosidl_typesupport_introspection_c.dir/rosidl_typesupport_introspection_c/my_social_nav_interfaces/msg/detail/human_pose_vel__type_support.c.o[0m
[3.124s] [ 53%] [32mBuilding C object CMakeFiles/my_social_nav_interfaces__rosidl_typesupport_introspection_c.dir/rosidl_typesupport_introspection_c/my_social_nav_interfaces/msg/detail/human_array__type_support.c.o[0m
[3.154s] [ 56%] [32m[1mLinking CXX shared library libmy_social_nav_interfaces__rosidl_typesupport_c.so[0m
[3.156s] [ 58%] [32mBuilding CXX object CMakeFiles/my_social_nav_interfaces__rosidl_typesupport_fastrtps_c.dir/rosidl_typesupport_fastrtps_c/my_social_nav_interfaces/msg/detail/human_array__type_support_c.cpp.o[0m
[3.163s] [ 61%] [32mBuilding CXX object CMakeFiles/my_social_nav_interfaces__rosidl_typesupport_fastrtps_c.dir/rosidl_typesupport_fastrtps_c/my_social_nav_interfaces/msg/detail/human_pose_vel__type_support_c.cpp.o[0m
[3.240s] [ 64%] [32m[1mLinking C shared library libmy_social_nav_interfaces__rosidl_typesupport_introspection_c.so[0m
[3.260s] [ 64%] Built target my_social_nav_interfaces__rosidl_typesupport_c
[3.296s] [ 64%] Built target my_social_nav_interfaces__rosidl_typesupport_introspection_c
[3.455s] [ 66%] [32m[1mLinking CXX shared library libmy_social_nav_interfaces__rosidl_typesupport_cpp.so[0m
[3.509s] [ 66%] Built target my_social_nav_interfaces__rosidl_typesupport_cpp
[3.642s] [ 69%] [32m[1mLinking CXX shared library libmy_social_nav_interfaces__rosidl_typesupport_fastrtps_c.so[0m
[3.651s] [ 71%] [32m[1mLinking CXX shared library libmy_social_nav_interfaces__rosidl_typesupport_introspection_cpp.so[0m
[3.661s] [ 74%] [32m[1mLinking CXX shared library libmy_social_nav_interfaces__rosidl_typesupport_fastrtps_cpp.so[0m
[3.725s] [ 74%] Built target my_social_nav_interfaces__rosidl_typesupport_fastrtps_c
[3.738s] [ 74%] Built target my_social_nav_interfaces__rosidl_typesupport_introspection_cpp
[3.749s] [ 74%] Built target my_social_nav_interfaces__rosidl_typesupport_fastrtps_cpp
[3.767s] [ 74%] Built target my_social_nav_interfaces
[3.784s] [ 76%] [34m[1mGenerating Python code for ROS interfaces[0m
[4.313s] [ 76%] Built target my_social_nav_interfaces__py
[4.338s] [ 79%] [32mBuilding C object CMakeFiles/my_social_nav_interfaces__rosidl_generator_py.dir/rosidl_generator_py/my_social_nav_interfaces/msg/_human_array_s.c.o[0m
[4.343s] [ 82%] [32mBuilding C object CMakeFiles/my_social_nav_interfaces__rosidl_generator_py.dir/rosidl_generator_py/my_social_nav_interfaces/msg/_human_pose_vel_s.c.o[0m
[4.460s] [ 84%] [32m[1mLinking C shared library rosidl_generator_py/my_social_nav_interfaces/libmy_social_nav_interfaces__rosidl_generator_py.so[0m
[4.495s] [ 84%] Built target my_social_nav_interfaces__rosidl_generator_py
[4.512s] [ 92%] [32mBuilding C object CMakeFiles/my_social_nav_interfaces__rosidl_typesupport_c__pyext.dir/rosidl_generator_py/my_social_nav_interfaces/_my_social_nav_interfaces_s.ep.rosidl_typesupport_c.c.o[0m
[4.512s] [ 92%] [32mBuilding C object CMakeFiles/my_social_nav_interfaces__rosidl_typesupport_introspection_c__pyext.dir/rosidl_generator_py/my_social_nav_interfaces/_my_social_nav_interfaces_s.ep.rosidl_typesupport_introspection_c.c.o[0m
[4.512s] [ 92%] [32mBuilding C object CMakeFiles/my_social_nav_interfaces__rosidl_typesupport_fastrtps_c__pyext.dir/rosidl_generator_py/my_social_nav_interfaces/_my_social_nav_interfaces_s.ep.rosidl_typesupport_fastrtps_c.c.o[0m
[4.614s] [ 97%] [32m[1mLinking C shared library rosidl_generator_py/my_social_nav_interfaces/my_social_nav_interfaces_s__rosidl_typesupport_c.cpython-310-x86_64-linux-gnu.so[0m
[4.614s] [ 97%] [32m[1mLinking C shared library rosidl_generator_py/my_social_nav_interfaces/my_social_nav_interfaces_s__rosidl_typesupport_introspection_c.cpython-310-x86_64-linux-gnu.so[0m
[4.614s] [100%] [32m[1mLinking C shared library rosidl_generator_py/my_social_nav_interfaces/my_social_nav_interfaces_s__rosidl_typesupport_fastrtps_c.cpython-310-x86_64-linux-gnu.so[0m
[4.659s] [100%] Built target my_social_nav_interfaces__rosidl_typesupport_c__pyext
[4.659s] [100%] Built target my_social_nav_interfaces__rosidl_typesupport_introspection_c__pyext
[4.659s] [100%] Built target my_social_nav_interfaces__rosidl_typesupport_fastrtps_c__pyext
[4.669s] Invoked command in '/home/wim/Documents/social_momentum_venv/social_momentum_MPPI/build/my_social_nav_interfaces' returned '0': CMAKE_PREFIX_PATH=${CMAKE_PREFIX_PATH}:/home/wim/tiago_public_ws/install/launch_pal:/opt/ros/humble /usr/bin/cmake --build /home/wim/Documents/social_momentum_venv/social_momentum_MPPI/build/my_social_nav_interfaces -- -j12 -l12
[4.677s] Invoking command in '/home/wim/Documents/social_momentum_venv/social_momentum_MPPI/build/my_social_nav_interfaces': CMAKE_PREFIX_PATH=${CMAKE_PREFIX_PATH}:/home/wim/tiago_public_ws/install/launch_pal:/opt/ros/humble /usr/bin/cmake --install /home/wim/Documents/social_momentum_venv/social_momentum_MPPI/build/my_social_nav_interfaces
[4.683s] -- Install configuration: ""
[4.683s] -- Installing: /home/wim/Documents/social_momentum_venv/social_momentum_MPPI/install/my_social_nav_interfaces/share/ament_index/resource_index/rosidl_interfaces/my_social_nav_interfaces
[4.684s] -- Installing: /home/wim/Documents/social_momentum_venv/social_momentum_MPPI/install/my_social_nav_interfaces/include/my_social_nav_interfaces/my_social_nav_interfaces
[4.684s] -- Installing: /home/wim/Documents/social_momentum_venv/social_momentum_MPPI/install/my_social_nav_interfaces/include/my_social_nav_interfaces/my_social_nav_interfaces/msg
[4.684s] -- Installing: /home/wim/Documents/social_momentum_venv/social_momentum_MPPI/install/my_social_nav_interfaces/include/my_social_nav_interfaces/my_social_nav_interfaces/msg/rosidl_generator_c__visibility_control.h
[4.684s] -- Installing: /home/wim/Documents/social_momentum_venv/social_momentum_MPPI/install/my_social_nav_interfaces/include/my_social_nav_interfaces/my_social_nav_interfaces/msg/detail
[4.684s] -- Installing: /home/wim/Documents/social_momentum_venv/social_momentum_MPPI/install/my_social_nav_interfaces/include/my_social_nav_interfaces/my_social_nav_interfaces/msg/detail/human_array__functions.h
[4.684s] -- Installing: /home/wim/Documents/social_momentum_venv/social_momentum_MPPI/install/my_social_nav_interfaces/include/my_social_nav_interfaces/my_social_nav_interfaces/msg/detail/human_pose_vel__struct.h
[4.684s] -- Installing: /home/wim/Documents/social_momentum_venv/social_momentum_MPPI/install/my_social_nav_interfaces/include/my_social_nav_interfaces/my_social_nav_interfaces/msg/detail/human_pose_vel__functions.h
[4.684s] -- Installing: /home/wim/Documents/social_momentum_venv/social_momentum_MPPI/install/my_social_nav_interfaces/include/my_social_nav_interfaces/my_social_nav_interfaces/msg/detail/human_pose_vel__functions.c
[4.684s] -- Installing: /home/wim/Documents/social_momentum_venv/social_momentum_MPPI/install/my_social_nav_interfaces/include/my_social_nav_interfaces/my_social_nav_interfaces/msg/detail/human_array__struct.h
[4.684s] -- Installing: /home/wim/Documents/social_momentum_venv/social_momentum_MPPI/install/my_social_nav_interfaces/include/my_social_nav_interfaces/my_social_nav_interfaces/msg/detail/human_array__functions.c
[4.685s] -- Installing: /home/wim/Documents/social_momentum_venv/social_momentum_MPPI/install/my_social_nav_interfaces/include/my_social_nav_interfaces/my_social_nav_interfaces/msg/detail/human_pose_vel__type_support.h
[4.685s] -- Installing: /home/wim/Documents/social_momentum_venv/social_momentum_MPPI/install/my_social_nav_interfaces/include/my_social_nav_interfaces/my_social_nav_interfaces/msg/detail/human_array__type_support.h
[4.685s] -- Installing: /home/wim/Documents/social_momentum_venv/social_momentum_MPPI/install/my_social_nav_interfaces/include/my_social_nav_interfaces/my_social_nav_interfaces/msg/human_pose_vel.h
[4.685s] -- Installing: /home/wim/Documents/social_momentum_venv/social_momentum_MPPI/install/my_social_nav_interfaces/include/my_social_nav_interfaces/my_social_nav_interfaces/msg/human_array.h
[4.685s] -- Installing: /home/wim/Documents/social_momentum_venv/social_momentum_MPPI/install/my_social_nav_interfaces/share/my_social_nav_interfaces/environment/library_path.sh
[4.685s] -- Installing: /home/wim/Documents/social_momentum_venv/social_momentum_MPPI/install/my_social_nav_interfaces/share/my_social_nav_interfaces/environment/library_path.dsv
[4.685s] -- Installing: /home/wim/Documents/social_momentum_venv/social_momentum_MPPI/install/my_social_nav_interfaces/lib/libmy_social_nav_interfaces__rosidl_generator_c.so
[4.686s] -- Set runtime path of "/home/wim/Documents/social_momentum_venv/social_momentum_MPPI/install/my_social_nav_interfaces/lib/libmy_social_nav_interfaces__rosidl_generator_c.so" to ""
[4.686s] -- Up-to-date: /home/wim/Documents/social_momentum_venv/social_momentum_MPPI/install/my_social_nav_interfaces/include/my_social_nav_interfaces/my_social_nav_interfaces
[4.686s] -- Up-to-date: /home/wim/Documents/social_momentum_venv/social_momentum_MPPI/install/my_social_nav_interfaces/include/my_social_nav_interfaces/my_social_nav_interfaces/msg
[4.686s] -- Up-to-date: /home/wim/Documents/social_momentum_venv/social_momentum_MPPI/install/my_social_nav_interfaces/include/my_social_nav_interfaces/my_social_nav_interfaces/msg/detail
[4.686s] -- Installing: /home/wim/Documents/social_momentum_venv/social_momentum_MPPI/install/my_social_nav_interfaces/include/my_social_nav_interfaces/my_social_nav_interfaces/msg/detail/human_array__rosidl_typesupport_fastrtps_c.h
[4.686s] -- Installing: /home/wim/Documents/social_momentum_venv/social_momentum_MPPI/install/my_social_nav_interfaces/include/my_social_nav_interfaces/my_social_nav_interfaces/msg/detail/human_pose_vel__rosidl_typesupport_fastrtps_c.h
[4.686s] -- Installing: /home/wim/Documents/social_momentum_venv/social_momentum_MPPI/install/my_social_nav_interfaces/include/my_social_nav_interfaces/my_social_nav_interfaces/msg/rosidl_typesupport_fastrtps_c__visibility_control.h
[4.686s] -- Installing: /home/wim/Documents/social_momentum_venv/social_momentum_MPPI/install/my_social_nav_interfaces/lib/libmy_social_nav_interfaces__rosidl_typesupport_fastrtps_c.so
[4.687s] -- Set runtime path of "/home/wim/Documents/social_momentum_venv/social_momentum_MPPI/install/my_social_nav_interfaces/lib/libmy_social_nav_interfaces__rosidl_typesupport_fastrtps_c.so" to ""
[4.687s] -- Up-to-date: /home/wim/Documents/social_momentum_venv/social_momentum_MPPI/install/my_social_nav_interfaces/include/my_social_nav_interfaces/my_social_nav_interfaces
[4.687s] -- Up-to-date: /home/wim/Documents/social_momentum_venv/social_momentum_MPPI/install/my_social_nav_interfaces/include/my_social_nav_interfaces/my_social_nav_interfaces/msg
[4.687s] -- Installing: /home/wim/Documents/social_momentum_venv/social_momentum_MPPI/install/my_social_nav_interfaces/include/my_social_nav_interfaces/my_social_nav_interfaces/msg/human_pose_vel.hpp
[4.687s] -- Up-to-date: /home/wim/Documents/social_momentum_venv/social_momentum_MPPI/install/my_social_nav_interfaces/include/my_social_nav_interfaces/my_social_nav_interfaces/msg/detail
[4.687s] -- Installing: /home/wim/Documents/social_momentum_venv/social_momentum_MPPI/install/my_social_nav_interfaces/include/my_social_nav_interfaces/my_social_nav_interfaces/msg/detail/human_pose_vel__traits.hpp
[4.687s] -- Installing: /home/wim/Documents/social_momentum_venv/social_momentum_MPPI/install/my_social_nav_interfaces/include/my_social_nav_interfaces/my_social_nav_interfaces/msg/detail/human_array__traits.hpp
[4.687s] -- Installing: /home/wim/Documents/social_momentum_venv/social_momentum_MPPI/install/my_social_nav_interfaces/include/my_social_nav_interfaces/my_social_nav_interfaces/msg/detail/human_pose_vel__struct.hpp
[4.687s] -- Installing: /home/wim/Documents/social_momentum_venv/social_momentum_MPPI/install/my_social_nav_interfaces/include/my_social_nav_interfaces/my_social_nav_interfaces/msg/detail/human_array__builder.hpp
[4.687s] -- Installing: /home/wim/Documents/social_momentum_venv/social_momentum_MPPI/install/my_social_nav_interfaces/include/my_social_nav_interfaces/my_social_nav_interfaces/msg/detail/human_array__type_support.hpp
[4.687s] -- Installing: /home/wim/Documents/social_momentum_venv/social_momentum_MPPI/install/my_social_nav_interfaces/include/my_social_nav_interfaces/my_social_nav_interfaces/msg/detail/human_array__struct.hpp
[4.687s] -- Installing: /home/wim/Documents/social_momentum_venv/social_momentum_MPPI/install/my_social_nav_interfaces/include/my_social_nav_interfaces/my_social_nav_interfaces/msg/detail/human_pose_vel__type_support.hpp
[4.688s] -- Installing: /home/wim/Documents/social_momentum_venv/social_momentum_MPPI/install/my_social_nav_interfaces/include/my_social_nav_interfaces/my_social_nav_interfaces/msg/detail/human_pose_vel__builder.hpp
[4.688s] -- Installing: /home/wim/Documents/social_momentum_venv/social_momentum_MPPI/install/my_social_nav_interfaces/include/my_social_nav_interfaces/my_social_nav_interfaces/msg/human_array.hpp
[4.688s] -- Installing: /home/wim/Documents/social_momentum_venv/social_momentum_MPPI/install/my_social_nav_interfaces/include/my_social_nav_interfaces/my_social_nav_interfaces/msg/rosidl_generator_cpp__visibility_control.hpp
[4.688s] -- Up-to-date: /home/wim/Documents/social_momentum_venv/social_momentum_MPPI/install/my_social_nav_interfaces/include/my_social_nav_interfaces/my_social_nav_interfaces
[4.688s] -- Up-to-date: /home/wim/Documents/social_momentum_venv/social_momentum_MPPI/install/my_social_nav_interfaces/include/my_social_nav_interfaces/my_social_nav_interfaces/msg
[4.688s] -- Up-to-date: /home/wim/Documents/social_momentum_venv/social_momentum_MPPI/install/my_social_nav_interfaces/include/my_social_nav_interfaces/my_social_nav_interfaces/msg/detail
[4.688s] -- Installing: /home/wim/Documents/social_momentum_venv/social_momentum_MPPI/install/my_social_nav_interfaces/include/my_social_nav_interfaces/my_social_nav_interfaces/msg/detail/human_pose_vel__rosidl_typesupport_fastrtps_cpp.hpp
[4.688s] -- Installing: /home/wim/Documents/social_momentum_venv/social_momentum_MPPI/install/my_social_nav_interfaces/include/my_social_nav_interfaces/my_social_nav_interfaces/msg/detail/human_array__rosidl_typesupport_fastrtps_cpp.hpp
[4.688s] -- Installing: /home/wim/Documents/social_momentum_venv/social_momentum_MPPI/install/my_social_nav_interfaces/include/my_social_nav_interfaces/my_social_nav_interfaces/msg/detail/dds_fastrtps
[4.688s] -- Installing: /home/wim/Documents/social_momentum_venv/social_momentum_MPPI/install/my_social_nav_interfaces/include/my_social_nav_interfaces/my_social_nav_interfaces/msg/rosidl_typesupport_fastrtps_cpp__visibility_control.h
[4.688s] -- Installing: /home/wim/Documents/social_momentum_venv/social_momentum_MPPI/install/my_social_nav_interfaces/lib/libmy_social_nav_interfaces__rosidl_typesupport_fastrtps_cpp.so
[4.689s] -- Set runtime path of "/home/wim/Documents/social_momentum_venv/social_momentum_MPPI/install/my_social_nav_interfaces/lib/libmy_social_nav_interfaces__rosidl_typesupport_fastrtps_cpp.so" to ""
[4.689s] -- Up-to-date: /home/wim/Documents/social_momentum_venv/social_momentum_MPPI/install/my_social_nav_interfaces/include/my_social_nav_interfaces/my_social_nav_interfaces
[4.689s] -- Up-to-date: /home/wim/Documents/social_momentum_venv/social_momentum_MPPI/install/my_social_nav_interfaces/include/my_social_nav_interfaces/my_social_nav_interfaces/msg
[4.689s] -- Installing: /home/wim/Documents/social_momentum_venv/social_momentum_MPPI/install/my_social_nav_interfaces/include/my_social_nav_interfaces/my_social_nav_interfaces/msg/rosidl_typesupport_introspection_c__visibility_control.h
[4.689s] -- Up-to-date: /home/wim/Documents/social_momentum_venv/social_momentum_MPPI/install/my_social_nav_interfaces/include/my_social_nav_interfaces/my_social_nav_interfaces/msg/detail
[4.689s] -- Installing: /home/wim/Documents/social_momentum_venv/social_momentum_MPPI/install/my_social_nav_interfaces/include/my_social_nav_interfaces/my_social_nav_interfaces/msg/detail/human_array__rosidl_typesupport_introspection_c.h
[4.689s] -- Installing: /home/wim/Documents/social_momentum_venv/social_momentum_MPPI/install/my_social_nav_interfaces/include/my_social_nav_interfaces/my_social_nav_interfaces/msg/detail/human_pose_vel__rosidl_typesupport_introspection_c.h
[4.689s] -- Installing: /home/wim/Documents/social_momentum_venv/social_momentum_MPPI/install/my_social_nav_interfaces/include/my_social_nav_interfaces/my_social_nav_interfaces/msg/detail/human_pose_vel__type_support.c
[4.689s] -- Installing: /home/wim/Documents/social_momentum_venv/social_momentum_MPPI/install/my_social_nav_interfaces/include/my_social_nav_interfaces/my_social_nav_interfaces/msg/detail/human_array__type_support.c
[4.689s] -- Installing: /home/wim/Documents/social_momentum_venv/social_momentum_MPPI/install/my_social_nav_interfaces/lib/libmy_social_nav_interfaces__rosidl_typesupport_introspection_c.so
[4.690s] -- Set runtime path of "/home/wim/Documents/social_momentum_venv/social_momentum_MPPI/install/my_social_nav_interfaces/lib/libmy_social_nav_interfaces__rosidl_typesupport_introspection_c.so" to ""
[4.690s] -- Installing: /home/wim/Documents/social_momentum_venv/social_momentum_MPPI/install/my_social_nav_interfaces/lib/libmy_social_nav_interfaces__rosidl_typesupport_c.so
[4.690s] -- Set runtime path of "/home/wim/Documents/social_momentum_venv/social_momentum_MPPI/install/my_social_nav_interfaces/lib/libmy_social_nav_interfaces__rosidl_typesupport_c.so" to ""
[4.690s] -- Up-to-date: /home/wim/Documents/social_momentum_venv/social_momentum_MPPI/install/my_social_nav_interfaces/include/my_social_nav_interfaces/my_social_nav_interfaces
[4.690s] -- Up-to-date: /home/wim/Documents/social_momentum_venv/social_momentum_MPPI/install/my_social_nav_interfaces/include/my_social_nav_interfaces/my_social_nav_interfaces/msg
[4.690s] -- Up-to-date: /home/wim/Documents/social_momentum_venv/social_momentum_MPPI/install/my_social_nav_interfaces/include/my_social_nav_interfaces/my_social_nav_interfaces/msg/detail
[4.690s] -- Installing: /home/wim/Documents/social_momentum_venv/social_momentum_MPPI/install/my_social_nav_interfaces/include/my_social_nav_interfaces/my_social_nav_interfaces/msg/detail/human_pose_vel__rosidl_typesupport_introspection_cpp.hpp
[4.690s] -- Installing: /home/wim/Documents/social_momentum_venv/social_momentum_MPPI/install/my_social_nav_interfaces/include/my_social_nav_interfaces/my_social_nav_interfaces/msg/detail/human_array__rosidl_typesupport_introspection_cpp.hpp
[4.691s] -- Installing: /home/wim/Documents/social_momentum_venv/social_momentum_MPPI/install/my_social_nav_interfaces/include/my_social_nav_interfaces/my_social_nav_interfaces/msg/detail/human_array__type_support.cpp
[4.691s] -- Installing: /home/wim/Documents/social_momentum_venv/social_momentum_MPPI/install/my_social_nav_interfaces/include/my_social_nav_interfaces/my_social_nav_interfaces/msg/detail/human_pose_vel__type_support.cpp
[4.691s] -- Installing: /home/wim/Documents/social_momentum_venv/social_momentum_MPPI/install/my_social_nav_interfaces/lib/libmy_social_nav_interfaces__rosidl_typesupport_introspection_cpp.so
[4.691s] -- Set runtime path of "/home/wim/Documents/social_momentum_venv/social_momentum_MPPI/install/my_social_nav_interfaces/lib/libmy_social_nav_interfaces__rosidl_typesupport_introspection_cpp.so" to ""
[4.691s] -- Installing: /home/wim/Documents/social_momentum_venv/social_momentum_MPPI/install/my_social_nav_interfaces/lib/libmy_social_nav_interfaces__rosidl_typesupport_cpp.so
[4.691s] -- Set runtime path of "/home/wim/Documents/social_momentum_venv/social_momentum_MPPI/install/my_social_nav_interfaces/lib/libmy_social_nav_interfaces__rosidl_typesupport_cpp.so" to ""
[4.691s] -- Installing: /home/wim/Documents/social_momentum_venv/social_momentum_MPPI/install/my_social_nav_interfaces/share/my_social_nav_interfaces/environment/pythonpath.sh
[4.692s] -- Installing: /home/wim/Documents/social_momentum_venv/social_momentum_MPPI/install/my_social_nav_interfaces/share/my_social_nav_interfaces/environment/pythonpath.dsv
[4.692s] -- Installing: /home/wim/Documents/social_momentum_venv/social_momentum_MPPI/install/my_social_nav_interfaces/local/lib/python3.10/dist-packages/my_social_nav_interfaces-0.0.0-py3.10.egg-info
[4.692s] -- Installing: /home/wim/Documents/social_momentum_venv/social_momentum_MPPI/install/my_social_nav_interfaces/local/lib/python3.10/dist-packages/my_social_nav_interfaces-0.0.0-py3.10.egg-info/dependency_links.txt
[4.692s] -- Installing: /home/wim/Documents/social_momentum_venv/social_momentum_MPPI/install/my_social_nav_interfaces/local/lib/python3.10/dist-packages/my_social_nav_interfaces-0.0.0-py3.10.egg-info/top_level.txt
[4.692s] -- Installing: /home/wim/Documents/social_momentum_venv/social_momentum_MPPI/install/my_social_nav_interfaces/local/lib/python3.10/dist-packages/my_social_nav_interfaces-0.0.0-py3.10.egg-info/SOURCES.txt
[4.692s] -- Installing: /home/wim/Documents/social_momentum_venv/social_momentum_MPPI/install/my_social_nav_interfaces/local/lib/python3.10/dist-packages/my_social_nav_interfaces-0.0.0-py3.10.egg-info/PKG-INFO
[4.692s] -- Installing: /home/wim/Documents/social_momentum_venv/social_momentum_MPPI/install/my_social_nav_interfaces/local/lib/python3.10/dist-packages/my_social_nav_interfaces
[4.692s] -- Installing: /home/wim/Documents/social_momentum_venv/social_momentum_MPPI/install/my_social_nav_interfaces/local/lib/python3.10/dist-packages/my_social_nav_interfaces/libmy_social_nav_interfaces__rosidl_generator_py.so
[4.692s] -- Installing: /home/wim/Documents/social_momentum_venv/social_momentum_MPPI/install/my_social_nav_interfaces/local/lib/python3.10/dist-packages/my_social_nav_interfaces/my_social_nav_interfaces_s__rosidl_typesupport_c.cpython-310-x86_64-linux-gnu.so
[4.693s] -- Installing: /home/wim/Documents/social_momentum_venv/social_momentum_MPPI/install/my_social_nav_interfaces/local/lib/python3.10/dist-packages/my_social_nav_interfaces/my_social_nav_interfaces_s__rosidl_typesupport_fastrtps_c.cpython-310-x86_64-linux-gnu.so
[4.693s] -- Installing: /home/wim/Documents/social_momentum_venv/social_momentum_MPPI/install/my_social_nav_interfaces/local/lib/python3.10/dist-packages/my_social_nav_interfaces/_my_social_nav_interfaces_s.ep.rosidl_typesupport_fastrtps_c.c
[4.693s] -- Installing: /home/wim/Documents/social_momentum_venv/social_momentum_MPPI/install/my_social_nav_interfaces/local/lib/python3.10/dist-packages/my_social_nav_interfaces/_my_social_nav_interfaces_s.ep.rosidl_typesupport_c.c
[4.693s] -- Installing: /home/wim/Documents/social_momentum_venv/social_momentum_MPPI/install/my_social_nav_interfaces/local/lib/python3.10/dist-packages/my_social_nav_interfaces/my_social_nav_interfaces_s__rosidl_typesupport_introspection_c.cpython-310-x86_64-linux-gnu.so
[4.693s] -- Installing: /home/wim/Documents/social_momentum_venv/social_momentum_MPPI/install/my_social_nav_interfaces/local/lib/python3.10/dist-packages/my_social_nav_interfaces/__init__.py
[4.693s] -- Installing: /home/wim/Documents/social_momentum_venv/social_momentum_MPPI/install/my_social_nav_interfaces/local/lib/python3.10/dist-packages/my_social_nav_interfaces/_my_social_nav_interfaces_s.ep.rosidl_typesupport_introspection_c.c
[4.693s] -- Installing: /home/wim/Documents/social_momentum_venv/social_momentum_MPPI/install/my_social_nav_interfaces/local/lib/python3.10/dist-packages/my_social_nav_interfaces/msg
[4.693s] -- Installing: /home/wim/Documents/social_momentum_venv/social_momentum_MPPI/install/my_social_nav_interfaces/local/lib/python3.10/dist-packages/my_social_nav_interfaces/msg/_human_pose_vel_s.c
[4.693s] -- Installing: /home/wim/Documents/social_momentum_venv/social_momentum_MPPI/install/my_social_nav_interfaces/local/lib/python3.10/dist-packages/my_social_nav_interfaces/msg/_human_array.py
[4.693s] -- Installing: /home/wim/Documents/social_momentum_venv/social_momentum_MPPI/install/my_social_nav_interfaces/local/lib/python3.10/dist-packages/my_social_nav_interfaces/msg/_human_pose_vel.py
[4.694s] -- Installing: /home/wim/Documents/social_momentum_venv/social_momentum_MPPI/install/my_social_nav_interfaces/local/lib/python3.10/dist-packages/my_social_nav_interfaces/msg/_human_array_s.c
[4.694s] -- Installing: /home/wim/Documents/social_momentum_venv/social_momentum_MPPI/install/my_social_nav_interfaces/local/lib/python3.10/dist-packages/my_social_nav_interfaces/msg/__init__.py
[4.735s] Listing '/home/wim/Documents/social_momentum_venv/social_momentum_MPPI/install/my_social_nav_interfaces/local/lib/python3.10/dist-packages/my_social_nav_interfaces'...
[4.735s] Compiling '/home/wim/Documents/social_momentum_venv/social_momentum_MPPI/install/my_social_nav_interfaces/local/lib/python3.10/dist-packages/my_social_nav_interfaces/__init__.py'...
[4.735s] Listing '/home/wim/Documents/social_momentum_venv/social_momentum_MPPI/install/my_social_nav_interfaces/local/lib/python3.10/dist-packages/my_social_nav_interfaces/msg'...
[4.735s] Compiling '/home/wim/Documents/social_momentum_venv/social_momentum_MPPI/install/my_social_nav_interfaces/local/lib/python3.10/dist-packages/my_social_nav_interfaces/msg/__init__.py'...
[4.735s] Compiling '/home/wim/Documents/social_momentum_venv/social_momentum_MPPI/install/my_social_nav_interfaces/local/lib/python3.10/dist-packages/my_social_nav_interfaces/msg/_human_array.py'...
[4.735s] Compiling '/home/wim/Documents/social_momentum_venv/social_momentum_MPPI/install/my_social_nav_interfaces/local/lib/python3.10/dist-packages/my_social_nav_interfaces/msg/_human_pose_vel.py'...
[4.740s] -- Installing: /home/wim/Documents/social_momentum_venv/social_momentum_MPPI/install/my_social_nav_interfaces/local/lib/python3.10/dist-packages/my_social_nav_interfaces/my_social_nav_interfaces_s__rosidl_typesupport_fastrtps_c.cpython-310-x86_64-linux-gnu.so
[4.740s] -- Set runtime path of "/home/wim/Documents/social_momentum_venv/social_momentum_MPPI/install/my_social_nav_interfaces/local/lib/python3.10/dist-packages/my_social_nav_interfaces/my_social_nav_interfaces_s__rosidl_typesupport_fastrtps_c.cpython-310-x86_64-linux-gnu.so" to ""
[4.740s] -- Installing: /home/wim/Documents/social_momentum_venv/social_momentum_MPPI/install/my_social_nav_interfaces/local/lib/python3.10/dist-packages/my_social_nav_interfaces/my_social_nav_interfaces_s__rosidl_typesupport_introspection_c.cpython-310-x86_64-linux-gnu.so
[4.741s] -- Set runtime path of "/home/wim/Documents/social_momentum_venv/social_momentum_MPPI/install/my_social_nav_interfaces/local/lib/python3.10/dist-packages/my_social_nav_interfaces/my_social_nav_interfaces_s__rosidl_typesupport_introspection_c.cpython-310-x86_64-linux-gnu.so" to ""
[4.741s] -- Installing: /home/wim/Documents/social_momentum_venv/social_momentum_MPPI/install/my_social_nav_interfaces/local/lib/python3.10/dist-packages/my_social_nav_interfaces/my_social_nav_interfaces_s__rosidl_typesupport_c.cpython-310-x86_64-linux-gnu.so
[4.742s] -- Set runtime path of "/home/wim/Documents/social_momentum_venv/social_momentum_MPPI/install/my_social_nav_interfaces/local/lib/python3.10/dist-packages/my_social_nav_interfaces/my_social_nav_interfaces_s__rosidl_typesupport_c.cpython-310-x86_64-linux-gnu.so" to ""
[4.742s] -- Installing: /home/wim/Documents/social_momentum_venv/social_momentum_MPPI/install/my_social_nav_interfaces/lib/libmy_social_nav_interfaces__rosidl_generator_py.so
[4.742s] -- Set runtime path of "/home/wim/Documents/social_momentum_venv/social_momentum_MPPI/install/my_social_nav_interfaces/lib/libmy_social_nav_interfaces__rosidl_generator_py.so" to ""
[4.743s] -- Installing: /home/wim/Documents/social_momentum_venv/social_momentum_MPPI/install/my_social_nav_interfaces/share/my_social_nav_interfaces/msg/HumanArray.idl
[4.743s] -- Installing: /home/wim/Documents/social_momentum_venv/social_momentum_MPPI/install/my_social_nav_interfaces/share/my_social_nav_interfaces/msg/HumanPoseVel.idl
[4.746s] -- Installing: /home/wim/Documents/social_momentum_venv/social_momentum_MPPI/install/my_social_nav_interfaces/share/my_social_nav_interfaces/msg/HumanArray.msg
[4.746s] -- Installing: /home/wim/Documents/social_momentum_venv/social_momentum_MPPI/install/my_social_nav_interfaces/share/my_social_nav_interfaces/msg/HumanPoseVel.msg
[4.746s] -- Installing: /home/wim/Documents/social_momentum_venv/social_momentum_MPPI/install/my_social_nav_interfaces/share/ament_index/resource_index/package_run_dependencies/my_social_nav_interfaces
[4.746s] -- Installing: /home/wim/Documents/social_momentum_venv/social_momentum_MPPI/install/my_social_nav_interfaces/share/ament_index/resource_index/parent_prefix_path/my_social_nav_interfaces
[4.746s] -- Installing: /home/wim/Documents/social_momentum_venv/social_momentum_MPPI/install/my_social_nav_interfaces/share/my_social_nav_interfaces/environment/ament_prefix_path.sh
[4.746s] -- Installing: /home/wim/Documents/social_momentum_venv/social_momentum_MPPI/install/my_social_nav_interfaces/share/my_social_nav_interfaces/environment/ament_prefix_path.dsv
[4.746s] -- Installing: /home/wim/Documents/social_momentum_venv/social_momentum_MPPI/install/my_social_nav_interfaces/share/my_social_nav_interfaces/environment/path.sh
[4.746s] -- Installing: /home/wim/Documents/social_momentum_venv/social_momentum_MPPI/install/my_social_nav_interfaces/share/my_social_nav_interfaces/environment/path.dsv
[4.746s] -- Installing: /home/wim/Documents/social_momentum_venv/social_momentum_MPPI/install/my_social_nav_interfaces/share/my_social_nav_interfaces/local_setup.bash
[4.746s] -- Installing: /home/wim/Documents/social_momentum_venv/social_momentum_MPPI/install/my_social_nav_interfaces/share/my_social_nav_interfaces/local_setup.sh
[4.746s] -- Installing: /home/wim/Documents/social_momentum_venv/social_momentum_MPPI/install/my_social_nav_interfaces/share/my_social_nav_interfaces/local_setup.zsh
[4.746s] -- Installing: /home/wim/Documents/social_momentum_venv/social_momentum_MPPI/install/my_social_nav_interfaces/share/my_social_nav_interfaces/local_setup.dsv
[4.746s] -- Installing: /home/wim/Documents/social_momentum_venv/social_momentum_MPPI/install/my_social_nav_interfaces/share/my_social_nav_interfaces/package.dsv
[4.746s] -- Installing: /home/wim/Documents/social_momentum_venv/social_momentum_MPPI/install/my_social_nav_interfaces/share/ament_index/resource_index/packages/my_social_nav_interfaces
[4.746s] -- Installing: /home/wim/Documents/social_momentum_venv/social_momentum_MPPI/install/my_social_nav_interfaces/share/my_social_nav_interfaces/cmake/export_my_social_nav_interfaces__rosidl_generator_cExport.cmake
[4.747s] -- Installing: /home/wim/Documents/social_momentum_venv/social_momentum_MPPI/install/my_social_nav_interfaces/share/my_social_nav_interfaces/cmake/export_my_social_nav_interfaces__rosidl_generator_cExport-noconfig.cmake
[4.747s] -- Installing: /home/wim/Documents/social_momentum_venv/social_momentum_MPPI/install/my_social_nav_interfaces/share/my_social_nav_interfaces/cmake/export_my_social_nav_interfaces__rosidl_typesupport_fastrtps_cExport.cmake
[4.747s] -- Installing: /home/wim/Documents/social_momentum_venv/social_momentum_MPPI/install/my_social_nav_interfaces/share/my_social_nav_interfaces/cmake/export_my_social_nav_interfaces__rosidl_typesupport_fastrtps_cExport-noconfig.cmake
[4.747s] -- Installing: /home/wim/Documents/social_momentum_venv/social_momentum_MPPI/install/my_social_nav_interfaces/share/my_social_nav_interfaces/cmake/export_my_social_nav_interfaces__rosidl_generator_cppExport.cmake
[4.747s] -- Installing: /home/wim/Documents/social_momentum_venv/social_momentum_MPPI/install/my_social_nav_interfaces/share/my_social_nav_interfaces/cmake/export_my_social_nav_interfaces__rosidl_typesupport_fastrtps_cppExport.cmake
[4.747s] -- Installing: /home/wim/Documents/social_momentum_venv/social_momentum_MPPI/install/my_social_nav_interfaces/share/my_social_nav_interfaces/cmake/export_my_social_nav_interfaces__rosidl_typesupport_fastrtps_cppExport-noconfig.cmake
[4.747s] -- Installing: /home/wim/Documents/social_momentum_venv/social_momentum_MPPI/install/my_social_nav_interfaces/share/my_social_nav_interfaces/cmake/my_social_nav_interfaces__rosidl_typesupport_introspection_cExport.cmake
[4.747s] -- Installing: /home/wim/Documents/social_momentum_venv/social_momentum_MPPI/install/my_social_nav_interfaces/share/my_social_nav_interfaces/cmake/my_social_nav_interfaces__rosidl_typesupport_introspection_cExport-noconfig.cmake
[4.747s] -- Installing: /home/wim/Documents/social_momentum_venv/social_momentum_MPPI/install/my_social_nav_interfaces/share/my_social_nav_interfaces/cmake/my_social_nav_interfaces__rosidl_typesupport_cExport.cmake
[4.748s] -- Installing: /home/wim/Documents/social_momentum_venv/social_momentum_MPPI/install/my_social_nav_interfaces/share/my_social_nav_interfaces/cmake/my_social_nav_interfaces__rosidl_typesupport_cExport-noconfig.cmake
[4.748s] -- Installing: /home/wim/Documents/social_momentum_venv/social_momentum_MPPI/install/my_social_nav_interfaces/share/my_social_nav_interfaces/cmake/my_social_nav_interfaces__rosidl_typesupport_introspection_cppExport.cmake
[4.748s] -- Installing: /home/wim/Documents/social_momentum_venv/social_momentum_MPPI/install/my_social_nav_interfaces/share/my_social_nav_interfaces/cmake/my_social_nav_interfaces__rosidl_typesupport_introspection_cppExport-noconfig.cmake
[4.748s] -- Installing: /home/wim/Documents/social_momentum_venv/social_momentum_MPPI/install/my_social_nav_interfaces/share/my_social_nav_interfaces/cmake/my_social_nav_interfaces__rosidl_typesupport_cppExport.cmake
[4.748s] -- Installing: /home/wim/Documents/social_momentum_venv/social_momentum_MPPI/install/my_social_nav_interfaces/share/my_social_nav_interfaces/cmake/my_social_nav_interfaces__rosidl_typesupport_cppExport-noconfig.cmake
[4.748s] -- Installing: /home/wim/Documents/social_momentum_venv/social_momentum_MPPI/install/my_social_nav_interfaces/share/my_social_nav_interfaces/cmake/export_my_social_nav_interfaces__rosidl_generator_pyExport.cmake
[4.748s] -- Installing: /home/wim/Documents/social_momentum_venv/social_momentum_MPPI/install/my_social_nav_interfaces/share/my_social_nav_interfaces/cmake/export_my_social_nav_interfaces__rosidl_generator_pyExport-noconfig.cmake
[4.749s] -- Installing: /home/wim/Documents/social_momentum_venv/social_momentum_MPPI/install/my_social_nav_interfaces/share/my_social_nav_interfaces/cmake/rosidl_cmake-extras.cmake
[4.749s] -- Installing: /home/wim/Documents/social_momentum_venv/social_momentum_MPPI/install/my_social_nav_interfaces/share/my_social_nav_interfaces/cmake/ament_cmake_export_dependencies-extras.cmake
[4.749s] -- Installing: /home/wim/Documents/social_momentum_venv/social_momentum_MPPI/install/my_social_nav_interfaces/share/my_social_nav_interfaces/cmake/ament_cmake_export_include_directories-extras.cmake
[4.749s] -- Installing: /home/wim/Documents/social_momentum_venv/social_momentum_MPPI/install/my_social_nav_interfaces/share/my_social_nav_interfaces/cmake/ament_cmake_export_libraries-extras.cmake
[4.749s] -- Installing: /home/wim/Documents/social_momentum_venv/social_momentum_MPPI/install/my_social_nav_interfaces/share/my_social_nav_interfaces/cmake/ament_cmake_export_targets-extras.cmake
[4.749s] -- Installing: /home/wim/Documents/social_momentum_venv/social_momentum_MPPI/install/my_social_nav_interfaces/share/my_social_nav_interfaces/cmake/rosidl_cmake_export_typesupport_targets-extras.cmake
[4.749s] -- Installing: /home/wim/Documents/social_momentum_venv/social_momentum_MPPI/install/my_social_nav_interfaces/share/my_social_nav_interfaces/cmake/rosidl_cmake_export_typesupport_libraries-extras.cmake
[4.749s] -- Installing: /home/wim/Documents/social_momentum_venv/social_momentum_MPPI/install/my_social_nav_interfaces/share/my_social_nav_interfaces/cmake/my_social_nav_interfacesConfig.cmake
[4.750s] -- Installing: /home/wim/Documents/social_momentum_venv/social_momentum_MPPI/install/my_social_nav_interfaces/share/my_social_nav_interfaces/cmake/my_social_nav_interfacesConfig-version.cmake
[4.750s] -- Installing: /home/wim/Documents/social_momentum_venv/social_momentum_MPPI/install/my_social_nav_interfaces/share/my_social_nav_interfaces/package.xml
[4.752s] Invoked command in '/home/wim/Documents/social_momentum_venv/social_momentum_MPPI/build/my_social_nav_interfaces' returned '0': CMAKE_PREFIX_PATH=${CMAKE_PREFIX_PATH}:/home/wim/tiago_public_ws/install/launch_pal:/opt/ros/humble /usr/bin/cmake --install /home/wim/Documents/social_momentum_venv/social_momentum_MPPI/build/my_social_nav_interfaces
