[1.173s] Invoking command in '/home/wim/Documents/social_momentum_venv/social_momentum_MPPI/src/tiago_social_scenarios': PYTHONPATH=/home/wim/Documents/social_momentum_venv/social_momentum_MPPI/build/tiago_social_scenarios/prefix_override:/usr/lib/python3/dist-packages/colcon_core/task/python/colcon_distutils_commands:/home/wim/Documents/social_momentum_venv/social_momentum_MPPI/install/tiago_social_scenarios/lib/python3.10/site-packages:${PYTHONPATH} /usr/bin/python3 -W ignore:setup.py install is deprecated -W ignore:easy_install command is deprecated setup.py egg_info --egg-base ../../build/tiago_social_scenarios build --build-base /home/wim/Documents/social_momentum_venv/social_momentum_MPPI/build/tiago_social_scenarios/build install --record /home/wim/Documents/social_momentum_venv/social_momentum_MPPI/build/tiago_social_scenarios/install.log --single-version-externally-managed install_data
[1.486s] running egg_info
[1.487s] writing ../../build/tiago_social_scenarios/tiago_social_scenarios.egg-info/PKG-INFO
[1.487s] writing dependency_links to ../../build/tiago_social_scenarios/tiago_social_scenarios.egg-info/dependency_links.txt
[1.487s] writing entry points to ../../build/tiago_social_scenarios/tiago_social_scenarios.egg-info/entry_points.txt
[1.487s] writing requirements to ../../build/tiago_social_scenarios/tiago_social_scenarios.egg-info/requires.txt
[1.487s] writing top-level names to ../../build/tiago_social_scenarios/tiago_social_scenarios.egg-info/top_level.txt
[1.489s] reading manifest file '../../build/tiago_social_scenarios/tiago_social_scenarios.egg-info/SOURCES.txt'
[1.490s] writing manifest file '../../build/tiago_social_scenarios/tiago_social_scenarios.egg-info/SOURCES.txt'
[1.491s] running build
[1.491s] running build_py
[1.491s] running install
[1.491s] running install_lib
[1.492s] running install_data
[1.493s] running install_egg_info
[1.494s] removing '/home/wim/Documents/social_momentum_venv/social_momentum_MPPI/install/tiago_social_scenarios/lib/python3.10/site-packages/tiago_social_scenarios-0.0.1-py3.10.egg-info' (and everything under it)
[1.495s] Copying ../../build/tiago_social_scenarios/tiago_social_scenarios.egg-info to /home/wim/Documents/social_momentum_venv/social_momentum_MPPI/install/tiago_social_scenarios/lib/python3.10/site-packages/tiago_social_scenarios-0.0.1-py3.10.egg-info
[1.496s] running install_scripts
[1.516s] Installing gazebo_human_controller script to /home/wim/Documents/social_momentum_venv/social_momentum_MPPI/install/tiago_social_scenarios/lib/tiago_social_scenarios
[1.517s] writing list of installed files to '/home/wim/Documents/social_momentum_venv/social_momentum_MPPI/build/tiago_social_scenarios/install.log'
[1.562s] Invoked command in '/home/wim/Documents/social_momentum_venv/social_momentum_MPPI/src/tiago_social_scenarios' returned '0': PYTHONPATH=/home/wim/Documents/social_momentum_venv/social_momentum_MPPI/build/tiago_social_scenarios/prefix_override:/usr/lib/python3/dist-packages/colcon_core/task/python/colcon_distutils_commands:/home/wim/Documents/social_momentum_venv/social_momentum_MPPI/install/tiago_social_scenarios/lib/python3.10/site-packages:${PYTHONPATH} /usr/bin/python3 -W ignore:setup.py install is deprecated -W ignore:easy_install command is deprecated setup.py egg_info --egg-base ../../build/tiago_social_scenarios build --build-base /home/wim/Documents/social_momentum_venv/social_momentum_MPPI/build/tiago_social_scenarios/build install --record /home/wim/Documents/social_momentum_venv/social_momentum_MPPI/build/tiago_social_scenarios/install.log --single-version-externally-managed install_data
