[0.013s] Invoking command in '/home/wim/Documents/social_momentum_venv/social_momentum_MPPI/build/follower_plugin': CMAKE_PREFIX_PATH=${CMAKE_PREFIX_PATH}:/home/wim/tiago_public_ws/install/launch_pal:/opt/ros/humble /usr/bin/cmake /home/wim/Documents/social_momentum_venv/social_momentum_MPPI/src/follower_plugin -DCMAKE_INSTALL_PREFIX=/home/wim/Documents/social_momentum_venv/social_momentum_MPPI/install/follower_plugin
[0.073s] -- The C compiler identification is GNU 11.4.0
[0.129s] -- The CXX compiler identification is GNU 11.4.0
[0.139s] -- Detecting C compiler ABI info
[0.201s] -- Detecting C compiler ABI info - done
[0.209s] -- Check for working C compiler: /usr/bin/cc - skipped
[0.209s] -- Detecting C compile features
[0.210s] -- Detecting C compile features - done
[0.213s] -- Detecting CXX compiler ABI info
[0.284s] -- Detecting CXX compiler ABI info - done
[0.298s] -- Check for working CXX compiler: /usr/bin/c++ - skipped
[0.298s] -- Detecting CXX compile features
[0.299s] -- Detecting CXX compile features - done
[0.308s] -- Found ament_cmake: 1.3.11 (/opt/ros/humble/share/ament_cmake/cmake)
[0.468s] -- Found Python3: /usr/bin/python3 (found version "3.10.12") found components: Interpreter 
[0.585s] -- Found rclcpp: 16.0.12 (/opt/ros/humble/share/rclcpp/cmake)
[0.651s] -- Found rosidl_generator_c: 3.1.6 (/opt/ros/humble/share/rosidl_generator_c/cmake)
[0.660s] -- Found rosidl_adapter: 3.1.6 (/opt/ros/humble/share/rosidl_adapter/cmake)
[0.672s] -- Found rosidl_generator_cpp: 3.1.6 (/opt/ros/humble/share/rosidl_generator_cpp/cmake)
[0.689s] -- Using all available rosidl_typesupport_c: rosidl_typesupport_fastrtps_c;rosidl_typesupport_introspection_c
[0.712s] -- Using all available rosidl_typesupport_cpp: rosidl_typesupport_fastrtps_cpp;rosidl_typesupport_introspection_cpp
[0.777s] -- Found rmw_implementation_cmake: 6.1.2 (/opt/ros/humble/share/rmw_implementation_cmake/cmake)
[0.782s] -- Found rmw_fastrtps_cpp: 6.2.7 (/opt/ros/humble/share/rmw_fastrtps_cpp/cmake)
[0.876s] -- Found OpenSSL: /usr/lib/x86_64-linux-gnu/libcrypto.so (found version "3.0.2")  
[0.908s] -- Found FastRTPS: /opt/ros/humble/include  
[0.953s] -- Using RMW implementation 'rmw_fastrtps_cpp' as default
[0.967s] -- Looking for pthread.h
[1.027s] -- Looking for pthread.h - found
[1.028s] -- Performing Test CMAKE_HAVE_LIBC_PTHREAD
[1.087s] -- Performing Test CMAKE_HAVE_LIBC_PTHREAD - Success
[1.088s] -- Found Threads: TRUE  
[1.154s] -- Found gazebo_ros: 3.9.0 (/opt/ros/humble/share/gazebo_ros/cmake)
[1.168s] -- Found PkgConfig: /usr/bin/pkg-config (found version "0.29.2") 
[1.168s] -- Checking for module 'bullet>=2.82'
[1.180s] --   Found bullet, version 3.05
[1.272s] -- Found fcl: /usr/include (found suitable version "0.7.0", minimum required is "0.5.0") 
[1.311s] -- Found assimp: /usr/include (found version "5.2.0") 
[1.339s] -- Found DART: /usr/include (Required is at least version "6.6") found components: dart 
[1.380s] -- Found Boost: /usr/lib/x86_64-linux-gnu/cmake/Boost-1.74.0/BoostConfig.cmake (found suitable version "1.74.0", minimum required is "1.40.0") found components: thread system filesystem program_options regex iostreams date_time 
[1.395s] -- Found Protobuf: /usr/lib/x86_64-linux-gnu/libprotobuf.so (found version "3.12.4") 
[1.404s] -- Looking for ignition-math6 -- found version 6.15.1
[1.411s] -- Searching for dependencies of ignition-math6
[1.412s] -- Looking for OGRE...
[1.413s] -- OGRE_PREFIX_WATCH changed.
[1.417s] -- Checking for module 'OGRE'
[1.429s] --   Found OGRE, version 1.9.0
[1.453s] -- Found Ogre Ghadamon (1.9.0)
[1.462s] -- Found OGRE: optimized;/usr/lib/x86_64-linux-gnu/libOgreMain.so;debug;/usr/lib/x86_64-linux-gnu/libOgreMain.so
[1.471s] -- Looking for OGRE_Paging...
[1.479s] -- Found OGRE_Paging: optimized;/usr/lib/x86_64-linux-gnu/libOgrePaging.so;debug;/usr/lib/x86_64-linux-gnu/libOgrePaging.so
[1.479s] -- Looking for OGRE_Terrain...
[1.486s] -- Found OGRE_Terrain: optimized;/usr/lib/x86_64-linux-gnu/libOgreTerrain.so;debug;/usr/lib/x86_64-linux-gnu/libOgreTerrain.so
[1.486s] -- Looking for OGRE_Property...
[1.493s] -- Found OGRE_Property: optimized;/usr/lib/x86_64-linux-gnu/libOgreProperty.so;debug;/usr/lib/x86_64-linux-gnu/libOgreProperty.so
[1.493s] -- Looking for OGRE_RTShaderSystem...
[1.501s] -- Found OGRE_RTShaderSystem: optimized;/usr/lib/x86_64-linux-gnu/libOgreRTShaderSystem.so;debug;/usr/lib/x86_64-linux-gnu/libOgreRTShaderSystem.so
[1.501s] -- Looking for OGRE_Volume...
[1.508s] -- Found OGRE_Volume: optimized;/usr/lib/x86_64-linux-gnu/libOgreVolume.so;debug;/usr/lib/x86_64-linux-gnu/libOgreVolume.so
[1.509s] -- Looking for OGRE_Overlay...
[1.516s] -- Found OGRE_Overlay: optimized;/usr/lib/x86_64-linux-gnu/libOgreOverlay.so;debug;/usr/lib/x86_64-linux-gnu/libOgreOverlay.so
[1.689s] -- Looking for ignition-math6 -- found version 6.15.1
[1.693s] -- Looking for ignition-transport8 -- found version 8.2.1
[1.694s] -- Searching for dependencies of ignition-transport8
[1.712s] -- Found Protobuf: /usr/lib/x86_64-linux-gnu/libprotobuf.so (found suitable version "3.12.4", minimum required is "3") 
[1.724s] -- Config-file not installed for ZeroMQ -- checking for pkg-config
[1.728s] -- Checking for module 'libzmq >= 4'
[1.743s] --   Found libzmq , version 4.3.4
[1.769s] -- Found ZeroMQ: TRUE (Required is at least version "4") 
[1.774s] -- Checking for module 'uuid'
[1.785s] --   Found uuid, version 2.37.2
[1.814s] -- Found UUID: TRUE  
[1.818s] -- Looking for ignition-msgs5 -- found version 5.8.1
[1.818s] -- Searching for dependencies of ignition-msgs5
[1.837s] -- Looking for ignition-math6 -- found version 6.15.1
[1.841s] -- Checking for module 'tinyxml2'
[1.854s] --   Found tinyxml2, version 9.0.0
[1.894s] -- Looking for ignition-msgs5 -- found version 5.8.1
[1.900s] -- Looking for ignition-common3 -- found version 3.14.0
[1.901s] -- Searching for dependencies of ignition-common3
[1.901s] -- Looking for dlfcn.h - found
[1.902s] -- Looking for libdl - found
[1.904s] -- Found DL: TRUE  
[1.919s] -- Found tinyobjloader: /usr/lib/x86_64-linux-gnu/cmake/tinyobjloader/tinyobjloader-config.cmake (found version "2.0.0") 
[1.919s] -- Searching for <ignition-common3> component [graphics]
[1.923s] -- Looking for ignition-common3-graphics -- found version 3.14.0
[1.924s] -- Searching for dependencies of ignition-common3-graphics
[1.924s] -- Looking for ignition-math6 -- found version 6.15.1
[1.929s] -- Looking for ignition-fuel_tools4 -- found version 4.4.0
[1.930s] -- Searching for dependencies of ignition-fuel_tools4
[2.016s] -- Found CURL: /usr/lib/x86_64-linux-gnu/libcurl.so (found version "7.81.0")  
[2.031s] -- Checking for module 'jsoncpp'
[2.047s] --   Found jsoncpp, version 1.9.5
[2.075s] -- Found JSONCPP: TRUE  
[2.080s] -- Checking for module 'libzip'
[2.094s] --   Found libzip, version 1.7.3
[2.121s] -- Found ZIP: TRUE  
[2.121s] -- Looking for ignition-common3 -- found version 3.14.0
[2.122s] -- Looking for ignition-math6 -- found version 6.15.1
[2.122s] -- Looking for ignition-msgs5 -- found version 5.8.1
[2.132s] -- Gazebo version: 11.10
[2.133s] -- Checking for module 'tbb'
[2.146s] --   Found tbb, version 2021.5.0
[2.178s] -- Found gazebo_msgs: 3.9.0 (/opt/ros/humble/share/gazebo_msgs/cmake)
[2.237s] -- Found ament_lint_auto: 0.12.12 (/opt/ros/humble/share/ament_lint_auto/cmake)
[2.344s] -- Added test 'cppcheck' to perform static code analysis on C / C++ code
[2.344s] -- Configured cppcheck include dirs: 
[2.344s] -- Configured cppcheck exclude dirs and/or files: 
[2.345s] -- Added test 'lint_cmake' to check CMake code style
[2.347s] -- Added test 'uncrustify' to check C / C++ code style
[2.347s] -- Configured uncrustify additional arguments: 
[2.348s] -- Added test 'xmllint' to check XML markup files
[2.369s] -- Configuring done
[2.389s] -- Generating done
[2.398s] -- Build files have been written to: /home/wim/Documents/social_momentum_venv/social_momentum_MPPI/build/follower_plugin
[2.410s] Invoked command in '/home/wim/Documents/social_momentum_venv/social_momentum_MPPI/build/follower_plugin' returned '0': CMAKE_PREFIX_PATH=${CMAKE_PREFIX_PATH}:/home/wim/tiago_public_ws/install/launch_pal:/opt/ros/humble /usr/bin/cmake /home/wim/Documents/social_momentum_venv/social_momentum_MPPI/src/follower_plugin -DCMAKE_INSTALL_PREFIX=/home/wim/Documents/social_momentum_venv/social_momentum_MPPI/install/follower_plugin
[2.412s] Invoking command in '/home/wim/Documents/social_momentum_venv/social_momentum_MPPI/build/follower_plugin': CMAKE_PREFIX_PATH=${CMAKE_PREFIX_PATH}:/home/wim/tiago_public_ws/install/launch_pal:/opt/ros/humble /usr/bin/cmake --build /home/wim/Documents/social_momentum_venv/social_momentum_MPPI/build/follower_plugin -- -j12 -l12
[2.459s] [ 50%] [32mBuilding CXX object CMakeFiles/follower_plugin.dir/src/follower_plugin.cpp.o[0m
[18.051s] [100%] [32m[1mLinking CXX shared library libfollower_plugin.so[0m
[18.637s] [100%] Built target follower_plugin
[18.646s] Invoked command in '/home/wim/Documents/social_momentum_venv/social_momentum_MPPI/build/follower_plugin' returned '0': CMAKE_PREFIX_PATH=${CMAKE_PREFIX_PATH}:/home/wim/tiago_public_ws/install/launch_pal:/opt/ros/humble /usr/bin/cmake --build /home/wim/Documents/social_momentum_venv/social_momentum_MPPI/build/follower_plugin -- -j12 -l12
[18.647s] Invoking command in '/home/wim/Documents/social_momentum_venv/social_momentum_MPPI/build/follower_plugin': CMAKE_PREFIX_PATH=${CMAKE_PREFIX_PATH}:/home/wim/tiago_public_ws/install/launch_pal:/opt/ros/humble /usr/bin/cmake --install /home/wim/Documents/social_momentum_venv/social_momentum_MPPI/build/follower_plugin
[18.653s] -- Install configuration: ""
[18.653s] -- Installing: /home/wim/Documents/social_momentum_venv/social_momentum_MPPI/install/follower_plugin/share/ament_index/resource_index/package_run_dependencies/follower_plugin
[18.654s] -- Installing: /home/wim/Documents/social_momentum_venv/social_momentum_MPPI/install/follower_plugin/share/ament_index/resource_index/parent_prefix_path/follower_plugin
[18.654s] -- Installing: /home/wim/Documents/social_momentum_venv/social_momentum_MPPI/install/follower_plugin/share/follower_plugin/environment/ament_prefix_path.sh
[18.654s] -- Installing: /home/wim/Documents/social_momentum_venv/social_momentum_MPPI/install/follower_plugin/share/follower_plugin/environment/ament_prefix_path.dsv
[18.654s] -- Installing: /home/wim/Documents/social_momentum_venv/social_momentum_MPPI/install/follower_plugin/share/follower_plugin/environment/path.sh
[18.654s] -- Installing: /home/wim/Documents/social_momentum_venv/social_momentum_MPPI/install/follower_plugin/share/follower_plugin/environment/path.dsv
[18.654s] -- Installing: /home/wim/Documents/social_momentum_venv/social_momentum_MPPI/install/follower_plugin/share/follower_plugin/local_setup.bash
[18.654s] -- Installing: /home/wim/Documents/social_momentum_venv/social_momentum_MPPI/install/follower_plugin/share/follower_plugin/local_setup.sh
[18.654s] -- Installing: /home/wim/Documents/social_momentum_venv/social_momentum_MPPI/install/follower_plugin/share/follower_plugin/local_setup.zsh
[18.654s] -- Installing: /home/wim/Documents/social_momentum_venv/social_momentum_MPPI/install/follower_plugin/share/follower_plugin/local_setup.dsv
[18.655s] -- Installing: /home/wim/Documents/social_momentum_venv/social_momentum_MPPI/install/follower_plugin/share/follower_plugin/package.dsv
[18.655s] -- Installing: /home/wim/Documents/social_momentum_venv/social_momentum_MPPI/install/follower_plugin/share/ament_index/resource_index/packages/follower_plugin
[18.655s] -- Installing: /home/wim/Documents/social_momentum_venv/social_momentum_MPPI/install/follower_plugin/share/follower_plugin/cmake/follower_pluginConfig.cmake
[18.655s] -- Installing: /home/wim/Documents/social_momentum_venv/social_momentum_MPPI/install/follower_plugin/share/follower_plugin/cmake/follower_pluginConfig-version.cmake
[18.655s] -- Installing: /home/wim/Documents/social_momentum_venv/social_momentum_MPPI/install/follower_plugin/share/follower_plugin/package.xml
[18.655s] -- Installing: /home/wim/Documents/social_momentum_venv/social_momentum_MPPI/install/follower_plugin/lib/libfollower_plugin.so
[18.662s] -- Set runtime path of "/home/wim/Documents/social_momentum_venv/social_momentum_MPPI/install/follower_plugin/lib/libfollower_plugin.so" to ""
[18.664s] Invoked command in '/home/wim/Documents/social_momentum_venv/social_momentum_MPPI/build/follower_plugin' returned '0': CMAKE_PREFIX_PATH=${CMAKE_PREFIX_PATH}:/home/wim/tiago_public_ws/install/launch_pal:/opt/ros/humble /usr/bin/cmake --install /home/wim/Documents/social_momentum_venv/social_momentum_MPPI/build/follower_plugin
